hipcc	--rocm-path=/opt/rocm -I/home/ga27mex2/rocm/hipCUB/build/_CPack_Packages/Linux/RPM/hipcub-3.3.0-Linux/devel/opt/rocm/include -std=c++14   ./main.cu \
		-c \
		-o ./main.o
./main.cu:856:7: warning: add explicit braces to avoid dangling else [-Wdangling-else]
      else
      ^
./main.cu:914:22: warning: format specifies type 'unsigned int' but the argument has type 'node *' [-Wformat]
      printf("(%x)", n);
               ~~    ^
./main.cu:917:23: warning: format specifies type 'unsigned int' but the argument has type 'void *' [-Wformat]
        printf("%x ", n->pointers[i]);
                ~~    ^~~~~~~~~~~~~~
./main.cu:925:23: warning: format specifies type 'unsigned int' but the argument has type 'void *' [-Wformat]
        printf("%x ", n->pointers[order - 1]);
                ~~    ^~~~~~~~~~~~~~~~~~~~~~
./main.cu:927:23: warning: format specifies type 'unsigned int' but the argument has type 'void *' [-Wformat]
        printf("%x ", n->pointers[n->num_keys]);
                ~~    ^~~~~~~~~~~~~~~~~~~~~~~~
5 warnings generated when compiling for gfx908.
./main.cu:856:7: warning: add explicit braces to avoid dangling else [-Wdangling-else]
      else
      ^
./main.cu:914:22: warning: format specifies type 'unsigned int' but the argument has type 'node *' [-Wformat]
      printf("(%x)", n);
               ~~    ^
./main.cu:917:23: warning: format specifies type 'unsigned int' but the argument has type 'void *' [-Wformat]
        printf("%x ", n->pointers[i]);
                ~~    ^~~~~~~~~~~~~~
./main.cu:925:23: warning: format specifies type 'unsigned int' but the argument has type 'void *' [-Wformat]
        printf("%x ", n->pointers[order - 1]);
                ~~    ^~~~~~~~~~~~~~~~~~~~~~
./main.cu:927:23: warning: format specifies type 'unsigned int' but the argument has type 'void *' [-Wformat]
        printf("%x ", n->pointers[n->num_keys]);
                ~~    ^~~~~~~~~~~~~~~~~~~~~~~~
5 warnings generated when compiling for host.
hipcc  ./kernel/kernel_wrapper.cu \
			-c \
			-o ./kernel/kernel_wrapper.o \
			--rocm-path=/opt/rocm -I/home/ga27mex2/rocm/hipCUB/build/_CPack_Packages/Linux/RPM/hipcub-3.3.0-Linux/devel/opt/rocm/include -std=c++14 
hipcc  ./kernel/kernel2_wrapper.cu \
			-c \
			-o ./kernel/kernel2_wrapper.o \
			--rocm-path=/opt/rocm -I/home/ga27mex2/rocm/hipCUB/build/_CPack_Packages/Linux/RPM/hipcub-3.3.0-Linux/devel/opt/rocm/include -std=c++14 
hipcc	./util/timer/timer.c \
		-c \
		-o ./util/timer/timer.o 
hipcc	./util/num/num.c \
		-c \
		-o ./util/num/num.o 
hipcc	--rocm-path=/opt/rocm -I/home/ga27mex2/rocm/hipCUB/build/_CPack_Packages/Linux/RPM/hipcub-3.3.0-Linux/devel/opt/rocm/include -std=c++14  ./main.o \
		./kernel/kernel_wrapper.o \
		./kernel/kernel2_wrapper.o \
		./util/timer/timer.o \
		./util/num/num.o \
		-lm  -o b+tree.out
