~/repos/llvm/build/bin/clang++ -std=c++17 -Wall -fsycl --gcc-toolchain=/home/ga27mex2/spack_thx2/spack/opt/spack/linux-centos8-thunderx2/gcc-14.1.0/gcc-14.1.0-kl6fnbyj4mhv4v5emwvqi6nmxb4kvjae -fsycl-targets=nvptx64-nvidia-cuda -Xsycl-target-backend --cuda-gpu-arch=sm_70 -DUSE_GPU -DUSE_GPU -O3 -O3 -c main.cpp -o main.o
In file included from main.cpp:6:
./kernels.h:24:25: warning: 'uchar' is deprecated [-Wdeprecated-declarations]
   24 |     c = (float*)((sycl::uchar*)c + step);
      |                         ^
/home/ga27mex2/repos/llvm/build/bin/../include/sycl/aliases.hpp:95:13: note: 'uchar' has been explicitly marked deprecated here
   95 | using uchar __SYCL2020_DEPRECATED("") = unsigned char;
      |             ^
/home/ga27mex2/repos/llvm/build/bin/../include/sycl/detail/defines_elementary.hpp:62:40: note: expanded from macro '__SYCL2020_DEPRECATED'
   62 | #define __SYCL2020_DEPRECATED(message) __SYCL_DEPRECATED(message)
      |                                        ^
/home/ga27mex2/repos/llvm/build/bin/../include/sycl/detail/defines_elementary.hpp:53:38: note: expanded from macro '__SYCL_DEPRECATED'
   53 | #define __SYCL_DEPRECATED(message) [[deprecated(message)]]
      |                                      ^
In file included from main.cpp:6:
./kernels.h:52:25: warning: 'uchar' is deprecated [-Wdeprecated-declarations]
   52 |     c = (float*)((sycl::uchar*)c + step);
      |                         ^
/home/ga27mex2/repos/llvm/build/bin/../include/sycl/aliases.hpp:95:13: note: 'uchar' has been explicitly marked deprecated here
   95 | using uchar __SYCL2020_DEPRECATED("") = unsigned char;
      |             ^
/home/ga27mex2/repos/llvm/build/bin/../include/sycl/detail/defines_elementary.hpp:62:40: note: expanded from macro '__SYCL2020_DEPRECATED'
   62 | #define __SYCL2020_DEPRECATED(message) __SYCL_DEPRECATED(message)
      |                                        ^
/home/ga27mex2/repos/llvm/build/bin/../include/sycl/detail/defines_elementary.hpp:53:38: note: expanded from macro '__SYCL_DEPRECATED'
   53 | #define __SYCL_DEPRECATED(message) [[deprecated(message)]]
      |                                      ^
In file included from main.cpp:6:
./kernels.h:59:25: warning: 'uchar' is deprecated [-Wdeprecated-declarations]
   59 |     c = (float*)((sycl::uchar*)c - step);
      |                         ^
/home/ga27mex2/repos/llvm/build/bin/../include/sycl/aliases.hpp:95:13: note: 'uchar' has been explicitly marked deprecated here
   95 | using uchar __SYCL2020_DEPRECATED("") = unsigned char;
      |             ^
/home/ga27mex2/repos/llvm/build/bin/../include/sycl/detail/defines_elementary.hpp:62:40: note: expanded from macro '__SYCL2020_DEPRECATED'
   62 | #define __SYCL2020_DEPRECATED(message) __SYCL_DEPRECATED(message)
      |                                        ^
/home/ga27mex2/repos/llvm/build/bin/../include/sycl/detail/defines_elementary.hpp:53:38: note: expanded from macro '__SYCL_DEPRECATED'
   53 | #define __SYCL_DEPRECATED(message) [[deprecated(message)]]
      |                                      ^
In file included from main.cpp:6:
./kernels.h:74:35: warning: 'uchar' is deprecated [-Wdeprecated-declarations]
   74 |     float* line = (float*)((sycl::uchar*)image + y * pitch);  //direct access
      |                                   ^
/home/ga27mex2/repos/llvm/build/bin/../include/sycl/aliases.hpp:95:13: note: 'uchar' has been explicitly marked deprecated here
   95 | using uchar __SYCL2020_DEPRECATED("") = unsigned char;
      |             ^
/home/ga27mex2/repos/llvm/build/bin/../include/sycl/detail/defines_elementary.hpp:62:40: note: expanded from macro '__SYCL2020_DEPRECATED'
   62 | #define __SYCL2020_DEPRECATED(message) __SYCL_DEPRECATED(message)
      |                                        ^
/home/ga27mex2/repos/llvm/build/bin/../include/sycl/detail/defines_elementary.hpp:53:38: note: expanded from macro '__SYCL_DEPRECATED'
   53 | #define __SYCL_DEPRECATED(message) [[deprecated(message)]]
      |                                      ^
main.cpp:90:41: warning: 'uchar' is deprecated [-Wdeprecated-declarations]
   90 |     const sycl::uchar *t = (const sycl::uchar*)(&image[i]);
      |                                         ^
/home/ga27mex2/repos/llvm/build/bin/../include/sycl/aliases.hpp:95:13: note: 'uchar' has been explicitly marked deprecated here
   95 | using uchar __SYCL2020_DEPRECATED("") = unsigned char;
      |             ^
/home/ga27mex2/repos/llvm/build/bin/../include/sycl/detail/defines_elementary.hpp:62:40: note: expanded from macro '__SYCL2020_DEPRECATED'
   62 | #define __SYCL2020_DEPRECATED(message) __SYCL_DEPRECATED(message)
      |                                        ^
/home/ga27mex2/repos/llvm/build/bin/../include/sycl/detail/defines_elementary.hpp:53:38: note: expanded from macro '__SYCL_DEPRECATED'
   53 | #define __SYCL_DEPRECATED(message) [[deprecated(message)]]
      |                                      ^
main.cpp:90:17: warning: 'uchar' is deprecated [-Wdeprecated-declarations]
   90 |     const sycl::uchar *t = (const sycl::uchar*)(&image[i]);
      |                 ^
/home/ga27mex2/repos/llvm/build/bin/../include/sycl/aliases.hpp:95:13: note: 'uchar' has been explicitly marked deprecated here
   95 | using uchar __SYCL2020_DEPRECATED("") = unsigned char;
      |             ^
/home/ga27mex2/repos/llvm/build/bin/../include/sycl/detail/defines_elementary.hpp:62:40: note: expanded from macro '__SYCL2020_DEPRECATED'
   62 | #define __SYCL2020_DEPRECATED(message) __SYCL_DEPRECATED(message)
      |                                        ^
/home/ga27mex2/repos/llvm/build/bin/../include/sycl/detail/defines_elementary.hpp:53:38: note: expanded from macro '__SYCL_DEPRECATED'
   53 | #define __SYCL_DEPRECATED(message) [[deprecated(message)]]
      |                                      ^
6 warnings generated.
In file included from main.cpp:6:
./kernels.h:24:25: warning: 'uchar' is deprecated [-Wdeprecated-declarations]
   24 |     c = (float*)((sycl::uchar*)c + step);
      |                         ^
/home/ga27mex2/repos/llvm/build/bin/../include/sycl/aliases.hpp:95:13: note: 'uchar' has been explicitly marked deprecated here
   95 | using uchar __SYCL2020_DEPRECATED("") = unsigned char;
      |             ^
/home/ga27mex2/repos/llvm/build/bin/../include/sycl/detail/defines_elementary.hpp:62:40: note: expanded from macro '__SYCL2020_DEPRECATED'
   62 | #define __SYCL2020_DEPRECATED(message) __SYCL_DEPRECATED(message)
      |                                        ^
/home/ga27mex2/repos/llvm/build/bin/../include/sycl/detail/defines_elementary.hpp:53:38: note: expanded from macro '__SYCL_DEPRECATED'
   53 | #define __SYCL_DEPRECATED(message) [[deprecated(message)]]
      |                                      ^
In file included from main.cpp:6:
./kernels.h:52:25: warning: 'uchar' is deprecated [-Wdeprecated-declarations]
   52 |     c = (float*)((sycl::uchar*)c + step);
      |                         ^
/home/ga27mex2/repos/llvm/build/bin/../include/sycl/aliases.hpp:95:13: note: 'uchar' has been explicitly marked deprecated here
   95 | using uchar __SYCL2020_DEPRECATED("") = unsigned char;
      |             ^
/home/ga27mex2/repos/llvm/build/bin/../include/sycl/detail/defines_elementary.hpp:62:40: note: expanded from macro '__SYCL2020_DEPRECATED'
   62 | #define __SYCL2020_DEPRECATED(message) __SYCL_DEPRECATED(message)
      |                                        ^
/home/ga27mex2/repos/llvm/build/bin/../include/sycl/detail/defines_elementary.hpp:53:38: note: expanded from macro '__SYCL_DEPRECATED'
   53 | #define __SYCL_DEPRECATED(message) [[deprecated(message)]]
      |                                      ^
In file included from main.cpp:6:
./kernels.h:59:25: warning: 'uchar' is deprecated [-Wdeprecated-declarations]
   59 |     c = (float*)((sycl::uchar*)c - step);
      |                         ^
/home/ga27mex2/repos/llvm/build/bin/../include/sycl/aliases.hpp:95:13: note: 'uchar' has been explicitly marked deprecated here
   95 | using uchar __SYCL2020_DEPRECATED("") = unsigned char;
      |             ^
/home/ga27mex2/repos/llvm/build/bin/../include/sycl/detail/defines_elementary.hpp:62:40: note: expanded from macro '__SYCL2020_DEPRECATED'
   62 | #define __SYCL2020_DEPRECATED(message) __SYCL_DEPRECATED(message)
      |                                        ^
/home/ga27mex2/repos/llvm/build/bin/../include/sycl/detail/defines_elementary.hpp:53:38: note: expanded from macro '__SYCL_DEPRECATED'
   53 | #define __SYCL_DEPRECATED(message) [[deprecated(message)]]
      |                                      ^
In file included from main.cpp:6:
./kernels.h:74:35: warning: 'uchar' is deprecated [-Wdeprecated-declarations]
   74 |     float* line = (float*)((sycl::uchar*)image + y * pitch);  //direct access
      |                                   ^
/home/ga27mex2/repos/llvm/build/bin/../include/sycl/aliases.hpp:95:13: note: 'uchar' has been explicitly marked deprecated here
   95 | using uchar __SYCL2020_DEPRECATED("") = unsigned char;
      |             ^
/home/ga27mex2/repos/llvm/build/bin/../include/sycl/detail/defines_elementary.hpp:62:40: note: expanded from macro '__SYCL2020_DEPRECATED'
   62 | #define __SYCL2020_DEPRECATED(message) __SYCL_DEPRECATED(message)
      |                                        ^
/home/ga27mex2/repos/llvm/build/bin/../include/sycl/detail/defines_elementary.hpp:53:38: note: expanded from macro '__SYCL_DEPRECATED'
   53 | #define __SYCL_DEPRECATED(message) [[deprecated(message)]]
      |                                      ^
main.cpp:90:41: warning: 'uchar' is deprecated [-Wdeprecated-declarations]
   90 |     const sycl::uchar *t = (const sycl::uchar*)(&image[i]);
      |                                         ^
/home/ga27mex2/repos/llvm/build/bin/../include/sycl/aliases.hpp:95:13: note: 'uchar' has been explicitly marked deprecated here
   95 | using uchar __SYCL2020_DEPRECATED("") = unsigned char;
      |             ^
/home/ga27mex2/repos/llvm/build/bin/../include/sycl/detail/defines_elementary.hpp:62:40: note: expanded from macro '__SYCL2020_DEPRECATED'
   62 | #define __SYCL2020_DEPRECATED(message) __SYCL_DEPRECATED(message)
      |                                        ^
/home/ga27mex2/repos/llvm/build/bin/../include/sycl/detail/defines_elementary.hpp:53:38: note: expanded from macro '__SYCL_DEPRECATED'
   53 | #define __SYCL_DEPRECATED(message) [[deprecated(message)]]
      |                                      ^
main.cpp:90:17: warning: 'uchar' is deprecated [-Wdeprecated-declarations]
   90 |     const sycl::uchar *t = (const sycl::uchar*)(&image[i]);
      |                 ^
/home/ga27mex2/repos/llvm/build/bin/../include/sycl/aliases.hpp:95:13: note: 'uchar' has been explicitly marked deprecated here
   95 | using uchar __SYCL2020_DEPRECATED("") = unsigned char;
      |             ^
/home/ga27mex2/repos/llvm/build/bin/../include/sycl/detail/defines_elementary.hpp:62:40: note: expanded from macro '__SYCL2020_DEPRECATED'
   62 | #define __SYCL2020_DEPRECATED(message) __SYCL_DEPRECATED(message)
      |                                        ^
/home/ga27mex2/repos/llvm/build/bin/../include/sycl/detail/defines_elementary.hpp:53:38: note: expanded from macro '__SYCL_DEPRECATED'
   53 | #define __SYCL_DEPRECATED(message) [[deprecated(message)]]
      |                                      ^
6 warnings generated.
~/repos/llvm/build/bin/clang++ -std=c++17 -Wall -fsycl --gcc-toolchain=/home/ga27mex2/spack_thx2/spack/opt/spack/linux-centos8-thunderx2/gcc-14.1.0/gcc-14.1.0-kl6fnbyj4mhv4v5emwvqi6nmxb4kvjae -fsycl-targets=nvptx64-nvidia-cuda -Xsycl-target-backend --cuda-gpu-arch=sm_70 -DUSE_GPU -DUSE_GPU -O3 -O3 main.o -o sycl 
