~/repos/llvm/build/bin/clang++ -std=c++17 -Wall -fsycl --gcc-toolchain=/home/ga27mex2/spack_thx2/spack/opt/spack/linux-centos8-thunderx2/gcc-14.1.0/gcc-14.1.0-kl6fnbyj4mhv4v5emwvqi6nmxb4kvjae -fsycl-targets=nvptx64-nvidia-cuda -Xsycl-target-backend --cuda-gpu-arch=sm_70 -D__CUDACC__ -DFLOAT -DUSE_GPU -D__CUDACC__ -DFLOAT -DUSE_GPU -D__CUDACC__ -DFLOAT -DUSE_GPU -D__CUDACC__ -DFLOAT -DUSE_GPU -D__CUDACC__ -DFLOAT -DUSE_GPU -D__CUDACC__ -DFLOAT -DUSE_GPU -O3 -O3 -O3 -O3 -O3 -O3 -c main.c -o main.o
clang++: warning: treating 'c' input as 'c++' when -fsycl is used [-Wexpected-file-type]
main.c:36:19: warning: unused function 'can_pair' [-Wunused-function]
   36 | inline static int can_pair(int i, int j, int n, const base_t *s, const char *seq)
      |                   ^~~~~~~~
1 warning generated.
main.c:36:19: warning: unused function 'can_pair' [-Wunused-function]
   36 | inline static int can_pair(int i, int j, int n, const base_t *s, const char *seq)
      |                   ^~~~~~~~
1 warning generated.
~/repos/llvm/build/bin/clang++ -std=c++17 -Wall -fsycl --gcc-toolchain=/home/ga27mex2/spack_thx2/spack/opt/spack/linux-centos8-thunderx2/gcc-14.1.0/gcc-14.1.0-kl6fnbyj4mhv4v5emwvqi6nmxb4kvjae -fsycl-targets=nvptx64-nvidia-cuda -Xsycl-target-backend --cuda-gpu-arch=sm_70 -D__CUDACC__ -DFLOAT -DUSE_GPU -D__CUDACC__ -DFLOAT -DUSE_GPU -D__CUDACC__ -DFLOAT -DUSE_GPU -D__CUDACC__ -DFLOAT -DUSE_GPU -D__CUDACC__ -DFLOAT -DUSE_GPU -D__CUDACC__ -DFLOAT -DUSE_GPU -O3 -O3 -O3 -O3 -O3 -O3 -c base.c -o base.o
clang++: warning: treating 'c' input as 'c++' when -fsycl is used [-Wexpected-file-type]
base.c:55:46: warning: result of comparison of constant -1 with expression of type 'char' is always true [-Wtautological-constant-out-of-range-compare]
   55 |   do { c = fgetc(f); } while (c != '\n' && c != EOF);
      |                                            ~ ^  ~~~
base.c:101:28: warning: result of comparison of constant -1 with expression of type 'char' is always true [-Wtautological-constant-out-of-range-compare]
  101 |   while ((c = fgetc(f)), c != EOF && c != '1')
      |                          ~ ^  ~~~
base.c:108:28: warning: result of comparison of constant -1 with expression of type 'char' is always true [-Wtautological-constant-out-of-range-compare]
  108 |   while ((c = fgetc(f)), c != EOF && c != '1')
      |                          ~ ^  ~~~
3 warnings generated.
base.c:55:46: warning: result of comparison of constant -1 with expression of type 'char' is always true [-Wtautological-constant-out-of-range-compare]
   55 |   do { c = fgetc(f); } while (c != '\n' && c != EOF);
      |                                            ~ ^  ~~~
base.c:101:28: warning: result of comparison of constant -1 with expression of type 'char' is always true [-Wtautological-constant-out-of-range-compare]
  101 |   while ((c = fgetc(f)), c != EOF && c != '1')
      |                          ~ ^  ~~~
base.c:108:28: warning: result of comparison of constant -1 with expression of type 'char' is always true [-Wtautological-constant-out-of-range-compare]
  108 |   while ((c = fgetc(f)), c != EOF && c != '1')
      |                          ~ ^  ~~~
3 warnings generated.
~/repos/llvm/build/bin/clang++ -std=c++17 -Wall -fsycl --gcc-toolchain=/home/ga27mex2/spack_thx2/spack/opt/spack/linux-centos8-thunderx2/gcc-14.1.0/gcc-14.1.0-kl6fnbyj4mhv4v5emwvqi6nmxb4kvjae -fsycl-targets=nvptx64-nvidia-cuda -Xsycl-target-backend --cuda-gpu-arch=sm_70 -D__CUDACC__ -DFLOAT -DUSE_GPU -D__CUDACC__ -DFLOAT -DUSE_GPU -D__CUDACC__ -DFLOAT -DUSE_GPU -D__CUDACC__ -DFLOAT -DUSE_GPU -D__CUDACC__ -DFLOAT -DUSE_GPU -D__CUDACC__ -DFLOAT -DUSE_GPU -O3 -O3 -O3 -O3 -O3 -O3 -c param.c -o param.o
clang++: warning: treating 'c' input as 'c++' when -fsycl is used [-Wexpected-file-type]
param.c:881:11: warning: floating-point comparison is always true; constant cannot be represented exactly in type 'float' [-Wliteral-range]
  881 |   if (chk != CHK)
      |       ~~~ ^  ~~~
1 warning generated.
param.c:881:11: warning: floating-point comparison is always true; constant cannot be represented exactly in type 'float' [-Wliteral-range]
  881 |   if (chk != CHK)
      |       ~~~ ^  ~~~
1 warning generated.
~/repos/llvm/build/bin/clang++ -std=c++17 -Wall -fsycl --gcc-toolchain=/home/ga27mex2/spack_thx2/spack/opt/spack/linux-centos8-thunderx2/gcc-14.1.0/gcc-14.1.0-kl6fnbyj4mhv4v5emwvqi6nmxb4kvjae -fsycl-targets=nvptx64-nvidia-cuda -Xsycl-target-backend --cuda-gpu-arch=sm_70 -D__CUDACC__ -DFLOAT -DUSE_GPU -D__CUDACC__ -DFLOAT -DUSE_GPU -D__CUDACC__ -DFLOAT -DUSE_GPU -D__CUDACC__ -DFLOAT -DUSE_GPU -D__CUDACC__ -DFLOAT -DUSE_GPU -D__CUDACC__ -DFLOAT -DUSE_GPU -O3 -O3 -O3 -O3 -O3 -O3 -c util.c -o util.o
clang++: warning: treating 'c' input as 'c++' when -fsycl is used [-Wexpected-file-type]
~/repos/llvm/build/bin/clang++ -std=c++17 -Wall -fsycl --gcc-toolchain=/home/ga27mex2/spack_thx2/spack/opt/spack/linux-centos8-thunderx2/gcc-14.1.0/gcc-14.1.0-kl6fnbyj4mhv4v5emwvqi6nmxb4kvjae -fsycl-targets=nvptx64-nvidia-cuda -Xsycl-target-backend --cuda-gpu-arch=sm_70 -D__CUDACC__ -DFLOAT -DUSE_GPU -D__CUDACC__ -DFLOAT -DUSE_GPU -D__CUDACC__ -DFLOAT -DUSE_GPU -D__CUDACC__ -DFLOAT -DUSE_GPU -D__CUDACC__ -DFLOAT -DUSE_GPU -D__CUDACC__ -DFLOAT -DUSE_GPU -O3 -O3 -O3 -O3 -O3 -O3 -c prna.cpp -o prna.o
prna.cpp:907:32: warning: 'get_pointer' is deprecated: local_accessor::get_pointer() is deprecated, please use get_multi_ptr() [-Wdeprecated-declarations]
  907 |         calc_internal(wi, lmem.get_pointer(), d, n, d_s, d_bcp, d_v, d_par);
      |                                ^
/home/ga27mex2/repos/llvm/build/bin/../include/sycl/accessor.hpp:2565:3: note: 'get_pointer' has been explicitly marked deprecated here
 2565 |   __SYCL2020_DEPRECATED(
      |   ^
/home/ga27mex2/repos/llvm/build/bin/../include/sycl/detail/defines_elementary.hpp:62:40: note: expanded from macro '__SYCL2020_DEPRECATED'
   62 | #define __SYCL2020_DEPRECATED(message) __SYCL_DEPRECATED(message)
      |                                        ^
/home/ga27mex2/repos/llvm/build/bin/../include/sycl/detail/defines_elementary.hpp:53:38: note: expanded from macro '__SYCL_DEPRECATED'
   53 | #define __SYCL_DEPRECATED(message) [[deprecated(message)]]
      |                                      ^
prna.cpp:915:31: warning: 'get_pointer' is deprecated: local_accessor::get_pointer() is deprecated, please use get_multi_ptr() [-Wdeprecated-declarations]
  915 |         calc_coaxial(wi, lmem.get_pointer(), d, n,
      |                               ^
/home/ga27mex2/repos/llvm/build/bin/../include/sycl/accessor.hpp:2565:3: note: 'get_pointer' has been explicitly marked deprecated here
 2565 |   __SYCL2020_DEPRECATED(
      |   ^
/home/ga27mex2/repos/llvm/build/bin/../include/sycl/detail/defines_elementary.hpp:62:40: note: expanded from macro '__SYCL2020_DEPRECATED'
   62 | #define __SYCL2020_DEPRECATED(message) __SYCL_DEPRECATED(message)
      |                                        ^
/home/ga27mex2/repos/llvm/build/bin/../include/sycl/detail/defines_elementary.hpp:53:38: note: expanded from macro '__SYCL_DEPRECATED'
   53 | #define __SYCL_DEPRECATED(message) [[deprecated(message)]]
      |                                      ^
prna.cpp:932:26: warning: 'get_pointer' is deprecated: local_accessor::get_pointer() is deprecated, please use get_multi_ptr() [-Wdeprecated-declarations]
  932 |         calc_xl(wi, lmem.get_pointer(), d, n, d_z, d_yl, d_xl);
      |                          ^
/home/ga27mex2/repos/llvm/build/bin/../include/sycl/accessor.hpp:2565:3: note: 'get_pointer' has been explicitly marked deprecated here
 2565 |   __SYCL2020_DEPRECATED(
      |   ^
/home/ga27mex2/repos/llvm/build/bin/../include/sycl/detail/defines_elementary.hpp:62:40: note: expanded from macro '__SYCL2020_DEPRECATED'
   62 | #define __SYCL2020_DEPRECATED(message) __SYCL_DEPRECATED(message)
      |                                        ^
/home/ga27mex2/repos/llvm/build/bin/../include/sycl/detail/defines_elementary.hpp:53:38: note: expanded from macro '__SYCL_DEPRECATED'
   53 | #define __SYCL_DEPRECATED(message) [[deprecated(message)]]
      |                                      ^
prna.cpp:940:25: warning: 'get_pointer' is deprecated: local_accessor::get_pointer() is deprecated, please use get_multi_ptr() [-Wdeprecated-declarations]
  940 |         calc_z(wi, lmem.get_pointer(), d, n,
      |                         ^
/home/ga27mex2/repos/llvm/build/bin/../include/sycl/accessor.hpp:2565:3: note: 'get_pointer' has been explicitly marked deprecated here
 2565 |   __SYCL2020_DEPRECATED(
      |   ^
/home/ga27mex2/repos/llvm/build/bin/../include/sycl/detail/defines_elementary.hpp:62:40: note: expanded from macro '__SYCL2020_DEPRECATED'
   62 | #define __SYCL2020_DEPRECATED(message) __SYCL_DEPRECATED(message)
      |                                        ^
/home/ga27mex2/repos/llvm/build/bin/../include/sycl/detail/defines_elementary.hpp:53:38: note: expanded from macro '__SYCL_DEPRECATED'
   53 | #define __SYCL_DEPRECATED(message) [[deprecated(message)]]
      |                                      ^
prna.cpp:956:33: warning: 'get_pointer' is deprecated: local_accessor::get_pointer() is deprecated, please use get_multi_ptr() [-Wdeprecated-declarations]
  956 |         calc_w5_and_w3(wi, lmem.get_pointer(), d, n, d_w5, d_w3, d_wq);
      |                                 ^
/home/ga27mex2/repos/llvm/build/bin/../include/sycl/accessor.hpp:2565:3: note: 'get_pointer' has been explicitly marked deprecated here
 2565 |   __SYCL2020_DEPRECATED(
      |   ^
/home/ga27mex2/repos/llvm/build/bin/../include/sycl/detail/defines_elementary.hpp:62:40: note: expanded from macro '__SYCL2020_DEPRECATED'
   62 | #define __SYCL2020_DEPRECATED(message) __SYCL_DEPRECATED(message)
      |                                        ^
/home/ga27mex2/repos/llvm/build/bin/../include/sycl/detail/defines_elementary.hpp:53:38: note: expanded from macro '__SYCL_DEPRECATED'
   53 | #define __SYCL_DEPRECATED(message) [[deprecated(message)]]
      |                                      ^
5 warnings generated.
prna.cpp:907:32: warning: 'get_pointer' is deprecated: local_accessor::get_pointer() is deprecated, please use get_multi_ptr() [-Wdeprecated-declarations]
  907 |         calc_internal(wi, lmem.get_pointer(), d, n, d_s, d_bcp, d_v, d_par);
      |                                ^
/home/ga27mex2/repos/llvm/build/bin/../include/sycl/accessor.hpp:2565:3: note: 'get_pointer' has been explicitly marked deprecated here
 2565 |   __SYCL2020_DEPRECATED(
      |   ^
/home/ga27mex2/repos/llvm/build/bin/../include/sycl/detail/defines_elementary.hpp:62:40: note: expanded from macro '__SYCL2020_DEPRECATED'
   62 | #define __SYCL2020_DEPRECATED(message) __SYCL_DEPRECATED(message)
      |                                        ^
/home/ga27mex2/repos/llvm/build/bin/../include/sycl/detail/defines_elementary.hpp:53:38: note: expanded from macro '__SYCL_DEPRECATED'
   53 | #define __SYCL_DEPRECATED(message) [[deprecated(message)]]
      |                                      ^
prna.cpp:915:31: warning: 'get_pointer' is deprecated: local_accessor::get_pointer() is deprecated, please use get_multi_ptr() [-Wdeprecated-declarations]
  915 |         calc_coaxial(wi, lmem.get_pointer(), d, n,
      |                               ^
/home/ga27mex2/repos/llvm/build/bin/../include/sycl/accessor.hpp:2565:3: note: 'get_pointer' has been explicitly marked deprecated here
 2565 |   __SYCL2020_DEPRECATED(
      |   ^
/home/ga27mex2/repos/llvm/build/bin/../include/sycl/detail/defines_elementary.hpp:62:40: note: expanded from macro '__SYCL2020_DEPRECATED'
   62 | #define __SYCL2020_DEPRECATED(message) __SYCL_DEPRECATED(message)
      |                                        ^
/home/ga27mex2/repos/llvm/build/bin/../include/sycl/detail/defines_elementary.hpp:53:38: note: expanded from macro '__SYCL_DEPRECATED'
   53 | #define __SYCL_DEPRECATED(message) [[deprecated(message)]]
      |                                      ^
prna.cpp:932:26: warning: 'get_pointer' is deprecated: local_accessor::get_pointer() is deprecated, please use get_multi_ptr() [-Wdeprecated-declarations]
  932 |         calc_xl(wi, lmem.get_pointer(), d, n, d_z, d_yl, d_xl);
      |                          ^
/home/ga27mex2/repos/llvm/build/bin/../include/sycl/accessor.hpp:2565:3: note: 'get_pointer' has been explicitly marked deprecated here
 2565 |   __SYCL2020_DEPRECATED(
      |   ^
/home/ga27mex2/repos/llvm/build/bin/../include/sycl/detail/defines_elementary.hpp:62:40: note: expanded from macro '__SYCL2020_DEPRECATED'
   62 | #define __SYCL2020_DEPRECATED(message) __SYCL_DEPRECATED(message)
      |                                        ^
/home/ga27mex2/repos/llvm/build/bin/../include/sycl/detail/defines_elementary.hpp:53:38: note: expanded from macro '__SYCL_DEPRECATED'
   53 | #define __SYCL_DEPRECATED(message) [[deprecated(message)]]
      |                                      ^
prna.cpp:940:25: warning: 'get_pointer' is deprecated: local_accessor::get_pointer() is deprecated, please use get_multi_ptr() [-Wdeprecated-declarations]
  940 |         calc_z(wi, lmem.get_pointer(), d, n,
      |                         ^
/home/ga27mex2/repos/llvm/build/bin/../include/sycl/accessor.hpp:2565:3: note: 'get_pointer' has been explicitly marked deprecated here
 2565 |   __SYCL2020_DEPRECATED(
      |   ^
/home/ga27mex2/repos/llvm/build/bin/../include/sycl/detail/defines_elementary.hpp:62:40: note: expanded from macro '__SYCL2020_DEPRECATED'
   62 | #define __SYCL2020_DEPRECATED(message) __SYCL_DEPRECATED(message)
      |                                        ^
/home/ga27mex2/repos/llvm/build/bin/../include/sycl/detail/defines_elementary.hpp:53:38: note: expanded from macro '__SYCL_DEPRECATED'
   53 | #define __SYCL_DEPRECATED(message) [[deprecated(message)]]
      |                                      ^
prna.cpp:956:33: warning: 'get_pointer' is deprecated: local_accessor::get_pointer() is deprecated, please use get_multi_ptr() [-Wdeprecated-declarations]
  956 |         calc_w5_and_w3(wi, lmem.get_pointer(), d, n, d_w5, d_w3, d_wq);
      |                                 ^
/home/ga27mex2/repos/llvm/build/bin/../include/sycl/accessor.hpp:2565:3: note: 'get_pointer' has been explicitly marked deprecated here
 2565 |   __SYCL2020_DEPRECATED(
      |   ^
/home/ga27mex2/repos/llvm/build/bin/../include/sycl/detail/defines_elementary.hpp:62:40: note: expanded from macro '__SYCL2020_DEPRECATED'
   62 | #define __SYCL2020_DEPRECATED(message) __SYCL_DEPRECATED(message)
      |                                        ^
/home/ga27mex2/repos/llvm/build/bin/../include/sycl/detail/defines_elementary.hpp:53:38: note: expanded from macro '__SYCL_DEPRECATED'
   53 | #define __SYCL_DEPRECATED(message) [[deprecated(message)]]
      |                                      ^
5 warnings generated.
~/repos/llvm/build/bin/clang++ -std=c++17 -Wall -fsycl --gcc-toolchain=/home/ga27mex2/spack_thx2/spack/opt/spack/linux-centos8-thunderx2/gcc-14.1.0/gcc-14.1.0-kl6fnbyj4mhv4v5emwvqi6nmxb4kvjae -fsycl-targets=nvptx64-nvidia-cuda -Xsycl-target-backend --cuda-gpu-arch=sm_70 -D__CUDACC__ -DFLOAT -DUSE_GPU -D__CUDACC__ -DFLOAT -DUSE_GPU -D__CUDACC__ -DFLOAT -DUSE_GPU -D__CUDACC__ -DFLOAT -DUSE_GPU -D__CUDACC__ -DFLOAT -DUSE_GPU -D__CUDACC__ -DFLOAT -DUSE_GPU -O3 -O3 -O3 -O3 -O3 -O3 main.o base.o param.o util.o prna.o  -o sycl 
