clang++ -fopenmp -fopenmp-targets=nvptx64 -DINT -DOMP_TARGET -D__STRICT_ANSI__ -DINT -DOMP_TARGET -D__STRICT_ANSI__ -DINT -DOMP_TARGET -D__STRICT_ANSI__ -DINT -DOMP_TARGET -D__STRICT_ANSI__ -DINT -DOMP_TARGET -D__STRICT_ANSI__ -DINT -DOMP_TARGET -D__STRICT_ANSI__ -O3 -O3 -O3 -O3 -O3 -O3 -c main.c -o main.o
clang++: warning: treating 'c' input as 'c++' when in C++ mode, this behavior is deprecated [-Wdeprecated]
clang++ -fopenmp -fopenmp-targets=nvptx64 -DINT -DOMP_TARGET -D__STRICT_ANSI__ -DINT -DOMP_TARGET -D__STRICT_ANSI__ -DINT -DOMP_TARGET -D__STRICT_ANSI__ -DINT -DOMP_TARGET -D__STRICT_ANSI__ -DINT -DOMP_TARGET -D__STRICT_ANSI__ -DINT -DOMP_TARGET -D__STRICT_ANSI__ -O3 -O3 -O3 -O3 -O3 -O3 -c fbase.c -o fbase.o
clang++: warning: treating 'c' input as 'c++' when in C++ mode, this behavior is deprecated [-Wdeprecated]
fbase.c:46:46: warning: result of comparison of constant -1 with expression of type 'char' is always true [-Wtautological-constant-out-of-range-compare]
   46 |   do { c = fgetc(f); } while (c != '\n' && c != EOF);
      |                                            ~ ^  ~~~
fbase.c:84:28: warning: result of comparison of constant -1 with expression of type 'char' is always true [-Wtautological-constant-out-of-range-compare]
   84 |   while ((c = fgetc(f)), c != EOF && c != '1')
      |                          ~ ^  ~~~
fbase.c:91:28: warning: result of comparison of constant -1 with expression of type 'char' is always true [-Wtautological-constant-out-of-range-compare]
   91 |   while ((c = fgetc(f)), c != EOF && c != '1')
      |                          ~ ^  ~~~
3 warnings generated.
clang++ -fopenmp -fopenmp-targets=nvptx64 -DINT -DOMP_TARGET -D__STRICT_ANSI__ -DINT -DOMP_TARGET -D__STRICT_ANSI__ -DINT -DOMP_TARGET -D__STRICT_ANSI__ -DINT -DOMP_TARGET -D__STRICT_ANSI__ -DINT -DOMP_TARGET -D__STRICT_ANSI__ -DINT -DOMP_TARGET -D__STRICT_ANSI__ -O3 -O3 -O3 -O3 -O3 -O3 -c fparam.c -o fparam.o
clang++: warning: treating 'c' input as 'c++' when in C++ mode, this behavior is deprecated [-Wdeprecated]
clang++ -fopenmp -fopenmp-targets=nvptx64 -DINT -DOMP_TARGET -D__STRICT_ANSI__ -DINT -DOMP_TARGET -D__STRICT_ANSI__ -DINT -DOMP_TARGET -D__STRICT_ANSI__ -DINT -DOMP_TARGET -D__STRICT_ANSI__ -DINT -DOMP_TARGET -D__STRICT_ANSI__ -DINT -DOMP_TARGET -D__STRICT_ANSI__ -O3 -O3 -O3 -O3 -O3 -O3 -c util.c -o util.o
clang++: warning: treating 'c' input as 'c++' when in C++ mode, this behavior is deprecated [-Wdeprecated]
clang++ -fopenmp -fopenmp-targets=nvptx64 -DINT -DOMP_TARGET -D__STRICT_ANSI__ -DINT -DOMP_TARGET -D__STRICT_ANSI__ -DINT -DOMP_TARGET -D__STRICT_ANSI__ -DINT -DOMP_TARGET -D__STRICT_ANSI__ -DINT -DOMP_TARGET -D__STRICT_ANSI__ -DINT -DOMP_TARGET -D__STRICT_ANSI__ -O3 -O3 -O3 -O3 -O3 -O3 -c frna.cpp -o frna.o
clang++ -fopenmp -fopenmp-targets=nvptx64 -DINT -DOMP_TARGET -D__STRICT_ANSI__ -DINT -DOMP_TARGET -D__STRICT_ANSI__ -DINT -DOMP_TARGET -D__STRICT_ANSI__ -DINT -DOMP_TARGET -D__STRICT_ANSI__ -DINT -DOMP_TARGET -D__STRICT_ANSI__ -DINT -DOMP_TARGET -D__STRICT_ANSI__ -O3 -O3 -O3 -O3 -O3 -O3 main.o fbase.o fparam.o util.o frna.o  -o omp 
