~/sycl_workspace/llvm/build/bin/clang++ -fsycl --gcc-toolchain=/home/ga27mex2/spack_rome2/spack/opt/spack/linux-sle_hpc15-zen2/gcc-14.2.0/gcc-14.2.0-5o6uafvyeefoza5cmnze5vcuwbdhzj6o/ -fsycl-targets=amdgcn-amd-amdhsa -Xsycl-target-backend --offload-arch=gfx908 -I/home/ga27mex2/sycl_workspace/llvm/build/lib/libsycl.so.8 -I../include -I../mis-cuda -I../include -I../mis-cuda -DUSE_GPU -DUSE_GPU -O3 -O3 -c main.cpp -o main.o
In file included from main.cpp:47:
In file included from ../include/common.h:4:
/home/ga27mex2/sycl_workspace/llvm/build/bin/../include/CL/sycl.hpp:14:2: warning: "CL/sycl.hpp is deprecated, use sycl/sycl.hpp" [-W#warnings]
   14 | #warning "CL/sycl.hpp is deprecated, use sycl/sycl.hpp"
      |  ^
In file included from main.cpp:47:
../include/common.h:14:58: warning: 'constant_buffer' is deprecated: use 'target::device' instead [-Wdeprecated-declarations]
   14 | constexpr access::target sycl_cmem     = access::target::constant_buffer;
      |                                                          ^
/home/ga27mex2/sycl_workspace/llvm/build/bin/../include/sycl/access/access.hpp:24:19: note: 'constant_buffer' has been explicitly marked deprecated here
   24 |   constant_buffer __SYCL2020_DEPRECATED("use 'target::device' instead") = 2015,
      |                   ^
/home/ga27mex2/sycl_workspace/llvm/build/bin/../include/sycl/detail/defines_elementary.hpp:62:40: note: expanded from macro '__SYCL2020_DEPRECATED'
   62 | #define __SYCL2020_DEPRECATED(message) __SYCL_DEPRECATED(message)
      |                                        ^
/home/ga27mex2/sycl_workspace/llvm/build/bin/../include/sycl/detail/defines_elementary.hpp:53:38: note: expanded from macro '__SYCL_DEPRECATED'
   53 | #define __SYCL_DEPRECATED(message) [[deprecated(message)]]
      |                                      ^
In file included from main.cpp:47:
../include/common.h:15:58: warning: 'global_buffer' is deprecated: use 'target::device' instead [-Wdeprecated-declarations]
   15 | constexpr access::target sycl_gmem     = access::target::global_buffer;
      |                                                          ^
/home/ga27mex2/sycl_workspace/llvm/build/bin/../include/sycl/access/access.hpp:23:17: note: 'global_buffer' has been explicitly marked deprecated here
   23 |   global_buffer __SYCL2020_DEPRECATED("use 'target::device' instead") = 2014,
      |                 ^
/home/ga27mex2/sycl_workspace/llvm/build/bin/../include/sycl/detail/defines_elementary.hpp:62:40: note: expanded from macro '__SYCL2020_DEPRECATED'
   62 | #define __SYCL2020_DEPRECATED(message) __SYCL_DEPRECATED(message)
      |                                        ^
/home/ga27mex2/sycl_workspace/llvm/build/bin/../include/sycl/detail/defines_elementary.hpp:53:38: note: expanded from macro '__SYCL_DEPRECATED'
   53 | #define __SYCL_DEPRECATED(message) [[deprecated(message)]]
      |                                      ^
In file included from main.cpp:47:
../include/common.h:16:58: warning: 'local' is deprecated: use `local_accessor` instead [-Wdeprecated-declarations]
   16 | constexpr access::target sycl_lmem     = access::target::local;
      |                                                          ^
/home/ga27mex2/sycl_workspace/llvm/build/bin/../include/sycl/access/access.hpp:25:9: note: 'local' has been explicitly marked deprecated here
   25 |   local __SYCL2020_DEPRECATED("use `local_accessor` instead") = 2016,
      |         ^
/home/ga27mex2/sycl_workspace/llvm/build/bin/../include/sycl/detail/defines_elementary.hpp:62:40: note: expanded from macro '__SYCL2020_DEPRECATED'
   62 | #define __SYCL2020_DEPRECATED(message) __SYCL_DEPRECATED(message)
      |                                        ^
/home/ga27mex2/sycl_workspace/llvm/build/bin/../include/sycl/detail/defines_elementary.hpp:53:38: note: expanded from macro '__SYCL_DEPRECATED'
   53 | #define __SYCL_DEPRECATED(message) [[deprecated(message)]]
      |                                      ^
main.cpp:100:18: warning: 'atomic<int, sycl::access::address_space::global_space>' is deprecated: sycl::atomic is deprecated since SYCL 2020 [-Wdeprecated-declarations]
  100 |         wl[sycl::atomic<int>(sycl::global_ptr<int>(wlsize)).fetch_add(1)] = v;
      |                  ^
/home/ga27mex2/sycl_workspace/llvm/build/bin/../include/sycl/atomic.hpp:172:7: note: 'atomic<int, sycl::access::address_space::global_space>' has been explicitly marked deprecated here
  172 | class __SYCL2020_DEPRECATED(
      |       ^
/home/ga27mex2/sycl_workspace/llvm/build/bin/../include/sycl/detail/defines_elementary.hpp:62:40: note: expanded from macro '__SYCL2020_DEPRECATED'
   62 | #define __SYCL2020_DEPRECATED(message) __SYCL_DEPRECATED(message)
      |                                        ^
/home/ga27mex2/sycl_workspace/llvm/build/bin/../include/sycl/detail/defines_elementary.hpp:53:38: note: expanded from macro '__SYCL_DEPRECATED'
   53 | #define __SYCL_DEPRECATED(message) [[deprecated(message)]]
      |                                      ^
main.cpp:221:27: warning: 'atomic<int, sycl::access::address_space::global_space>' is deprecated: sycl::atomic is deprecated since SYCL 2020 [-Wdeprecated-declarations]
  221 |                     sycl::atomic<int>(sycl::global_ptr<int>(
      |                           ^
/home/ga27mex2/sycl_workspace/llvm/build/bin/../include/sycl/atomic.hpp:172:7: note: 'atomic<int, sycl::access::address_space::global_space>' has been explicitly marked deprecated here
  172 | class __SYCL2020_DEPRECATED(
      |       ^
/home/ga27mex2/sycl_workspace/llvm/build/bin/../include/sycl/detail/defines_elementary.hpp:62:40: note: expanded from macro '__SYCL2020_DEPRECATED'
   62 | #define __SYCL2020_DEPRECATED(message) __SYCL_DEPRECATED(message)
      |                                        ^
/home/ga27mex2/sycl_workspace/llvm/build/bin/../include/sycl/detail/defines_elementary.hpp:53:38: note: expanded from macro '__SYCL_DEPRECATED'
   53 | #define __SYCL_DEPRECATED(message) [[deprecated(message)]]
      |                                      ^
main.cpp:357:3: warning: 'gpu_selector' is deprecated: Use the callable sycl::gpu_selector_v instead. [-Wdeprecated-declarations]
  357 |   gpu_selector dev_sel;
      |   ^
/home/ga27mex2/sycl_workspace/llvm/build/bin/../include/sycl/device_selector.hpp:66:21: note: 'gpu_selector' has been explicitly marked deprecated here
   66 | class __SYCL_EXPORT __SYCL2020_DEPRECATED(
      |                     ^
/home/ga27mex2/sycl_workspace/llvm/build/bin/../include/sycl/detail/defines_elementary.hpp:62:40: note: expanded from macro '__SYCL2020_DEPRECATED'
   62 | #define __SYCL2020_DEPRECATED(message) __SYCL_DEPRECATED(message)
      |                                        ^
/home/ga27mex2/sycl_workspace/llvm/build/bin/../include/sycl/detail/defines_elementary.hpp:53:38: note: expanded from macro '__SYCL_DEPRECATED'
   53 | #define __SYCL_DEPRECATED(message) [[deprecated(message)]]
      |                                      ^
main.cpp:361:9: warning: 'queue' is deprecated: SYCL 1.2.1 device selectors are deprecated. Please use SYCL 2020 device selectors instead. [-Wdeprecated-declarations]
  361 |   queue q(dev_sel);
      |         ^
/home/ga27mex2/sycl_workspace/llvm/build/bin/../include/sycl/queue.hpp:191:3: note: 'queue' has been explicitly marked deprecated here
  191 |   __SYCL2020_DEPRECATED("SYCL 1.2.1 device selectors are deprecated. Please "
      |   ^
/home/ga27mex2/sycl_workspace/llvm/build/bin/../include/sycl/detail/defines_elementary.hpp:62:40: note: expanded from macro '__SYCL2020_DEPRECATED'
   62 | #define __SYCL2020_DEPRECATED(message) __SYCL_DEPRECATED(message)
      |                                        ^
/home/ga27mex2/sycl_workspace/llvm/build/bin/../include/sycl/detail/defines_elementary.hpp:53:38: note: expanded from macro '__SYCL_DEPRECATED'
   53 | #define __SYCL_DEPRECATED(message) [[deprecated(message)]]
      |                                      ^
main.cpp:406:33: warning: attribute 'intel::reqd_sub_group_size' is deprecated [-Wdeprecated-attributes]
  406 |         [=] (nd_item<1> item) [[intel::reqd_sub_group_size(32)]] {
      |                                 ^
main.cpp:406:33: note: did you mean to use 'sycl::reqd_sub_group_size' instead?
  406 |         [=] (nd_item<1> item) [[intel::reqd_sub_group_size(32)]] {
      |                                 ^~~~~~~~~~~~~~~~~~~~~~~~~~~~~~
      |                                 sycl::reqd_sub_group_size
main.cpp:406:60: warning: attribute argument 32 is invalid and will be ignored; amdgcn requires sub_group size 64 [-Wincorrect-sub-group-size]
  406 |         [=] (nd_item<1> item) [[intel::reqd_sub_group_size(32)]] {
      |                                                            ^
main.cpp:407:33: warning: 'get_pointer' is deprecated: accessor::get_pointer() is deprecated, please use get_multi_ptr() [-Wdeprecated-declarations]
  407 |         init(nodes, edges, nidx.get_pointer(), nlist.get_pointer(), nlist2.get_pointer(),
      |                                 ^
/home/ga27mex2/sycl_workspace/llvm/build/bin/../include/sycl/accessor.hpp:1779:26: note: 'get_pointer' has been explicitly marked deprecated here
 1779 |   global_ptr<value_type> get_pointer() const noexcept {
      |                          ^
main.cpp:407:33: warning: 'get_pointer<sycl::access::target::global_buffer, void>' is deprecated: accessor::get_pointer() is deprecated, please use get_multi_ptr() [-Wdeprecated-declarations]
  407 |         init(nodes, edges, nidx.get_pointer(), nlist.get_pointer(), nlist2.get_pointer(),
      |                                 ^
/home/ga27mex2/sycl_workspace/llvm/build/bin/../include/sycl/accessor.hpp:1777:3: note: 'get_pointer<sycl::access::target::global_buffer, void>' has been explicitly marked deprecated here
 1777 |   __SYCL2020_DEPRECATED(
      |   ^
/home/ga27mex2/sycl_workspace/llvm/build/bin/../include/sycl/detail/defines_elementary.hpp:62:40: note: expanded from macro '__SYCL2020_DEPRECATED'
   62 | #define __SYCL2020_DEPRECATED(message) __SYCL_DEPRECATED(message)
      |                                        ^
/home/ga27mex2/sycl_workspace/llvm/build/bin/../include/sycl/detail/defines_elementary.hpp:53:38: note: expanded from macro '__SYCL_DEPRECATED'
   53 | #define __SYCL_DEPRECATED(message) [[deprecated(message)]]
      |                                      ^
main.cpp:407:54: warning: 'get_pointer' is deprecated: accessor::get_pointer() is deprecated, please use get_multi_ptr() [-Wdeprecated-declarations]
  407 |         init(nodes, edges, nidx.get_pointer(), nlist.get_pointer(), nlist2.get_pointer(),
      |                                                      ^
/home/ga27mex2/sycl_workspace/llvm/build/bin/../include/sycl/accessor.hpp:1779:26: note: 'get_pointer' has been explicitly marked deprecated here
 1779 |   global_ptr<value_type> get_pointer() const noexcept {
      |                          ^
main.cpp:407:54: warning: 'get_pointer<sycl::access::target::global_buffer, void>' is deprecated: accessor::get_pointer() is deprecated, please use get_multi_ptr() [-Wdeprecated-declarations]
  407 |         init(nodes, edges, nidx.get_pointer(), nlist.get_pointer(), nlist2.get_pointer(),
      |                                                      ^
/home/ga27mex2/sycl_workspace/llvm/build/bin/../include/sycl/accessor.hpp:1777:3: note: 'get_pointer<sycl::access::target::global_buffer, void>' has been explicitly marked deprecated here
 1777 |   __SYCL2020_DEPRECATED(
      |   ^
/home/ga27mex2/sycl_workspace/llvm/build/bin/../include/sycl/detail/defines_elementary.hpp:62:40: note: expanded from macro '__SYCL2020_DEPRECATED'
   62 | #define __SYCL2020_DEPRECATED(message) __SYCL_DEPRECATED(message)
      |                                        ^
/home/ga27mex2/sycl_workspace/llvm/build/bin/../include/sycl/detail/defines_elementary.hpp:53:38: note: expanded from macro '__SYCL_DEPRECATED'
   53 | #define __SYCL_DEPRECATED(message) [[deprecated(message)]]
      |                                      ^
main.cpp:407:76: warning: 'get_pointer' is deprecated: accessor::get_pointer() is deprecated, please use get_multi_ptr() [-Wdeprecated-declarations]
  407 |         init(nodes, edges, nidx.get_pointer(), nlist.get_pointer(), nlist2.get_pointer(),
      |                                                                            ^
/home/ga27mex2/sycl_workspace/llvm/build/bin/../include/sycl/accessor.hpp:1779:26: note: 'get_pointer' has been explicitly marked deprecated here
 1779 |   global_ptr<value_type> get_pointer() const noexcept {
      |                          ^
main.cpp:407:76: warning: 'get_pointer<sycl::access::target::global_buffer, void>' is deprecated: accessor::get_pointer() is deprecated, please use get_multi_ptr() [-Wdeprecated-declarations]
  407 |         init(nodes, edges, nidx.get_pointer(), nlist.get_pointer(), nlist2.get_pointer(),
      |                                                                            ^
/home/ga27mex2/sycl_workspace/llvm/build/bin/../include/sycl/accessor.hpp:1777:3: note: 'get_pointer<sycl::access::target::global_buffer, void>' has been explicitly marked deprecated here
 1777 |   __SYCL2020_DEPRECATED(
      |   ^
/home/ga27mex2/sycl_workspace/llvm/build/bin/../include/sycl/detail/defines_elementary.hpp:62:40: note: expanded from macro '__SYCL2020_DEPRECATED'
   62 | #define __SYCL2020_DEPRECATED(message) __SYCL_DEPRECATED(message)
      |                                        ^
/home/ga27mex2/sycl_workspace/llvm/build/bin/../include/sycl/detail/defines_elementary.hpp:53:38: note: expanded from macro '__SYCL_DEPRECATED'
   53 | #define __SYCL_DEPRECATED(message) [[deprecated(message)]]
      |                                      ^
main.cpp:408:22: warning: 'get_pointer' is deprecated: accessor::get_pointer() is deprecated, please use get_multi_ptr() [-Wdeprecated-declarations]
  408 |              posscol.get_pointer(), posscol2.get_pointer(), color.get_pointer(),
      |                      ^
/home/ga27mex2/sycl_workspace/llvm/build/bin/../include/sycl/accessor.hpp:1779:26: note: 'get_pointer' has been explicitly marked deprecated here
 1779 |   global_ptr<value_type> get_pointer() const noexcept {
      |                          ^
main.cpp:408:22: warning: 'get_pointer<sycl::access::target::global_buffer, void>' is deprecated: accessor::get_pointer() is deprecated, please use get_multi_ptr() [-Wdeprecated-declarations]
  408 |              posscol.get_pointer(), posscol2.get_pointer(), color.get_pointer(),
      |                      ^
/home/ga27mex2/sycl_workspace/llvm/build/bin/../include/sycl/accessor.hpp:1777:3: note: 'get_pointer<sycl::access::target::global_buffer, void>' has been explicitly marked deprecated here
 1777 |   __SYCL2020_DEPRECATED(
      |   ^
/home/ga27mex2/sycl_workspace/llvm/build/bin/../include/sycl/detail/defines_elementary.hpp:62:40: note: expanded from macro '__SYCL2020_DEPRECATED'
   62 | #define __SYCL2020_DEPRECATED(message) __SYCL_DEPRECATED(message)
      |                                        ^
/home/ga27mex2/sycl_workspace/llvm/build/bin/../include/sycl/detail/defines_elementary.hpp:53:38: note: expanded from macro '__SYCL_DEPRECATED'
   53 | #define __SYCL_DEPRECATED(message) [[deprecated(message)]]
      |                                      ^
main.cpp:408:46: warning: 'get_pointer' is deprecated: accessor::get_pointer() is deprecated, please use get_multi_ptr() [-Wdeprecated-declarations]
  408 |              posscol.get_pointer(), posscol2.get_pointer(), color.get_pointer(),
      |                                              ^
/home/ga27mex2/sycl_workspace/llvm/build/bin/../include/sycl/accessor.hpp:1779:26: note: 'get_pointer' has been explicitly marked deprecated here
 1779 |   global_ptr<value_type> get_pointer() const noexcept {
      |                          ^
main.cpp:408:46: warning: 'get_pointer<sycl::access::target::global_buffer, void>' is deprecated: accessor::get_pointer() is deprecated, please use get_multi_ptr() [-Wdeprecated-declarations]
  408 |              posscol.get_pointer(), posscol2.get_pointer(), color.get_pointer(),
      |                                              ^
/home/ga27mex2/sycl_workspace/llvm/build/bin/../include/sycl/accessor.hpp:1777:3: note: 'get_pointer<sycl::access::target::global_buffer, void>' has been explicitly marked deprecated here
 1777 |   __SYCL2020_DEPRECATED(
      |   ^
/home/ga27mex2/sycl_workspace/llvm/build/bin/../include/sycl/detail/defines_elementary.hpp:62:40: note: expanded from macro '__SYCL2020_DEPRECATED'
   62 | #define __SYCL2020_DEPRECATED(message) __SYCL_DEPRECATED(message)
      |                                        ^
/home/ga27mex2/sycl_workspace/llvm/build/bin/../include/sycl/detail/defines_elementary.hpp:53:38: note: expanded from macro '__SYCL_DEPRECATED'
   53 | #define __SYCL_DEPRECATED(message) [[deprecated(message)]]
      |                                      ^
main.cpp:408:67: warning: 'get_pointer' is deprecated: accessor::get_pointer() is deprecated, please use get_multi_ptr() [-Wdeprecated-declarations]
  408 |              posscol.get_pointer(), posscol2.get_pointer(), color.get_pointer(),
      |                                                                   ^
/home/ga27mex2/sycl_workspace/llvm/build/bin/../include/sycl/accessor.hpp:1779:26: note: 'get_pointer' has been explicitly marked deprecated here
 1779 |   global_ptr<value_type> get_pointer() const noexcept {
      |                          ^
main.cpp:408:67: warning: 'get_pointer<sycl::access::target::global_buffer, void>' is deprecated: accessor::get_pointer() is deprecated, please use get_multi_ptr() [-Wdeprecated-declarations]
  408 |              posscol.get_pointer(), posscol2.get_pointer(), color.get_pointer(),
      |                                                                   ^
/home/ga27mex2/sycl_workspace/llvm/build/bin/../include/sycl/accessor.hpp:1777:3: note: 'get_pointer<sycl::access::target::global_buffer, void>' has been explicitly marked deprecated here
 1777 |   __SYCL2020_DEPRECATED(
      |   ^
/home/ga27mex2/sycl_workspace/llvm/build/bin/../include/sycl/detail/defines_elementary.hpp:62:40: note: expanded from macro '__SYCL2020_DEPRECATED'
   62 | #define __SYCL2020_DEPRECATED(message) __SYCL_DEPRECATED(message)
      |                                        ^
/home/ga27mex2/sycl_workspace/llvm/build/bin/../include/sycl/detail/defines_elementary.hpp:53:38: note: expanded from macro '__SYCL_DEPRECATED'
   53 | #define __SYCL_DEPRECATED(message) [[deprecated(message)]]
      |                                      ^
main.cpp:409:17: warning: 'get_pointer' is deprecated: accessor::get_pointer() is deprecated, please use get_multi_ptr() [-Wdeprecated-declarations]
  409 |              wl.get_pointer(), wlsize.get_pointer(), item
      |                 ^
/home/ga27mex2/sycl_workspace/llvm/build/bin/../include/sycl/accessor.hpp:1779:26: note: 'get_pointer' has been explicitly marked deprecated here
 1779 |   global_ptr<value_type> get_pointer() const noexcept {
      |                          ^
main.cpp:409:17: warning: 'get_pointer<sycl::access::target::global_buffer, void>' is deprecated: accessor::get_pointer() is deprecated, please use get_multi_ptr() [-Wdeprecated-declarations]
  409 |              wl.get_pointer(), wlsize.get_pointer(), item
      |                 ^
/home/ga27mex2/sycl_workspace/llvm/build/bin/../include/sycl/accessor.hpp:1777:3: note: 'get_pointer<sycl::access::target::global_buffer, void>' has been explicitly marked deprecated here
 1777 |   __SYCL2020_DEPRECATED(
      |   ^
/home/ga27mex2/sycl_workspace/llvm/build/bin/../include/sycl/detail/defines_elementary.hpp:62:40: note: expanded from macro '__SYCL2020_DEPRECATED'
   62 | #define __SYCL2020_DEPRECATED(message) __SYCL_DEPRECATED(message)
      |                                        ^
/home/ga27mex2/sycl_workspace/llvm/build/bin/../include/sycl/detail/defines_elementary.hpp:53:38: note: expanded from macro '__SYCL_DEPRECATED'
   53 | #define __SYCL_DEPRECATED(message) [[deprecated(message)]]
      |                                      ^
main.cpp:409:39: warning: 'get_pointer' is deprecated: accessor::get_pointer() is deprecated, please use get_multi_ptr() [-Wdeprecated-declarations]
  409 |              wl.get_pointer(), wlsize.get_pointer(), item
      |                                       ^
/home/ga27mex2/sycl_workspace/llvm/build/bin/../include/sycl/accessor.hpp:1779:26: note: 'get_pointer' has been explicitly marked deprecated here
 1779 |   global_ptr<value_type> get_pointer() const noexcept {
      |                          ^
main.cpp:409:39: warning: 'get_pointer<sycl::access::target::global_buffer, void>' is deprecated: accessor::get_pointer() is deprecated, please use get_multi_ptr() [-Wdeprecated-declarations]
  409 |              wl.get_pointer(), wlsize.get_pointer(), item
      |                                       ^
/home/ga27mex2/sycl_workspace/llvm/build/bin/../include/sycl/accessor.hpp:1777:3: note: 'get_pointer<sycl::access::target::global_buffer, void>' has been explicitly marked deprecated here
 1777 |   __SYCL2020_DEPRECATED(
      |   ^
/home/ga27mex2/sycl_workspace/llvm/build/bin/../include/sycl/detail/defines_elementary.hpp:62:40: note: expanded from macro '__SYCL2020_DEPRECATED'
   62 | #define __SYCL2020_DEPRECATED(message) __SYCL_DEPRECATED(message)
      |                                        ^
/home/ga27mex2/sycl_workspace/llvm/build/bin/../include/sycl/detail/defines_elementary.hpp:53:38: note: expanded from macro '__SYCL_DEPRECATED'
   53 | #define __SYCL_DEPRECATED(message) [[deprecated(message)]]
      |                                      ^
main.cpp:426:33: warning: attribute 'intel::reqd_sub_group_size' is deprecated [-Wdeprecated-attributes]
  426 |         [=] (nd_item<1> item) [[intel::reqd_sub_group_size(32)]] {
      |                                 ^
main.cpp:426:33: note: did you mean to use 'sycl::reqd_sub_group_size' instead?
  426 |         [=] (nd_item<1> item) [[intel::reqd_sub_group_size(32)]] {
      |                                 ^~~~~~~~~~~~~~~~~~~~~~~~~~~~~~
      |                                 sycl::reqd_sub_group_size
main.cpp:426:60: warning: attribute argument 32 is invalid and will be ignored; amdgcn requires sub_group size 64 [-Wincorrect-sub-group-size]
  426 |         [=] (nd_item<1> item) [[intel::reqd_sub_group_size(32)]] {
      |                                                            ^
main.cpp:427:30: warning: 'get_pointer' is deprecated: accessor::get_pointer() is deprecated, please use get_multi_ptr() [-Wdeprecated-declarations]
  427 |         runLarge(nodes, nidx.get_pointer(), nlist2.get_pointer(),
      |                              ^
/home/ga27mex2/sycl_workspace/llvm/build/bin/../include/sycl/accessor.hpp:1779:26: note: 'get_pointer' has been explicitly marked deprecated here
 1779 |   global_ptr<value_type> get_pointer() const noexcept {
      |                          ^
main.cpp:427:30: warning: 'get_pointer<sycl::access::target::global_buffer, void>' is deprecated: accessor::get_pointer() is deprecated, please use get_multi_ptr() [-Wdeprecated-declarations]
  427 |         runLarge(nodes, nidx.get_pointer(), nlist2.get_pointer(),
      |                              ^
/home/ga27mex2/sycl_workspace/llvm/build/bin/../include/sycl/accessor.hpp:1777:3: note: 'get_pointer<sycl::access::target::global_buffer, void>' has been explicitly marked deprecated here
 1777 |   __SYCL2020_DEPRECATED(
      |   ^
/home/ga27mex2/sycl_workspace/llvm/build/bin/../include/sycl/detail/defines_elementary.hpp:62:40: note: expanded from macro '__SYCL2020_DEPRECATED'
   62 | #define __SYCL2020_DEPRECATED(message) __SYCL_DEPRECATED(message)
      |                                        ^
/home/ga27mex2/sycl_workspace/llvm/build/bin/../include/sycl/detail/defines_elementary.hpp:53:38: note: expanded from macro '__SYCL_DEPRECATED'
   53 | #define __SYCL_DEPRECATED(message) [[deprecated(message)]]
      |                                      ^
main.cpp:427:52: warning: 'get_pointer' is deprecated: accessor::get_pointer() is deprecated, please use get_multi_ptr() [-Wdeprecated-declarations]
  427 |         runLarge(nodes, nidx.get_pointer(), nlist2.get_pointer(),
      |                                                    ^
/home/ga27mex2/sycl_workspace/llvm/build/bin/../include/sycl/accessor.hpp:1779:26: note: 'get_pointer' has been explicitly marked deprecated here
 1779 |   global_ptr<value_type> get_pointer() const noexcept {
      |                          ^
main.cpp:427:52: warning: 'get_pointer<sycl::access::target::global_buffer, void>' is deprecated: accessor::get_pointer() is deprecated, please use get_multi_ptr() [-Wdeprecated-declarations]
  427 |         runLarge(nodes, nidx.get_pointer(), nlist2.get_pointer(),
      |                                                    ^
/home/ga27mex2/sycl_workspace/llvm/build/bin/../include/sycl/accessor.hpp:1777:3: note: 'get_pointer<sycl::access::target::global_buffer, void>' has been explicitly marked deprecated here
 1777 |   __SYCL2020_DEPRECATED(
      |   ^
/home/ga27mex2/sycl_workspace/llvm/build/bin/../include/sycl/detail/defines_elementary.hpp:62:40: note: expanded from macro '__SYCL2020_DEPRECATED'
   62 | #define __SYCL2020_DEPRECATED(message) __SYCL_DEPRECATED(message)
      |                                        ^
/home/ga27mex2/sycl_workspace/llvm/build/bin/../include/sycl/detail/defines_elementary.hpp:53:38: note: expanded from macro '__SYCL_DEPRECATED'
   53 | #define __SYCL_DEPRECATED(message) [[deprecated(message)]]
      |                                      ^
main.cpp:428:26: warning: 'get_pointer' is deprecated: accessor::get_pointer() is deprecated, please use get_multi_ptr() [-Wdeprecated-declarations]
  428 |                  posscol.get_pointer(), posscol2.get_pointer(), color.get_pointer(),
      |                          ^
/home/ga27mex2/sycl_workspace/llvm/build/bin/../include/sycl/accessor.hpp:1779:26: note: 'get_pointer' has been explicitly marked deprecated here
 1779 |   global_ptr<value_type> get_pointer() const noexcept {
      |                          ^
main.cpp:428:26: warning: 'get_pointer<sycl::access::target::global_buffer, void>' is deprecated: accessor::get_pointer() is deprecated, please use get_multi_ptr() [-Wdeprecated-declarations]
  428 |                  posscol.get_pointer(), posscol2.get_pointer(), color.get_pointer(),
      |                          ^
/home/ga27mex2/sycl_workspace/llvm/build/bin/../include/sycl/accessor.hpp:1777:3: note: 'get_pointer<sycl::access::target::global_buffer, void>' has been explicitly marked deprecated here
 1777 |   __SYCL2020_DEPRECATED(
      |   ^
/home/ga27mex2/sycl_workspace/llvm/build/bin/../include/sycl/detail/defines_elementary.hpp:62:40: note: expanded from macro '__SYCL2020_DEPRECATED'
   62 | #define __SYCL2020_DEPRECATED(message) __SYCL_DEPRECATED(message)
      |                                        ^
/home/ga27mex2/sycl_workspace/llvm/build/bin/../include/sycl/detail/defines_elementary.hpp:53:38: note: expanded from macro '__SYCL_DEPRECATED'
   53 | #define __SYCL_DEPRECATED(message) [[deprecated(message)]]
      |                                      ^
main.cpp:428:50: warning: 'get_pointer' is deprecated: accessor::get_pointer() is deprecated, please use get_multi_ptr() [-Wdeprecated-declarations]
  428 |                  posscol.get_pointer(), posscol2.get_pointer(), color.get_pointer(),
      |                                                  ^
/home/ga27mex2/sycl_workspace/llvm/build/bin/../include/sycl/accessor.hpp:1779:26: note: 'get_pointer' has been explicitly marked deprecated here
 1779 |   global_ptr<value_type> get_pointer() const noexcept {
      |                          ^
main.cpp:428:50: warning: 'get_pointer<sycl::access::target::global_buffer, void>' is deprecated: accessor::get_pointer() is deprecated, please use get_multi_ptr() [-Wdeprecated-declarations]
  428 |                  posscol.get_pointer(), posscol2.get_pointer(), color.get_pointer(),
      |                                                  ^
/home/ga27mex2/sycl_workspace/llvm/build/bin/../include/sycl/accessor.hpp:1777:3: note: 'get_pointer<sycl::access::target::global_buffer, void>' has been explicitly marked deprecated here
 1777 |   __SYCL2020_DEPRECATED(
      |   ^
/home/ga27mex2/sycl_workspace/llvm/build/bin/../include/sycl/detail/defines_elementary.hpp:62:40: note: expanded from macro '__SYCL2020_DEPRECATED'
   62 | #define __SYCL2020_DEPRECATED(message) __SYCL_DEPRECATED(message)
      |                                        ^
/home/ga27mex2/sycl_workspace/llvm/build/bin/../include/sycl/detail/defines_elementary.hpp:53:38: note: expanded from macro '__SYCL_DEPRECATED'
   53 | #define __SYCL_DEPRECATED(message) [[deprecated(message)]]
      |                                      ^
main.cpp:428:71: warning: 'get_pointer' is deprecated: accessor::get_pointer() is deprecated, please use get_multi_ptr() [-Wdeprecated-declarations]
  428 |                  posscol.get_pointer(), posscol2.get_pointer(), color.get_pointer(),
      |                                                                       ^
/home/ga27mex2/sycl_workspace/llvm/build/bin/../include/sycl/accessor.hpp:1779:26: note: 'get_pointer' has been explicitly marked deprecated here
 1779 |   global_ptr<value_type> get_pointer() const noexcept {
      |                          ^
main.cpp:428:71: warning: 'get_pointer<sycl::access::target::global_buffer, void>' is deprecated: accessor::get_pointer() is deprecated, please use get_multi_ptr() [-Wdeprecated-declarations]
  428 |                  posscol.get_pointer(), posscol2.get_pointer(), color.get_pointer(),
      |                                                                       ^
/home/ga27mex2/sycl_workspace/llvm/build/bin/../include/sycl/accessor.hpp:1777:3: note: 'get_pointer<sycl::access::target::global_buffer, void>' has been explicitly marked deprecated here
 1777 |   __SYCL2020_DEPRECATED(
      |   ^
/home/ga27mex2/sycl_workspace/llvm/build/bin/../include/sycl/detail/defines_elementary.hpp:62:40: note: expanded from macro '__SYCL2020_DEPRECATED'
   62 | #define __SYCL2020_DEPRECATED(message) __SYCL_DEPRECATED(message)
      |                                        ^
/home/ga27mex2/sycl_workspace/llvm/build/bin/../include/sycl/detail/defines_elementary.hpp:53:38: note: expanded from macro '__SYCL_DEPRECATED'
   53 | #define __SYCL_DEPRECATED(message) [[deprecated(message)]]
      |                                      ^
main.cpp:429:21: warning: 'get_pointer' is deprecated: accessor::get_pointer() is deprecated, please use get_multi_ptr() [-Wdeprecated-declarations]
  429 |                  wl.get_pointer(), wlsize.get_pointer(), item);
      |                     ^
/home/ga27mex2/sycl_workspace/llvm/build/bin/../include/sycl/accessor.hpp:1779:26: note: 'get_pointer' has been explicitly marked deprecated here
 1779 |   global_ptr<value_type> get_pointer() const noexcept {
      |                          ^
main.cpp:429:21: warning: 'get_pointer<sycl::access::target::global_buffer, void>' is deprecated: accessor::get_pointer() is deprecated, please use get_multi_ptr() [-Wdeprecated-declarations]
  429 |                  wl.get_pointer(), wlsize.get_pointer(), item);
      |                     ^
/home/ga27mex2/sycl_workspace/llvm/build/bin/../include/sycl/accessor.hpp:1777:3: note: 'get_pointer<sycl::access::target::global_buffer, void>' has been explicitly marked deprecated here
 1777 |   __SYCL2020_DEPRECATED(
      |   ^
/home/ga27mex2/sycl_workspace/llvm/build/bin/../include/sycl/detail/defines_elementary.hpp:62:40: note: expanded from macro '__SYCL2020_DEPRECATED'
   62 | #define __SYCL2020_DEPRECATED(message) __SYCL_DEPRECATED(message)
      |                                        ^
/home/ga27mex2/sycl_workspace/llvm/build/bin/../include/sycl/detail/defines_elementary.hpp:53:38: note: expanded from macro '__SYCL_DEPRECATED'
   53 | #define __SYCL_DEPRECATED(message) [[deprecated(message)]]
      |                                      ^
main.cpp:429:43: warning: 'get_pointer' is deprecated: accessor::get_pointer() is deprecated, please use get_multi_ptr() [-Wdeprecated-declarations]
  429 |                  wl.get_pointer(), wlsize.get_pointer(), item);
      |                                           ^
/home/ga27mex2/sycl_workspace/llvm/build/bin/../include/sycl/accessor.hpp:1779:26: note: 'get_pointer' has been explicitly marked deprecated here
 1779 |   global_ptr<value_type> get_pointer() const noexcept {
      |                          ^
main.cpp:429:43: warning: 'get_pointer<sycl::access::target::global_buffer, void>' is deprecated: accessor::get_pointer() is deprecated, please use get_multi_ptr() [-Wdeprecated-declarations]
  429 |                  wl.get_pointer(), wlsize.get_pointer(), item);
      |                                           ^
/home/ga27mex2/sycl_workspace/llvm/build/bin/../include/sycl/accessor.hpp:1777:3: note: 'get_pointer<sycl::access::target::global_buffer, void>' has been explicitly marked deprecated here
 1777 |   __SYCL2020_DEPRECATED(
      |   ^
/home/ga27mex2/sycl_workspace/llvm/build/bin/../include/sycl/detail/defines_elementary.hpp:62:40: note: expanded from macro '__SYCL2020_DEPRECATED'
   62 | #define __SYCL2020_DEPRECATED(message) __SYCL_DEPRECATED(message)
      |                                        ^
/home/ga27mex2/sycl_workspace/llvm/build/bin/../include/sycl/detail/defines_elementary.hpp:53:38: note: expanded from macro '__SYCL_DEPRECATED'
   53 | #define __SYCL_DEPRECATED(message) [[deprecated(message)]]
      |                                      ^
main.cpp:439:33: warning: attribute 'intel::reqd_sub_group_size' is deprecated [-Wdeprecated-attributes]
  439 |         [=] (nd_item<1> item) [[intel::reqd_sub_group_size(32)]] {
      |                                 ^
main.cpp:439:33: note: did you mean to use 'sycl::reqd_sub_group_size' instead?
  439 |         [=] (nd_item<1> item) [[intel::reqd_sub_group_size(32)]] {
      |                                 ^~~~~~~~~~~~~~~~~~~~~~~~~~~~~~
      |                                 sycl::reqd_sub_group_size
main.cpp:439:60: warning: attribute argument 32 is invalid and will be ignored; amdgcn requires sub_group size 64 [-Wincorrect-sub-group-size]
  439 |         [=] (nd_item<1> item) [[intel::reqd_sub_group_size(32)]] {
      |                                                            ^
main.cpp:440:30: warning: 'get_pointer' is deprecated: accessor::get_pointer() is deprecated, please use get_multi_ptr() [-Wdeprecated-declarations]
  440 |         runSmall(nodes, nidx.get_pointer(), nlist.get_pointer(), 
      |                              ^
/home/ga27mex2/sycl_workspace/llvm/build/bin/../include/sycl/accessor.hpp:1779:26: note: 'get_pointer' has been explicitly marked deprecated here
 1779 |   global_ptr<value_type> get_pointer() const noexcept {
      |                          ^
main.cpp:440:30: warning: 'get_pointer<sycl::access::target::global_buffer, void>' is deprecated: accessor::get_pointer() is deprecated, please use get_multi_ptr() [-Wdeprecated-declarations]
  440 |         runSmall(nodes, nidx.get_pointer(), nlist.get_pointer(), 
      |                              ^
/home/ga27mex2/sycl_workspace/llvm/build/bin/../include/sycl/accessor.hpp:1777:3: note: 'get_pointer<sycl::access::target::global_buffer, void>' has been explicitly marked deprecated here
 1777 |   __SYCL2020_DEPRECATED(
      |   ^
/home/ga27mex2/sycl_workspace/llvm/build/bin/../include/sycl/detail/defines_elementary.hpp:62:40: note: expanded from macro '__SYCL2020_DEPRECATED'
   62 | #define __SYCL2020_DEPRECATED(message) __SYCL_DEPRECATED(message)
      |                                        ^
/home/ga27mex2/sycl_workspace/llvm/build/bin/../include/sycl/detail/defines_elementary.hpp:53:38: note: expanded from macro '__SYCL_DEPRECATED'
   53 | #define __SYCL_DEPRECATED(message) [[deprecated(message)]]
      |                                      ^
main.cpp:440:51: warning: 'get_pointer' is deprecated: accessor::get_pointer() is deprecated, please use get_multi_ptr() [-Wdeprecated-declarations]
  440 |         runSmall(nodes, nidx.get_pointer(), nlist.get_pointer(), 
      |                                                   ^
/home/ga27mex2/sycl_workspace/llvm/build/bin/../include/sycl/accessor.hpp:1779:26: note: 'get_pointer' has been explicitly marked deprecated here
 1779 |   global_ptr<value_type> get_pointer() const noexcept {
      |                          ^
main.cpp:440:51: warning: 'get_pointer<sycl::access::target::global_buffer, void>' is deprecated: accessor::get_pointer() is deprecated, please use get_multi_ptr() [-Wdeprecated-declarations]
  440 |         runSmall(nodes, nidx.get_pointer(), nlist.get_pointer(), 
      |                                                   ^
/home/ga27mex2/sycl_workspace/llvm/build/bin/../include/sycl/accessor.hpp:1777:3: note: 'get_pointer<sycl::access::target::global_buffer, void>' has been explicitly marked deprecated here
 1777 |   __SYCL2020_DEPRECATED(
      |   ^
/home/ga27mex2/sycl_workspace/llvm/build/bin/../include/sycl/detail/defines_elementary.hpp:62:40: note: expanded from macro '__SYCL2020_DEPRECATED'
   62 | #define __SYCL2020_DEPRECATED(message) __SYCL_DEPRECATED(message)
      |                                        ^
/home/ga27mex2/sycl_workspace/llvm/build/bin/../include/sycl/detail/defines_elementary.hpp:53:38: note: expanded from macro '__SYCL_DEPRECATED'
   53 | #define __SYCL_DEPRECATED(message) [[deprecated(message)]]
      |                                      ^
main.cpp:441:26: warning: 'get_pointer' is deprecated: accessor::get_pointer() is deprecated, please use get_multi_ptr() [-Wdeprecated-declarations]
  441 |                  posscol.get_pointer(), color.get_pointer(), item);
      |                          ^
/home/ga27mex2/sycl_workspace/llvm/build/bin/../include/sycl/accessor.hpp:1779:26: note: 'get_pointer' has been explicitly marked deprecated here
 1779 |   global_ptr<value_type> get_pointer() const noexcept {
      |                          ^
main.cpp:441:26: warning: 'get_pointer<sycl::access::target::global_buffer, void>' is deprecated: accessor::get_pointer() is deprecated, please use get_multi_ptr() [-Wdeprecated-declarations]
  441 |                  posscol.get_pointer(), color.get_pointer(), item);
      |                          ^
/home/ga27mex2/sycl_workspace/llvm/build/bin/../include/sycl/accessor.hpp:1777:3: note: 'get_pointer<sycl::access::target::global_buffer, void>' has been explicitly marked deprecated here
 1777 |   __SYCL2020_DEPRECATED(
      |   ^
/home/ga27mex2/sycl_workspace/llvm/build/bin/../include/sycl/detail/defines_elementary.hpp:62:40: note: expanded from macro '__SYCL2020_DEPRECATED'
   62 | #define __SYCL2020_DEPRECATED(message) __SYCL_DEPRECATED(message)
      |                                        ^
/home/ga27mex2/sycl_workspace/llvm/build/bin/../include/sycl/detail/defines_elementary.hpp:53:38: note: expanded from macro '__SYCL_DEPRECATED'
   53 | #define __SYCL_DEPRECATED(message) [[deprecated(message)]]
      |                                      ^
main.cpp:441:47: warning: 'get_pointer' is deprecated: accessor::get_pointer() is deprecated, please use get_multi_ptr() [-Wdeprecated-declarations]
  441 |                  posscol.get_pointer(), color.get_pointer(), item);
      |                                               ^
/home/ga27mex2/sycl_workspace/llvm/build/bin/../include/sycl/accessor.hpp:1779:26: note: 'get_pointer' has been explicitly marked deprecated here
 1779 |   global_ptr<value_type> get_pointer() const noexcept {
      |                          ^
main.cpp:441:47: warning: 'get_pointer<sycl::access::target::global_buffer, void>' is deprecated: accessor::get_pointer() is deprecated, please use get_multi_ptr() [-Wdeprecated-declarations]
  441 |                  posscol.get_pointer(), color.get_pointer(), item);
      |                                               ^
/home/ga27mex2/sycl_workspace/llvm/build/bin/../include/sycl/accessor.hpp:1777:3: note: 'get_pointer<sycl::access::target::global_buffer, void>' has been explicitly marked deprecated here
 1777 |   __SYCL2020_DEPRECATED(
      |   ^
/home/ga27mex2/sycl_workspace/llvm/build/bin/../include/sycl/detail/defines_elementary.hpp:62:40: note: expanded from macro '__SYCL2020_DEPRECATED'
   62 | #define __SYCL2020_DEPRECATED(message) __SYCL_DEPRECATED(message)
      |                                        ^
/home/ga27mex2/sycl_workspace/llvm/build/bin/../include/sycl/detail/defines_elementary.hpp:53:38: note: expanded from macro '__SYCL_DEPRECATED'
   53 | #define __SYCL_DEPRECATED(message) [[deprecated(message)]]
      |                                      ^
52 warnings generated.
In file included from main.cpp:47:
In file included from ../include/common.h:4:
/home/ga27mex2/sycl_workspace/llvm/build/bin/../include/CL/sycl.hpp:14:2: warning: "CL/sycl.hpp is deprecated, use sycl/sycl.hpp" [-W#warnings]
   14 | #warning "CL/sycl.hpp is deprecated, use sycl/sycl.hpp"
      |  ^
In file included from main.cpp:47:
../include/common.h:14:58: warning: 'constant_buffer' is deprecated: use 'target::device' instead [-Wdeprecated-declarations]
   14 | constexpr access::target sycl_cmem     = access::target::constant_buffer;
      |                                                          ^
/home/ga27mex2/sycl_workspace/llvm/build/bin/../include/sycl/access/access.hpp:24:19: note: 'constant_buffer' has been explicitly marked deprecated here
   24 |   constant_buffer __SYCL2020_DEPRECATED("use 'target::device' instead") = 2015,
      |                   ^
/home/ga27mex2/sycl_workspace/llvm/build/bin/../include/sycl/detail/defines_elementary.hpp:62:40: note: expanded from macro '__SYCL2020_DEPRECATED'
   62 | #define __SYCL2020_DEPRECATED(message) __SYCL_DEPRECATED(message)
      |                                        ^
/home/ga27mex2/sycl_workspace/llvm/build/bin/../include/sycl/detail/defines_elementary.hpp:53:38: note: expanded from macro '__SYCL_DEPRECATED'
   53 | #define __SYCL_DEPRECATED(message) [[deprecated(message)]]
      |                                      ^
In file included from main.cpp:47:
../include/common.h:15:58: warning: 'global_buffer' is deprecated: use 'target::device' instead [-Wdeprecated-declarations]
   15 | constexpr access::target sycl_gmem     = access::target::global_buffer;
      |                                                          ^
/home/ga27mex2/sycl_workspace/llvm/build/bin/../include/sycl/access/access.hpp:23:17: note: 'global_buffer' has been explicitly marked deprecated here
   23 |   global_buffer __SYCL2020_DEPRECATED("use 'target::device' instead") = 2014,
      |                 ^
/home/ga27mex2/sycl_workspace/llvm/build/bin/../include/sycl/detail/defines_elementary.hpp:62:40: note: expanded from macro '__SYCL2020_DEPRECATED'
   62 | #define __SYCL2020_DEPRECATED(message) __SYCL_DEPRECATED(message)
      |                                        ^
/home/ga27mex2/sycl_workspace/llvm/build/bin/../include/sycl/detail/defines_elementary.hpp:53:38: note: expanded from macro '__SYCL_DEPRECATED'
   53 | #define __SYCL_DEPRECATED(message) [[deprecated(message)]]
      |                                      ^
In file included from main.cpp:47:
../include/common.h:16:58: warning: 'local' is deprecated: use `local_accessor` instead [-Wdeprecated-declarations]
   16 | constexpr access::target sycl_lmem     = access::target::local;
      |                                                          ^
/home/ga27mex2/sycl_workspace/llvm/build/bin/../include/sycl/access/access.hpp:25:9: note: 'local' has been explicitly marked deprecated here
   25 |   local __SYCL2020_DEPRECATED("use `local_accessor` instead") = 2016,
      |         ^
/home/ga27mex2/sycl_workspace/llvm/build/bin/../include/sycl/detail/defines_elementary.hpp:62:40: note: expanded from macro '__SYCL2020_DEPRECATED'
   62 | #define __SYCL2020_DEPRECATED(message) __SYCL_DEPRECATED(message)
      |                                        ^
/home/ga27mex2/sycl_workspace/llvm/build/bin/../include/sycl/detail/defines_elementary.hpp:53:38: note: expanded from macro '__SYCL_DEPRECATED'
   53 | #define __SYCL_DEPRECATED(message) [[deprecated(message)]]
      |                                      ^
main.cpp:100:18: warning: 'atomic<int, sycl::access::address_space::global_space>' is deprecated: sycl::atomic is deprecated since SYCL 2020 [-Wdeprecated-declarations]
  100 |         wl[sycl::atomic<int>(sycl::global_ptr<int>(wlsize)).fetch_add(1)] = v;
      |                  ^
/home/ga27mex2/sycl_workspace/llvm/build/bin/../include/sycl/atomic.hpp:172:7: note: 'atomic<int, sycl::access::address_space::global_space>' has been explicitly marked deprecated here
  172 | class __SYCL2020_DEPRECATED(
      |       ^
/home/ga27mex2/sycl_workspace/llvm/build/bin/../include/sycl/detail/defines_elementary.hpp:62:40: note: expanded from macro '__SYCL2020_DEPRECATED'
   62 | #define __SYCL2020_DEPRECATED(message) __SYCL_DEPRECATED(message)
      |                                        ^
/home/ga27mex2/sycl_workspace/llvm/build/bin/../include/sycl/detail/defines_elementary.hpp:53:38: note: expanded from macro '__SYCL_DEPRECATED'
   53 | #define __SYCL_DEPRECATED(message) [[deprecated(message)]]
      |                                      ^
main.cpp:221:27: warning: 'atomic<int, sycl::access::address_space::global_space>' is deprecated: sycl::atomic is deprecated since SYCL 2020 [-Wdeprecated-declarations]
  221 |                     sycl::atomic<int>(sycl::global_ptr<int>(
      |                           ^
/home/ga27mex2/sycl_workspace/llvm/build/bin/../include/sycl/atomic.hpp:172:7: note: 'atomic<int, sycl::access::address_space::global_space>' has been explicitly marked deprecated here
  172 | class __SYCL2020_DEPRECATED(
      |       ^
/home/ga27mex2/sycl_workspace/llvm/build/bin/../include/sycl/detail/defines_elementary.hpp:62:40: note: expanded from macro '__SYCL2020_DEPRECATED'
   62 | #define __SYCL2020_DEPRECATED(message) __SYCL_DEPRECATED(message)
      |                                        ^
/home/ga27mex2/sycl_workspace/llvm/build/bin/../include/sycl/detail/defines_elementary.hpp:53:38: note: expanded from macro '__SYCL_DEPRECATED'
   53 | #define __SYCL_DEPRECATED(message) [[deprecated(message)]]
      |                                      ^
main.cpp:357:3: warning: 'gpu_selector' is deprecated: Use the callable sycl::gpu_selector_v instead. [-Wdeprecated-declarations]
  357 |   gpu_selector dev_sel;
      |   ^
/home/ga27mex2/sycl_workspace/llvm/build/bin/../include/sycl/device_selector.hpp:66:21: note: 'gpu_selector' has been explicitly marked deprecated here
   66 | class __SYCL_EXPORT __SYCL2020_DEPRECATED(
      |                     ^
/home/ga27mex2/sycl_workspace/llvm/build/bin/../include/sycl/detail/defines_elementary.hpp:62:40: note: expanded from macro '__SYCL2020_DEPRECATED'
   62 | #define __SYCL2020_DEPRECATED(message) __SYCL_DEPRECATED(message)
      |                                        ^
/home/ga27mex2/sycl_workspace/llvm/build/bin/../include/sycl/detail/defines_elementary.hpp:53:38: note: expanded from macro '__SYCL_DEPRECATED'
   53 | #define __SYCL_DEPRECATED(message) [[deprecated(message)]]
      |                                      ^
main.cpp:361:9: warning: 'queue' is deprecated: SYCL 1.2.1 device selectors are deprecated. Please use SYCL 2020 device selectors instead. [-Wdeprecated-declarations]
  361 |   queue q(dev_sel);
      |         ^
/home/ga27mex2/sycl_workspace/llvm/build/bin/../include/sycl/queue.hpp:191:3: note: 'queue' has been explicitly marked deprecated here
  191 |   __SYCL2020_DEPRECATED("SYCL 1.2.1 device selectors are deprecated. Please "
      |   ^
/home/ga27mex2/sycl_workspace/llvm/build/bin/../include/sycl/detail/defines_elementary.hpp:62:40: note: expanded from macro '__SYCL2020_DEPRECATED'
   62 | #define __SYCL2020_DEPRECATED(message) __SYCL_DEPRECATED(message)
      |                                        ^
/home/ga27mex2/sycl_workspace/llvm/build/bin/../include/sycl/detail/defines_elementary.hpp:53:38: note: expanded from macro '__SYCL_DEPRECATED'
   53 | #define __SYCL_DEPRECATED(message) [[deprecated(message)]]
      |                                      ^
main.cpp:406:33: warning: attribute 'intel::reqd_sub_group_size' is deprecated [-Wdeprecated-attributes]
  406 |         [=] (nd_item<1> item) [[intel::reqd_sub_group_size(32)]] {
      |                                 ^
main.cpp:406:33: note: did you mean to use 'sycl::reqd_sub_group_size' instead?
  406 |         [=] (nd_item<1> item) [[intel::reqd_sub_group_size(32)]] {
      |                                 ^~~~~~~~~~~~~~~~~~~~~~~~~~~~~~
      |                                 sycl::reqd_sub_group_size
main.cpp:407:33: warning: 'get_pointer' is deprecated: accessor::get_pointer() is deprecated, please use get_multi_ptr() [-Wdeprecated-declarations]
  407 |         init(nodes, edges, nidx.get_pointer(), nlist.get_pointer(), nlist2.get_pointer(),
      |                                 ^
/home/ga27mex2/sycl_workspace/llvm/build/bin/../include/sycl/accessor.hpp:1779:26: note: 'get_pointer' has been explicitly marked deprecated here
 1779 |   global_ptr<value_type> get_pointer() const noexcept {
      |                          ^
main.cpp:407:33: warning: 'get_pointer<sycl::access::target::global_buffer, void>' is deprecated: accessor::get_pointer() is deprecated, please use get_multi_ptr() [-Wdeprecated-declarations]
  407 |         init(nodes, edges, nidx.get_pointer(), nlist.get_pointer(), nlist2.get_pointer(),
      |                                 ^
/home/ga27mex2/sycl_workspace/llvm/build/bin/../include/sycl/accessor.hpp:1777:3: note: 'get_pointer<sycl::access::target::global_buffer, void>' has been explicitly marked deprecated here
 1777 |   __SYCL2020_DEPRECATED(
      |   ^
/home/ga27mex2/sycl_workspace/llvm/build/bin/../include/sycl/detail/defines_elementary.hpp:62:40: note: expanded from macro '__SYCL2020_DEPRECATED'
   62 | #define __SYCL2020_DEPRECATED(message) __SYCL_DEPRECATED(message)
      |                                        ^
/home/ga27mex2/sycl_workspace/llvm/build/bin/../include/sycl/detail/defines_elementary.hpp:53:38: note: expanded from macro '__SYCL_DEPRECATED'
   53 | #define __SYCL_DEPRECATED(message) [[deprecated(message)]]
      |                                      ^
main.cpp:407:54: warning: 'get_pointer' is deprecated: accessor::get_pointer() is deprecated, please use get_multi_ptr() [-Wdeprecated-declarations]
  407 |         init(nodes, edges, nidx.get_pointer(), nlist.get_pointer(), nlist2.get_pointer(),
      |                                                      ^
/home/ga27mex2/sycl_workspace/llvm/build/bin/../include/sycl/accessor.hpp:1779:26: note: 'get_pointer' has been explicitly marked deprecated here
 1779 |   global_ptr<value_type> get_pointer() const noexcept {
      |                          ^
main.cpp:407:54: warning: 'get_pointer<sycl::access::target::global_buffer, void>' is deprecated: accessor::get_pointer() is deprecated, please use get_multi_ptr() [-Wdeprecated-declarations]
  407 |         init(nodes, edges, nidx.get_pointer(), nlist.get_pointer(), nlist2.get_pointer(),
      |                                                      ^
/home/ga27mex2/sycl_workspace/llvm/build/bin/../include/sycl/accessor.hpp:1777:3: note: 'get_pointer<sycl::access::target::global_buffer, void>' has been explicitly marked deprecated here
 1777 |   __SYCL2020_DEPRECATED(
      |   ^
/home/ga27mex2/sycl_workspace/llvm/build/bin/../include/sycl/detail/defines_elementary.hpp:62:40: note: expanded from macro '__SYCL2020_DEPRECATED'
   62 | #define __SYCL2020_DEPRECATED(message) __SYCL_DEPRECATED(message)
      |                                        ^
/home/ga27mex2/sycl_workspace/llvm/build/bin/../include/sycl/detail/defines_elementary.hpp:53:38: note: expanded from macro '__SYCL_DEPRECATED'
   53 | #define __SYCL_DEPRECATED(message) [[deprecated(message)]]
      |                                      ^
main.cpp:407:76: warning: 'get_pointer' is deprecated: accessor::get_pointer() is deprecated, please use get_multi_ptr() [-Wdeprecated-declarations]
  407 |         init(nodes, edges, nidx.get_pointer(), nlist.get_pointer(), nlist2.get_pointer(),
      |                                                                            ^
/home/ga27mex2/sycl_workspace/llvm/build/bin/../include/sycl/accessor.hpp:1779:26: note: 'get_pointer' has been explicitly marked deprecated here
 1779 |   global_ptr<value_type> get_pointer() const noexcept {
      |                          ^
main.cpp:407:76: warning: 'get_pointer<sycl::access::target::global_buffer, void>' is deprecated: accessor::get_pointer() is deprecated, please use get_multi_ptr() [-Wdeprecated-declarations]
  407 |         init(nodes, edges, nidx.get_pointer(), nlist.get_pointer(), nlist2.get_pointer(),
      |                                                                            ^
/home/ga27mex2/sycl_workspace/llvm/build/bin/../include/sycl/accessor.hpp:1777:3: note: 'get_pointer<sycl::access::target::global_buffer, void>' has been explicitly marked deprecated here
 1777 |   __SYCL2020_DEPRECATED(
      |   ^
/home/ga27mex2/sycl_workspace/llvm/build/bin/../include/sycl/detail/defines_elementary.hpp:62:40: note: expanded from macro '__SYCL2020_DEPRECATED'
   62 | #define __SYCL2020_DEPRECATED(message) __SYCL_DEPRECATED(message)
      |                                        ^
/home/ga27mex2/sycl_workspace/llvm/build/bin/../include/sycl/detail/defines_elementary.hpp:53:38: note: expanded from macro '__SYCL_DEPRECATED'
   53 | #define __SYCL_DEPRECATED(message) [[deprecated(message)]]
      |                                      ^
main.cpp:408:22: warning: 'get_pointer' is deprecated: accessor::get_pointer() is deprecated, please use get_multi_ptr() [-Wdeprecated-declarations]
  408 |              posscol.get_pointer(), posscol2.get_pointer(), color.get_pointer(),
      |                      ^
/home/ga27mex2/sycl_workspace/llvm/build/bin/../include/sycl/accessor.hpp:1779:26: note: 'get_pointer' has been explicitly marked deprecated here
 1779 |   global_ptr<value_type> get_pointer() const noexcept {
      |                          ^
main.cpp:408:22: warning: 'get_pointer<sycl::access::target::global_buffer, void>' is deprecated: accessor::get_pointer() is deprecated, please use get_multi_ptr() [-Wdeprecated-declarations]
  408 |              posscol.get_pointer(), posscol2.get_pointer(), color.get_pointer(),
      |                      ^
/home/ga27mex2/sycl_workspace/llvm/build/bin/../include/sycl/accessor.hpp:1777:3: note: 'get_pointer<sycl::access::target::global_buffer, void>' has been explicitly marked deprecated here
 1777 |   __SYCL2020_DEPRECATED(
      |   ^
/home/ga27mex2/sycl_workspace/llvm/build/bin/../include/sycl/detail/defines_elementary.hpp:62:40: note: expanded from macro '__SYCL2020_DEPRECATED'
   62 | #define __SYCL2020_DEPRECATED(message) __SYCL_DEPRECATED(message)
      |                                        ^
/home/ga27mex2/sycl_workspace/llvm/build/bin/../include/sycl/detail/defines_elementary.hpp:53:38: note: expanded from macro '__SYCL_DEPRECATED'
   53 | #define __SYCL_DEPRECATED(message) [[deprecated(message)]]
      |                                      ^
main.cpp:408:46: warning: 'get_pointer' is deprecated: accessor::get_pointer() is deprecated, please use get_multi_ptr() [-Wdeprecated-declarations]
  408 |              posscol.get_pointer(), posscol2.get_pointer(), color.get_pointer(),
      |                                              ^
/home/ga27mex2/sycl_workspace/llvm/build/bin/../include/sycl/accessor.hpp:1779:26: note: 'get_pointer' has been explicitly marked deprecated here
 1779 |   global_ptr<value_type> get_pointer() const noexcept {
      |                          ^
main.cpp:408:46: warning: 'get_pointer<sycl::access::target::global_buffer, void>' is deprecated: accessor::get_pointer() is deprecated, please use get_multi_ptr() [-Wdeprecated-declarations]
  408 |              posscol.get_pointer(), posscol2.get_pointer(), color.get_pointer(),
      |                                              ^
/home/ga27mex2/sycl_workspace/llvm/build/bin/../include/sycl/accessor.hpp:1777:3: note: 'get_pointer<sycl::access::target::global_buffer, void>' has been explicitly marked deprecated here
 1777 |   __SYCL2020_DEPRECATED(
      |   ^
/home/ga27mex2/sycl_workspace/llvm/build/bin/../include/sycl/detail/defines_elementary.hpp:62:40: note: expanded from macro '__SYCL2020_DEPRECATED'
   62 | #define __SYCL2020_DEPRECATED(message) __SYCL_DEPRECATED(message)
      |                                        ^
/home/ga27mex2/sycl_workspace/llvm/build/bin/../include/sycl/detail/defines_elementary.hpp:53:38: note: expanded from macro '__SYCL_DEPRECATED'
   53 | #define __SYCL_DEPRECATED(message) [[deprecated(message)]]
      |                                      ^
main.cpp:408:67: warning: 'get_pointer' is deprecated: accessor::get_pointer() is deprecated, please use get_multi_ptr() [-Wdeprecated-declarations]
  408 |              posscol.get_pointer(), posscol2.get_pointer(), color.get_pointer(),
      |                                                                   ^
/home/ga27mex2/sycl_workspace/llvm/build/bin/../include/sycl/accessor.hpp:1779:26: note: 'get_pointer' has been explicitly marked deprecated here
 1779 |   global_ptr<value_type> get_pointer() const noexcept {
      |                          ^
main.cpp:408:67: warning: 'get_pointer<sycl::access::target::global_buffer, void>' is deprecated: accessor::get_pointer() is deprecated, please use get_multi_ptr() [-Wdeprecated-declarations]
  408 |              posscol.get_pointer(), posscol2.get_pointer(), color.get_pointer(),
      |                                                                   ^
/home/ga27mex2/sycl_workspace/llvm/build/bin/../include/sycl/accessor.hpp:1777:3: note: 'get_pointer<sycl::access::target::global_buffer, void>' has been explicitly marked deprecated here
 1777 |   __SYCL2020_DEPRECATED(
      |   ^
/home/ga27mex2/sycl_workspace/llvm/build/bin/../include/sycl/detail/defines_elementary.hpp:62:40: note: expanded from macro '__SYCL2020_DEPRECATED'
   62 | #define __SYCL2020_DEPRECATED(message) __SYCL_DEPRECATED(message)
      |                                        ^
/home/ga27mex2/sycl_workspace/llvm/build/bin/../include/sycl/detail/defines_elementary.hpp:53:38: note: expanded from macro '__SYCL_DEPRECATED'
   53 | #define __SYCL_DEPRECATED(message) [[deprecated(message)]]
      |                                      ^
main.cpp:409:17: warning: 'get_pointer' is deprecated: accessor::get_pointer() is deprecated, please use get_multi_ptr() [-Wdeprecated-declarations]
  409 |              wl.get_pointer(), wlsize.get_pointer(), item
      |                 ^
/home/ga27mex2/sycl_workspace/llvm/build/bin/../include/sycl/accessor.hpp:1779:26: note: 'get_pointer' has been explicitly marked deprecated here
 1779 |   global_ptr<value_type> get_pointer() const noexcept {
      |                          ^
main.cpp:409:17: warning: 'get_pointer<sycl::access::target::global_buffer, void>' is deprecated: accessor::get_pointer() is deprecated, please use get_multi_ptr() [-Wdeprecated-declarations]
  409 |              wl.get_pointer(), wlsize.get_pointer(), item
      |                 ^
/home/ga27mex2/sycl_workspace/llvm/build/bin/../include/sycl/accessor.hpp:1777:3: note: 'get_pointer<sycl::access::target::global_buffer, void>' has been explicitly marked deprecated here
 1777 |   __SYCL2020_DEPRECATED(
      |   ^
/home/ga27mex2/sycl_workspace/llvm/build/bin/../include/sycl/detail/defines_elementary.hpp:62:40: note: expanded from macro '__SYCL2020_DEPRECATED'
   62 | #define __SYCL2020_DEPRECATED(message) __SYCL_DEPRECATED(message)
      |                                        ^
/home/ga27mex2/sycl_workspace/llvm/build/bin/../include/sycl/detail/defines_elementary.hpp:53:38: note: expanded from macro '__SYCL_DEPRECATED'
   53 | #define __SYCL_DEPRECATED(message) [[deprecated(message)]]
      |                                      ^
main.cpp:409:39: warning: 'get_pointer' is deprecated: accessor::get_pointer() is deprecated, please use get_multi_ptr() [-Wdeprecated-declarations]
  409 |              wl.get_pointer(), wlsize.get_pointer(), item
      |                                       ^
/home/ga27mex2/sycl_workspace/llvm/build/bin/../include/sycl/accessor.hpp:1779:26: note: 'get_pointer' has been explicitly marked deprecated here
 1779 |   global_ptr<value_type> get_pointer() const noexcept {
      |                          ^
main.cpp:409:39: warning: 'get_pointer<sycl::access::target::global_buffer, void>' is deprecated: accessor::get_pointer() is deprecated, please use get_multi_ptr() [-Wdeprecated-declarations]
  409 |              wl.get_pointer(), wlsize.get_pointer(), item
      |                                       ^
/home/ga27mex2/sycl_workspace/llvm/build/bin/../include/sycl/accessor.hpp:1777:3: note: 'get_pointer<sycl::access::target::global_buffer, void>' has been explicitly marked deprecated here
 1777 |   __SYCL2020_DEPRECATED(
      |   ^
/home/ga27mex2/sycl_workspace/llvm/build/bin/../include/sycl/detail/defines_elementary.hpp:62:40: note: expanded from macro '__SYCL2020_DEPRECATED'
   62 | #define __SYCL2020_DEPRECATED(message) __SYCL_DEPRECATED(message)
      |                                        ^
/home/ga27mex2/sycl_workspace/llvm/build/bin/../include/sycl/detail/defines_elementary.hpp:53:38: note: expanded from macro '__SYCL_DEPRECATED'
   53 | #define __SYCL_DEPRECATED(message) [[deprecated(message)]]
      |                                      ^
main.cpp:426:33: warning: attribute 'intel::reqd_sub_group_size' is deprecated [-Wdeprecated-attributes]
  426 |         [=] (nd_item<1> item) [[intel::reqd_sub_group_size(32)]] {
      |                                 ^
main.cpp:426:33: note: did you mean to use 'sycl::reqd_sub_group_size' instead?
  426 |         [=] (nd_item<1> item) [[intel::reqd_sub_group_size(32)]] {
      |                                 ^~~~~~~~~~~~~~~~~~~~~~~~~~~~~~
      |                                 sycl::reqd_sub_group_size
main.cpp:427:30: warning: 'get_pointer' is deprecated: accessor::get_pointer() is deprecated, please use get_multi_ptr() [-Wdeprecated-declarations]
  427 |         runLarge(nodes, nidx.get_pointer(), nlist2.get_pointer(),
      |                              ^
/home/ga27mex2/sycl_workspace/llvm/build/bin/../include/sycl/accessor.hpp:1779:26: note: 'get_pointer' has been explicitly marked deprecated here
 1779 |   global_ptr<value_type> get_pointer() const noexcept {
      |                          ^
main.cpp:427:30: warning: 'get_pointer<sycl::access::target::global_buffer, void>' is deprecated: accessor::get_pointer() is deprecated, please use get_multi_ptr() [-Wdeprecated-declarations]
  427 |         runLarge(nodes, nidx.get_pointer(), nlist2.get_pointer(),
      |                              ^
/home/ga27mex2/sycl_workspace/llvm/build/bin/../include/sycl/accessor.hpp:1777:3: note: 'get_pointer<sycl::access::target::global_buffer, void>' has been explicitly marked deprecated here
 1777 |   __SYCL2020_DEPRECATED(
      |   ^
/home/ga27mex2/sycl_workspace/llvm/build/bin/../include/sycl/detail/defines_elementary.hpp:62:40: note: expanded from macro '__SYCL2020_DEPRECATED'
   62 | #define __SYCL2020_DEPRECATED(message) __SYCL_DEPRECATED(message)
      |                                        ^
/home/ga27mex2/sycl_workspace/llvm/build/bin/../include/sycl/detail/defines_elementary.hpp:53:38: note: expanded from macro '__SYCL_DEPRECATED'
   53 | #define __SYCL_DEPRECATED(message) [[deprecated(message)]]
      |                                      ^
main.cpp:427:52: warning: 'get_pointer' is deprecated: accessor::get_pointer() is deprecated, please use get_multi_ptr() [-Wdeprecated-declarations]
  427 |         runLarge(nodes, nidx.get_pointer(), nlist2.get_pointer(),
      |                                                    ^
/home/ga27mex2/sycl_workspace/llvm/build/bin/../include/sycl/accessor.hpp:1779:26: note: 'get_pointer' has been explicitly marked deprecated here
 1779 |   global_ptr<value_type> get_pointer() const noexcept {
      |                          ^
main.cpp:427:52: warning: 'get_pointer<sycl::access::target::global_buffer, void>' is deprecated: accessor::get_pointer() is deprecated, please use get_multi_ptr() [-Wdeprecated-declarations]
  427 |         runLarge(nodes, nidx.get_pointer(), nlist2.get_pointer(),
      |                                                    ^
/home/ga27mex2/sycl_workspace/llvm/build/bin/../include/sycl/accessor.hpp:1777:3: note: 'get_pointer<sycl::access::target::global_buffer, void>' has been explicitly marked deprecated here
 1777 |   __SYCL2020_DEPRECATED(
      |   ^
/home/ga27mex2/sycl_workspace/llvm/build/bin/../include/sycl/detail/defines_elementary.hpp:62:40: note: expanded from macro '__SYCL2020_DEPRECATED'
   62 | #define __SYCL2020_DEPRECATED(message) __SYCL_DEPRECATED(message)
      |                                        ^
/home/ga27mex2/sycl_workspace/llvm/build/bin/../include/sycl/detail/defines_elementary.hpp:53:38: note: expanded from macro '__SYCL_DEPRECATED'
   53 | #define __SYCL_DEPRECATED(message) [[deprecated(message)]]
      |                                      ^
main.cpp:428:26: warning: 'get_pointer' is deprecated: accessor::get_pointer() is deprecated, please use get_multi_ptr() [-Wdeprecated-declarations]
  428 |                  posscol.get_pointer(), posscol2.get_pointer(), color.get_pointer(),
      |                          ^
/home/ga27mex2/sycl_workspace/llvm/build/bin/../include/sycl/accessor.hpp:1779:26: note: 'get_pointer' has been explicitly marked deprecated here
 1779 |   global_ptr<value_type> get_pointer() const noexcept {
      |                          ^
main.cpp:428:26: warning: 'get_pointer<sycl::access::target::global_buffer, void>' is deprecated: accessor::get_pointer() is deprecated, please use get_multi_ptr() [-Wdeprecated-declarations]
  428 |                  posscol.get_pointer(), posscol2.get_pointer(), color.get_pointer(),
      |                          ^
/home/ga27mex2/sycl_workspace/llvm/build/bin/../include/sycl/accessor.hpp:1777:3: note: 'get_pointer<sycl::access::target::global_buffer, void>' has been explicitly marked deprecated here
 1777 |   __SYCL2020_DEPRECATED(
      |   ^
/home/ga27mex2/sycl_workspace/llvm/build/bin/../include/sycl/detail/defines_elementary.hpp:62:40: note: expanded from macro '__SYCL2020_DEPRECATED'
   62 | #define __SYCL2020_DEPRECATED(message) __SYCL_DEPRECATED(message)
      |                                        ^
/home/ga27mex2/sycl_workspace/llvm/build/bin/../include/sycl/detail/defines_elementary.hpp:53:38: note: expanded from macro '__SYCL_DEPRECATED'
   53 | #define __SYCL_DEPRECATED(message) [[deprecated(message)]]
      |                                      ^
main.cpp:428:50: warning: 'get_pointer' is deprecated: accessor::get_pointer() is deprecated, please use get_multi_ptr() [-Wdeprecated-declarations]
  428 |                  posscol.get_pointer(), posscol2.get_pointer(), color.get_pointer(),
      |                                                  ^
/home/ga27mex2/sycl_workspace/llvm/build/bin/../include/sycl/accessor.hpp:1779:26: note: 'get_pointer' has been explicitly marked deprecated here
 1779 |   global_ptr<value_type> get_pointer() const noexcept {
      |                          ^
main.cpp:428:50: warning: 'get_pointer<sycl::access::target::global_buffer, void>' is deprecated: accessor::get_pointer() is deprecated, please use get_multi_ptr() [-Wdeprecated-declarations]
  428 |                  posscol.get_pointer(), posscol2.get_pointer(), color.get_pointer(),
      |                                                  ^
/home/ga27mex2/sycl_workspace/llvm/build/bin/../include/sycl/accessor.hpp:1777:3: note: 'get_pointer<sycl::access::target::global_buffer, void>' has been explicitly marked deprecated here
 1777 |   __SYCL2020_DEPRECATED(
      |   ^
/home/ga27mex2/sycl_workspace/llvm/build/bin/../include/sycl/detail/defines_elementary.hpp:62:40: note: expanded from macro '__SYCL2020_DEPRECATED'
   62 | #define __SYCL2020_DEPRECATED(message) __SYCL_DEPRECATED(message)
      |                                        ^
/home/ga27mex2/sycl_workspace/llvm/build/bin/../include/sycl/detail/defines_elementary.hpp:53:38: note: expanded from macro '__SYCL_DEPRECATED'
   53 | #define __SYCL_DEPRECATED(message) [[deprecated(message)]]
      |                                      ^
main.cpp:428:71: warning: 'get_pointer' is deprecated: accessor::get_pointer() is deprecated, please use get_multi_ptr() [-Wdeprecated-declarations]
  428 |                  posscol.get_pointer(), posscol2.get_pointer(), color.get_pointer(),
      |                                                                       ^
/home/ga27mex2/sycl_workspace/llvm/build/bin/../include/sycl/accessor.hpp:1779:26: note: 'get_pointer' has been explicitly marked deprecated here
 1779 |   global_ptr<value_type> get_pointer() const noexcept {
      |                          ^
main.cpp:428:71: warning: 'get_pointer<sycl::access::target::global_buffer, void>' is deprecated: accessor::get_pointer() is deprecated, please use get_multi_ptr() [-Wdeprecated-declarations]
  428 |                  posscol.get_pointer(), posscol2.get_pointer(), color.get_pointer(),
      |                                                                       ^
/home/ga27mex2/sycl_workspace/llvm/build/bin/../include/sycl/accessor.hpp:1777:3: note: 'get_pointer<sycl::access::target::global_buffer, void>' has been explicitly marked deprecated here
 1777 |   __SYCL2020_DEPRECATED(
      |   ^
/home/ga27mex2/sycl_workspace/llvm/build/bin/../include/sycl/detail/defines_elementary.hpp:62:40: note: expanded from macro '__SYCL2020_DEPRECATED'
   62 | #define __SYCL2020_DEPRECATED(message) __SYCL_DEPRECATED(message)
      |                                        ^
/home/ga27mex2/sycl_workspace/llvm/build/bin/../include/sycl/detail/defines_elementary.hpp:53:38: note: expanded from macro '__SYCL_DEPRECATED'
   53 | #define __SYCL_DEPRECATED(message) [[deprecated(message)]]
      |                                      ^
main.cpp:429:21: warning: 'get_pointer' is deprecated: accessor::get_pointer() is deprecated, please use get_multi_ptr() [-Wdeprecated-declarations]
  429 |                  wl.get_pointer(), wlsize.get_pointer(), item);
      |                     ^
/home/ga27mex2/sycl_workspace/llvm/build/bin/../include/sycl/accessor.hpp:1779:26: note: 'get_pointer' has been explicitly marked deprecated here
 1779 |   global_ptr<value_type> get_pointer() const noexcept {
      |                          ^
main.cpp:429:21: warning: 'get_pointer<sycl::access::target::global_buffer, void>' is deprecated: accessor::get_pointer() is deprecated, please use get_multi_ptr() [-Wdeprecated-declarations]
  429 |                  wl.get_pointer(), wlsize.get_pointer(), item);
      |                     ^
/home/ga27mex2/sycl_workspace/llvm/build/bin/../include/sycl/accessor.hpp:1777:3: note: 'get_pointer<sycl::access::target::global_buffer, void>' has been explicitly marked deprecated here
 1777 |   __SYCL2020_DEPRECATED(
      |   ^
/home/ga27mex2/sycl_workspace/llvm/build/bin/../include/sycl/detail/defines_elementary.hpp:62:40: note: expanded from macro '__SYCL2020_DEPRECATED'
   62 | #define __SYCL2020_DEPRECATED(message) __SYCL_DEPRECATED(message)
      |                                        ^
/home/ga27mex2/sycl_workspace/llvm/build/bin/../include/sycl/detail/defines_elementary.hpp:53:38: note: expanded from macro '__SYCL_DEPRECATED'
   53 | #define __SYCL_DEPRECATED(message) [[deprecated(message)]]
      |                                      ^
main.cpp:429:43: warning: 'get_pointer' is deprecated: accessor::get_pointer() is deprecated, please use get_multi_ptr() [-Wdeprecated-declarations]
  429 |                  wl.get_pointer(), wlsize.get_pointer(), item);
      |                                           ^
/home/ga27mex2/sycl_workspace/llvm/build/bin/../include/sycl/accessor.hpp:1779:26: note: 'get_pointer' has been explicitly marked deprecated here
 1779 |   global_ptr<value_type> get_pointer() const noexcept {
      |                          ^
main.cpp:429:43: warning: 'get_pointer<sycl::access::target::global_buffer, void>' is deprecated: accessor::get_pointer() is deprecated, please use get_multi_ptr() [-Wdeprecated-declarations]
  429 |                  wl.get_pointer(), wlsize.get_pointer(), item);
      |                                           ^
/home/ga27mex2/sycl_workspace/llvm/build/bin/../include/sycl/accessor.hpp:1777:3: note: 'get_pointer<sycl::access::target::global_buffer, void>' has been explicitly marked deprecated here
 1777 |   __SYCL2020_DEPRECATED(
      |   ^
/home/ga27mex2/sycl_workspace/llvm/build/bin/../include/sycl/detail/defines_elementary.hpp:62:40: note: expanded from macro '__SYCL2020_DEPRECATED'
   62 | #define __SYCL2020_DEPRECATED(message) __SYCL_DEPRECATED(message)
      |                                        ^
/home/ga27mex2/sycl_workspace/llvm/build/bin/../include/sycl/detail/defines_elementary.hpp:53:38: note: expanded from macro '__SYCL_DEPRECATED'
   53 | #define __SYCL_DEPRECATED(message) [[deprecated(message)]]
      |                                      ^
main.cpp:439:33: warning: attribute 'intel::reqd_sub_group_size' is deprecated [-Wdeprecated-attributes]
  439 |         [=] (nd_item<1> item) [[intel::reqd_sub_group_size(32)]] {
      |                                 ^
main.cpp:439:33: note: did you mean to use 'sycl::reqd_sub_group_size' instead?
  439 |         [=] (nd_item<1> item) [[intel::reqd_sub_group_size(32)]] {
      |                                 ^~~~~~~~~~~~~~~~~~~~~~~~~~~~~~
      |                                 sycl::reqd_sub_group_size
main.cpp:440:30: warning: 'get_pointer' is deprecated: accessor::get_pointer() is deprecated, please use get_multi_ptr() [-Wdeprecated-declarations]
  440 |         runSmall(nodes, nidx.get_pointer(), nlist.get_pointer(), 
      |                              ^
/home/ga27mex2/sycl_workspace/llvm/build/bin/../include/sycl/accessor.hpp:1779:26: note: 'get_pointer' has been explicitly marked deprecated here
 1779 |   global_ptr<value_type> get_pointer() const noexcept {
      |                          ^
main.cpp:440:30: warning: 'get_pointer<sycl::access::target::global_buffer, void>' is deprecated: accessor::get_pointer() is deprecated, please use get_multi_ptr() [-Wdeprecated-declarations]
  440 |         runSmall(nodes, nidx.get_pointer(), nlist.get_pointer(), 
      |                              ^
/home/ga27mex2/sycl_workspace/llvm/build/bin/../include/sycl/accessor.hpp:1777:3: note: 'get_pointer<sycl::access::target::global_buffer, void>' has been explicitly marked deprecated here
 1777 |   __SYCL2020_DEPRECATED(
      |   ^
/home/ga27mex2/sycl_workspace/llvm/build/bin/../include/sycl/detail/defines_elementary.hpp:62:40: note: expanded from macro '__SYCL2020_DEPRECATED'
   62 | #define __SYCL2020_DEPRECATED(message) __SYCL_DEPRECATED(message)
      |                                        ^
/home/ga27mex2/sycl_workspace/llvm/build/bin/../include/sycl/detail/defines_elementary.hpp:53:38: note: expanded from macro '__SYCL_DEPRECATED'
   53 | #define __SYCL_DEPRECATED(message) [[deprecated(message)]]
      |                                      ^
main.cpp:440:51: warning: 'get_pointer' is deprecated: accessor::get_pointer() is deprecated, please use get_multi_ptr() [-Wdeprecated-declarations]
  440 |         runSmall(nodes, nidx.get_pointer(), nlist.get_pointer(), 
      |                                                   ^
/home/ga27mex2/sycl_workspace/llvm/build/bin/../include/sycl/accessor.hpp:1779:26: note: 'get_pointer' has been explicitly marked deprecated here
 1779 |   global_ptr<value_type> get_pointer() const noexcept {
      |                          ^
main.cpp:440:51: warning: 'get_pointer<sycl::access::target::global_buffer, void>' is deprecated: accessor::get_pointer() is deprecated, please use get_multi_ptr() [-Wdeprecated-declarations]
  440 |         runSmall(nodes, nidx.get_pointer(), nlist.get_pointer(), 
      |                                                   ^
/home/ga27mex2/sycl_workspace/llvm/build/bin/../include/sycl/accessor.hpp:1777:3: note: 'get_pointer<sycl::access::target::global_buffer, void>' has been explicitly marked deprecated here
 1777 |   __SYCL2020_DEPRECATED(
      |   ^
/home/ga27mex2/sycl_workspace/llvm/build/bin/../include/sycl/detail/defines_elementary.hpp:62:40: note: expanded from macro '__SYCL2020_DEPRECATED'
   62 | #define __SYCL2020_DEPRECATED(message) __SYCL_DEPRECATED(message)
      |                                        ^
/home/ga27mex2/sycl_workspace/llvm/build/bin/../include/sycl/detail/defines_elementary.hpp:53:38: note: expanded from macro '__SYCL_DEPRECATED'
   53 | #define __SYCL_DEPRECATED(message) [[deprecated(message)]]
      |                                      ^
main.cpp:441:26: warning: 'get_pointer' is deprecated: accessor::get_pointer() is deprecated, please use get_multi_ptr() [-Wdeprecated-declarations]
  441 |                  posscol.get_pointer(), color.get_pointer(), item);
      |                          ^
/home/ga27mex2/sycl_workspace/llvm/build/bin/../include/sycl/accessor.hpp:1779:26: note: 'get_pointer' has been explicitly marked deprecated here
 1779 |   global_ptr<value_type> get_pointer() const noexcept {
      |                          ^
main.cpp:441:26: warning: 'get_pointer<sycl::access::target::global_buffer, void>' is deprecated: accessor::get_pointer() is deprecated, please use get_multi_ptr() [-Wdeprecated-declarations]
  441 |                  posscol.get_pointer(), color.get_pointer(), item);
      |                          ^
/home/ga27mex2/sycl_workspace/llvm/build/bin/../include/sycl/accessor.hpp:1777:3: note: 'get_pointer<sycl::access::target::global_buffer, void>' has been explicitly marked deprecated here
 1777 |   __SYCL2020_DEPRECATED(
      |   ^
/home/ga27mex2/sycl_workspace/llvm/build/bin/../include/sycl/detail/defines_elementary.hpp:62:40: note: expanded from macro '__SYCL2020_DEPRECATED'
   62 | #define __SYCL2020_DEPRECATED(message) __SYCL_DEPRECATED(message)
      |                                        ^
/home/ga27mex2/sycl_workspace/llvm/build/bin/../include/sycl/detail/defines_elementary.hpp:53:38: note: expanded from macro '__SYCL_DEPRECATED'
   53 | #define __SYCL_DEPRECATED(message) [[deprecated(message)]]
      |                                      ^
main.cpp:441:47: warning: 'get_pointer' is deprecated: accessor::get_pointer() is deprecated, please use get_multi_ptr() [-Wdeprecated-declarations]
  441 |                  posscol.get_pointer(), color.get_pointer(), item);
      |                                               ^
/home/ga27mex2/sycl_workspace/llvm/build/bin/../include/sycl/accessor.hpp:1779:26: note: 'get_pointer' has been explicitly marked deprecated here
 1779 |   global_ptr<value_type> get_pointer() const noexcept {
      |                          ^
main.cpp:441:47: warning: 'get_pointer<sycl::access::target::global_buffer, void>' is deprecated: accessor::get_pointer() is deprecated, please use get_multi_ptr() [-Wdeprecated-declarations]
  441 |                  posscol.get_pointer(), color.get_pointer(), item);
      |                                               ^
/home/ga27mex2/sycl_workspace/llvm/build/bin/../include/sycl/accessor.hpp:1777:3: note: 'get_pointer<sycl::access::target::global_buffer, void>' has been explicitly marked deprecated here
 1777 |   __SYCL2020_DEPRECATED(
      |   ^
/home/ga27mex2/sycl_workspace/llvm/build/bin/../include/sycl/detail/defines_elementary.hpp:62:40: note: expanded from macro '__SYCL2020_DEPRECATED'
   62 | #define __SYCL2020_DEPRECATED(message) __SYCL_DEPRECATED(message)
      |                                        ^
/home/ga27mex2/sycl_workspace/llvm/build/bin/../include/sycl/detail/defines_elementary.hpp:53:38: note: expanded from macro '__SYCL_DEPRECATED'
   53 | #define __SYCL_DEPRECATED(message) [[deprecated(message)]]
      |                                      ^
49 warnings generated.
~/sycl_workspace/llvm/build/bin/clang++ -fsycl --gcc-toolchain=/home/ga27mex2/spack_rome2/spack/opt/spack/linux-sle_hpc15-zen2/gcc-14.2.0/gcc-14.2.0-5o6uafvyeefoza5cmnze5vcuwbdhzj6o/ -fsycl-targets=amdgcn-amd-amdhsa -Xsycl-target-backend --offload-arch=gfx908 -I/home/ga27mex2/sycl_workspace/llvm/build/lib/libsycl.so.8 -I../include -I../mis-cuda -I../include -I../mis-cuda -DUSE_GPU -DUSE_GPU -O3 -O3 main.o -o sycl 
