nvcc  -std=c++14 -Xcompiler -Wall -arch=sm_70 -O3 -c main.cu -o main.o
nvcc  -std=c++14 -Xcompiler -Wall -arch=sm_70 -O3 -c galois.cu -o galois.o
nvcc  -std=c++14 -Xcompiler -Wall -arch=sm_70 -O3 -c jerasure.cu -o jerasure.o
jerasure.cu: In function ‘int** jerasure_smart_bitmatrix_to_schedule(int, int, int, int*)’:
jerasure.cu:1282:15: warning: ‘bestrow’ may be used uninitialized in this function [-Wmaybe-uninitialized]
     if (blink[row] == -1) {
               ^
nvcc  -std=c++14 -Xcompiler -Wall -arch=sm_70 -O3 -c GCRSMatrix.cu -o GCRSMatrix.o
GCRSMatrix.cu: In function ‘unsigned int* gcrs_create_column_coding_bitmatrix(int, int, int, int*)’:
GCRSMatrix.cu:108:18: warning: comparison of integer expressions of different signedness: ‘int’ and ‘long unsigned int’ [-Wsign-compare]
         if ((bitIdx + w) > sizeof(int) * 8) {
         ~~~~~~~~~^~~~~~~~~~~~~~~~~~~~~
GCRSMatrix.cu:114:12: warning: comparison of integer expressions of different signedness: ‘int’ and ‘long unsigned int’ [-Wsign-compare]
       if (bitIdx >= sizeof(int) * 8) {
       ~~~~~^~~~~~~~~~~~~~~~~~~~~~
GCRSMatrix.cu: In function ‘void gcrs_print_column_encoded_bitmatrix(unsigned int*, int, int, int)’:
GCRSMatrix.cu:443:13: warning: comparison of integer expressions of different signedness: ‘int’ and ‘long unsigned int’ [-Wsign-compare]
     if (m*w > sizeof(int)*8) {
     ~~~~~~~~^~~~~~~~~~~~~~~~~~   
nvcc  -std=c++14 -Xcompiler -Wall -arch=sm_70 -O3 -c utils.cu -o utils.o
nvcc  -std=c++14 -Xcompiler -Wall -arch=sm_70 -O3 main.o galois.o jerasure.o GCRSMatrix.o utils.o -o cuda 
