~/repos/llvm/build/bin/clang++ -std=c++17 -Wall -fsycl --gcc-toolchain=/home/ga27mex2/spack_thx2/spack/opt/spack/linux-centos8-thunderx2/gcc-14.1.0/gcc-14.1.0-kl6fnbyj4mhv4v5emwvqi6nmxb4kvjae -fsycl-targets=nvptx64-nvidia-cuda -Xsycl-target-backend --cuda-gpu-arch=sm_70 -DUSE_GPU -DUSE_GPU -DUSE_GPU -O3 -O3 -O3 -c gaussianElim.cpp -o gaussianElim.o
gaussianElim.cpp:20:13: warning: variable length arrays in C++ are a Clang extension [-Wvla-cxx-extension]
   20 |   float coe[2*size-1];
      |             ^~~~~~~~
gaussianElim.cpp:20:15: note: function parameter 'size' with unknown value cannot be used in a constant expression
   20 |   float coe[2*size-1];
      |               ^
gaussianElim.cpp:17:32: note: declared here
   17 | void init_matrix(float *m, int size){
      |                                ^
1 warning generated.
gaussianElim.cpp:20:13: warning: variable length arrays in C++ are a Clang extension [-Wvla-cxx-extension]
   20 |   float coe[2*size-1];
      |             ^~~~~~~~
gaussianElim.cpp:20:15: note: function parameter 'size' with unknown value cannot be used in a constant expression
   20 |   float coe[2*size-1];
      |               ^
gaussianElim.cpp:17:32: note: declared here
   17 | void init_matrix(float *m, int size){
      |                                ^
1 warning generated.
~/repos/llvm/build/bin/clang++ -std=c++17 -Wall -fsycl --gcc-toolchain=/home/ga27mex2/spack_thx2/spack/opt/spack/linux-centos8-thunderx2/gcc-14.1.0/gcc-14.1.0-kl6fnbyj4mhv4v5emwvqi6nmxb4kvjae -fsycl-targets=nvptx64-nvidia-cuda -Xsycl-target-backend --cuda-gpu-arch=sm_70 -DUSE_GPU -DUSE_GPU -DUSE_GPU -O3 -O3 -O3 -c utils.cpp -o utils.o
~/repos/llvm/build/bin/clang++ -std=c++17 -Wall -fsycl --gcc-toolchain=/home/ga27mex2/spack_thx2/spack/opt/spack/linux-centos8-thunderx2/gcc-14.1.0/gcc-14.1.0-kl6fnbyj4mhv4v5emwvqi6nmxb4kvjae -fsycl-targets=nvptx64-nvidia-cuda -Xsycl-target-backend --cuda-gpu-arch=sm_70 -DUSE_GPU -DUSE_GPU -DUSE_GPU -O3 -O3 -O3 gaussianElim.o utils.o -o sycl 
