~/sycl_workspace/llvm/build/bin/clang++ -fsycl --gcc-toolchain=/home/ga27mex2/spack_rome2/spack/opt/spack/linux-sle_hpc15-zen2/gcc-14.2.0/gcc-14.2.0-5o6uafvyeefoza5cmnze5vcuwbdhzj6o/ -fsycl-targets=amdgcn-amd-amdhsa -Xsycl-target-backend --offload-arch=gfx908 -I/home/ga27mex2/sycl_workspace/llvm/build/lib/libsycl.so.8 -DUSE_GPU -O3 -c main.cpp -o main.o
~/sycl_workspace/llvm/build/bin/clang++ -fsycl --gcc-toolchain=/home/ga27mex2/spack_rome2/spack/opt/spack/linux-sle_hpc15-zen2/gcc-14.2.0/gcc-14.2.0-5o6uafvyeefoza5cmnze5vcuwbdhzj6o/ -fsycl-targets=amdgcn-amd-amdhsa -Xsycl-target-backend --offload-arch=gfx908 -I/home/ga27mex2/sycl_workspace/llvm/build/lib/libsycl.so.8 -DUSE_GPU -O3 -c lanczos.cpp -o lanczos.o
lanczos.cpp:160:18: warning: variable length arrays in C++ are a Clang extension [-Wvla-cxx-extension]
  160 |   T host_scratch[blocks];
      |                  ^~~~~~
lanczos.cpp:160:18: note: initializer of 'blocks' is not a constant expression
lanczos.cpp:128:13: note: declared here
  128 |   const int blocks = (n + THREADS_PER_BLOCK - 1) / THREADS_PER_BLOCK;
      |             ^
lanczos.cpp:160:18: warning: variable length arrays in C++ are a Clang extension [-Wvla-cxx-extension]
  160 |   T host_scratch[blocks];
      |                  ^~~~~~
lanczos.cpp:230:17: note: in instantiation of function template specialization 'device_dot_product<float>' requested here
  230 |     T product = device_dot_product(q, rows, x, y, scratch);
      |                 ^
lanczos.cpp:281:36: note: in instantiation of function template specialization 'gpu_lanczos<float>' requested here
  281 |   symm_tridiag_matrix<T> tridiag = gpu_lanczos(q, matrix, v, steps);
      |                                    ^
lanczos.cpp:160:18: note: initializer of 'blocks' is not a constant expression
  160 |   T host_scratch[blocks];
      |                  ^
lanczos.cpp:128:13: note: declared here
  128 |   const int blocks = (n + THREADS_PER_BLOCK - 1) / THREADS_PER_BLOCK;
      |             ^
lanczos.cpp:160:18: warning: variable length arrays in C++ are a Clang extension [-Wvla-cxx-extension]
  160 |   T host_scratch[blocks];
      |                  ^~~~~~
lanczos.cpp:230:17: note: in instantiation of function template specialization 'device_dot_product<double>' requested here
  230 |     T product = device_dot_product(q, rows, x, y, scratch);
      |                 ^
lanczos.cpp:281:36: note: in instantiation of function template specialization 'gpu_lanczos<double>' requested here
  281 |   symm_tridiag_matrix<T> tridiag = gpu_lanczos(q, matrix, v, steps);
      |                                    ^
lanczos.cpp:160:18: note: initializer of 'blocks' is not a constant expression
  160 |   T host_scratch[blocks];
      |                  ^
lanczos.cpp:128:13: note: declared here
  128 |   const int blocks = (n + THREADS_PER_BLOCK - 1) / THREADS_PER_BLOCK;
      |             ^
3 warnings generated.
lanczos.cpp:160:18: warning: variable length arrays in C++ are a Clang extension [-Wvla-cxx-extension]
  160 |   T host_scratch[blocks];
      |                  ^~~~~~
lanczos.cpp:160:18: note: initializer of 'blocks' is not a constant expression
lanczos.cpp:128:13: note: declared here
  128 |   const int blocks = (n + THREADS_PER_BLOCK - 1) / THREADS_PER_BLOCK;
      |             ^
lanczos.cpp:160:18: warning: variable length arrays in C++ are a Clang extension [-Wvla-cxx-extension]
  160 |   T host_scratch[blocks];
      |                  ^~~~~~
lanczos.cpp:230:17: note: in instantiation of function template specialization 'device_dot_product<float>' requested here
  230 |     T product = device_dot_product(q, rows, x, y, scratch);
      |                 ^
lanczos.cpp:281:36: note: in instantiation of function template specialization 'gpu_lanczos<float>' requested here
  281 |   symm_tridiag_matrix<T> tridiag = gpu_lanczos(q, matrix, v, steps);
      |                                    ^
lanczos.cpp:160:18: note: initializer of 'blocks' is not a constant expression
  160 |   T host_scratch[blocks];
      |                  ^
lanczos.cpp:128:13: note: declared here
  128 |   const int blocks = (n + THREADS_PER_BLOCK - 1) / THREADS_PER_BLOCK;
      |             ^
lanczos.cpp:160:18: warning: variable length arrays in C++ are a Clang extension [-Wvla-cxx-extension]
  160 |   T host_scratch[blocks];
      |                  ^~~~~~
lanczos.cpp:230:17: note: in instantiation of function template specialization 'device_dot_product<double>' requested here
  230 |     T product = device_dot_product(q, rows, x, y, scratch);
      |                 ^
lanczos.cpp:281:36: note: in instantiation of function template specialization 'gpu_lanczos<double>' requested here
  281 |   symm_tridiag_matrix<T> tridiag = gpu_lanczos(q, matrix, v, steps);
      |                                    ^
lanczos.cpp:160:18: note: initializer of 'blocks' is not a constant expression
  160 |   T host_scratch[blocks];
      |                  ^
lanczos.cpp:128:13: note: declared here
  128 |   const int blocks = (n + THREADS_PER_BLOCK - 1) / THREADS_PER_BLOCK;
      |             ^
3 warnings generated.
~/sycl_workspace/llvm/build/bin/clang++ -fsycl --gcc-toolchain=/home/ga27mex2/spack_rome2/spack/opt/spack/linux-sle_hpc15-zen2/gcc-14.2.0/gcc-14.2.0-5o6uafvyeefoza5cmnze5vcuwbdhzj6o/ -fsycl-targets=amdgcn-amd-amdhsa -Xsycl-target-backend --offload-arch=gfx908 -I/home/ga27mex2/sycl_workspace/llvm/build/lib/libsycl.so.8 -DUSE_GPU -O3 main.o lanczos.o -o sycl 
