~/repos/llvm/build/bin/clang++ -std=c++17 -Wall -fsycl --gcc-toolchain=/home/ga27mex2/spack_thx2/spack/opt/spack/linux-centos8-thunderx2/gcc-14.1.0/gcc-14.1.0-kl6fnbyj4mhv4v5emwvqi6nmxb4kvjae -fsycl-targets=nvptx64-nvidia-cuda -Xsycl-target-backend --cuda-gpu-arch=sm_70 -I../snake-cuda/ -I../snake-cuda/ -DUSE_GPU -DUSE_GPU -O3 -O3 -c main.cpp -o main.o
In file included from main.cpp:60:
./kernel.h:43:7: warning: variable 'Diagonal' set but not used [-Wunused-but-set-variable]
   43 |   int Diagonal = 0;
      |       ^
In file included from main.cpp:61:
../snake-cuda/reference.h:49:9: warning: variable 'Diagonal' set but not used [-Wunused-but-set-variable]
   49 |     int Diagonal = 0;
      |         ^
main.cpp:78:11: warning: variable 'read' set but not used [-Wunused-but-set-variable]
   78 |   ssize_t read;
      |           ^
3 warnings generated.
In file included from main.cpp:60:
./kernel.h:43:7: warning: variable 'Diagonal' set but not used [-Wunused-but-set-variable]
   43 |   int Diagonal = 0;
      |       ^
In file included from main.cpp:61:
../snake-cuda/reference.h:49:9: warning: variable 'Diagonal' set but not used [-Wunused-but-set-variable]
   49 |     int Diagonal = 0;
      |         ^
main.cpp:78:11: warning: variable 'read' set but not used [-Wunused-but-set-variable]
   78 |   ssize_t read;
      |           ^
3 warnings generated.
~/repos/llvm/build/bin/clang++ -std=c++17 -Wall -fsycl --gcc-toolchain=/home/ga27mex2/spack_thx2/spack/opt/spack/linux-centos8-thunderx2/gcc-14.1.0/gcc-14.1.0-kl6fnbyj4mhv4v5emwvqi6nmxb4kvjae -fsycl-targets=nvptx64-nvidia-cuda -Xsycl-target-backend --cuda-gpu-arch=sm_70 -I../snake-cuda/ -I../snake-cuda/ -DUSE_GPU -DUSE_GPU -O3 -O3 main.o -o sycl 
