clang++ -fopenmp -fopenmp-targets=nvptx64 -I../gpp-cuda -D__STRICT_ANSI__ -O3 -c main.cpp -o main.o
main.cpp:155:7: warning: type 'CustomComplex<double>' is not trivially copyable and not guaranteed to be mapped correctly [-Wopenmp-mapping]
  155 |     : aqsmtemp [0:aqsmtemp_size], vcoul [0:vcoul_size],                        \
      |       ^~~~~~~~~~~~~~~~~~~~~~~~~~
main.cpp:157:7: warning: type 'CustomComplex<double>' is not trivially copyable and not guaranteed to be mapped correctly [-Wopenmp-mapping]
  157 |       aqsntemp [0:aqsntemp_size], I_eps_array [0:I_eps_array_size],            \
      |       ^~~~~~~~~~~~~~~~~~~~~~~~~~
main.cpp:157:35: warning: type 'CustomComplex<double>' is not trivially copyable and not guaranteed to be mapped correctly [-Wopenmp-mapping]
  157 |       aqsntemp [0:aqsntemp_size], I_eps_array [0:I_eps_array_size],            \
      |                                   ^~~~~~~~~~~~~~~~~~~~~~~~~~~~~~~~
main.cpp:158:35: warning: type 'CustomComplex<double>' is not trivially copyable and not guaranteed to be mapped correctly [-Wopenmp-mapping]
  158 |       wx_array [0:wx_array_size], wtilde_array [0:wtilde_array_size])
      |                                   ^~~~~~~~~~~~~~~~~~~~~~~~~~~~~~~~~~
4 warnings generated.
main.cpp:155:7: warning: type 'CustomComplex<double>' is not trivially copyable and not guaranteed to be mapped correctly [-Wopenmp-mapping]
  155 |     : aqsmtemp [0:aqsmtemp_size], vcoul [0:vcoul_size],                        \
      |       ^~~~~~~~~~~~~~~~~~~~~~~~~~
main.cpp:157:7: warning: type 'CustomComplex<double>' is not trivially copyable and not guaranteed to be mapped correctly [-Wopenmp-mapping]
  157 |       aqsntemp [0:aqsntemp_size], I_eps_array [0:I_eps_array_size],            \
      |       ^~~~~~~~~~~~~~~~~~~~~~~~~~
main.cpp:157:35: warning: type 'CustomComplex<double>' is not trivially copyable and not guaranteed to be mapped correctly [-Wopenmp-mapping]
  157 |       aqsntemp [0:aqsntemp_size], I_eps_array [0:I_eps_array_size],            \
      |                                   ^~~~~~~~~~~~~~~~~~~~~~~~~~~~~~~~
main.cpp:158:35: warning: type 'CustomComplex<double>' is not trivially copyable and not guaranteed to be mapped correctly [-Wopenmp-mapping]
  158 |       wx_array [0:wx_array_size], wtilde_array [0:wtilde_array_size])
      |                                   ^~~~~~~~~~~~~~~~~~~~~~~~~~~~~~~~~~
4 warnings generated.
clang++ -fopenmp -fopenmp-targets=nvptx64 -I../gpp-cuda -D__STRICT_ANSI__ -O3 main.o -o omp 
