hipcc --rocm-path=/opt/rocm -I/home/ga27mex2/rocm/hipCUB/build/_CPack_Packages/Linux/RPM/hipcub-3.3.0-Linux/devel/opt/rocm/include -std=c++14 -I../include -I../include -I../include -I../include -O3 -O3 -O3 -O3 -c main.cu -o main.o
/opt/rocm/bin/rocm_agent_enumerator:95: SyntaxWarning: invalid escape sequence '\w'
  @staticVars(search_name=re.compile("gfx[0-9a-fA-F]+:[-+:\w]+"))
/opt/rocm/bin/rocm_agent_enumerator:152: SyntaxWarning: invalid escape sequence '\A'
  line_search_term = re.compile("\A\s+Name:\s+(amdgcn-amd-amdhsa--gfx\d+)")
/opt/rocm/bin/rocm_agent_enumerator:154: SyntaxWarning: invalid escape sequence '\A'
  line_search_term = re.compile("\A\s+Name:\s+(gfx\d+)")
/opt/rocm/bin/rocm_agent_enumerator:175: SyntaxWarning: invalid escape sequence '\w'
  target_search_term = re.compile("1002:\w+")
hipcc --rocm-path=/opt/rocm -I/home/ga27mex2/rocm/hipCUB/build/_CPack_Packages/Linux/RPM/hipcub-3.3.0-Linux/devel/opt/rocm/include -std=c++14 -I../include -I../include -I../include -I../include -O3 -O3 -O3 -O3 -c RecursiveGaussianHost.cu -o RecursiveGaussianHost.o
/opt/rocm/bin/rocm_agent_enumerator:95: SyntaxWarning: invalid escape sequence '\w'
  @staticVars(search_name=re.compile("gfx[0-9a-fA-F]+:[-+:\w]+"))
/opt/rocm/bin/rocm_agent_enumerator:152: SyntaxWarning: invalid escape sequence '\A'
  line_search_term = re.compile("\A\s+Name:\s+(amdgcn-amd-amdhsa--gfx\d+)")
/opt/rocm/bin/rocm_agent_enumerator:154: SyntaxWarning: invalid escape sequence '\A'
  line_search_term = re.compile("\A\s+Name:\s+(gfx\d+)")
/opt/rocm/bin/rocm_agent_enumerator:175: SyntaxWarning: invalid escape sequence '\w'
  target_search_term = re.compile("1002:\w+")
hipcc --rocm-path=/opt/rocm -I/home/ga27mex2/rocm/hipCUB/build/_CPack_Packages/Linux/RPM/hipcub-3.3.0-Linux/devel/opt/rocm/include -std=c++14 -I../include -I../include -I../include -I../include -O3 -O3 -O3 -O3 -c shrUtils.cu -o shrUtils.o
/opt/rocm/bin/rocm_agent_enumerator:95: SyntaxWarning: invalid escape sequence '\w'
  @staticVars(search_name=re.compile("gfx[0-9a-fA-F]+:[-+:\w]+"))
/opt/rocm/bin/rocm_agent_enumerator:152: SyntaxWarning: invalid escape sequence '\A'
  line_search_term = re.compile("\A\s+Name:\s+(amdgcn-amd-amdhsa--gfx\d+)")
/opt/rocm/bin/rocm_agent_enumerator:154: SyntaxWarning: invalid escape sequence '\A'
  line_search_term = re.compile("\A\s+Name:\s+(gfx\d+)")
/opt/rocm/bin/rocm_agent_enumerator:175: SyntaxWarning: invalid escape sequence '\w'
  target_search_term = re.compile("1002:\w+")
shrUtils.cu:150:1: warning: non-void function does not return a value [-Wreturn-type]
} 
^
shrUtils.cu:373:47: warning: format string is not a string literal (potentially insecure) [-Wformat-security]
                        szNumWritten = printf(sFormatSpec.c_str());                             // console 
                                              ^~~~~~~~~~~~~~~~~~~
shrUtils.cu:373:47: note: treat the string as an argument to avoid this
                        szNumWritten = printf(sFormatSpec.c_str());                             // console 
                                              ^
                                              "%s", 
shrUtils.cu:377:63: warning: format string is not a string literal (potentially insecure) [-Wformat-security]
                        szNumWritten = fprintf (pFileStream0, sFormatSpec.c_str());             // sample log file
                                                              ^~~~~~~~~~~~~~~~~~~
shrUtils.cu:377:63: note: treat the string as an argument to avoid this
                        szNumWritten = fprintf (pFileStream0, sFormatSpec.c_str());             // sample log file
                                                              ^
                                                              "%s", 
shrUtils.cu:380:67: warning: format string is not a string literal (potentially insecure) [-Wformat-security]
                            szNumWritten  = fprintf(pFileStream1, sFormatSpec.c_str());         // master log file
                                                                  ^~~~~~~~~~~~~~~~~~~
shrUtils.cu:380:67: note: treat the string as an argument to avoid this
                            szNumWritten  = fprintf(pFileStream1, sFormatSpec.c_str());         // master log file
                                                                  ^
                                                                  "%s", 
4 warnings generated when compiling for gfx908.
shrUtils.cu:150:1: warning: non-void function does not return a value [-Wreturn-type]
} 
^
shrUtils.cu:373:47: warning: format string is not a string literal (potentially insecure) [-Wformat-security]
                        szNumWritten = printf(sFormatSpec.c_str());                             // console 
                                              ^~~~~~~~~~~~~~~~~~~
shrUtils.cu:373:47: note: treat the string as an argument to avoid this
                        szNumWritten = printf(sFormatSpec.c_str());                             // console 
                                              ^
                                              "%s", 
shrUtils.cu:377:63: warning: format string is not a string literal (potentially insecure) [-Wformat-security]
                        szNumWritten = fprintf (pFileStream0, sFormatSpec.c_str());             // sample log file
                                                              ^~~~~~~~~~~~~~~~~~~
shrUtils.cu:377:63: note: treat the string as an argument to avoid this
                        szNumWritten = fprintf (pFileStream0, sFormatSpec.c_str());             // sample log file
                                                              ^
                                                              "%s", 
shrUtils.cu:380:67: warning: format string is not a string literal (potentially insecure) [-Wformat-security]
                            szNumWritten  = fprintf(pFileStream1, sFormatSpec.c_str());         // master log file
                                                                  ^~~~~~~~~~~~~~~~~~~
shrUtils.cu:380:67: note: treat the string as an argument to avoid this
                            szNumWritten  = fprintf(pFileStream1, sFormatSpec.c_str());         // master log file
                                                                  ^
                                                                  "%s", 
4 warnings generated when compiling for host.
hipcc --rocm-path=/opt/rocm -I/home/ga27mex2/rocm/hipCUB/build/_CPack_Packages/Linux/RPM/hipcub-3.3.0-Linux/devel/opt/rocm/include -std=c++14 -I../include -I../include -I../include -I../include -O3 -O3 -O3 -O3 main.o RecursiveGaussianHost.o shrUtils.o -o hip 
/opt/rocm/bin/rocm_agent_enumerator:95: SyntaxWarning: invalid escape sequence '\w'
  @staticVars(search_name=re.compile("gfx[0-9a-fA-F]+:[-+:\w]+"))
/opt/rocm/bin/rocm_agent_enumerator:152: SyntaxWarning: invalid escape sequence '\A'
  line_search_term = re.compile("\A\s+Name:\s+(amdgcn-amd-amdhsa--gfx\d+)")
/opt/rocm/bin/rocm_agent_enumerator:154: SyntaxWarning: invalid escape sequence '\A'
  line_search_term = re.compile("\A\s+Name:\s+(gfx\d+)")
/opt/rocm/bin/rocm_agent_enumerator:175: SyntaxWarning: invalid escape sequence '\w'
  target_search_term = re.compile("1002:\w+")
