hipcc --rocm-path=/opt/rocm -I/home/ga27mex2/rocm/hipCUB/build/_CPack_Packages/Linux/RPM/hipcub-3.3.0-Linux/devel/opt/rocm/include -std=c++14 -I../idivide-cuda -O3 -c main.cu -o main.o
/opt/rocm/bin/rocm_agent_enumerator:95: SyntaxWarning: invalid escape sequence '\w'
  @staticVars(search_name=re.compile("gfx[0-9a-fA-F]+:[-+:\w]+"))
/opt/rocm/bin/rocm_agent_enumerator:152: SyntaxWarning: invalid escape sequence '\A'
  line_search_term = re.compile("\A\s+Name:\s+(amdgcn-amd-amdhsa--gfx\d+)")
/opt/rocm/bin/rocm_agent_enumerator:154: SyntaxWarning: invalid escape sequence '\A'
  line_search_term = re.compile("\A\s+Name:\s+(gfx\d+)")
/opt/rocm/bin/rocm_agent_enumerator:175: SyntaxWarning: invalid escape sequence '\w'
  target_search_term = re.compile("1002:\w+")
In file included from main.cu:9:
../idivide-cuda/kernels.h:14:17: warning: & has lower precedence than ==; == will be evaluated first [-Wparentheses]
  if (aggregate & dummy == 1) buf[0] = aggregate;
                ^~~~~~~~~~~~
../idivide-cuda/kernels.h:14:17: note: place parentheses around the '==' expression to silence this warning
  if (aggregate & dummy == 1) buf[0] = aggregate;
                ^
                  (         )
../idivide-cuda/kernels.h:14:17: note: place parentheses around the & expression to evaluate it first
  if (aggregate & dummy == 1) buf[0] = aggregate;
                ^
      (                )
../idivide-cuda/kernels.h:43:9: warning: & has lower precedence than ==; == will be evaluated first [-Wparentheses]
  if (x & dummy == 1) buf[0] = x;
        ^~~~~~~~~~~~
../idivide-cuda/kernels.h:43:9: note: place parentheses around the '==' expression to silence this warning
  if (x & dummy == 1) buf[0] = x;
        ^
          (         )
../idivide-cuda/kernels.h:43:9: note: place parentheses around the & expression to evaluate it first
  if (x & dummy == 1) buf[0] = x;
        ^
      (        )
2 warnings generated when compiling for gfx908.
In file included from main.cu:9:
../idivide-cuda/kernels.h:14:17: warning: & has lower precedence than ==; == will be evaluated first [-Wparentheses]
  if (aggregate & dummy == 1) buf[0] = aggregate;
                ^~~~~~~~~~~~
../idivide-cuda/kernels.h:14:17: note: place parentheses around the '==' expression to silence this warning
  if (aggregate & dummy == 1) buf[0] = aggregate;
                ^
                  (         )
../idivide-cuda/kernels.h:14:17: note: place parentheses around the & expression to evaluate it first
  if (aggregate & dummy == 1) buf[0] = aggregate;
                ^
      (                )
../idivide-cuda/kernels.h:43:9: warning: & has lower precedence than ==; == will be evaluated first [-Wparentheses]
  if (x & dummy == 1) buf[0] = x;
        ^~~~~~~~~~~~
../idivide-cuda/kernels.h:43:9: note: place parentheses around the '==' expression to silence this warning
  if (x & dummy == 1) buf[0] = x;
        ^
          (         )
../idivide-cuda/kernels.h:43:9: note: place parentheses around the & expression to evaluate it first
  if (x & dummy == 1) buf[0] = x;
        ^
      (        )
2 warnings generated when compiling for host.
hipcc --rocm-path=/opt/rocm -I/home/ga27mex2/rocm/hipCUB/build/_CPack_Packages/Linux/RPM/hipcub-3.3.0-Linux/devel/opt/rocm/include -std=c++14 -I../idivide-cuda -O3 main.o -o hip 
/opt/rocm/bin/rocm_agent_enumerator:95: SyntaxWarning: invalid escape sequence '\w'
  @staticVars(search_name=re.compile("gfx[0-9a-fA-F]+:[-+:\w]+"))
/opt/rocm/bin/rocm_agent_enumerator:152: SyntaxWarning: invalid escape sequence '\A'
  line_search_term = re.compile("\A\s+Name:\s+(amdgcn-amd-amdhsa--gfx\d+)")
/opt/rocm/bin/rocm_agent_enumerator:154: SyntaxWarning: invalid escape sequence '\A'
  line_search_term = re.compile("\A\s+Name:\s+(gfx\d+)")
/opt/rocm/bin/rocm_agent_enumerator:175: SyntaxWarning: invalid escape sequence '\w'
  target_search_term = re.compile("1002:\w+")
