hipcc --rocm-path=/opt/rocm -I/home/ga27mex2/rocm/hipCUB/build/_CPack_Packages/Linux/RPM/hipcub-3.3.0-Linux/devel/opt/rocm/include -std=c++14 -O3 -O3 -O3 -O3 -O3 -O3 -O3 -O3 -c csr_matrix.cu -o csr_matrix.o
/opt/rocm/bin/rocm_agent_enumerator:95: SyntaxWarning: invalid escape sequence '\w'
  @staticVars(search_name=re.compile("gfx[0-9a-fA-F]+:[-+:\w]+"))
/opt/rocm/bin/rocm_agent_enumerator:152: SyntaxWarning: invalid escape sequence '\A'
  line_search_term = re.compile("\A\s+Name:\s+(amdgcn-amd-amdhsa--gfx\d+)")
/opt/rocm/bin/rocm_agent_enumerator:154: SyntaxWarning: invalid escape sequence '\A'
  line_search_term = re.compile("\A\s+Name:\s+(gfx\d+)")
/opt/rocm/bin/rocm_agent_enumerator:175: SyntaxWarning: invalid escape sequence '\w'
  target_search_term = re.compile("1002:\w+")
csr_matrix.cu:423:4: warning: ISO C++11 does not allow conversion from string literal to 'char *' [-Wwritable-strings]
   hypre_assert( num_rows == hypre_CSRMatrixNumRows(B) );
   ^
./utilities.h:353:88: note: expanded from macro 'hypre_assert'
#define hypre_assert(EX) if (!(EX)) {fprintf(stderr,"hypre_assert failed: %s\n", #EX); hypre_error(1);}
                                                                                       ^
./utilities.h:348:48: note: expanded from macro 'hypre_error'
#define hypre_error(IERR)  hypre_error_handler(__FILE__, __LINE__, IERR)
                                               ^
<scratch space>:117:1: note: expanded from here
"csr_matrix.cu"
^
csr_matrix.cu:424:26: warning: ISO C++11 does not allow conversion from string literal to 'char *' [-Wwritable-strings]
   if ( col_map_offd_B ) hypre_assert( col_map_offd_A );
                         ^
./utilities.h:353:88: note: expanded from macro 'hypre_assert'
#define hypre_assert(EX) if (!(EX)) {fprintf(stderr,"hypre_assert failed: %s\n", #EX); hypre_error(1);}
                                                                                       ^
./utilities.h:348:48: note: expanded from macro 'hypre_error'
#define hypre_error(IERR)  hypre_error_handler(__FILE__, __LINE__, IERR)
                                               ^
<scratch space>:120:1: note: expanded from here
"csr_matrix.cu"
^
csr_matrix.cu:425:26: warning: ISO C++11 does not allow conversion from string literal to 'char *' [-Wwritable-strings]
   if ( col_map_offd_A ) hypre_assert( col_map_offd_B );
                         ^
./utilities.h:353:88: note: expanded from macro 'hypre_assert'
#define hypre_assert(EX) if (!(EX)) {fprintf(stderr,"hypre_assert failed: %s\n", #EX); hypre_error(1);}
                                                                                       ^
./utilities.h:348:48: note: expanded from macro 'hypre_error'
#define hypre_error(IERR)  hypre_error_handler(__FILE__, __LINE__, IERR)
                                               ^
<scratch space>:123:1: note: expanded from here
"csr_matrix.cu"
^
csr_matrix.cu:547:4: warning: ISO C++11 does not allow conversion from string literal to 'char *' [-Wwritable-strings]
   hypre_assert( mc == num_nonzeros );
   ^
./utilities.h:353:88: note: expanded from macro 'hypre_assert'
#define hypre_assert(EX) if (!(EX)) {fprintf(stderr,"hypre_assert failed: %s\n", #EX); hypre_error(1);}
                                                                                       ^
./utilities.h:348:48: note: expanded from macro 'hypre_error'
#define hypre_error(IERR)  hypre_error_handler(__FILE__, __LINE__, IERR)
                                               ^
<scratch space>:126:1: note: expanded from here
"csr_matrix.cu"
^
4 warnings generated when compiling for gfx908.
csr_matrix.cu:423:4: warning: ISO C++11 does not allow conversion from string literal to 'char *' [-Wwritable-strings]
   hypre_assert( num_rows == hypre_CSRMatrixNumRows(B) );
   ^
./utilities.h:353:88: note: expanded from macro 'hypre_assert'
#define hypre_assert(EX) if (!(EX)) {fprintf(stderr,"hypre_assert failed: %s\n", #EX); hypre_error(1);}
                                                                                       ^
./utilities.h:348:48: note: expanded from macro 'hypre_error'
#define hypre_error(IERR)  hypre_error_handler(__FILE__, __LINE__, IERR)
                                               ^
<scratch space>:117:1: note: expanded from here
"csr_matrix.cu"
^
csr_matrix.cu:424:26: warning: ISO C++11 does not allow conversion from string literal to 'char *' [-Wwritable-strings]
   if ( col_map_offd_B ) hypre_assert( col_map_offd_A );
                         ^
./utilities.h:353:88: note: expanded from macro 'hypre_assert'
#define hypre_assert(EX) if (!(EX)) {fprintf(stderr,"hypre_assert failed: %s\n", #EX); hypre_error(1);}
                                                                                       ^
./utilities.h:348:48: note: expanded from macro 'hypre_error'
#define hypre_error(IERR)  hypre_error_handler(__FILE__, __LINE__, IERR)
                                               ^
<scratch space>:120:1: note: expanded from here
"csr_matrix.cu"
^
csr_matrix.cu:425:26: warning: ISO C++11 does not allow conversion from string literal to 'char *' [-Wwritable-strings]
   if ( col_map_offd_A ) hypre_assert( col_map_offd_B );
                         ^
./utilities.h:353:88: note: expanded from macro 'hypre_assert'
#define hypre_assert(EX) if (!(EX)) {fprintf(stderr,"hypre_assert failed: %s\n", #EX); hypre_error(1);}
                                                                                       ^
./utilities.h:348:48: note: expanded from macro 'hypre_error'
#define hypre_error(IERR)  hypre_error_handler(__FILE__, __LINE__, IERR)
                                               ^
<scratch space>:123:1: note: expanded from here
"csr_matrix.cu"
^
csr_matrix.cu:547:4: warning: ISO C++11 does not allow conversion from string literal to 'char *' [-Wwritable-strings]
   hypre_assert( mc == num_nonzeros );
   ^
./utilities.h:353:88: note: expanded from macro 'hypre_assert'
#define hypre_assert(EX) if (!(EX)) {fprintf(stderr,"hypre_assert failed: %s\n", #EX); hypre_error(1);}
                                                                                       ^
./utilities.h:348:48: note: expanded from macro 'hypre_error'
#define hypre_error(IERR)  hypre_error_handler(__FILE__, __LINE__, IERR)
                                               ^
<scratch space>:126:1: note: expanded from here
"csr_matrix.cu"
^
4 warnings generated when compiling for host.
hipcc --rocm-path=/opt/rocm -I/home/ga27mex2/rocm/hipCUB/build/_CPack_Packages/Linux/RPM/hipcub-3.3.0-Linux/devel/opt/rocm/include -std=c++14 -O3 -O3 -O3 -O3 -O3 -O3 -O3 -O3 -c csr_matvec.cu -o csr_matvec.o
/opt/rocm/bin/rocm_agent_enumerator:95: SyntaxWarning: invalid escape sequence '\w'
  @staticVars(search_name=re.compile("gfx[0-9a-fA-F]+:[-+:\w]+"))
/opt/rocm/bin/rocm_agent_enumerator:152: SyntaxWarning: invalid escape sequence '\A'
  line_search_term = re.compile("\A\s+Name:\s+(amdgcn-amd-amdhsa--gfx\d+)")
/opt/rocm/bin/rocm_agent_enumerator:154: SyntaxWarning: invalid escape sequence '\A'
  line_search_term = re.compile("\A\s+Name:\s+(gfx\d+)")
/opt/rocm/bin/rocm_agent_enumerator:175: SyntaxWarning: invalid escape sequence '\w'
  target_search_term = re.compile("1002:\w+")
csr_matvec.cu:94:5: warning: ISO C++11 does not allow conversion from string literal to 'char *' [-Wwritable-strings]
    hypre_assert( num_vectors == hypre_VectorNumVectors(y) );
    ^
./utilities.h:353:88: note: expanded from macro 'hypre_assert'
#define hypre_assert(EX) if (!(EX)) {fprintf(stderr,"hypre_assert failed: %s\n", #EX); hypre_error(1);}
                                                                                       ^
./utilities.h:348:48: note: expanded from macro 'hypre_error'
#define hypre_error(IERR)  hypre_error_handler(__FILE__, __LINE__, IERR)
                                               ^
<scratch space>:117:1: note: expanded from here
"csr_matvec.cu"
^
csr_matvec.cu:263:5: warning: ISO C++11 does not allow conversion from string literal to 'char *' [-Wwritable-strings]
    hypre_assert( num_vectors == hypre_VectorNumVectors(y) );
    ^
./utilities.h:353:88: note: expanded from macro 'hypre_assert'
#define hypre_assert(EX) if (!(EX)) {fprintf(stderr,"hypre_assert failed: %s\n", #EX); hypre_error(1);}
                                                                                       ^
./utilities.h:348:48: note: expanded from macro 'hypre_error'
#define hypre_error(IERR)  hypre_error_handler(__FILE__, __LINE__, IERR)
                                               ^
<scratch space>:120:1: note: expanded from here
"csr_matvec.cu"
^
2 warnings generated when compiling for gfx908.
csr_matvec.cu:94:5: warning: ISO C++11 does not allow conversion from string literal to 'char *' [-Wwritable-strings]
    hypre_assert( num_vectors == hypre_VectorNumVectors(y) );
    ^
./utilities.h:353:88: note: expanded from macro 'hypre_assert'
#define hypre_assert(EX) if (!(EX)) {fprintf(stderr,"hypre_assert failed: %s\n", #EX); hypre_error(1);}
                                                                                       ^
./utilities.h:348:48: note: expanded from macro 'hypre_error'
#define hypre_error(IERR)  hypre_error_handler(__FILE__, __LINE__, IERR)
                                               ^
<scratch space>:117:1: note: expanded from here
"csr_matvec.cu"
^
csr_matvec.cu:263:5: warning: ISO C++11 does not allow conversion from string literal to 'char *' [-Wwritable-strings]
    hypre_assert( num_vectors == hypre_VectorNumVectors(y) );
    ^
./utilities.h:353:88: note: expanded from macro 'hypre_assert'
#define hypre_assert(EX) if (!(EX)) {fprintf(stderr,"hypre_assert failed: %s\n", #EX); hypre_error(1);}
                                                                                       ^
./utilities.h:348:48: note: expanded from macro 'hypre_error'
#define hypre_error(IERR)  hypre_error_handler(__FILE__, __LINE__, IERR)
                                               ^
<scratch space>:120:1: note: expanded from here
"csr_matvec.cu"
^
2 warnings generated when compiling for host.
hipcc --rocm-path=/opt/rocm -I/home/ga27mex2/rocm/hipCUB/build/_CPack_Packages/Linux/RPM/hipcub-3.3.0-Linux/devel/opt/rocm/include -std=c++14 -O3 -O3 -O3 -O3 -O3 -O3 -O3 -O3 -c hypre_error.cu -o hypre_error.o
/opt/rocm/bin/rocm_agent_enumerator:95: SyntaxWarning: invalid escape sequence '\w'
  @staticVars(search_name=re.compile("gfx[0-9a-fA-F]+:[-+:\w]+"))
/opt/rocm/bin/rocm_agent_enumerator:152: SyntaxWarning: invalid escape sequence '\A'
  line_search_term = re.compile("\A\s+Name:\s+(amdgcn-amd-amdhsa--gfx\d+)")
/opt/rocm/bin/rocm_agent_enumerator:154: SyntaxWarning: invalid escape sequence '\A'
  line_search_term = re.compile("\A\s+Name:\s+(gfx\d+)")
/opt/rocm/bin/rocm_agent_enumerator:175: SyntaxWarning: invalid escape sequence '\w'
  target_search_term = re.compile("1002:\w+")
hipcc --rocm-path=/opt/rocm -I/home/ga27mex2/rocm/hipCUB/build/_CPack_Packages/Linux/RPM/hipcub-3.3.0-Linux/devel/opt/rocm/include -std=c++14 -O3 -O3 -O3 -O3 -O3 -O3 -O3 -O3 -c hypre_memory.cu -o hypre_memory.o
/opt/rocm/bin/rocm_agent_enumerator:95: SyntaxWarning: invalid escape sequence '\w'
  @staticVars(search_name=re.compile("gfx[0-9a-fA-F]+:[-+:\w]+"))
/opt/rocm/bin/rocm_agent_enumerator:152: SyntaxWarning: invalid escape sequence '\A'
  line_search_term = re.compile("\A\s+Name:\s+(amdgcn-amd-amdhsa--gfx\d+)")
/opt/rocm/bin/rocm_agent_enumerator:154: SyntaxWarning: invalid escape sequence '\A'
  line_search_term = re.compile("\A\s+Name:\s+(gfx\d+)")
/opt/rocm/bin/rocm_agent_enumerator:175: SyntaxWarning: invalid escape sequence '\w'
  target_search_term = re.compile("1002:\w+")
hypre_memory.cu:78:4: warning: ISO C++11 does not allow conversion from string literal to 'char *' [-Wwritable-strings]
   hypre_error(HYPRE_ERROR_MEMORY);
   ^
./utilities.h:348:48: note: expanded from macro 'hypre_error'
#define hypre_error(IERR)  hypre_error_handler(__FILE__, __LINE__, IERR)
                                               ^
<scratch space>:116:1: note: expanded from here
"hypre_memory.cu"
^
1 warning generated when compiling for gfx908.
hypre_memory.cu:78:4: warning: ISO C++11 does not allow conversion from string literal to 'char *' [-Wwritable-strings]
   hypre_error(HYPRE_ERROR_MEMORY);
   ^
./utilities.h:348:48: note: expanded from macro 'hypre_error'
#define hypre_error(IERR)  hypre_error_handler(__FILE__, __LINE__, IERR)
                                               ^
<scratch space>:116:1: note: expanded from here
"hypre_memory.cu"
^
1 warning generated when compiling for host.
hipcc --rocm-path=/opt/rocm -I/home/ga27mex2/rocm/hipCUB/build/_CPack_Packages/Linux/RPM/hipcub-3.3.0-Linux/devel/opt/rocm/include -std=c++14 -O3 -O3 -O3 -O3 -O3 -O3 -O3 -O3 -c laplace.cu -o laplace.o
/opt/rocm/bin/rocm_agent_enumerator:95: SyntaxWarning: invalid escape sequence '\w'
  @staticVars(search_name=re.compile("gfx[0-9a-fA-F]+:[-+:\w]+"))
/opt/rocm/bin/rocm_agent_enumerator:152: SyntaxWarning: invalid escape sequence '\A'
  line_search_term = re.compile("\A\s+Name:\s+(amdgcn-amd-amdhsa--gfx\d+)")
/opt/rocm/bin/rocm_agent_enumerator:154: SyntaxWarning: invalid escape sequence '\A'
  line_search_term = re.compile("\A\s+Name:\s+(gfx\d+)")
/opt/rocm/bin/rocm_agent_enumerator:175: SyntaxWarning: invalid escape sequence '\w'
  target_search_term = re.compile("1002:\w+")
hipcc --rocm-path=/opt/rocm -I/home/ga27mex2/rocm/hipCUB/build/_CPack_Packages/Linux/RPM/hipcub-3.3.0-Linux/devel/opt/rocm/include -std=c++14 -O3 -O3 -O3 -O3 -O3 -O3 -O3 -O3 -c main.cu -o main.o
/opt/rocm/bin/rocm_agent_enumerator:95: SyntaxWarning: invalid escape sequence '\w'
  @staticVars(search_name=re.compile("gfx[0-9a-fA-F]+:[-+:\w]+"))
/opt/rocm/bin/rocm_agent_enumerator:152: SyntaxWarning: invalid escape sequence '\A'
  line_search_term = re.compile("\A\s+Name:\s+(amdgcn-amd-amdhsa--gfx\d+)")
/opt/rocm/bin/rocm_agent_enumerator:154: SyntaxWarning: invalid escape sequence '\A'
  line_search_term = re.compile("\A\s+Name:\s+(gfx\d+)")
/opt/rocm/bin/rocm_agent_enumerator:175: SyntaxWarning: invalid escape sequence '\w'
  target_search_term = re.compile("1002:\w+")
hipcc --rocm-path=/opt/rocm -I/home/ga27mex2/rocm/hipCUB/build/_CPack_Packages/Linux/RPM/hipcub-3.3.0-Linux/devel/opt/rocm/include -std=c++14 -O3 -O3 -O3 -O3 -O3 -O3 -O3 -O3 -c vector.cu -o vector.o
/opt/rocm/bin/rocm_agent_enumerator:95: SyntaxWarning: invalid escape sequence '\w'
  @staticVars(search_name=re.compile("gfx[0-9a-fA-F]+:[-+:\w]+"))
/opt/rocm/bin/rocm_agent_enumerator:152: SyntaxWarning: invalid escape sequence '\A'
  line_search_term = re.compile("\A\s+Name:\s+(amdgcn-amd-amdhsa--gfx\d+)")
/opt/rocm/bin/rocm_agent_enumerator:154: SyntaxWarning: invalid escape sequence '\A'
  line_search_term = re.compile("\A\s+Name:\s+(gfx\d+)")
/opt/rocm/bin/rocm_agent_enumerator:175: SyntaxWarning: invalid escape sequence '\w'
  target_search_term = re.compile("1002:\w+")
vector.cu:177:4: warning: ISO C++11 does not allow conversion from string literal to 'char *' [-Wwritable-strings]
   hypre_assert( hypre_VectorNumVectors(vector) == 1 );
   ^
./utilities.h:353:88: note: expanded from macro 'hypre_assert'
#define hypre_assert(EX) if (!(EX)) {fprintf(stderr,"hypre_assert failed: %s\n", #EX); hypre_error(1);}
                                                                                       ^
./utilities.h:348:48: note: expanded from macro 'hypre_error'
#define hypre_error(IERR)  hypre_error_handler(__FILE__, __LINE__, IERR)
                                               ^
<scratch space>:117:1: note: expanded from here
"vector.cu"
^
1 warning generated when compiling for gfx908.
vector.cu:177:4: warning: ISO C++11 does not allow conversion from string literal to 'char *' [-Wwritable-strings]
   hypre_assert( hypre_VectorNumVectors(vector) == 1 );
   ^
./utilities.h:353:88: note: expanded from macro 'hypre_assert'
#define hypre_assert(EX) if (!(EX)) {fprintf(stderr,"hypre_assert failed: %s\n", #EX); hypre_error(1);}
                                                                                       ^
./utilities.h:348:48: note: expanded from macro 'hypre_error'
#define hypre_error(IERR)  hypre_error_handler(__FILE__, __LINE__, IERR)
                                               ^
<scratch space>:117:1: note: expanded from here
"vector.cu"
^
1 warning generated when compiling for host.
hipcc --rocm-path=/opt/rocm -I/home/ga27mex2/rocm/hipCUB/build/_CPack_Packages/Linux/RPM/hipcub-3.3.0-Linux/devel/opt/rocm/include -std=c++14 -O3 -O3 -O3 -O3 -O3 -O3 -O3 -O3 csr_matrix.o csr_matvec.o hypre_error.o hypre_memory.o laplace.o main.o vector.o -o hip 
/opt/rocm/bin/rocm_agent_enumerator:95: SyntaxWarning: invalid escape sequence '\w'
  @staticVars(search_name=re.compile("gfx[0-9a-fA-F]+:[-+:\w]+"))
/opt/rocm/bin/rocm_agent_enumerator:152: SyntaxWarning: invalid escape sequence '\A'
  line_search_term = re.compile("\A\s+Name:\s+(amdgcn-amd-amdhsa--gfx\d+)")
/opt/rocm/bin/rocm_agent_enumerator:154: SyntaxWarning: invalid escape sequence '\A'
  line_search_term = re.compile("\A\s+Name:\s+(gfx\d+)")
/opt/rocm/bin/rocm_agent_enumerator:175: SyntaxWarning: invalid escape sequence '\w'
  target_search_term = re.compile("1002:\w+")
