~/repos/llvm/build/bin/clang++ -std=c++17 -Wall -fsycl --gcc-toolchain=/home/ga27mex2/spack_thx2/spack/opt/spack/linux-centos8-thunderx2/gcc-14.1.0/gcc-14.1.0-kl6fnbyj4mhv4v5emwvqi6nmxb4kvjae -fsycl-targets=nvptx64-nvidia-cuda -Xsycl-target-backend --cuda-gpu-arch=sm_70 -I../backprop-cuda -I../backprop-cuda -I../backprop-cuda -I../backprop-cuda -I../backprop-cuda -DUSE_GPU -DUSE_GPU -DUSE_GPU -DUSE_GPU -DUSE_GPU -O3 -O3 -O3 -O3 -O3 -c backprop.cpp -o backprop.o
backprop.cpp:98:31: warning: implicit conversion from 'int' to 'float' changes value from 2147483647 to 2147483648 [-Wimplicit-const-int-float-conversion]
   98 |      w[i][j] = (float) rand()/RAND_MAX;
      |                              ~^~~~~~~~
/usr/include/stdlib.h:86:18: note: expanded from macro 'RAND_MAX'
   86 | #define RAND_MAX        2147483647
      |                         ^~~~~~~~~~
1 warning generated.
backprop.cpp:98:31: warning: implicit conversion from 'int' to 'float' changes value from 2147483647 to 2147483648 [-Wimplicit-const-int-float-conversion]
   98 |      w[i][j] = (float) rand()/RAND_MAX;
      |                              ~^~~~~~~~
/usr/include/stdlib.h:86:18: note: expanded from macro 'RAND_MAX'
   86 | #define RAND_MAX        2147483647
      |                         ^~~~~~~~~~
1 warning generated.
~/repos/llvm/build/bin/clang++ -std=c++17 -Wall -fsycl --gcc-toolchain=/home/ga27mex2/spack_thx2/spack/opt/spack/linux-centos8-thunderx2/gcc-14.1.0/gcc-14.1.0-kl6fnbyj4mhv4v5emwvqi6nmxb4kvjae -fsycl-targets=nvptx64-nvidia-cuda -Xsycl-target-backend --cuda-gpu-arch=sm_70 -I../backprop-cuda -I../backprop-cuda -I../backprop-cuda -I../backprop-cuda -I../backprop-cuda -DUSE_GPU -DUSE_GPU -DUSE_GPU -DUSE_GPU -DUSE_GPU -O3 -O3 -O3 -O3 -O3 -c imagenet.cpp -o imagenet.o
imagenet.cpp:20:30: warning: implicit conversion from 'int' to 'float' changes value from 2147483647 to 2147483648 [-Wimplicit-const-int-float-conversion]
   20 |           units[k] = (float) rand()/RAND_MAX ;
      |                                    ~^~~~~~~~
/usr/include/stdlib.h:86:18: note: expanded from macro 'RAND_MAX'
   86 | #define RAND_MAX        2147483647
      |                         ^~~~~~~~~~
1 warning generated.
imagenet.cpp:20:30: warning: implicit conversion from 'int' to 'float' changes value from 2147483647 to 2147483648 [-Wimplicit-const-int-float-conversion]
   20 |           units[k] = (float) rand()/RAND_MAX ;
      |                                    ~^~~~~~~~
/usr/include/stdlib.h:86:18: note: expanded from macro 'RAND_MAX'
   86 | #define RAND_MAX        2147483647
      |                         ^~~~~~~~~~
1 warning generated.
~/repos/llvm/build/bin/clang++ -std=c++17 -Wall -fsycl --gcc-toolchain=/home/ga27mex2/spack_thx2/spack/opt/spack/linux-centos8-thunderx2/gcc-14.1.0/gcc-14.1.0-kl6fnbyj4mhv4v5emwvqi6nmxb4kvjae -fsycl-targets=nvptx64-nvidia-cuda -Xsycl-target-backend --cuda-gpu-arch=sm_70 -I../backprop-cuda -I../backprop-cuda -I../backprop-cuda -I../backprop-cuda -I../backprop-cuda -DUSE_GPU -DUSE_GPU -DUSE_GPU -DUSE_GPU -DUSE_GPU -O3 -O3 -O3 -O3 -O3 -c facetrain.cpp -o facetrain.o
~/repos/llvm/build/bin/clang++ -std=c++17 -Wall -fsycl --gcc-toolchain=/home/ga27mex2/spack_thx2/spack/opt/spack/linux-centos8-thunderx2/gcc-14.1.0/gcc-14.1.0-kl6fnbyj4mhv4v5emwvqi6nmxb4kvjae -fsycl-targets=nvptx64-nvidia-cuda -Xsycl-target-backend --cuda-gpu-arch=sm_70 -I../backprop-cuda -I../backprop-cuda -I../backprop-cuda -I../backprop-cuda -I../backprop-cuda -DUSE_GPU -DUSE_GPU -DUSE_GPU -DUSE_GPU -DUSE_GPU -O3 -O3 -O3 -O3 -O3 -c main.cpp -o main.o
~/repos/llvm/build/bin/clang++ -std=c++17 -Wall -fsycl --gcc-toolchain=/home/ga27mex2/spack_thx2/spack/opt/spack/linux-centos8-thunderx2/gcc-14.1.0/gcc-14.1.0-kl6fnbyj4mhv4v5emwvqi6nmxb4kvjae -fsycl-targets=nvptx64-nvidia-cuda -Xsycl-target-backend --cuda-gpu-arch=sm_70 -I../backprop-cuda -I../backprop-cuda -I../backprop-cuda -I../backprop-cuda -I../backprop-cuda -DUSE_GPU -DUSE_GPU -DUSE_GPU -DUSE_GPU -DUSE_GPU -O3 -O3 -O3 -O3 -O3 backprop.o imagenet.o facetrain.o main.o -o sycl 
