nvcc  -std=c++14 -Xcompiler -Wall -arch=sm_70 -O3 -c main.cu -o main.o
main.cu: In function ‘int main(int, char**)’:
main.cu:925:11: warning: ‘IndexFile’ may be used uninitialized in this function [-Wmaybe-uninitialized]
         fp = fopen( IndexFile, "at" );
         ~~^~~~~~~~~~~~~~~~~
main.cu:811:7: note: ‘IndexFile’ was declared here
   char* IndexFile;
       ^~~~~~~~~
main.cu:960:38: warning: ‘NtPOI’ may be used uninitialized in this function [-Wmaybe-uninitialized]
       for( it=0; (timePOI[it] != -1 && it < NtPOI); it++ ) {
              ~~~~~~~~~~~~~~~~~~~~~~~~^~~~~~~~~~~~~~~
main.cu:480:5: note: ‘NtPOI’ was declared here
   int NtPOI;
     ^~~~~
main.cu:883:11: warning: ‘sshPOI’ may be used uninitialized in this function [-Wmaybe-uninitialized]
         sshPOI[n][it] = ampFactor * Node(idxPOI[n], iH);
         ~~^~
main.cu:478:9: note: ‘sshPOI’ was declared here
   float **sshPOI;
         ^~~~~~
main.cu:881:19: warning: ‘flagRunupPOI’ may be used uninitialized in this function [-Wmaybe-uninitialized]
         if( flagRunupPOI[n] )
         ~~~~~~~~~~^
main.cu:477:6: note: ‘flagRunupPOI’ was declared here
   int* flagRunupPOI;
      ^~~~~~~~~~~~
main.cu:476:7: warning: ‘idxPOI’ may be used uninitialized in this function [-Wmaybe-uninitialized]
   long* idxPOI;
       ^~~~~~
main.cu:957:8: warning: ‘idPOI’ may be used uninitialized in this function [-Wmaybe-uninitialized]
         fprintf( fp, "   %s", idPOI[n] );
        ^~~~~~~~~~~~~~~~~~~~~~~
main.cu:475:8: note: ‘idPOI’ was declared here
   char **idPOI;
        ^~~~~
main.cu:580:29: warning: ‘fpRej’ may be used uninitialized in this function [-Wmaybe-uninitialized]
           if( Par.poiReport ) fprintf( fpRej, "%s\n", record );
                      ~~~~~~~^~~~~~~~~~~~~~~~~~~~~~~
main.cu:469:15: note: ‘fpRej’ was declared here
   FILE *fpAcc,*fpRej;
               ^~~~~
main.cu:591:8: warning: ‘fpAcc’ may be used uninitialized in this function [-Wmaybe-uninitialized]
           fprintf( fpAcc, "%s %.4f %.4f   %.4f %.4f %.1f   %.3f\n",
        ^  ~~~~~~~~~~~~~~~~~~~~~~~~~~~~~~~~~~~~~~~~~~~~~~~~~~~~~~~~~                                                                                                      
main.cu:469:7: note: ‘fpAcc’ was declared here
   FILE *fpAcc,*fpRej;
       ^~~~~
nvcc  -std=c++14 -Xcompiler -Wall -arch=sm_70 -O3 -c cOgrd.cpp -o cOgrd.o
cOgrd.cpp: In member function ‘int cOgrd::readHeader(const char*)’:
cOgrd.cpp:178:7: warning: variable ‘ierr’ set but not used [-Wunused-but-set-variable]
   int ierr,isBin;
       ^~~~
cOgrd.cpp:180:9: warning: unused variable ‘fval’ [-Wunused-variable]
   float fval;
         ^~~~
cOgrd.cpp: In member function ‘int cOgrd::readGRD(const char*)’:
cOgrd.cpp:243:11: warning: variable ‘ierr’ set but not used [-Wunused-but-set-variable]
   int i,j,ierr,isBin;
           ^~~~
cOgrd.cpp: In member function ‘int cOgrd::readRasterStream(FILE*, int, int)’:
cOgrd.cpp:459:10: warning: unused variable ‘x0’ [-Wunused-variable]
   double x0,x,y0,y,z;
          ^~
cOgrd.cpp:459:13: warning: unused variable ‘x’ [-Wunused-variable]
   double x0,x,y0,y,z;
             ^
cOgrd.cpp:459:15: warning: unused variable ‘y0’ [-Wunused-variable]
   double x0,x,y0,y,z;
               ^~
cOgrd.cpp:459:18: warning: unused variable ‘y’ [-Wunused-variable]
   double x0,x,y0,y,z;
                  ^
cOgrd.cpp:459:20: warning: unused variable ‘z’ [-Wunused-variable]
   double x0,x,y0,y,z;
                    ^
cOgrd.cpp: In member function ‘int cOgrd::readXYZ(const char*)’:
cOgrd.cpp:437:10: warning: ‘ydirection’ may be used uninitialized in this function [-Wmaybe-uninitialized]
     else if( ydirection == TOP2BOT ) {
          ^~
nvcc  -std=c++14 -Xcompiler -Wall -arch=sm_70 -O3 -c cOkadaFault.cpp -o cOkadaFault.o
cOkadaFault.cpp: In member function ‘int cOkadaFault::read(char*)’:
cOkadaFault.cpp:73:7: warning: unused variable ‘ierr’ [-Wunused-variable]
   int ierr;
       ^~~~
cOkadaFault.cpp: In member function ‘int cOkadaFault::getDeformArea(double&, double&, double&, double&)’:
cOkadaFault.cpp:396:3: warning: this ‘if’ clause does not guard... [-Wmisleading-indentation]
   if( glon<lonmin ) lonmin = glon; if( glon>lonmax ) lonmax = glon;
   ^~
cOkadaFault.cpp:396:36: note: ...this statement, but the latter is misleadingly indented as if it were guarded by the ‘if’
   if( glon<lonmin ) lonmin = glon; if( glon>lonmax ) lonmax = glon;
                                    ^~
cOkadaFault.cpp:397:3: warning: this ‘if’ clause does not guard... [-Wmisleading-indentation]
   if( glat<latmin ) latmin = glat; if( glat>latmax ) latmax = glat;
   ^~
cOkadaFault.cpp:397:36: note: ...this statement, but the latter is misleadingly indented as if it were guarded by the ‘if’
   if( glat<latmin ) latmin = glat; if( glat>latmax ) latmax = glat;
                                    ^~
cOkadaFault.cpp:400:3: warning: this ‘if’ clause does not guard... [-Wmisleading-indentation]
   if( glon<lonmin ) lonmin = glon; if( glon>lonmax ) lonmax = glon;
   ^~
cOkadaFault.cpp:400:36: note: ...this statement, but the latter is misleadingly indented as if it were guarded by the ‘if’
   if( glon<lonmin ) lonmin = glon; if( glon>lonmax ) lonmax = glon;
                                    ^~
cOkadaFault.cpp:401:3: warning: this ‘if’ clause does not guard... [-Wmisleading-indentation]
   if( glat<latmin ) latmin = glat; if( glat>latmax ) latmax = glat;
   ^~
cOkadaFault.cpp:401:36: note: ...this statement, but the latter is misleadingly indented as if it were guarded by the ‘if’
   if( glat<latmin ) latmin = glat; if( glat>latmax ) latmax = glat;
                                    ^~
cOkadaFault.cpp:404:3: warning: this ‘if’ clause does not guard... [-Wmisleading-indentation]
   if( glon<lonmin ) lonmin = glon; if( glon>lonmax ) lonmax = glon;
   ^~
cOkadaFault.cpp:404:36: note: ...this statement, but the latter is misleadingly indented as if it were guarded by the ‘if’
   if( glon<lonmin ) lonmin = glon; if( glon>lonmax ) lonmax = glon;
                                    ^~
cOkadaFault.cpp:405:3: warning: this ‘if’ clause does not guard... [-Wmisleading-indentation]
   if( glat<latmin ) latmin = glat; if( glat>latmax ) latmax = glat;
   ^~
cOkadaFault.cpp:405:36: note: ...this statement, but the latter is misleadingly indented as if it were guarded by the ‘if’
   if( glat<latmin ) latmin = glat; if( glat>latmax ) latmax = glat;
                                    ^~
cOkadaFault.cpp:379:7: warning: unused variable ‘ierr’ [-Wunused-variable]
   int ierr;
       ^~~~
cOkadaFault.cpp: In member function ‘int cOkadaFault::calculate(double, double, double&, double&, double&)’:
cOkadaFault.cpp:415:7: warning: unused variable ‘ierr’ [-Wunused-variable]
   int ierr;
       ^~~~
cOkadaFault.cpp: In member function ‘int cOkadaFault::calculate(double, double, double&)’:
cOkadaFault.cpp:438:7: warning: unused variable ‘ierr’ [-Wunused-variable]
   int ierr;
       ^~~~
cOkadaFault.cpp: In member function ‘int cOkadaFault::local2global(double, double, double&, double&)’:
cOkadaFault.cpp:361:22: warning: ‘y’ may be used uninitialized in this function [-Wmaybe-uninitialized]
   gy = -x*(-sins) + y*coss;
                     ~^~~~~
cOkadaFault.cpp:361:6: warning: ‘x’ may be used uninitialized in this function [-Wmaybe-uninitialized]
   gy = -x*(-sins) + y*coss;
   ~~~^~~~~~~~~~~~~~~~~~~~~
nvcc  -std=c++14 -Xcompiler -Wall -arch=sm_70 -O3 -c cOkadaEarthquake.cpp -o cOkadaEarthquake.o
cOkadaEarthquake.cpp: In member function ‘int cOkadaEarthquake::finalizeInput()’:
cOkadaEarthquake.cpp:90:8: warning: unused variable ‘msg’ [-Wunused-variable]
   char msg[32];
        ^~~
cOkadaEarthquake.cpp: In member function ‘int cOkadaEarthquake::getDeformArea(int, double&, double&, double&, double&)’:
cOkadaEarthquake.cpp:147:5: warning: this ‘if’ clause does not guard... [-Wmisleading-indentation]
     if( xmin < lonmin ) lonmin = xmin; if( xmax > lonmax ) lonmax = xmax;
     ^~
cOkadaEarthquake.cpp:147:40: note: ...this statement, but the latter is misleadingly indented as if it were guarded by the ‘if’
     if( xmin < lonmin ) lonmin = xmin; if( xmax > lonmax ) lonmax = xmax;
                                        ^~
cOkadaEarthquake.cpp:148:5: warning: this ‘if’ clause does not guard... [-Wmisleading-indentation]
     if( ymin < latmin ) latmin = ymin; if( ymax > latmax ) latmax = ymax;
     ^~
cOkadaEarthquake.cpp:148:40: note: ...this statement, but the latter is misleadingly indented as if it were guarded by the ‘if’
     if( ymin < latmin ) latmin = ymin; if( ymax > latmax ) latmax = ymax;
                                        ^~
nvcc  -std=c++14 -Xcompiler -Wall -arch=sm_70 -O3 -c cSphere.cpp -o cSphere.o
cSphere.cpp: In member function ‘int cObsArray::read(char*)’:
cSphere.cpp:129:10: warning: unused variable ‘lonr’ [-Wunused-variable]
   double lonr,latr;
          ^~~~
cSphere.cpp:129:15: warning: unused variable ‘latr’ [-Wunused-variable]
   double lonr,latr;
               ^~~~
nvcc  -std=c++14 -Xcompiler -Wall -arch=sm_70 -O3 -c okada.cpp -o okada.o
nvcc  -std=c++14 -Xcompiler -Wall -arch=sm_70 -O3 -c utilits.cpp -o utilits.o
utilits.cpp: In function ‘char* utlFileAddExtension(const char*, const char*)’:
utilits.cpp:806:19: warning: unused variable ‘cp’ [-Wunused-variable]
   char buf[256], *cp;
                   ^~
nvcc  -std=c++14 -Xcompiler -Wall -arch=sm_70 -O3 main.o cOgrd.o  cOkadaFault.o  cOkadaEarthquake.o cSphere.o okada.o utilits.o -o cuda 
