~/repos/llvm/build/bin/clang++ -std=c++17 -Wall -fsycl --gcc-toolchain=/home/ga27mex2/spack_thx2/spack/opt/spack/linux-centos8-thunderx2/gcc-14.1.0/gcc-14.1.0-kl6fnbyj4mhv4v5emwvqi6nmxb4kvjae -fsycl-targets=nvptx64-nvidia-cuda -Xsycl-target-backend --cuda-gpu-arch=sm_70 -DUSE_GPU -DUSE_GPU -DUSE_GPU -DUSE_GPU -DUSE_GPU -DUSE_GPU -DUSE_GPU -DUSE_GPU -O3 -O3 -O3 -O3 -O3 -O3 -O3 -O3 -c main.cpp -o main.o
main.cpp:887:9: warning: 'nd_range' is deprecated: offsets are deprecated in SYCL2020 [-Wdeprecated-declarations]
  887 |         sycl::nd_range<2>(sycl::range<2>((Imax-Imin+16)/16*16, (Jmax-Jmin+16)/16*16), 
      |         ^
/home/ga27mex2/repos/llvm/build/bin/../include/sycl/nd_range.hpp:34:3: note: 'nd_range' has been explicitly marked deprecated here
   34 |   __SYCL2020_DEPRECATED("offsets are deprecated in SYCL2020")
      |   ^
/home/ga27mex2/repos/llvm/build/bin/../include/sycl/detail/defines_elementary.hpp:62:40: note: expanded from macro '__SYCL2020_DEPRECATED'
   62 | #define __SYCL2020_DEPRECATED(message) __SYCL_DEPRECATED(message)
      |                                        ^
/home/ga27mex2/repos/llvm/build/bin/../include/sycl/detail/defines_elementary.hpp:53:38: note: expanded from macro '__SYCL_DEPRECATED'
   53 | #define __SYCL_DEPRECATED(message) [[deprecated(message)]]
      |                                      ^
main.cpp:887:9: warning: 'nd_range' is deprecated: offsets are deprecated in SYCL2020 [-Wdeprecated-declarations]
  887 |         sycl::nd_range<2>(sycl::range<2>((Imax-Imin+16)/16*16, (Jmax-Jmin+16)/16*16), 
      |         ^
/home/ga27mex2/repos/llvm/build/bin/../include/sycl/nd_range.hpp:34:3: note: 'nd_range' has been explicitly marked deprecated here
   34 |   __SYCL2020_DEPRECATED("offsets are deprecated in SYCL2020")
      |   ^
/home/ga27mex2/repos/llvm/build/bin/../include/sycl/detail/defines_elementary.hpp:62:40: note: expanded from macro '__SYCL2020_DEPRECATED'
   62 | #define __SYCL2020_DEPRECATED(message) __SYCL_DEPRECATED(message)
      |                                        ^
/home/ga27mex2/repos/llvm/build/bin/../include/sycl/detail/defines_elementary.hpp:53:38: note: expanded from macro '__SYCL_DEPRECATED'
   53 | #define __SYCL_DEPRECATED(message) [[deprecated(message)]]
      |                                      ^
main.cpp:963:7: warning: 'nd_range' is deprecated: offsets are deprecated in SYCL2020 [-Wdeprecated-declarations]
  963 |       sycl::nd_range<2>(sycl::range<2>((Imax-Imin+16)/16*16, (Jmax-Jmin+16)/16*16), 
      |       ^
/home/ga27mex2/repos/llvm/build/bin/../include/sycl/nd_range.hpp:34:3: note: 'nd_range' has been explicitly marked deprecated here
   34 |   __SYCL2020_DEPRECATED("offsets are deprecated in SYCL2020")
      |   ^
/home/ga27mex2/repos/llvm/build/bin/../include/sycl/detail/defines_elementary.hpp:62:40: note: expanded from macro '__SYCL2020_DEPRECATED'
   62 | #define __SYCL2020_DEPRECATED(message) __SYCL_DEPRECATED(message)
      |                                        ^
/home/ga27mex2/repos/llvm/build/bin/../include/sycl/detail/defines_elementary.hpp:53:38: note: expanded from macro '__SYCL_DEPRECATED'
   53 | #define __SYCL_DEPRECATED(message) [[deprecated(message)]]
      |                                      ^
main.cpp:963:7: warning: 'nd_range' is deprecated: offsets are deprecated in SYCL2020 [-Wdeprecated-declarations]
  963 |       sycl::nd_range<2>(sycl::range<2>((Imax-Imin+16)/16*16, (Jmax-Jmin+16)/16*16), 
      |       ^
/home/ga27mex2/repos/llvm/build/bin/../include/sycl/nd_range.hpp:34:3: note: 'nd_range' has been explicitly marked deprecated here
   34 |   __SYCL2020_DEPRECATED("offsets are deprecated in SYCL2020")
      |   ^
/home/ga27mex2/repos/llvm/build/bin/../include/sycl/detail/defines_elementary.hpp:62:40: note: expanded from macro '__SYCL2020_DEPRECATED'
   62 | #define __SYCL2020_DEPRECATED(message) __SYCL_DEPRECATED(message)
      |                                        ^
/home/ga27mex2/repos/llvm/build/bin/../include/sycl/detail/defines_elementary.hpp:53:38: note: expanded from macro '__SYCL_DEPRECATED'
   53 | #define __SYCL_DEPRECATED(message) [[deprecated(message)]]
      |                                      ^
4 warnings generated.
main.cpp:887:9: warning: 'nd_range' is deprecated: offsets are deprecated in SYCL2020 [-Wdeprecated-declarations]
  887 |         sycl::nd_range<2>(sycl::range<2>((Imax-Imin+16)/16*16, (Jmax-Jmin+16)/16*16), 
      |         ^
/home/ga27mex2/repos/llvm/build/bin/../include/sycl/nd_range.hpp:34:3: note: 'nd_range' has been explicitly marked deprecated here
   34 |   __SYCL2020_DEPRECATED("offsets are deprecated in SYCL2020")
      |   ^
/home/ga27mex2/repos/llvm/build/bin/../include/sycl/detail/defines_elementary.hpp:62:40: note: expanded from macro '__SYCL2020_DEPRECATED'
   62 | #define __SYCL2020_DEPRECATED(message) __SYCL_DEPRECATED(message)
      |                                        ^
/home/ga27mex2/repos/llvm/build/bin/../include/sycl/detail/defines_elementary.hpp:53:38: note: expanded from macro '__SYCL_DEPRECATED'
   53 | #define __SYCL_DEPRECATED(message) [[deprecated(message)]]
      |                                      ^
main.cpp:887:9: warning: 'nd_range' is deprecated: offsets are deprecated in SYCL2020 [-Wdeprecated-declarations]
  887 |         sycl::nd_range<2>(sycl::range<2>((Imax-Imin+16)/16*16, (Jmax-Jmin+16)/16*16), 
      |         ^
/home/ga27mex2/repos/llvm/build/bin/../include/sycl/nd_range.hpp:34:3: note: 'nd_range' has been explicitly marked deprecated here
   34 |   __SYCL2020_DEPRECATED("offsets are deprecated in SYCL2020")
      |   ^
/home/ga27mex2/repos/llvm/build/bin/../include/sycl/detail/defines_elementary.hpp:62:40: note: expanded from macro '__SYCL2020_DEPRECATED'
   62 | #define __SYCL2020_DEPRECATED(message) __SYCL_DEPRECATED(message)
      |                                        ^
/home/ga27mex2/repos/llvm/build/bin/../include/sycl/detail/defines_elementary.hpp:53:38: note: expanded from macro '__SYCL_DEPRECATED'
   53 | #define __SYCL_DEPRECATED(message) [[deprecated(message)]]
      |                                      ^
main.cpp:963:7: warning: 'nd_range' is deprecated: offsets are deprecated in SYCL2020 [-Wdeprecated-declarations]
  963 |       sycl::nd_range<2>(sycl::range<2>((Imax-Imin+16)/16*16, (Jmax-Jmin+16)/16*16), 
      |       ^
/home/ga27mex2/repos/llvm/build/bin/../include/sycl/nd_range.hpp:34:3: note: 'nd_range' has been explicitly marked deprecated here
   34 |   __SYCL2020_DEPRECATED("offsets are deprecated in SYCL2020")
      |   ^
/home/ga27mex2/repos/llvm/build/bin/../include/sycl/detail/defines_elementary.hpp:62:40: note: expanded from macro '__SYCL2020_DEPRECATED'
   62 | #define __SYCL2020_DEPRECATED(message) __SYCL_DEPRECATED(message)
      |                                        ^
/home/ga27mex2/repos/llvm/build/bin/../include/sycl/detail/defines_elementary.hpp:53:38: note: expanded from macro '__SYCL_DEPRECATED'
   53 | #define __SYCL_DEPRECATED(message) [[deprecated(message)]]
      |                                      ^
main.cpp:963:7: warning: 'nd_range' is deprecated: offsets are deprecated in SYCL2020 [-Wdeprecated-declarations]
  963 |       sycl::nd_range<2>(sycl::range<2>((Imax-Imin+16)/16*16, (Jmax-Jmin+16)/16*16), 
      |       ^
/home/ga27mex2/repos/llvm/build/bin/../include/sycl/nd_range.hpp:34:3: note: 'nd_range' has been explicitly marked deprecated here
   34 |   __SYCL2020_DEPRECATED("offsets are deprecated in SYCL2020")
      |   ^
/home/ga27mex2/repos/llvm/build/bin/../include/sycl/detail/defines_elementary.hpp:62:40: note: expanded from macro '__SYCL2020_DEPRECATED'
   62 | #define __SYCL2020_DEPRECATED(message) __SYCL_DEPRECATED(message)
      |                                        ^
/home/ga27mex2/repos/llvm/build/bin/../include/sycl/detail/defines_elementary.hpp:53:38: note: expanded from macro '__SYCL_DEPRECATED'
   53 | #define __SYCL_DEPRECATED(message) [[deprecated(message)]]
      |                                      ^
4 warnings generated.
~/repos/llvm/build/bin/clang++ -std=c++17 -Wall -fsycl --gcc-toolchain=/home/ga27mex2/spack_thx2/spack/opt/spack/linux-centos8-thunderx2/gcc-14.1.0/gcc-14.1.0-kl6fnbyj4mhv4v5emwvqi6nmxb4kvjae -fsycl-targets=nvptx64-nvidia-cuda -Xsycl-target-backend --cuda-gpu-arch=sm_70 -DUSE_GPU -DUSE_GPU -DUSE_GPU -DUSE_GPU -DUSE_GPU -DUSE_GPU -DUSE_GPU -DUSE_GPU -O3 -O3 -O3 -O3 -O3 -O3 -O3 -O3 -c cOgrd.cpp -o cOgrd.o
cOgrd.cpp:178:7: warning: variable 'ierr' set but not used [-Wunused-but-set-variable]
  178 |   int ierr,isBin;
      |       ^
cOgrd.cpp:180:9: warning: unused variable 'fval' [-Wunused-variable]
  180 |   float fval;
      |         ^~~~
cOgrd.cpp:243:11: warning: variable 'ierr' set but not used [-Wunused-but-set-variable]
  243 |   int i,j,ierr,isBin;
      |           ^
cOgrd.cpp:459:10: warning: unused variable 'x0' [-Wunused-variable]
  459 |   double x0,x,y0,y,z;
      |          ^~
cOgrd.cpp:459:13: warning: unused variable 'x' [-Wunused-variable]
  459 |   double x0,x,y0,y,z;
      |             ^
cOgrd.cpp:459:15: warning: unused variable 'y0' [-Wunused-variable]
  459 |   double x0,x,y0,y,z;
      |               ^~
cOgrd.cpp:459:18: warning: unused variable 'y' [-Wunused-variable]
  459 |   double x0,x,y0,y,z;
      |                  ^
cOgrd.cpp:459:20: warning: unused variable 'z' [-Wunused-variable]
  459 |   double x0,x,y0,y,z;
      |                    ^
8 warnings generated.
cOgrd.cpp:178:7: warning: variable 'ierr' set but not used [-Wunused-but-set-variable]
  178 |   int ierr,isBin;
      |       ^
cOgrd.cpp:180:9: warning: unused variable 'fval' [-Wunused-variable]
  180 |   float fval;
      |         ^~~~
cOgrd.cpp:243:11: warning: variable 'ierr' set but not used [-Wunused-but-set-variable]
  243 |   int i,j,ierr,isBin;
      |           ^
cOgrd.cpp:459:10: warning: unused variable 'x0' [-Wunused-variable]
  459 |   double x0,x,y0,y,z;
      |          ^~
cOgrd.cpp:459:13: warning: unused variable 'x' [-Wunused-variable]
  459 |   double x0,x,y0,y,z;
      |             ^
cOgrd.cpp:459:15: warning: unused variable 'y0' [-Wunused-variable]
  459 |   double x0,x,y0,y,z;
      |               ^~
cOgrd.cpp:459:18: warning: unused variable 'y' [-Wunused-variable]
  459 |   double x0,x,y0,y,z;
      |                  ^
cOgrd.cpp:459:20: warning: unused variable 'z' [-Wunused-variable]
  459 |   double x0,x,y0,y,z;
      |                    ^
8 warnings generated.
~/repos/llvm/build/bin/clang++ -std=c++17 -Wall -fsycl --gcc-toolchain=/home/ga27mex2/spack_thx2/spack/opt/spack/linux-centos8-thunderx2/gcc-14.1.0/gcc-14.1.0-kl6fnbyj4mhv4v5emwvqi6nmxb4kvjae -fsycl-targets=nvptx64-nvidia-cuda -Xsycl-target-backend --cuda-gpu-arch=sm_70 -DUSE_GPU -DUSE_GPU -DUSE_GPU -DUSE_GPU -DUSE_GPU -DUSE_GPU -DUSE_GPU -DUSE_GPU -O3 -O3 -O3 -O3 -O3 -O3 -O3 -O3 -c cOkadaFault.cpp -o cOkadaFault.o
cOkadaFault.cpp:73:7: warning: unused variable 'ierr' [-Wunused-variable]
   73 |   int ierr;
      |       ^~~~
cOkadaFault.cpp:333:23: warning: explicitly assigning value of variable of type 'double' to itself [-Wself-assign]
  333 |   case FLT_POS_BT: lx = lx           ; ly = ly + wp  ; break;
      |                    ~~ ^ ~~
cOkadaFault.cpp:334:23: warning: explicitly assigning value of variable of type 'double' to itself [-Wself-assign]
  334 |   case FLT_POS_BB: lx = lx           ; ly = ly       ; break;
      |                    ~~ ^ ~~
cOkadaFault.cpp:334:43: warning: explicitly assigning value of variable of type 'double' to itself [-Wself-assign]
  334 |   case FLT_POS_BB: lx = lx           ; ly = ly       ; break;
      |                                        ~~ ^ ~~
cOkadaFault.cpp:335:43: warning: explicitly assigning value of variable of type 'double' to itself [-Wself-assign]
  335 |   case FLT_POS_MB: lx = lx + length/2; ly = ly       ; break;
      |                                        ~~ ^ ~~
cOkadaFault.cpp:379:7: warning: unused variable 'ierr' [-Wunused-variable]
  379 |   int ierr;
      |       ^~~~
cOkadaFault.cpp:415:7: warning: unused variable 'ierr' [-Wunused-variable]
  415 |   int ierr;
      |       ^~~~
cOkadaFault.cpp:438:7: warning: unused variable 'ierr' [-Wunused-variable]
  438 |   int ierr;
      |       ^~~~
8 warnings generated.
cOkadaFault.cpp:73:7: warning: unused variable 'ierr' [-Wunused-variable]
   73 |   int ierr;
      |       ^~~~
cOkadaFault.cpp:333:23: warning: explicitly assigning value of variable of type 'double' to itself [-Wself-assign]
  333 |   case FLT_POS_BT: lx = lx           ; ly = ly + wp  ; break;
      |                    ~~ ^ ~~
cOkadaFault.cpp:334:23: warning: explicitly assigning value of variable of type 'double' to itself [-Wself-assign]
  334 |   case FLT_POS_BB: lx = lx           ; ly = ly       ; break;
      |                    ~~ ^ ~~
cOkadaFault.cpp:334:43: warning: explicitly assigning value of variable of type 'double' to itself [-Wself-assign]
  334 |   case FLT_POS_BB: lx = lx           ; ly = ly       ; break;
      |                                        ~~ ^ ~~
cOkadaFault.cpp:335:43: warning: explicitly assigning value of variable of type 'double' to itself [-Wself-assign]
  335 |   case FLT_POS_MB: lx = lx + length/2; ly = ly       ; break;
      |                                        ~~ ^ ~~
cOkadaFault.cpp:379:7: warning: unused variable 'ierr' [-Wunused-variable]
  379 |   int ierr;
      |       ^~~~
cOkadaFault.cpp:415:7: warning: unused variable 'ierr' [-Wunused-variable]
  415 |   int ierr;
      |       ^~~~
cOkadaFault.cpp:438:7: warning: unused variable 'ierr' [-Wunused-variable]
  438 |   int ierr;
      |       ^~~~
8 warnings generated.
~/repos/llvm/build/bin/clang++ -std=c++17 -Wall -fsycl --gcc-toolchain=/home/ga27mex2/spack_thx2/spack/opt/spack/linux-centos8-thunderx2/gcc-14.1.0/gcc-14.1.0-kl6fnbyj4mhv4v5emwvqi6nmxb4kvjae -fsycl-targets=nvptx64-nvidia-cuda -Xsycl-target-backend --cuda-gpu-arch=sm_70 -DUSE_GPU -DUSE_GPU -DUSE_GPU -DUSE_GPU -DUSE_GPU -DUSE_GPU -DUSE_GPU -DUSE_GPU -O3 -O3 -O3 -O3 -O3 -O3 -O3 -O3 -c cOkadaEarthquake.cpp -o cOkadaEarthquake.o
cOkadaEarthquake.cpp:90:8: warning: unused variable 'msg' [-Wunused-variable]
   90 |   char msg[32];
      |        ^~~
1 warning generated.
cOkadaEarthquake.cpp:90:8: warning: unused variable 'msg' [-Wunused-variable]
   90 |   char msg[32];
      |        ^~~
1 warning generated.
~/repos/llvm/build/bin/clang++ -std=c++17 -Wall -fsycl --gcc-toolchain=/home/ga27mex2/spack_thx2/spack/opt/spack/linux-centos8-thunderx2/gcc-14.1.0/gcc-14.1.0-kl6fnbyj4mhv4v5emwvqi6nmxb4kvjae -fsycl-targets=nvptx64-nvidia-cuda -Xsycl-target-backend --cuda-gpu-arch=sm_70 -DUSE_GPU -DUSE_GPU -DUSE_GPU -DUSE_GPU -DUSE_GPU -DUSE_GPU -DUSE_GPU -DUSE_GPU -O3 -O3 -O3 -O3 -O3 -O3 -O3 -O3 -c cSphere.cpp -o cSphere.o
cSphere.cpp:129:10: warning: unused variable 'lonr' [-Wunused-variable]
  129 |   double lonr,latr;
      |          ^~~~
cSphere.cpp:129:15: warning: unused variable 'latr' [-Wunused-variable]
  129 |   double lonr,latr;
      |               ^~~~
2 warnings generated.
cSphere.cpp:129:10: warning: unused variable 'lonr' [-Wunused-variable]
  129 |   double lonr,latr;
      |          ^~~~
cSphere.cpp:129:15: warning: unused variable 'latr' [-Wunused-variable]
  129 |   double lonr,latr;
      |               ^~~~
2 warnings generated.
~/repos/llvm/build/bin/clang++ -std=c++17 -Wall -fsycl --gcc-toolchain=/home/ga27mex2/spack_thx2/spack/opt/spack/linux-centos8-thunderx2/gcc-14.1.0/gcc-14.1.0-kl6fnbyj4mhv4v5emwvqi6nmxb4kvjae -fsycl-targets=nvptx64-nvidia-cuda -Xsycl-target-backend --cuda-gpu-arch=sm_70 -DUSE_GPU -DUSE_GPU -DUSE_GPU -DUSE_GPU -DUSE_GPU -DUSE_GPU -DUSE_GPU -DUSE_GPU -O3 -O3 -O3 -O3 -O3 -O3 -O3 -O3 -c okada.cpp -o okada.o
~/repos/llvm/build/bin/clang++ -std=c++17 -Wall -fsycl --gcc-toolchain=/home/ga27mex2/spack_thx2/spack/opt/spack/linux-centos8-thunderx2/gcc-14.1.0/gcc-14.1.0-kl6fnbyj4mhv4v5emwvqi6nmxb4kvjae -fsycl-targets=nvptx64-nvidia-cuda -Xsycl-target-backend --cuda-gpu-arch=sm_70 -DUSE_GPU -DUSE_GPU -DUSE_GPU -DUSE_GPU -DUSE_GPU -DUSE_GPU -DUSE_GPU -DUSE_GPU -O3 -O3 -O3 -O3 -O3 -O3 -O3 -O3 -c utilits.cpp -o utilits.o
utilits.cpp:806:19: warning: unused variable 'cp' [-Wunused-variable]
  806 |   char buf[256], *cp;
      |                   ^~
1 warning generated.
utilits.cpp:806:19: warning: unused variable 'cp' [-Wunused-variable]
  806 |   char buf[256], *cp;
      |                   ^~
1 warning generated.
~/repos/llvm/build/bin/clang++ -std=c++17 -Wall -fsycl --gcc-toolchain=/home/ga27mex2/spack_thx2/spack/opt/spack/linux-centos8-thunderx2/gcc-14.1.0/gcc-14.1.0-kl6fnbyj4mhv4v5emwvqi6nmxb4kvjae -fsycl-targets=nvptx64-nvidia-cuda -Xsycl-target-backend --cuda-gpu-arch=sm_70 -DUSE_GPU -DUSE_GPU -DUSE_GPU -DUSE_GPU -DUSE_GPU -DUSE_GPU -DUSE_GPU -DUSE_GPU -O3 -O3 -O3 -O3 -O3 -O3 -O3 -O3 main.o cOgrd.o cOkadaFault.o cOkadaEarthquake.o cSphere.o okada.o utilits.o -o sycl 
