clang++ -fopenmp -fopenmp-targets=amdgcn-amd-amdhsa -Xopenmp-target=amdgcn-amd-amdhsa -march=gfx908 -I../include -I../include -I../include -I../include -D__STRICT_ANSI__ -D__STRICT_ANSI__ -D__STRICT_ANSI__ -D__STRICT_ANSI__ -O3 -O3 -O3 -O3 -c fileio.cpp -o fileio.o
clang++ -fopenmp -fopenmp-targets=amdgcn-amd-amdhsa -Xopenmp-target=amdgcn-amd-amdhsa -march=gfx908 -I../include -I../include -I../include -I../include -D__STRICT_ANSI__ -D__STRICT_ANSI__ -D__STRICT_ANSI__ -D__STRICT_ANSI__ -O3 -O3 -O3 -O3 -c fluid.cpp -o fluid.o
warning: loop not vectorized: the optimizer was unable to perform the requested transformation; the transformation might be disabled or specified as part of an unsupported transformation ordering [-Wpass-failed=transform-warning]
warning: loop not vectorized: the optimizer was unable to perform the requested transformation; the transformation might be disabled or specified as part of an unsupported transformation ordering [-Wpass-failed=transform-warning]
warning: loop not vectorized: the optimizer was unable to perform the requested transformation; the transformation might be disabled or specified as part of an unsupported transformation ordering [-Wpass-failed=transform-warning]
warning: loop not vectorized: the optimizer was unable to perform the requested transformation; the transformation might be disabled or specified as part of an unsupported transformation ordering [-Wpass-failed=transform-warning]
warning: loop not vectorized: the optimizer was unable to perform the requested transformation; the transformation might be disabled or specified as part of an unsupported transformation ordering [-Wpass-failed=transform-warning]
warning: loop not vectorized: the optimizer was unable to perform the requested transformation; the transformation might be disabled or specified as part of an unsupported transformation ordering [-Wpass-failed=transform-warning]
warning: loop not vectorized: the optimizer was unable to perform the requested transformation; the transformation might be disabled or specified as part of an unsupported transformation ordering [-Wpass-failed=transform-warning]
warning: loop not vectorized: the optimizer was unable to perform the requested transformation; the transformation might be disabled or specified as part of an unsupported transformation ordering [-Wpass-failed=transform-warning]
8 warnings generated.
warning: <unknown>:0:0: loop not vectorized: the optimizer was unable to perform the requested transformation; the transformation might be disabled or specified as part of an unsupported transformation ordering [-Wpass-failed=transform-warning]
warning: <unknown>:0:0: loop not vectorized: the optimizer was unable to perform the requested transformation; the transformation might be disabled or specified as part of an unsupported transformation ordering [-Wpass-failed=transform-warning]
warning: <unknown>:0:0: loop not vectorized: the optimizer was unable to perform the requested transformation; the transformation might be disabled or specified as part of an unsupported transformation ordering [-Wpass-failed=transform-warning]
warning: <unknown>:0:0: loop not vectorized: the optimizer was unable to perform the requested transformation; the transformation might be disabled or specified as part of an unsupported transformation ordering [-Wpass-failed=transform-warning]
warning: <unknown>:0:0: loop not vectorized: the optimizer was unable to perform the requested transformation; the transformation might be disabled or specified as part of an unsupported transformation ordering [-Wpass-failed=transform-warning]
warning: <unknown>:0:0: loop not vectorized: the optimizer was unable to perform the requested transformation; the transformation might be disabled or specified as part of an unsupported transformation ordering [-Wpass-failed=transform-warning]
warning: <unknown>:0:0: loop not vectorized: the optimizer was unable to perform the requested transformation; the transformation might be disabled or specified as part of an unsupported transformation ordering [-Wpass-failed=transform-warning]
7 warnings generated.
clang++ -fopenmp -fopenmp-targets=amdgcn-amd-amdhsa -Xopenmp-target=amdgcn-amd-amdhsa -march=gfx908 -I../include -I../include -I../include -I../include -D__STRICT_ANSI__ -D__STRICT_ANSI__ -D__STRICT_ANSI__ -D__STRICT_ANSI__ -O3 -O3 -O3 -O3 -c geometry.cpp -o geometry.o
clang++ -fopenmp -fopenmp-targets=amdgcn-amd-amdhsa -Xopenmp-target=amdgcn-amd-amdhsa -march=gfx908 -I../include -I../include -I../include -I../include -D__STRICT_ANSI__ -D__STRICT_ANSI__ -D__STRICT_ANSI__ -D__STRICT_ANSI__ -O3 -O3 -O3 -O3 fileio.o fluid.o geometry.o -o omp 
/home/ga27mex2/spack_rome2/spack/opt/spack/linux-sle_hpc15-zen2/gcc-14.2.0/llvm-19.1.3-i57j2ts5u3gyfath4t24y6yjigtzjjfh/bin/clang-linker-wrapper: warning: <unknown>:0:0: loop not vectorized: the optimizer was unable to perform the requested transformation; the transformation might be disabled or specified as part of an unsupported transformation ordering
/home/ga27mex2/spack_rome2/spack/opt/spack/linux-sle_hpc15-zen2/gcc-14.2.0/llvm-19.1.3-i57j2ts5u3gyfath4t24y6yjigtzjjfh/bin/clang-linker-wrapper: warning: <unknown>:0:0: loop not vectorized: the optimizer was unable to perform the requested transformation; the transformation might be disabled or specified as part of an unsupported transformation ordering
/home/ga27mex2/spack_rome2/spack/opt/spack/linux-sle_hpc15-zen2/gcc-14.2.0/llvm-19.1.3-i57j2ts5u3gyfath4t24y6yjigtzjjfh/bin/clang-linker-wrapper: warning: <unknown>:0:0: loop not vectorized: the optimizer was unable to perform the requested transformation; the transformation might be disabled or specified as part of an unsupported transformation ordering
/home/ga27mex2/spack_rome2/spack/opt/spack/linux-sle_hpc15-zen2/gcc-14.2.0/llvm-19.1.3-i57j2ts5u3gyfath4t24y6yjigtzjjfh/bin/clang-linker-wrapper: warning: <unknown>:0:0: loop not vectorized: the optimizer was unable to perform the requested transformation; the transformation might be disabled or specified as part of an unsupported transformation ordering
/home/ga27mex2/spack_rome2/spack/opt/spack/linux-sle_hpc15-zen2/gcc-14.2.0/llvm-19.1.3-i57j2ts5u3gyfath4t24y6yjigtzjjfh/bin/clang-linker-wrapper: warning: <unknown>:0:0: loop not vectorized: the optimizer was unable to perform the requested transformation; the transformation might be disabled or specified as part of an unsupported transformation ordering
/home/ga27mex2/spack_rome2/spack/opt/spack/linux-sle_hpc15-zen2/gcc-14.2.0/llvm-19.1.3-i57j2ts5u3gyfath4t24y6yjigtzjjfh/bin/clang-linker-wrapper: warning: <unknown>:0:0: loop not vectorized: the optimizer was unable to perform the requested transformation; the transformation might be disabled or specified as part of an unsupported transformation ordering
remark: <unknown>:0:0: loop not vectorized: value that could not be identified as reduction is used outside the loop
/home/ga27mex2/spack_rome2/spack/opt/spack/linux-sle_hpc15-zen2/gcc-14.2.0/llvm-19.1.3-i57j2ts5u3gyfath4t24y6yjigtzjjfh/bin/clang-linker-wrapper: warning: <unknown>:0:0: loop not vectorized: the optimizer was unable to perform the requested transformation; the transformation might be disabled or specified as part of an unsupported transformation ordering
/home/ga27mex2/spack_rome2/spack/opt/spack/linux-sle_hpc15-zen2/gcc-14.2.0/llvm-19.1.3-i57j2ts5u3gyfath4t24y6yjigtzjjfh/bin/clang-linker-wrapper: warning: <unknown>:0:0: loop not vectorized: the optimizer was unable to perform the requested transformation; the transformation might be disabled or specified as part of an unsupported transformation ordering
clang++ -fopenmp -fopenmp-targets=amdgcn-amd-amdhsa -Xopenmp-target=amdgcn-amd-amdhsa -march=gfx908 -I../include -I../include -I../include -I../include -D__STRICT_ANSI__ -D__STRICT_ANSI__ -D__STRICT_ANSI__ -D__STRICT_ANSI__ -O3 -O3 -O3 -O3 fileio.o fluid.o geometry.o -o OPTIMIZE=yes 
/home/ga27mex2/spack_rome2/spack/opt/spack/linux-sle_hpc15-zen2/gcc-14.2.0/llvm-19.1.3-i57j2ts5u3gyfath4t24y6yjigtzjjfh/bin/clang-linker-wrapper: warning: <unknown>:0:0: loop not vectorized: the optimizer was unable to perform the requested transformation; the transformation might be disabled or specified as part of an unsupported transformation ordering
/home/ga27mex2/spack_rome2/spack/opt/spack/linux-sle_hpc15-zen2/gcc-14.2.0/llvm-19.1.3-i57j2ts5u3gyfath4t24y6yjigtzjjfh/bin/clang-linker-wrapper: warning: <unknown>:0:0: loop not vectorized: the optimizer was unable to perform the requested transformation; the transformation might be disabled or specified as part of an unsupported transformation ordering
/home/ga27mex2/spack_rome2/spack/opt/spack/linux-sle_hpc15-zen2/gcc-14.2.0/llvm-19.1.3-i57j2ts5u3gyfath4t24y6yjigtzjjfh/bin/clang-linker-wrapper: warning: <unknown>:0:0: loop not vectorized: the optimizer was unable to perform the requested transformation; the transformation might be disabled or specified as part of an unsupported transformation ordering
/home/ga27mex2/spack_rome2/spack/opt/spack/linux-sle_hpc15-zen2/gcc-14.2.0/llvm-19.1.3-i57j2ts5u3gyfath4t24y6yjigtzjjfh/bin/clang-linker-wrapper: warning: <unknown>:0:0: loop not vectorized: the optimizer was unable to perform the requested transformation; the transformation might be disabled or specified as part of an unsupported transformation ordering
/home/ga27mex2/spack_rome2/spack/opt/spack/linux-sle_hpc15-zen2/gcc-14.2.0/llvm-19.1.3-i57j2ts5u3gyfath4t24y6yjigtzjjfh/bin/clang-linker-wrapper: warning: <unknown>:0:0: loop not vectorized: the optimizer was unable to perform the requested transformation; the transformation might be disabled or specified as part of an unsupported transformation ordering
/home/ga27mex2/spack_rome2/spack/opt/spack/linux-sle_hpc15-zen2/gcc-14.2.0/llvm-19.1.3-i57j2ts5u3gyfath4t24y6yjigtzjjfh/bin/clang-linker-wrapper: warning: <unknown>:0:0: loop not vectorized: the optimizer was unable to perform the requested transformation; the transformation might be disabled or specified as part of an unsupported transformation ordering
remark: <unknown>:0:0: loop not vectorized: value that could not be identified as reduction is used outside the loop
/home/ga27mex2/spack_rome2/spack/opt/spack/linux-sle_hpc15-zen2/gcc-14.2.0/llvm-19.1.3-i57j2ts5u3gyfath4t24y6yjigtzjjfh/bin/clang-linker-wrapper: warning: <unknown>:0:0: loop not vectorized: the optimizer was unable to perform the requested transformation; the transformation might be disabled or specified as part of an unsupported transformation ordering
/home/ga27mex2/spack_rome2/spack/opt/spack/linux-sle_hpc15-zen2/gcc-14.2.0/llvm-19.1.3-i57j2ts5u3gyfath4t24y6yjigtzjjfh/bin/clang-linker-wrapper: warning: <unknown>:0:0: loop not vectorized: the optimizer was unable to perform the requested transformation; the transformation might be disabled or specified as part of an unsupported transformation ordering
