clang++ -fopenmp -fopenmp-targets=amdgcn-amd-amdhsa -Xopenmp-target=amdgcn-amd-amdhsa -march=gfx908 -I../backprop-cuda -D__STRICT_ANSI__ -O3 -c backprop.cpp -o backprop.o
backprop.cpp:98:31: warning: implicit conversion from 'int' to 'float' changes value from 2147483647 to 2147483648 [-Wimplicit-const-int-float-conversion]
   98 |      w[i][j] = (float) rand()/RAND_MAX;
      |                              ~^~~~~~~~
/usr/include/stdlib.h:86:18: note: expanded from macro 'RAND_MAX'
   86 | #define RAND_MAX        2147483647
      |                         ^~~~~~~~~~
1 warning generated.
backprop.cpp:98:31: warning: implicit conversion from 'int' to 'float' changes value from 2147483647 to 2147483648 [-Wimplicit-const-int-float-conversion]
   98 |      w[i][j] = (float) rand()/RAND_MAX;
      |                              ~^~~~~~~~
/usr/include/stdlib.h:86:18: note: expanded from macro 'RAND_MAX'
   86 | #define RAND_MAX        2147483647
      |                         ^~~~~~~~~~
1 warning generated.
clang++ -fopenmp -fopenmp-targets=amdgcn-amd-amdhsa -Xopenmp-target=amdgcn-amd-amdhsa -march=gfx908 -I../backprop-cuda -D__STRICT_ANSI__ -O3 -c facetrain.cpp -o facetrain.o
clang++ -fopenmp -fopenmp-targets=amdgcn-amd-amdhsa -Xopenmp-target=amdgcn-amd-amdhsa -march=gfx908 -I../backprop-cuda -D__STRICT_ANSI__ -O3 -c imagenet.cpp -o imagenet.o
imagenet.cpp:20:30: warning: implicit conversion from 'int' to 'float' changes value from 2147483647 to 2147483648 [-Wimplicit-const-int-float-conversion]
   20 |           units[k] = (float) rand()/RAND_MAX ;
      |                                    ~^~~~~~~~
/usr/include/stdlib.h:86:18: note: expanded from macro 'RAND_MAX'
   86 | #define RAND_MAX        2147483647
      |                         ^~~~~~~~~~
1 warning generated.
imagenet.cpp:20:30: warning: implicit conversion from 'int' to 'float' changes value from 2147483647 to 2147483648 [-Wimplicit-const-int-float-conversion]
   20 |           units[k] = (float) rand()/RAND_MAX ;
      |                                    ~^~~~~~~~
/usr/include/stdlib.h:86:18: note: expanded from macro 'RAND_MAX'
   86 | #define RAND_MAX        2147483647
      |                         ^~~~~~~~~~
1 warning generated.
clang++ -fopenmp -fopenmp-targets=amdgcn-amd-amdhsa -Xopenmp-target=amdgcn-amd-amdhsa -march=gfx908 -I../backprop-cuda -D__STRICT_ANSI__ -O3 -c main.cpp -o main.o
clang++ -fopenmp -fopenmp-targets=amdgcn-amd-amdhsa -Xopenmp-target=amdgcn-amd-amdhsa -march=gfx908 -I../backprop-cuda -D__STRICT_ANSI__ -O3 backprop.o facetrain.o imagenet.o main.o -o omp 
