clang++ -fopenmp -fopenmp-targets=amdgcn-amd-amdhsa -Xopenmp-target=amdgcn-amd-amdhsa -march=gfx908 -D__STRICT_ANSI__ -D__STRICT_ANSI__ -O3 -O3 -c main.cpp -o main.o
In file included from main.cpp:50:
./QuicksortKernels.h:94:19: warning: implicit conversion from 'unsigned int' to 'float' changes value from 4294967295 to 4294967296 [-Wimplicit-const-int-float-conversion]
   94 |         temp[i] = UINT_MAX;
      |                 ~ ^~~~~~~~
/home/ga27mex2/spack_rome2/spack/opt/spack/linux-sle_hpc15-zen2/gcc-14.2.0/llvm-19.1.3-i57j2ts5u3gyfath4t24y6yjigtzjjfh/lib/clang/19/include/limits.h:64:37: note: expanded from macro 'UINT_MAX'
   64 | #define UINT_MAX  (__INT_MAX__  *2U +1U)
      |                    ~~~~~~~~~~~~~~~~~^~~
./lqsort_kernel.h:146:9: note: in instantiation of function template specialization 'sort_threshold<float>' requested here
  146 |         sort_threshold(sn, d+d_offset, start, start + ltsum, temp, localid);
      |         ^
main.cpp:375:5: note: in instantiation of function template specialization 'GPUQSort<float>' requested here
  375 |     GPUQSort(arraySize, pArray, pArrayCopy);
      |     ^
main.cpp:441:3: note: in instantiation of function template specialization 'test<float>' requested here
  441 |   test<float>(arraySize, NUM_ITERATIONS, "float");
      |   ^
1 warning generated.
In file included from main.cpp:50:
./QuicksortKernels.h:94:19: warning: implicit conversion from 'unsigned int' to 'float' changes value from 4294967295 to 4294967296 [-Wimplicit-const-int-float-conversion]
   94 |         temp[i] = UINT_MAX;
      |                 ~ ^~~~~~~~
/home/ga27mex2/spack_rome2/spack/opt/spack/linux-sle_hpc15-zen2/gcc-14.2.0/llvm-19.1.3-i57j2ts5u3gyfath4t24y6yjigtzjjfh/lib/clang/19/include/limits.h:64:37: note: expanded from macro 'UINT_MAX'
   64 | #define UINT_MAX  (__INT_MAX__  *2U +1U)
      |                    ~~~~~~~~~~~~~~~~~^~~
./lqsort_kernel.h:146:9: note: in instantiation of function template specialization 'sort_threshold<float>' requested here
  146 |         sort_threshold(sn, d+d_offset, start, start + ltsum, temp, localid);
      |         ^
main.cpp:375:5: note: in instantiation of function template specialization 'GPUQSort<float>' requested here
  375 |     GPUQSort(arraySize, pArray, pArrayCopy);
      |     ^
main.cpp:441:3: note: in instantiation of function template specialization 'test<float>' requested here
  441 |   test<float>(arraySize, NUM_ITERATIONS, "float");
      |   ^
1 warning generated.
clang++ -fopenmp -fopenmp-targets=amdgcn-amd-amdhsa -Xopenmp-target=amdgcn-amd-amdhsa -march=gfx908 -D__STRICT_ANSI__ -D__STRICT_ANSI__ -O3 -O3 main.o -o omp 
