~/sycl_workspace/llvm/build/bin/clang++ -fsycl --gcc-toolchain=/home/ga27mex2/spack_rome2/spack/opt/spack/linux-sle_hpc15-zen2/gcc-14.2.0/gcc-14.2.0-5o6uafvyeefoza5cmnze5vcuwbdhzj6o/ -fsycl-targets=amdgcn-amd-amdhsa -Xsycl-target-backend --offload-arch=gfx908 -I/home/ga27mex2/sycl_workspace/llvm/build/lib/libsycl.so.8 -I../meanshift-cuda -I../meanshift-cuda -DUSE_GPU -DUSE_GPU -O3 -O3 -c main.cpp -o main.o
main.cpp:168:61: warning: 'get_pointer' is deprecated: local_accessor::get_pointer() is deprecated, please use get_multi_ptr() [-Wdeprecated-declarations]
  168 |         mean_shift::gpu::mean_shift_tiling(item, local_data.get_pointer(),
      |                                                             ^
/home/ga27mex2/sycl_workspace/llvm/build/bin/../include/sycl/accessor.hpp:2565:3: note: 'get_pointer' has been explicitly marked deprecated here
 2565 |   __SYCL2020_DEPRECATED(
      |   ^
/home/ga27mex2/sycl_workspace/llvm/build/bin/../include/sycl/detail/defines_elementary.hpp:62:40: note: expanded from macro '__SYCL2020_DEPRECATED'
   62 | #define __SYCL2020_DEPRECATED(message) __SYCL_DEPRECATED(message)
      |                                        ^
/home/ga27mex2/sycl_workspace/llvm/build/bin/../include/sycl/detail/defines_elementary.hpp:53:38: note: expanded from macro '__SYCL_DEPRECATED'
   53 | #define __SYCL_DEPRECATED(message) [[deprecated(message)]]
      |                                      ^
main.cpp:169:55: warning: 'get_pointer' is deprecated: local_accessor::get_pointer() is deprecated, please use get_multi_ptr() [-Wdeprecated-declarations]
  169 |                                            valid_data.get_pointer(),
      |                                                       ^
/home/ga27mex2/sycl_workspace/llvm/build/bin/../include/sycl/accessor.hpp:2565:3: note: 'get_pointer' has been explicitly marked deprecated here
 2565 |   __SYCL2020_DEPRECATED(
      |   ^
/home/ga27mex2/sycl_workspace/llvm/build/bin/../include/sycl/detail/defines_elementary.hpp:62:40: note: expanded from macro '__SYCL2020_DEPRECATED'
   62 | #define __SYCL2020_DEPRECATED(message) __SYCL_DEPRECATED(message)
      |                                        ^
/home/ga27mex2/sycl_workspace/llvm/build/bin/../include/sycl/detail/defines_elementary.hpp:53:38: note: expanded from macro '__SYCL_DEPRECATED'
   53 | #define __SYCL_DEPRECATED(message) [[deprecated(message)]]
      |                                      ^
2 warnings generated.
main.cpp:168:61: warning: 'get_pointer' is deprecated: local_accessor::get_pointer() is deprecated, please use get_multi_ptr() [-Wdeprecated-declarations]
  168 |         mean_shift::gpu::mean_shift_tiling(item, local_data.get_pointer(),
      |                                                             ^
/home/ga27mex2/sycl_workspace/llvm/build/bin/../include/sycl/accessor.hpp:2565:3: note: 'get_pointer' has been explicitly marked deprecated here
 2565 |   __SYCL2020_DEPRECATED(
      |   ^
/home/ga27mex2/sycl_workspace/llvm/build/bin/../include/sycl/detail/defines_elementary.hpp:62:40: note: expanded from macro '__SYCL2020_DEPRECATED'
   62 | #define __SYCL2020_DEPRECATED(message) __SYCL_DEPRECATED(message)
      |                                        ^
/home/ga27mex2/sycl_workspace/llvm/build/bin/../include/sycl/detail/defines_elementary.hpp:53:38: note: expanded from macro '__SYCL_DEPRECATED'
   53 | #define __SYCL_DEPRECATED(message) [[deprecated(message)]]
      |                                      ^
main.cpp:169:55: warning: 'get_pointer' is deprecated: local_accessor::get_pointer() is deprecated, please use get_multi_ptr() [-Wdeprecated-declarations]
  169 |                                            valid_data.get_pointer(),
      |                                                       ^
/home/ga27mex2/sycl_workspace/llvm/build/bin/../include/sycl/accessor.hpp:2565:3: note: 'get_pointer' has been explicitly marked deprecated here
 2565 |   __SYCL2020_DEPRECATED(
      |   ^
/home/ga27mex2/sycl_workspace/llvm/build/bin/../include/sycl/detail/defines_elementary.hpp:62:40: note: expanded from macro '__SYCL2020_DEPRECATED'
   62 | #define __SYCL2020_DEPRECATED(message) __SYCL_DEPRECATED(message)
      |                                        ^
/home/ga27mex2/sycl_workspace/llvm/build/bin/../include/sycl/detail/defines_elementary.hpp:53:38: note: expanded from macro '__SYCL_DEPRECATED'
   53 | #define __SYCL_DEPRECATED(message) [[deprecated(message)]]
      |                                      ^
2 warnings generated.
~/sycl_workspace/llvm/build/bin/clang++ -fsycl --gcc-toolchain=/home/ga27mex2/spack_rome2/spack/opt/spack/linux-sle_hpc15-zen2/gcc-14.2.0/gcc-14.2.0-5o6uafvyeefoza5cmnze5vcuwbdhzj6o/ -fsycl-targets=amdgcn-amd-amdhsa -Xsycl-target-backend --offload-arch=gfx908 -I/home/ga27mex2/sycl_workspace/llvm/build/lib/libsycl.so.8 -I../meanshift-cuda -I../meanshift-cuda -DUSE_GPU -DUSE_GPU -O3 -O3 main.o -o sycl 
