~/repos/llvm/build/bin/clang++ -std=c++17 -Wall -fsycl --gcc-toolchain=/home/ga27mex2/spack_thx2/spack/opt/spack/linux-centos8-thunderx2/gcc-14.1.0/gcc-14.1.0-kl6fnbyj4mhv4v5emwvqi6nmxb4kvjae -fsycl-targets=nvptx64-nvidia-cuda -Xsycl-target-backend --cuda-gpu-arch=sm_70 -DUSE_GPU -DUSE_GPU -DUSE_GPU -DUSE_GPU -DUSE_GPU -DUSE_GPU -O3 -O3 -O3 -O3 -O3 -O3 -c main.cpp -o main.o
In file included from main.cpp:18:
./kernels.cpp:1221:38: warning: 'get_pointer' is deprecated: local_accessor::get_pointer() is deprecated, please use get_multi_ptr() [-Wdeprecated-declarations]
 1221 |                                   sm.get_pointer(),
      |                                      ^
/home/ga27mex2/repos/llvm/build/bin/../include/sycl/accessor.hpp:2565:3: note: 'get_pointer' has been explicitly marked deprecated here
 2565 |   __SYCL2020_DEPRECATED(
      |   ^
/home/ga27mex2/repos/llvm/build/bin/../include/sycl/detail/defines_elementary.hpp:62:40: note: expanded from macro '__SYCL2020_DEPRECATED'
   62 | #define __SYCL2020_DEPRECATED(message) __SYCL_DEPRECATED(message)
      |                                        ^
/home/ga27mex2/repos/llvm/build/bin/../include/sycl/detail/defines_elementary.hpp:53:38: note: expanded from macro '__SYCL_DEPRECATED'
   53 | #define __SYCL_DEPRECATED(message) [[deprecated(message)]]
      |                                      ^
In file included from main.cpp:18:
./kernels.cpp:1249:38: warning: 'get_pointer' is deprecated: local_accessor::get_pointer() is deprecated, please use get_multi_ptr() [-Wdeprecated-declarations]
 1249 |                                   sm.get_pointer(),
      |                                      ^
/home/ga27mex2/repos/llvm/build/bin/../include/sycl/accessor.hpp:2565:3: note: 'get_pointer' has been explicitly marked deprecated here
 2565 |   __SYCL2020_DEPRECATED(
      |   ^
/home/ga27mex2/repos/llvm/build/bin/../include/sycl/detail/defines_elementary.hpp:62:40: note: expanded from macro '__SYCL2020_DEPRECATED'
   62 | #define __SYCL2020_DEPRECATED(message) __SYCL_DEPRECATED(message)
      |                                        ^
/home/ga27mex2/repos/llvm/build/bin/../include/sycl/detail/defines_elementary.hpp:53:38: note: expanded from macro '__SYCL_DEPRECATED'
   53 | #define __SYCL_DEPRECATED(message) [[deprecated(message)]]
      |                                      ^
In file included from main.cpp:18:
./kernels.cpp:1277:38: warning: 'get_pointer' is deprecated: local_accessor::get_pointer() is deprecated, please use get_multi_ptr() [-Wdeprecated-declarations]
 1277 |                                   sm.get_pointer(),
      |                                      ^
/home/ga27mex2/repos/llvm/build/bin/../include/sycl/accessor.hpp:2565:3: note: 'get_pointer' has been explicitly marked deprecated here
 2565 |   __SYCL2020_DEPRECATED(
      |   ^
/home/ga27mex2/repos/llvm/build/bin/../include/sycl/detail/defines_elementary.hpp:62:40: note: expanded from macro '__SYCL2020_DEPRECATED'
   62 | #define __SYCL2020_DEPRECATED(message) __SYCL_DEPRECATED(message)
      |                                        ^
/home/ga27mex2/repos/llvm/build/bin/../include/sycl/detail/defines_elementary.hpp:53:38: note: expanded from macro '__SYCL_DEPRECATED'
   53 | #define __SYCL_DEPRECATED(message) [[deprecated(message)]]
      |                                      ^
In file included from main.cpp:18:
./kernels.cpp:1305:38: warning: 'get_pointer' is deprecated: local_accessor::get_pointer() is deprecated, please use get_multi_ptr() [-Wdeprecated-declarations]
 1305 |                                   sm.get_pointer(),
      |                                      ^
/home/ga27mex2/repos/llvm/build/bin/../include/sycl/accessor.hpp:2565:3: note: 'get_pointer' has been explicitly marked deprecated here
 2565 |   __SYCL2020_DEPRECATED(
      |   ^
/home/ga27mex2/repos/llvm/build/bin/../include/sycl/detail/defines_elementary.hpp:62:40: note: expanded from macro '__SYCL2020_DEPRECATED'
   62 | #define __SYCL2020_DEPRECATED(message) __SYCL_DEPRECATED(message)
      |                                        ^
/home/ga27mex2/repos/llvm/build/bin/../include/sycl/detail/defines_elementary.hpp:53:38: note: expanded from macro '__SYCL_DEPRECATED'
   53 | #define __SYCL_DEPRECATED(message) [[deprecated(message)]]
      |                                      ^
In file included from main.cpp:18:
./kernels.cpp:1333:38: warning: 'get_pointer' is deprecated: local_accessor::get_pointer() is deprecated, please use get_multi_ptr() [-Wdeprecated-declarations]
 1333 |                                   sm.get_pointer(),
      |                                      ^
/home/ga27mex2/repos/llvm/build/bin/../include/sycl/accessor.hpp:2565:3: note: 'get_pointer' has been explicitly marked deprecated here
 2565 |   __SYCL2020_DEPRECATED(
      |   ^
/home/ga27mex2/repos/llvm/build/bin/../include/sycl/detail/defines_elementary.hpp:62:40: note: expanded from macro '__SYCL2020_DEPRECATED'
   62 | #define __SYCL2020_DEPRECATED(message) __SYCL_DEPRECATED(message)
      |                                        ^
/home/ga27mex2/repos/llvm/build/bin/../include/sycl/detail/defines_elementary.hpp:53:38: note: expanded from macro '__SYCL_DEPRECATED'
   53 | #define __SYCL_DEPRECATED(message) [[deprecated(message)]]
      |                                      ^
In file included from main.cpp:18:
./kernels.cpp:1362:38: warning: 'get_pointer' is deprecated: local_accessor::get_pointer() is deprecated, please use get_multi_ptr() [-Wdeprecated-declarations]
 1362 |                                   sm.get_pointer(),
      |                                      ^
/home/ga27mex2/repos/llvm/build/bin/../include/sycl/accessor.hpp:2565:3: note: 'get_pointer' has been explicitly marked deprecated here
 2565 |   __SYCL2020_DEPRECATED(
      |   ^
/home/ga27mex2/repos/llvm/build/bin/../include/sycl/detail/defines_elementary.hpp:62:40: note: expanded from macro '__SYCL2020_DEPRECATED'
   62 | #define __SYCL2020_DEPRECATED(message) __SYCL_DEPRECATED(message)
      |                                        ^
/home/ga27mex2/repos/llvm/build/bin/../include/sycl/detail/defines_elementary.hpp:53:38: note: expanded from macro '__SYCL_DEPRECATED'
   53 | #define __SYCL_DEPRECATED(message) [[deprecated(message)]]
      |                                      ^
In file included from main.cpp:18:
./kernels.cpp:1390:38: warning: 'get_pointer' is deprecated: local_accessor::get_pointer() is deprecated, please use get_multi_ptr() [-Wdeprecated-declarations]
 1390 |                                   sm.get_pointer(),
      |                                      ^
/home/ga27mex2/repos/llvm/build/bin/../include/sycl/accessor.hpp:2565:3: note: 'get_pointer' has been explicitly marked deprecated here
 2565 |   __SYCL2020_DEPRECATED(
      |   ^
/home/ga27mex2/repos/llvm/build/bin/../include/sycl/detail/defines_elementary.hpp:62:40: note: expanded from macro '__SYCL2020_DEPRECATED'
   62 | #define __SYCL2020_DEPRECATED(message) __SYCL_DEPRECATED(message)
      |                                        ^
/home/ga27mex2/repos/llvm/build/bin/../include/sycl/detail/defines_elementary.hpp:53:38: note: expanded from macro '__SYCL_DEPRECATED'
   53 | #define __SYCL_DEPRECATED(message) [[deprecated(message)]]
      |                                      ^
In file included from main.cpp:18:
./kernels.cpp:1418:38: warning: 'get_pointer' is deprecated: local_accessor::get_pointer() is deprecated, please use get_multi_ptr() [-Wdeprecated-declarations]
 1418 |                                   sm.get_pointer(),
      |                                      ^
/home/ga27mex2/repos/llvm/build/bin/../include/sycl/accessor.hpp:2565:3: note: 'get_pointer' has been explicitly marked deprecated here
 2565 |   __SYCL2020_DEPRECATED(
      |   ^
/home/ga27mex2/repos/llvm/build/bin/../include/sycl/detail/defines_elementary.hpp:62:40: note: expanded from macro '__SYCL2020_DEPRECATED'
   62 | #define __SYCL2020_DEPRECATED(message) __SYCL_DEPRECATED(message)
      |                                        ^
/home/ga27mex2/repos/llvm/build/bin/../include/sycl/detail/defines_elementary.hpp:53:38: note: expanded from macro '__SYCL_DEPRECATED'
   53 | #define __SYCL_DEPRECATED(message) [[deprecated(message)]]
      |                                      ^
In file included from main.cpp:18:
./kernels.cpp:1446:38: warning: 'get_pointer' is deprecated: local_accessor::get_pointer() is deprecated, please use get_multi_ptr() [-Wdeprecated-declarations]
 1446 |                                   sm.get_pointer(),
      |                                      ^
/home/ga27mex2/repos/llvm/build/bin/../include/sycl/accessor.hpp:2565:3: note: 'get_pointer' has been explicitly marked deprecated here
 2565 |   __SYCL2020_DEPRECATED(
      |   ^
/home/ga27mex2/repos/llvm/build/bin/../include/sycl/detail/defines_elementary.hpp:62:40: note: expanded from macro '__SYCL2020_DEPRECATED'
   62 | #define __SYCL2020_DEPRECATED(message) __SYCL_DEPRECATED(message)
      |                                        ^
/home/ga27mex2/repos/llvm/build/bin/../include/sycl/detail/defines_elementary.hpp:53:38: note: expanded from macro '__SYCL_DEPRECATED'
   53 | #define __SYCL_DEPRECATED(message) [[deprecated(message)]]
      |                                      ^
In file included from main.cpp:18:
./kernels.cpp:1475:38: warning: 'get_pointer' is deprecated: local_accessor::get_pointer() is deprecated, please use get_multi_ptr() [-Wdeprecated-declarations]
 1475 |                                   sm.get_pointer(),
      |                                      ^
/home/ga27mex2/repos/llvm/build/bin/../include/sycl/accessor.hpp:2565:3: note: 'get_pointer' has been explicitly marked deprecated here
 2565 |   __SYCL2020_DEPRECATED(
      |   ^
/home/ga27mex2/repos/llvm/build/bin/../include/sycl/detail/defines_elementary.hpp:62:40: note: expanded from macro '__SYCL2020_DEPRECATED'
   62 | #define __SYCL2020_DEPRECATED(message) __SYCL_DEPRECATED(message)
      |                                        ^
/home/ga27mex2/repos/llvm/build/bin/../include/sycl/detail/defines_elementary.hpp:53:38: note: expanded from macro '__SYCL_DEPRECATED'
   53 | #define __SYCL_DEPRECATED(message) [[deprecated(message)]]
      |                                      ^
In file included from main.cpp:18:
./kernels.cpp:1503:38: warning: 'get_pointer' is deprecated: local_accessor::get_pointer() is deprecated, please use get_multi_ptr() [-Wdeprecated-declarations]
 1503 |                                   sm.get_pointer(),
      |                                      ^
/home/ga27mex2/repos/llvm/build/bin/../include/sycl/accessor.hpp:2565:3: note: 'get_pointer' has been explicitly marked deprecated here
 2565 |   __SYCL2020_DEPRECATED(
      |   ^
/home/ga27mex2/repos/llvm/build/bin/../include/sycl/detail/defines_elementary.hpp:62:40: note: expanded from macro '__SYCL2020_DEPRECATED'
   62 | #define __SYCL2020_DEPRECATED(message) __SYCL_DEPRECATED(message)
      |                                        ^
/home/ga27mex2/repos/llvm/build/bin/../include/sycl/detail/defines_elementary.hpp:53:38: note: expanded from macro '__SYCL_DEPRECATED'
   53 | #define __SYCL_DEPRECATED(message) [[deprecated(message)]]
      |                                      ^
In file included from main.cpp:18:
./kernels.cpp:1531:38: warning: 'get_pointer' is deprecated: local_accessor::get_pointer() is deprecated, please use get_multi_ptr() [-Wdeprecated-declarations]
 1531 |                                   sm.get_pointer(),
      |                                      ^
/home/ga27mex2/repos/llvm/build/bin/../include/sycl/accessor.hpp:2565:3: note: 'get_pointer' has been explicitly marked deprecated here
 2565 |   __SYCL2020_DEPRECATED(
      |   ^
/home/ga27mex2/repos/llvm/build/bin/../include/sycl/detail/defines_elementary.hpp:62:40: note: expanded from macro '__SYCL2020_DEPRECATED'
   62 | #define __SYCL2020_DEPRECATED(message) __SYCL_DEPRECATED(message)
      |                                        ^
/home/ga27mex2/repos/llvm/build/bin/../include/sycl/detail/defines_elementary.hpp:53:38: note: expanded from macro '__SYCL_DEPRECATED'
   53 | #define __SYCL_DEPRECATED(message) [[deprecated(message)]]
      |                                      ^
In file included from main.cpp:18:
./kernels.cpp:1559:38: warning: 'get_pointer' is deprecated: local_accessor::get_pointer() is deprecated, please use get_multi_ptr() [-Wdeprecated-declarations]
 1559 |                                   sm.get_pointer(),
      |                                      ^
/home/ga27mex2/repos/llvm/build/bin/../include/sycl/accessor.hpp:2565:3: note: 'get_pointer' has been explicitly marked deprecated here
 2565 |   __SYCL2020_DEPRECATED(
      |   ^
/home/ga27mex2/repos/llvm/build/bin/../include/sycl/detail/defines_elementary.hpp:62:40: note: expanded from macro '__SYCL2020_DEPRECATED'
   62 | #define __SYCL2020_DEPRECATED(message) __SYCL_DEPRECATED(message)
      |                                        ^
/home/ga27mex2/repos/llvm/build/bin/../include/sycl/detail/defines_elementary.hpp:53:38: note: expanded from macro '__SYCL_DEPRECATED'
   53 | #define __SYCL_DEPRECATED(message) [[deprecated(message)]]
      |                                      ^
In file included from main.cpp:18:
./kernels.cpp:1587:38: warning: 'get_pointer' is deprecated: local_accessor::get_pointer() is deprecated, please use get_multi_ptr() [-Wdeprecated-declarations]
 1587 |                                   sm.get_pointer(),
      |                                      ^
/home/ga27mex2/repos/llvm/build/bin/../include/sycl/accessor.hpp:2565:3: note: 'get_pointer' has been explicitly marked deprecated here
 2565 |   __SYCL2020_DEPRECATED(
      |   ^
/home/ga27mex2/repos/llvm/build/bin/../include/sycl/detail/defines_elementary.hpp:62:40: note: expanded from macro '__SYCL2020_DEPRECATED'
   62 | #define __SYCL2020_DEPRECATED(message) __SYCL_DEPRECATED(message)
      |                                        ^
/home/ga27mex2/repos/llvm/build/bin/../include/sycl/detail/defines_elementary.hpp:53:38: note: expanded from macro '__SYCL_DEPRECATED'
   53 | #define __SYCL_DEPRECATED(message) [[deprecated(message)]]
      |                                      ^
In file included from main.cpp:18:
./kernels.cpp:1615:38: warning: 'get_pointer' is deprecated: local_accessor::get_pointer() is deprecated, please use get_multi_ptr() [-Wdeprecated-declarations]
 1615 |                                   sm.get_pointer(),
      |                                      ^
/home/ga27mex2/repos/llvm/build/bin/../include/sycl/accessor.hpp:2565:3: note: 'get_pointer' has been explicitly marked deprecated here
 2565 |   __SYCL2020_DEPRECATED(
      |   ^
/home/ga27mex2/repos/llvm/build/bin/../include/sycl/detail/defines_elementary.hpp:62:40: note: expanded from macro '__SYCL2020_DEPRECATED'
   62 | #define __SYCL2020_DEPRECATED(message) __SYCL_DEPRECATED(message)
      |                                        ^
/home/ga27mex2/repos/llvm/build/bin/../include/sycl/detail/defines_elementary.hpp:53:38: note: expanded from macro '__SYCL_DEPRECATED'
   53 | #define __SYCL_DEPRECATED(message) [[deprecated(message)]]
      |                                      ^
In file included from main.cpp:18:
./kernels.cpp:1643:38: warning: 'get_pointer' is deprecated: local_accessor::get_pointer() is deprecated, please use get_multi_ptr() [-Wdeprecated-declarations]
 1643 |                                   sm.get_pointer(),
      |                                      ^
/home/ga27mex2/repos/llvm/build/bin/../include/sycl/accessor.hpp:2565:3: note: 'get_pointer' has been explicitly marked deprecated here
 2565 |   __SYCL2020_DEPRECATED(
      |   ^
/home/ga27mex2/repos/llvm/build/bin/../include/sycl/detail/defines_elementary.hpp:62:40: note: expanded from macro '__SYCL2020_DEPRECATED'
   62 | #define __SYCL2020_DEPRECATED(message) __SYCL_DEPRECATED(message)
      |                                        ^
/home/ga27mex2/repos/llvm/build/bin/../include/sycl/detail/defines_elementary.hpp:53:38: note: expanded from macro '__SYCL_DEPRECATED'
   53 | #define __SYCL_DEPRECATED(message) [[deprecated(message)]]
      |                                      ^
In file included from main.cpp:18:
./kernels.cpp:1671:38: warning: 'get_pointer' is deprecated: local_accessor::get_pointer() is deprecated, please use get_multi_ptr() [-Wdeprecated-declarations]
 1671 |                                   sm.get_pointer(),
      |                                      ^
/home/ga27mex2/repos/llvm/build/bin/../include/sycl/accessor.hpp:2565:3: note: 'get_pointer' has been explicitly marked deprecated here
 2565 |   __SYCL2020_DEPRECATED(
      |   ^
/home/ga27mex2/repos/llvm/build/bin/../include/sycl/detail/defines_elementary.hpp:62:40: note: expanded from macro '__SYCL2020_DEPRECATED'
   62 | #define __SYCL2020_DEPRECATED(message) __SYCL_DEPRECATED(message)
      |                                        ^
/home/ga27mex2/repos/llvm/build/bin/../include/sycl/detail/defines_elementary.hpp:53:38: note: expanded from macro '__SYCL_DEPRECATED'
   53 | #define __SYCL_DEPRECATED(message) [[deprecated(message)]]
      |                                      ^
In file included from main.cpp:18:
./kernels.cpp:1699:38: warning: 'get_pointer' is deprecated: local_accessor::get_pointer() is deprecated, please use get_multi_ptr() [-Wdeprecated-declarations]
 1699 |                                   sm.get_pointer(),
      |                                      ^
/home/ga27mex2/repos/llvm/build/bin/../include/sycl/accessor.hpp:2565:3: note: 'get_pointer' has been explicitly marked deprecated here
 2565 |   __SYCL2020_DEPRECATED(
      |   ^
/home/ga27mex2/repos/llvm/build/bin/../include/sycl/detail/defines_elementary.hpp:62:40: note: expanded from macro '__SYCL2020_DEPRECATED'
   62 | #define __SYCL2020_DEPRECATED(message) __SYCL_DEPRECATED(message)
      |                                        ^
/home/ga27mex2/repos/llvm/build/bin/../include/sycl/detail/defines_elementary.hpp:53:38: note: expanded from macro '__SYCL_DEPRECATED'
   53 | #define __SYCL_DEPRECATED(message) [[deprecated(message)]]
      |                                      ^
In file included from main.cpp:18:
./kernels.cpp:1727:38: warning: 'get_pointer' is deprecated: local_accessor::get_pointer() is deprecated, please use get_multi_ptr() [-Wdeprecated-declarations]
 1727 |                                   sm.get_pointer(),
      |                                      ^
/home/ga27mex2/repos/llvm/build/bin/../include/sycl/accessor.hpp:2565:3: note: 'get_pointer' has been explicitly marked deprecated here
 2565 |   __SYCL2020_DEPRECATED(
      |   ^
/home/ga27mex2/repos/llvm/build/bin/../include/sycl/detail/defines_elementary.hpp:62:40: note: expanded from macro '__SYCL2020_DEPRECATED'
   62 | #define __SYCL2020_DEPRECATED(message) __SYCL_DEPRECATED(message)
      |                                        ^
/home/ga27mex2/repos/llvm/build/bin/../include/sycl/detail/defines_elementary.hpp:53:38: note: expanded from macro '__SYCL_DEPRECATED'
   53 | #define __SYCL_DEPRECATED(message) [[deprecated(message)]]
      |                                      ^
In file included from main.cpp:18:
./kernels.cpp:1755:38: warning: 'get_pointer' is deprecated: local_accessor::get_pointer() is deprecated, please use get_multi_ptr() [-Wdeprecated-declarations]
 1755 |                                   sm.get_pointer(),
      |                                      ^
/home/ga27mex2/repos/llvm/build/bin/../include/sycl/accessor.hpp:2565:3: note: 'get_pointer' has been explicitly marked deprecated here
 2565 |   __SYCL2020_DEPRECATED(
      |   ^
/home/ga27mex2/repos/llvm/build/bin/../include/sycl/detail/defines_elementary.hpp:62:40: note: expanded from macro '__SYCL2020_DEPRECATED'
   62 | #define __SYCL2020_DEPRECATED(message) __SYCL_DEPRECATED(message)
      |                                        ^
/home/ga27mex2/repos/llvm/build/bin/../include/sycl/detail/defines_elementary.hpp:53:38: note: expanded from macro '__SYCL_DEPRECATED'
   53 | #define __SYCL_DEPRECATED(message) [[deprecated(message)]]
      |                                      ^
20 warnings generated.
In file included from main.cpp:18:
./kernels.cpp:1221:38: warning: 'get_pointer' is deprecated: local_accessor::get_pointer() is deprecated, please use get_multi_ptr() [-Wdeprecated-declarations]
 1221 |                                   sm.get_pointer(),
      |                                      ^
/home/ga27mex2/repos/llvm/build/bin/../include/sycl/accessor.hpp:2565:3: note: 'get_pointer' has been explicitly marked deprecated here
 2565 |   __SYCL2020_DEPRECATED(
      |   ^
/home/ga27mex2/repos/llvm/build/bin/../include/sycl/detail/defines_elementary.hpp:62:40: note: expanded from macro '__SYCL2020_DEPRECATED'
   62 | #define __SYCL2020_DEPRECATED(message) __SYCL_DEPRECATED(message)
      |                                        ^
/home/ga27mex2/repos/llvm/build/bin/../include/sycl/detail/defines_elementary.hpp:53:38: note: expanded from macro '__SYCL_DEPRECATED'
   53 | #define __SYCL_DEPRECATED(message) [[deprecated(message)]]
      |                                      ^
In file included from main.cpp:18:
./kernels.cpp:1249:38: warning: 'get_pointer' is deprecated: local_accessor::get_pointer() is deprecated, please use get_multi_ptr() [-Wdeprecated-declarations]
 1249 |                                   sm.get_pointer(),
      |                                      ^
/home/ga27mex2/repos/llvm/build/bin/../include/sycl/accessor.hpp:2565:3: note: 'get_pointer' has been explicitly marked deprecated here
 2565 |   __SYCL2020_DEPRECATED(
      |   ^
/home/ga27mex2/repos/llvm/build/bin/../include/sycl/detail/defines_elementary.hpp:62:40: note: expanded from macro '__SYCL2020_DEPRECATED'
   62 | #define __SYCL2020_DEPRECATED(message) __SYCL_DEPRECATED(message)
      |                                        ^
/home/ga27mex2/repos/llvm/build/bin/../include/sycl/detail/defines_elementary.hpp:53:38: note: expanded from macro '__SYCL_DEPRECATED'
   53 | #define __SYCL_DEPRECATED(message) [[deprecated(message)]]
      |                                      ^
In file included from main.cpp:18:
./kernels.cpp:1277:38: warning: 'get_pointer' is deprecated: local_accessor::get_pointer() is deprecated, please use get_multi_ptr() [-Wdeprecated-declarations]
 1277 |                                   sm.get_pointer(),
      |                                      ^
/home/ga27mex2/repos/llvm/build/bin/../include/sycl/accessor.hpp:2565:3: note: 'get_pointer' has been explicitly marked deprecated here
 2565 |   __SYCL2020_DEPRECATED(
      |   ^
/home/ga27mex2/repos/llvm/build/bin/../include/sycl/detail/defines_elementary.hpp:62:40: note: expanded from macro '__SYCL2020_DEPRECATED'
   62 | #define __SYCL2020_DEPRECATED(message) __SYCL_DEPRECATED(message)
      |                                        ^
/home/ga27mex2/repos/llvm/build/bin/../include/sycl/detail/defines_elementary.hpp:53:38: note: expanded from macro '__SYCL_DEPRECATED'
   53 | #define __SYCL_DEPRECATED(message) [[deprecated(message)]]
      |                                      ^
In file included from main.cpp:18:
./kernels.cpp:1305:38: warning: 'get_pointer' is deprecated: local_accessor::get_pointer() is deprecated, please use get_multi_ptr() [-Wdeprecated-declarations]
 1305 |                                   sm.get_pointer(),
      |                                      ^
/home/ga27mex2/repos/llvm/build/bin/../include/sycl/accessor.hpp:2565:3: note: 'get_pointer' has been explicitly marked deprecated here
 2565 |   __SYCL2020_DEPRECATED(
      |   ^
/home/ga27mex2/repos/llvm/build/bin/../include/sycl/detail/defines_elementary.hpp:62:40: note: expanded from macro '__SYCL2020_DEPRECATED'
   62 | #define __SYCL2020_DEPRECATED(message) __SYCL_DEPRECATED(message)
      |                                        ^
/home/ga27mex2/repos/llvm/build/bin/../include/sycl/detail/defines_elementary.hpp:53:38: note: expanded from macro '__SYCL_DEPRECATED'
   53 | #define __SYCL_DEPRECATED(message) [[deprecated(message)]]
      |                                      ^
In file included from main.cpp:18:
./kernels.cpp:1333:38: warning: 'get_pointer' is deprecated: local_accessor::get_pointer() is deprecated, please use get_multi_ptr() [-Wdeprecated-declarations]
 1333 |                                   sm.get_pointer(),
      |                                      ^
/home/ga27mex2/repos/llvm/build/bin/../include/sycl/accessor.hpp:2565:3: note: 'get_pointer' has been explicitly marked deprecated here
 2565 |   __SYCL2020_DEPRECATED(
      |   ^
/home/ga27mex2/repos/llvm/build/bin/../include/sycl/detail/defines_elementary.hpp:62:40: note: expanded from macro '__SYCL2020_DEPRECATED'
   62 | #define __SYCL2020_DEPRECATED(message) __SYCL_DEPRECATED(message)
      |                                        ^
/home/ga27mex2/repos/llvm/build/bin/../include/sycl/detail/defines_elementary.hpp:53:38: note: expanded from macro '__SYCL_DEPRECATED'
   53 | #define __SYCL_DEPRECATED(message) [[deprecated(message)]]
      |                                      ^
In file included from main.cpp:18:
./kernels.cpp:1362:38: warning: 'get_pointer' is deprecated: local_accessor::get_pointer() is deprecated, please use get_multi_ptr() [-Wdeprecated-declarations]
 1362 |                                   sm.get_pointer(),
      |                                      ^
/home/ga27mex2/repos/llvm/build/bin/../include/sycl/accessor.hpp:2565:3: note: 'get_pointer' has been explicitly marked deprecated here
 2565 |   __SYCL2020_DEPRECATED(
      |   ^
/home/ga27mex2/repos/llvm/build/bin/../include/sycl/detail/defines_elementary.hpp:62:40: note: expanded from macro '__SYCL2020_DEPRECATED'
   62 | #define __SYCL2020_DEPRECATED(message) __SYCL_DEPRECATED(message)
      |                                        ^
/home/ga27mex2/repos/llvm/build/bin/../include/sycl/detail/defines_elementary.hpp:53:38: note: expanded from macro '__SYCL_DEPRECATED'
   53 | #define __SYCL_DEPRECATED(message) [[deprecated(message)]]
      |                                      ^
In file included from main.cpp:18:
./kernels.cpp:1390:38: warning: 'get_pointer' is deprecated: local_accessor::get_pointer() is deprecated, please use get_multi_ptr() [-Wdeprecated-declarations]
 1390 |                                   sm.get_pointer(),
      |                                      ^
/home/ga27mex2/repos/llvm/build/bin/../include/sycl/accessor.hpp:2565:3: note: 'get_pointer' has been explicitly marked deprecated here
 2565 |   __SYCL2020_DEPRECATED(
      |   ^
/home/ga27mex2/repos/llvm/build/bin/../include/sycl/detail/defines_elementary.hpp:62:40: note: expanded from macro '__SYCL2020_DEPRECATED'
   62 | #define __SYCL2020_DEPRECATED(message) __SYCL_DEPRECATED(message)
      |                                        ^
/home/ga27mex2/repos/llvm/build/bin/../include/sycl/detail/defines_elementary.hpp:53:38: note: expanded from macro '__SYCL_DEPRECATED'
   53 | #define __SYCL_DEPRECATED(message) [[deprecated(message)]]
      |                                      ^
In file included from main.cpp:18:
./kernels.cpp:1418:38: warning: 'get_pointer' is deprecated: local_accessor::get_pointer() is deprecated, please use get_multi_ptr() [-Wdeprecated-declarations]
 1418 |                                   sm.get_pointer(),
      |                                      ^
/home/ga27mex2/repos/llvm/build/bin/../include/sycl/accessor.hpp:2565:3: note: 'get_pointer' has been explicitly marked deprecated here
 2565 |   __SYCL2020_DEPRECATED(
      |   ^
/home/ga27mex2/repos/llvm/build/bin/../include/sycl/detail/defines_elementary.hpp:62:40: note: expanded from macro '__SYCL2020_DEPRECATED'
   62 | #define __SYCL2020_DEPRECATED(message) __SYCL_DEPRECATED(message)
      |                                        ^
/home/ga27mex2/repos/llvm/build/bin/../include/sycl/detail/defines_elementary.hpp:53:38: note: expanded from macro '__SYCL_DEPRECATED'
   53 | #define __SYCL_DEPRECATED(message) [[deprecated(message)]]
      |                                      ^
In file included from main.cpp:18:
./kernels.cpp:1446:38: warning: 'get_pointer' is deprecated: local_accessor::get_pointer() is deprecated, please use get_multi_ptr() [-Wdeprecated-declarations]
 1446 |                                   sm.get_pointer(),
      |                                      ^
/home/ga27mex2/repos/llvm/build/bin/../include/sycl/accessor.hpp:2565:3: note: 'get_pointer' has been explicitly marked deprecated here
 2565 |   __SYCL2020_DEPRECATED(
      |   ^
/home/ga27mex2/repos/llvm/build/bin/../include/sycl/detail/defines_elementary.hpp:62:40: note: expanded from macro '__SYCL2020_DEPRECATED'
   62 | #define __SYCL2020_DEPRECATED(message) __SYCL_DEPRECATED(message)
      |                                        ^
/home/ga27mex2/repos/llvm/build/bin/../include/sycl/detail/defines_elementary.hpp:53:38: note: expanded from macro '__SYCL_DEPRECATED'
   53 | #define __SYCL_DEPRECATED(message) [[deprecated(message)]]
      |                                      ^
In file included from main.cpp:18:
./kernels.cpp:1475:38: warning: 'get_pointer' is deprecated: local_accessor::get_pointer() is deprecated, please use get_multi_ptr() [-Wdeprecated-declarations]
 1475 |                                   sm.get_pointer(),
      |                                      ^
/home/ga27mex2/repos/llvm/build/bin/../include/sycl/accessor.hpp:2565:3: note: 'get_pointer' has been explicitly marked deprecated here
 2565 |   __SYCL2020_DEPRECATED(
      |   ^
/home/ga27mex2/repos/llvm/build/bin/../include/sycl/detail/defines_elementary.hpp:62:40: note: expanded from macro '__SYCL2020_DEPRECATED'
   62 | #define __SYCL2020_DEPRECATED(message) __SYCL_DEPRECATED(message)
      |                                        ^
/home/ga27mex2/repos/llvm/build/bin/../include/sycl/detail/defines_elementary.hpp:53:38: note: expanded from macro '__SYCL_DEPRECATED'
   53 | #define __SYCL_DEPRECATED(message) [[deprecated(message)]]
      |                                      ^
In file included from main.cpp:18:
./kernels.cpp:1503:38: warning: 'get_pointer' is deprecated: local_accessor::get_pointer() is deprecated, please use get_multi_ptr() [-Wdeprecated-declarations]
 1503 |                                   sm.get_pointer(),
      |                                      ^
/home/ga27mex2/repos/llvm/build/bin/../include/sycl/accessor.hpp:2565:3: note: 'get_pointer' has been explicitly marked deprecated here
 2565 |   __SYCL2020_DEPRECATED(
      |   ^
/home/ga27mex2/repos/llvm/build/bin/../include/sycl/detail/defines_elementary.hpp:62:40: note: expanded from macro '__SYCL2020_DEPRECATED'
   62 | #define __SYCL2020_DEPRECATED(message) __SYCL_DEPRECATED(message)
      |                                        ^
/home/ga27mex2/repos/llvm/build/bin/../include/sycl/detail/defines_elementary.hpp:53:38: note: expanded from macro '__SYCL_DEPRECATED'
   53 | #define __SYCL_DEPRECATED(message) [[deprecated(message)]]
      |                                      ^
In file included from main.cpp:18:
./kernels.cpp:1531:38: warning: 'get_pointer' is deprecated: local_accessor::get_pointer() is deprecated, please use get_multi_ptr() [-Wdeprecated-declarations]
 1531 |                                   sm.get_pointer(),
      |                                      ^
/home/ga27mex2/repos/llvm/build/bin/../include/sycl/accessor.hpp:2565:3: note: 'get_pointer' has been explicitly marked deprecated here
 2565 |   __SYCL2020_DEPRECATED(
      |   ^
/home/ga27mex2/repos/llvm/build/bin/../include/sycl/detail/defines_elementary.hpp:62:40: note: expanded from macro '__SYCL2020_DEPRECATED'
   62 | #define __SYCL2020_DEPRECATED(message) __SYCL_DEPRECATED(message)
      |                                        ^
/home/ga27mex2/repos/llvm/build/bin/../include/sycl/detail/defines_elementary.hpp:53:38: note: expanded from macro '__SYCL_DEPRECATED'
   53 | #define __SYCL_DEPRECATED(message) [[deprecated(message)]]
      |                                      ^
In file included from main.cpp:18:
./kernels.cpp:1559:38: warning: 'get_pointer' is deprecated: local_accessor::get_pointer() is deprecated, please use get_multi_ptr() [-Wdeprecated-declarations]
 1559 |                                   sm.get_pointer(),
      |                                      ^
/home/ga27mex2/repos/llvm/build/bin/../include/sycl/accessor.hpp:2565:3: note: 'get_pointer' has been explicitly marked deprecated here
 2565 |   __SYCL2020_DEPRECATED(
      |   ^
/home/ga27mex2/repos/llvm/build/bin/../include/sycl/detail/defines_elementary.hpp:62:40: note: expanded from macro '__SYCL2020_DEPRECATED'
   62 | #define __SYCL2020_DEPRECATED(message) __SYCL_DEPRECATED(message)
      |                                        ^
/home/ga27mex2/repos/llvm/build/bin/../include/sycl/detail/defines_elementary.hpp:53:38: note: expanded from macro '__SYCL_DEPRECATED'
   53 | #define __SYCL_DEPRECATED(message) [[deprecated(message)]]
      |                                      ^
In file included from main.cpp:18:
./kernels.cpp:1587:38: warning: 'get_pointer' is deprecated: local_accessor::get_pointer() is deprecated, please use get_multi_ptr() [-Wdeprecated-declarations]
 1587 |                                   sm.get_pointer(),
      |                                      ^
/home/ga27mex2/repos/llvm/build/bin/../include/sycl/accessor.hpp:2565:3: note: 'get_pointer' has been explicitly marked deprecated here
 2565 |   __SYCL2020_DEPRECATED(
      |   ^
/home/ga27mex2/repos/llvm/build/bin/../include/sycl/detail/defines_elementary.hpp:62:40: note: expanded from macro '__SYCL2020_DEPRECATED'
   62 | #define __SYCL2020_DEPRECATED(message) __SYCL_DEPRECATED(message)
      |                                        ^
/home/ga27mex2/repos/llvm/build/bin/../include/sycl/detail/defines_elementary.hpp:53:38: note: expanded from macro '__SYCL_DEPRECATED'
   53 | #define __SYCL_DEPRECATED(message) [[deprecated(message)]]
      |                                      ^
In file included from main.cpp:18:
./kernels.cpp:1615:38: warning: 'get_pointer' is deprecated: local_accessor::get_pointer() is deprecated, please use get_multi_ptr() [-Wdeprecated-declarations]
 1615 |                                   sm.get_pointer(),
      |                                      ^
/home/ga27mex2/repos/llvm/build/bin/../include/sycl/accessor.hpp:2565:3: note: 'get_pointer' has been explicitly marked deprecated here
 2565 |   __SYCL2020_DEPRECATED(
      |   ^
/home/ga27mex2/repos/llvm/build/bin/../include/sycl/detail/defines_elementary.hpp:62:40: note: expanded from macro '__SYCL2020_DEPRECATED'
   62 | #define __SYCL2020_DEPRECATED(message) __SYCL_DEPRECATED(message)
      |                                        ^
/home/ga27mex2/repos/llvm/build/bin/../include/sycl/detail/defines_elementary.hpp:53:38: note: expanded from macro '__SYCL_DEPRECATED'
   53 | #define __SYCL_DEPRECATED(message) [[deprecated(message)]]
      |                                      ^
In file included from main.cpp:18:
./kernels.cpp:1643:38: warning: 'get_pointer' is deprecated: local_accessor::get_pointer() is deprecated, please use get_multi_ptr() [-Wdeprecated-declarations]
 1643 |                                   sm.get_pointer(),
      |                                      ^
/home/ga27mex2/repos/llvm/build/bin/../include/sycl/accessor.hpp:2565:3: note: 'get_pointer' has been explicitly marked deprecated here
 2565 |   __SYCL2020_DEPRECATED(
      |   ^
/home/ga27mex2/repos/llvm/build/bin/../include/sycl/detail/defines_elementary.hpp:62:40: note: expanded from macro '__SYCL2020_DEPRECATED'
   62 | #define __SYCL2020_DEPRECATED(message) __SYCL_DEPRECATED(message)
      |                                        ^
/home/ga27mex2/repos/llvm/build/bin/../include/sycl/detail/defines_elementary.hpp:53:38: note: expanded from macro '__SYCL_DEPRECATED'
   53 | #define __SYCL_DEPRECATED(message) [[deprecated(message)]]
      |                                      ^
In file included from main.cpp:18:
./kernels.cpp:1671:38: warning: 'get_pointer' is deprecated: local_accessor::get_pointer() is deprecated, please use get_multi_ptr() [-Wdeprecated-declarations]
 1671 |                                   sm.get_pointer(),
      |                                      ^
/home/ga27mex2/repos/llvm/build/bin/../include/sycl/accessor.hpp:2565:3: note: 'get_pointer' has been explicitly marked deprecated here
 2565 |   __SYCL2020_DEPRECATED(
      |   ^
/home/ga27mex2/repos/llvm/build/bin/../include/sycl/detail/defines_elementary.hpp:62:40: note: expanded from macro '__SYCL2020_DEPRECATED'
   62 | #define __SYCL2020_DEPRECATED(message) __SYCL_DEPRECATED(message)
      |                                        ^
/home/ga27mex2/repos/llvm/build/bin/../include/sycl/detail/defines_elementary.hpp:53:38: note: expanded from macro '__SYCL_DEPRECATED'
   53 | #define __SYCL_DEPRECATED(message) [[deprecated(message)]]
      |                                      ^
In file included from main.cpp:18:
./kernels.cpp:1699:38: warning: 'get_pointer' is deprecated: local_accessor::get_pointer() is deprecated, please use get_multi_ptr() [-Wdeprecated-declarations]
 1699 |                                   sm.get_pointer(),
      |                                      ^
/home/ga27mex2/repos/llvm/build/bin/../include/sycl/accessor.hpp:2565:3: note: 'get_pointer' has been explicitly marked deprecated here
 2565 |   __SYCL2020_DEPRECATED(
      |   ^
/home/ga27mex2/repos/llvm/build/bin/../include/sycl/detail/defines_elementary.hpp:62:40: note: expanded from macro '__SYCL2020_DEPRECATED'
   62 | #define __SYCL2020_DEPRECATED(message) __SYCL_DEPRECATED(message)
      |                                        ^
/home/ga27mex2/repos/llvm/build/bin/../include/sycl/detail/defines_elementary.hpp:53:38: note: expanded from macro '__SYCL_DEPRECATED'
   53 | #define __SYCL_DEPRECATED(message) [[deprecated(message)]]
      |                                      ^
In file included from main.cpp:18:
./kernels.cpp:1727:38: warning: 'get_pointer' is deprecated: local_accessor::get_pointer() is deprecated, please use get_multi_ptr() [-Wdeprecated-declarations]
 1727 |                                   sm.get_pointer(),
      |                                      ^
/home/ga27mex2/repos/llvm/build/bin/../include/sycl/accessor.hpp:2565:3: note: 'get_pointer' has been explicitly marked deprecated here
 2565 |   __SYCL2020_DEPRECATED(
      |   ^
/home/ga27mex2/repos/llvm/build/bin/../include/sycl/detail/defines_elementary.hpp:62:40: note: expanded from macro '__SYCL2020_DEPRECATED'
   62 | #define __SYCL2020_DEPRECATED(message) __SYCL_DEPRECATED(message)
      |                                        ^
/home/ga27mex2/repos/llvm/build/bin/../include/sycl/detail/defines_elementary.hpp:53:38: note: expanded from macro '__SYCL_DEPRECATED'
   53 | #define __SYCL_DEPRECATED(message) [[deprecated(message)]]
      |                                      ^
In file included from main.cpp:18:
./kernels.cpp:1755:38: warning: 'get_pointer' is deprecated: local_accessor::get_pointer() is deprecated, please use get_multi_ptr() [-Wdeprecated-declarations]
 1755 |                                   sm.get_pointer(),
      |                                      ^
/home/ga27mex2/repos/llvm/build/bin/../include/sycl/accessor.hpp:2565:3: note: 'get_pointer' has been explicitly marked deprecated here
 2565 |   __SYCL2020_DEPRECATED(
      |   ^
/home/ga27mex2/repos/llvm/build/bin/../include/sycl/detail/defines_elementary.hpp:62:40: note: expanded from macro '__SYCL2020_DEPRECATED'
   62 | #define __SYCL2020_DEPRECATED(message) __SYCL_DEPRECATED(message)
      |                                        ^
/home/ga27mex2/repos/llvm/build/bin/../include/sycl/detail/defines_elementary.hpp:53:38: note: expanded from macro '__SYCL_DEPRECATED'
   53 | #define __SYCL_DEPRECATED(message) [[deprecated(message)]]
      |                                      ^
20 warnings generated.
~/repos/llvm/build/bin/clang++ -std=c++17 -Wall -fsycl --gcc-toolchain=/home/ga27mex2/spack_thx2/spack/opt/spack/linux-centos8-thunderx2/gcc-14.1.0/gcc-14.1.0-kl6fnbyj4mhv4v5emwvqi6nmxb4kvjae -fsycl-targets=nvptx64-nvidia-cuda -Xsycl-target-backend --cuda-gpu-arch=sm_70 -DUSE_GPU -DUSE_GPU -DUSE_GPU -DUSE_GPU -DUSE_GPU -DUSE_GPU -O3 -O3 -O3 -O3 -O3 -O3 -c galois.cpp -o galois.o
~/repos/llvm/build/bin/clang++ -std=c++17 -Wall -fsycl --gcc-toolchain=/home/ga27mex2/spack_thx2/spack/opt/spack/linux-centos8-thunderx2/gcc-14.1.0/gcc-14.1.0-kl6fnbyj4mhv4v5emwvqi6nmxb4kvjae -fsycl-targets=nvptx64-nvidia-cuda -Xsycl-target-backend --cuda-gpu-arch=sm_70 -DUSE_GPU -DUSE_GPU -DUSE_GPU -DUSE_GPU -DUSE_GPU -DUSE_GPU -O3 -O3 -O3 -O3 -O3 -O3 -c jerasure.cpp -o jerasure.o
~/repos/llvm/build/bin/clang++ -std=c++17 -Wall -fsycl --gcc-toolchain=/home/ga27mex2/spack_thx2/spack/opt/spack/linux-centos8-thunderx2/gcc-14.1.0/gcc-14.1.0-kl6fnbyj4mhv4v5emwvqi6nmxb4kvjae -fsycl-targets=nvptx64-nvidia-cuda -Xsycl-target-backend --cuda-gpu-arch=sm_70 -DUSE_GPU -DUSE_GPU -DUSE_GPU -DUSE_GPU -DUSE_GPU -DUSE_GPU -O3 -O3 -O3 -O3 -O3 -O3 -c GCRSMatrix.cpp -o GCRSMatrix.o
~/repos/llvm/build/bin/clang++ -std=c++17 -Wall -fsycl --gcc-toolchain=/home/ga27mex2/spack_thx2/spack/opt/spack/linux-centos8-thunderx2/gcc-14.1.0/gcc-14.1.0-kl6fnbyj4mhv4v5emwvqi6nmxb4kvjae -fsycl-targets=nvptx64-nvidia-cuda -Xsycl-target-backend --cuda-gpu-arch=sm_70 -DUSE_GPU -DUSE_GPU -DUSE_GPU -DUSE_GPU -DUSE_GPU -DUSE_GPU -O3 -O3 -O3 -O3 -O3 -O3 -c utils.cpp -o utils.o
~/repos/llvm/build/bin/clang++ -std=c++17 -Wall -fsycl --gcc-toolchain=/home/ga27mex2/spack_thx2/spack/opt/spack/linux-centos8-thunderx2/gcc-14.1.0/gcc-14.1.0-kl6fnbyj4mhv4v5emwvqi6nmxb4kvjae -fsycl-targets=nvptx64-nvidia-cuda -Xsycl-target-backend --cuda-gpu-arch=sm_70 -DUSE_GPU -DUSE_GPU -DUSE_GPU -DUSE_GPU -DUSE_GPU -DUSE_GPU -O3 -O3 -O3 -O3 -O3 -O3 main.o galois.o jerasure.o GCRSMatrix.o utils.o -o sycl 
