~/sycl_workspace/llvm/build/bin/clang++ -fsycl --gcc-toolchain=/home/ga27mex2/spack_rome2/spack/opt/spack/linux-sle_hpc15-zen2/gcc-14.2.0/gcc-14.2.0-5o6uafvyeefoza5cmnze5vcuwbdhzj6o/ -fsycl-targets=amdgcn-amd-amdhsa -Xsycl-target-backend --offload-arch=gfx908 -I/home/ga27mex2/sycl_workspace/llvm/build/lib/libsycl.so.8 -DUSE_GPU -O3 -c main.cpp -o main.o
~/sycl_workspace/llvm/build/bin/clang++ -fsycl --gcc-toolchain=/home/ga27mex2/spack_rome2/spack/opt/spack/linux-sle_hpc15-zen2/gcc-14.2.0/gcc-14.2.0-5o6uafvyeefoza5cmnze5vcuwbdhzj6o/ -fsycl-targets=amdgcn-amd-amdhsa -Xsycl-target-backend --offload-arch=gfx908 -I/home/ga27mex2/sycl_workspace/llvm/build/lib/libsycl.so.8 -DUSE_GPU -O3 -c ccsd_trpdrv.cpp -o ccsd_trpdrv.o
~/sycl_workspace/llvm/build/bin/clang++ -fsycl --gcc-toolchain=/home/ga27mex2/spack_rome2/spack/opt/spack/linux-sle_hpc15-zen2/gcc-14.2.0/gcc-14.2.0-5o6uafvyeefoza5cmnze5vcuwbdhzj6o/ -fsycl-targets=amdgcn-amd-amdhsa -Xsycl-target-backend --offload-arch=gfx908 -I/home/ga27mex2/sycl_workspace/llvm/build/lib/libsycl.so.8 -DUSE_GPU -O3 -c ccsd_tengy.cpp -o ccsd_tengy.o
ccsd_tengy.cpp:107:27: warning: 'get_pointer' is deprecated: accessor::get_pointer() is deprecated, please use get_multi_ptr() [-Wdeprecated-declarations]
  107 |           atomicAdd(emp4i.get_pointer() , denom * (f1tbc+f1ncb+f2tcb+f3nbc+f4ncb) * (f1tbc-f2tbc*2-f3tbc*2+f4tbc)
      |                           ^
/home/ga27mex2/sycl_workspace/llvm/build/bin/../include/sycl/accessor.hpp:1779:26: note: 'get_pointer' has been explicitly marked deprecated here
 1779 |   global_ptr<value_type> get_pointer() const noexcept {
      |                          ^
ccsd_tengy.cpp:107:27: warning: 'get_pointer<sycl::access::target::global_buffer, void>' is deprecated: accessor::get_pointer() is deprecated, please use get_multi_ptr() [-Wdeprecated-declarations]
  107 |           atomicAdd(emp4i.get_pointer() , denom * (f1tbc+f1ncb+f2tcb+f3nbc+f4ncb) * (f1tbc-f2tbc*2-f3tbc*2+f4tbc)
      |                           ^
/home/ga27mex2/sycl_workspace/llvm/build/bin/../include/sycl/accessor.hpp:1777:3: note: 'get_pointer<sycl::access::target::global_buffer, void>' has been explicitly marked deprecated here
 1777 |   __SYCL2020_DEPRECATED(
      |   ^
/home/ga27mex2/sycl_workspace/llvm/build/bin/../include/sycl/detail/defines_elementary.hpp:62:40: note: expanded from macro '__SYCL2020_DEPRECATED'
   62 | #define __SYCL2020_DEPRECATED(message) __SYCL_DEPRECATED(message)
      |                                        ^
/home/ga27mex2/sycl_workspace/llvm/build/bin/../include/sycl/detail/defines_elementary.hpp:53:38: note: expanded from macro '__SYCL_DEPRECATED'
   53 | #define __SYCL_DEPRECATED(message) [[deprecated(message)]]
      |                                      ^
ccsd_tengy.cpp:111:27: warning: 'get_pointer' is deprecated: accessor::get_pointer() is deprecated, please use get_multi_ptr() [-Wdeprecated-declarations]
  111 |           atomicAdd(emp4k.get_pointer() , denom * (f1nbc+f1tcb+f2ncb+f3tbc+f4tcb) * (f1nbc-f2nbc*2-f3nbc*2+f4nbc)
      |                           ^
/home/ga27mex2/sycl_workspace/llvm/build/bin/../include/sycl/accessor.hpp:1779:26: note: 'get_pointer' has been explicitly marked deprecated here
 1779 |   global_ptr<value_type> get_pointer() const noexcept {
      |                          ^
ccsd_tengy.cpp:111:27: warning: 'get_pointer<sycl::access::target::global_buffer, void>' is deprecated: accessor::get_pointer() is deprecated, please use get_multi_ptr() [-Wdeprecated-declarations]
  111 |           atomicAdd(emp4k.get_pointer() , denom * (f1nbc+f1tcb+f2ncb+f3tbc+f4tcb) * (f1nbc-f2nbc*2-f3nbc*2+f4nbc)
      |                           ^
/home/ga27mex2/sycl_workspace/llvm/build/bin/../include/sycl/accessor.hpp:1777:3: note: 'get_pointer<sycl::access::target::global_buffer, void>' has been explicitly marked deprecated here
 1777 |   __SYCL2020_DEPRECATED(
      |   ^
/home/ga27mex2/sycl_workspace/llvm/build/bin/../include/sycl/detail/defines_elementary.hpp:62:40: note: expanded from macro '__SYCL2020_DEPRECATED'
   62 | #define __SYCL2020_DEPRECATED(message) __SYCL_DEPRECATED(message)
      |                                        ^
/home/ga27mex2/sycl_workspace/llvm/build/bin/../include/sycl/detail/defines_elementary.hpp:53:38: note: expanded from macro '__SYCL_DEPRECATED'
   53 | #define __SYCL_DEPRECATED(message) [[deprecated(message)]]
      |                                      ^
ccsd_tengy.cpp:123:27: warning: 'get_pointer' is deprecated: accessor::get_pointer() is deprecated, please use get_multi_ptr() [-Wdeprecated-declarations]
  123 |           atomicAdd(emp5i.get_pointer(), denom * t1v1b * dintx1c * (f1tbc+f2nbc+f4ncb-(f3tbc+f4nbc+f2ncb+f1nbc+f2tbc+f3ncb)*2
      |                           ^
/home/ga27mex2/sycl_workspace/llvm/build/bin/../include/sycl/accessor.hpp:1779:26: note: 'get_pointer' has been explicitly marked deprecated here
 1779 |   global_ptr<value_type> get_pointer() const noexcept {
      |                          ^
ccsd_tengy.cpp:123:27: warning: 'get_pointer<sycl::access::target::global_buffer, void>' is deprecated: accessor::get_pointer() is deprecated, please use get_multi_ptr() [-Wdeprecated-declarations]
  123 |           atomicAdd(emp5i.get_pointer(), denom * t1v1b * dintx1c * (f1tbc+f2nbc+f4ncb-(f3tbc+f4nbc+f2ncb+f1nbc+f2tbc+f3ncb)*2
      |                           ^
/home/ga27mex2/sycl_workspace/llvm/build/bin/../include/sycl/accessor.hpp:1777:3: note: 'get_pointer<sycl::access::target::global_buffer, void>' has been explicitly marked deprecated here
 1777 |   __SYCL2020_DEPRECATED(
      |   ^
/home/ga27mex2/sycl_workspace/llvm/build/bin/../include/sycl/detail/defines_elementary.hpp:62:40: note: expanded from macro '__SYCL2020_DEPRECATED'
   62 | #define __SYCL2020_DEPRECATED(message) __SYCL_DEPRECATED(message)
      |                                        ^
/home/ga27mex2/sycl_workspace/llvm/build/bin/../include/sycl/detail/defines_elementary.hpp:53:38: note: expanded from macro '__SYCL_DEPRECATED'
   53 | #define __SYCL_DEPRECATED(message) [[deprecated(message)]]
      |                                      ^
ccsd_tengy.cpp:125:27: warning: 'get_pointer' is deprecated: accessor::get_pointer() is deprecated, please use get_multi_ptr() [-Wdeprecated-declarations]
  125 |           atomicAdd(emp5k.get_pointer(), denom * t1v2b * dintx2c * (f1nbc+f2tbc+f4tcb -(f3nbc+f4tbc+f2tcb +f1tbc+f2nbc+f3tcb)*2
      |                           ^
/home/ga27mex2/sycl_workspace/llvm/build/bin/../include/sycl/accessor.hpp:1779:26: note: 'get_pointer' has been explicitly marked deprecated here
 1779 |   global_ptr<value_type> get_pointer() const noexcept {
      |                          ^
ccsd_tengy.cpp:125:27: warning: 'get_pointer<sycl::access::target::global_buffer, void>' is deprecated: accessor::get_pointer() is deprecated, please use get_multi_ptr() [-Wdeprecated-declarations]
  125 |           atomicAdd(emp5k.get_pointer(), denom * t1v2b * dintx2c * (f1nbc+f2tbc+f4tcb -(f3nbc+f4tbc+f2tcb +f1tbc+f2nbc+f3tcb)*2
      |                           ^
/home/ga27mex2/sycl_workspace/llvm/build/bin/../include/sycl/accessor.hpp:1777:3: note: 'get_pointer<sycl::access::target::global_buffer, void>' has been explicitly marked deprecated here
 1777 |   __SYCL2020_DEPRECATED(
      |   ^
/home/ga27mex2/sycl_workspace/llvm/build/bin/../include/sycl/detail/defines_elementary.hpp:62:40: note: expanded from macro '__SYCL2020_DEPRECATED'
   62 | #define __SYCL2020_DEPRECATED(message) __SYCL_DEPRECATED(message)
      |                                        ^
/home/ga27mex2/sycl_workspace/llvm/build/bin/../include/sycl/detail/defines_elementary.hpp:53:38: note: expanded from macro '__SYCL_DEPRECATED'
   53 | #define __SYCL_DEPRECATED(message) [[deprecated(message)]]
      |                                      ^
8 warnings generated.
ccsd_tengy.cpp:107:27: warning: 'get_pointer' is deprecated: accessor::get_pointer() is deprecated, please use get_multi_ptr() [-Wdeprecated-declarations]
  107 |           atomicAdd(emp4i.get_pointer() , denom * (f1tbc+f1ncb+f2tcb+f3nbc+f4ncb) * (f1tbc-f2tbc*2-f3tbc*2+f4tbc)
      |                           ^
/home/ga27mex2/sycl_workspace/llvm/build/bin/../include/sycl/accessor.hpp:1779:26: note: 'get_pointer' has been explicitly marked deprecated here
 1779 |   global_ptr<value_type> get_pointer() const noexcept {
      |                          ^
ccsd_tengy.cpp:107:27: warning: 'get_pointer<sycl::access::target::global_buffer, void>' is deprecated: accessor::get_pointer() is deprecated, please use get_multi_ptr() [-Wdeprecated-declarations]
  107 |           atomicAdd(emp4i.get_pointer() , denom * (f1tbc+f1ncb+f2tcb+f3nbc+f4ncb) * (f1tbc-f2tbc*2-f3tbc*2+f4tbc)
      |                           ^
/home/ga27mex2/sycl_workspace/llvm/build/bin/../include/sycl/accessor.hpp:1777:3: note: 'get_pointer<sycl::access::target::global_buffer, void>' has been explicitly marked deprecated here
 1777 |   __SYCL2020_DEPRECATED(
      |   ^
/home/ga27mex2/sycl_workspace/llvm/build/bin/../include/sycl/detail/defines_elementary.hpp:62:40: note: expanded from macro '__SYCL2020_DEPRECATED'
   62 | #define __SYCL2020_DEPRECATED(message) __SYCL_DEPRECATED(message)
      |                                        ^
/home/ga27mex2/sycl_workspace/llvm/build/bin/../include/sycl/detail/defines_elementary.hpp:53:38: note: expanded from macro '__SYCL_DEPRECATED'
   53 | #define __SYCL_DEPRECATED(message) [[deprecated(message)]]
      |                                      ^
ccsd_tengy.cpp:111:27: warning: 'get_pointer' is deprecated: accessor::get_pointer() is deprecated, please use get_multi_ptr() [-Wdeprecated-declarations]
  111 |           atomicAdd(emp4k.get_pointer() , denom * (f1nbc+f1tcb+f2ncb+f3tbc+f4tcb) * (f1nbc-f2nbc*2-f3nbc*2+f4nbc)
      |                           ^
/home/ga27mex2/sycl_workspace/llvm/build/bin/../include/sycl/accessor.hpp:1779:26: note: 'get_pointer' has been explicitly marked deprecated here
 1779 |   global_ptr<value_type> get_pointer() const noexcept {
      |                          ^
ccsd_tengy.cpp:111:27: warning: 'get_pointer<sycl::access::target::global_buffer, void>' is deprecated: accessor::get_pointer() is deprecated, please use get_multi_ptr() [-Wdeprecated-declarations]
  111 |           atomicAdd(emp4k.get_pointer() , denom * (f1nbc+f1tcb+f2ncb+f3tbc+f4tcb) * (f1nbc-f2nbc*2-f3nbc*2+f4nbc)
      |                           ^
/home/ga27mex2/sycl_workspace/llvm/build/bin/../include/sycl/accessor.hpp:1777:3: note: 'get_pointer<sycl::access::target::global_buffer, void>' has been explicitly marked deprecated here
 1777 |   __SYCL2020_DEPRECATED(
      |   ^
/home/ga27mex2/sycl_workspace/llvm/build/bin/../include/sycl/detail/defines_elementary.hpp:62:40: note: expanded from macro '__SYCL2020_DEPRECATED'
   62 | #define __SYCL2020_DEPRECATED(message) __SYCL_DEPRECATED(message)
      |                                        ^
/home/ga27mex2/sycl_workspace/llvm/build/bin/../include/sycl/detail/defines_elementary.hpp:53:38: note: expanded from macro '__SYCL_DEPRECATED'
   53 | #define __SYCL_DEPRECATED(message) [[deprecated(message)]]
      |                                      ^
ccsd_tengy.cpp:123:27: warning: 'get_pointer' is deprecated: accessor::get_pointer() is deprecated, please use get_multi_ptr() [-Wdeprecated-declarations]
  123 |           atomicAdd(emp5i.get_pointer(), denom * t1v1b * dintx1c * (f1tbc+f2nbc+f4ncb-(f3tbc+f4nbc+f2ncb+f1nbc+f2tbc+f3ncb)*2
      |                           ^
/home/ga27mex2/sycl_workspace/llvm/build/bin/../include/sycl/accessor.hpp:1779:26: note: 'get_pointer' has been explicitly marked deprecated here
 1779 |   global_ptr<value_type> get_pointer() const noexcept {
      |                          ^
ccsd_tengy.cpp:123:27: warning: 'get_pointer<sycl::access::target::global_buffer, void>' is deprecated: accessor::get_pointer() is deprecated, please use get_multi_ptr() [-Wdeprecated-declarations]
  123 |           atomicAdd(emp5i.get_pointer(), denom * t1v1b * dintx1c * (f1tbc+f2nbc+f4ncb-(f3tbc+f4nbc+f2ncb+f1nbc+f2tbc+f3ncb)*2
      |                           ^
/home/ga27mex2/sycl_workspace/llvm/build/bin/../include/sycl/accessor.hpp:1777:3: note: 'get_pointer<sycl::access::target::global_buffer, void>' has been explicitly marked deprecated here
 1777 |   __SYCL2020_DEPRECATED(
      |   ^
/home/ga27mex2/sycl_workspace/llvm/build/bin/../include/sycl/detail/defines_elementary.hpp:62:40: note: expanded from macro '__SYCL2020_DEPRECATED'
   62 | #define __SYCL2020_DEPRECATED(message) __SYCL_DEPRECATED(message)
      |                                        ^
/home/ga27mex2/sycl_workspace/llvm/build/bin/../include/sycl/detail/defines_elementary.hpp:53:38: note: expanded from macro '__SYCL_DEPRECATED'
   53 | #define __SYCL_DEPRECATED(message) [[deprecated(message)]]
      |                                      ^
ccsd_tengy.cpp:125:27: warning: 'get_pointer' is deprecated: accessor::get_pointer() is deprecated, please use get_multi_ptr() [-Wdeprecated-declarations]
  125 |           atomicAdd(emp5k.get_pointer(), denom * t1v2b * dintx2c * (f1nbc+f2tbc+f4tcb -(f3nbc+f4tbc+f2tcb +f1tbc+f2nbc+f3tcb)*2
      |                           ^
/home/ga27mex2/sycl_workspace/llvm/build/bin/../include/sycl/accessor.hpp:1779:26: note: 'get_pointer' has been explicitly marked deprecated here
 1779 |   global_ptr<value_type> get_pointer() const noexcept {
      |                          ^
ccsd_tengy.cpp:125:27: warning: 'get_pointer<sycl::access::target::global_buffer, void>' is deprecated: accessor::get_pointer() is deprecated, please use get_multi_ptr() [-Wdeprecated-declarations]
  125 |           atomicAdd(emp5k.get_pointer(), denom * t1v2b * dintx2c * (f1nbc+f2tbc+f4tcb -(f3nbc+f4tbc+f2tcb +f1tbc+f2nbc+f3tcb)*2
      |                           ^
/home/ga27mex2/sycl_workspace/llvm/build/bin/../include/sycl/accessor.hpp:1777:3: note: 'get_pointer<sycl::access::target::global_buffer, void>' has been explicitly marked deprecated here
 1777 |   __SYCL2020_DEPRECATED(
      |   ^
/home/ga27mex2/sycl_workspace/llvm/build/bin/../include/sycl/detail/defines_elementary.hpp:62:40: note: expanded from macro '__SYCL2020_DEPRECATED'
   62 | #define __SYCL2020_DEPRECATED(message) __SYCL_DEPRECATED(message)
      |                                        ^
/home/ga27mex2/sycl_workspace/llvm/build/bin/../include/sycl/detail/defines_elementary.hpp:53:38: note: expanded from macro '__SYCL_DEPRECATED'
   53 | #define __SYCL_DEPRECATED(message) [[deprecated(message)]]
      |                                      ^
8 warnings generated.
~/sycl_workspace/llvm/build/bin/clang++ -fsycl --gcc-toolchain=/home/ga27mex2/spack_rome2/spack/opt/spack/linux-sle_hpc15-zen2/gcc-14.2.0/gcc-14.2.0-5o6uafvyeefoza5cmnze5vcuwbdhzj6o/ -fsycl-targets=amdgcn-amd-amdhsa -Xsycl-target-backend --offload-arch=gfx908 -I/home/ga27mex2/sycl_workspace/llvm/build/lib/libsycl.so.8 -DUSE_GPU -O3 main.o ccsd_trpdrv.o ccsd_tengy.o -o sycl 
