hipcc --rocm-path=/opt/rocm -I/home/ga27mex2/rocm/hipCUB/build/_CPack_Packages/Linux/RPM/hipcub-3.3.0-Linux/devel/opt/rocm/include -std=c++14 -I../backprop-cuda -O3 -c backprop.cu -o backprop.o
/opt/rocm/bin/rocm_agent_enumerator:95: SyntaxWarning: invalid escape sequence '\w'
  @staticVars(search_name=re.compile("gfx[0-9a-fA-F]+:[-+:\w]+"))
/opt/rocm/bin/rocm_agent_enumerator:152: SyntaxWarning: invalid escape sequence '\A'
  line_search_term = re.compile("\A\s+Name:\s+(amdgcn-amd-amdhsa--gfx\d+)")
/opt/rocm/bin/rocm_agent_enumerator:154: SyntaxWarning: invalid escape sequence '\A'
  line_search_term = re.compile("\A\s+Name:\s+(gfx\d+)")
/opt/rocm/bin/rocm_agent_enumerator:175: SyntaxWarning: invalid escape sequence '\w'
  target_search_term = re.compile("1002:\w+")
backprop.cu:98:31: warning: implicit conversion from 'int' to 'float' changes value from 2147483647 to 2147483648 [-Wimplicit-const-int-float-conversion]
     w[i][j] = (float) rand()/RAND_MAX;
                             ~^~~~~~~~
/usr/include/stdlib.h:86:18: note: expanded from macro 'RAND_MAX'
#define RAND_MAX        2147483647
                        ^~~~~~~~~~
1 warning generated when compiling for gfx908.
backprop.cu:98:31: warning: implicit conversion from 'int' to 'float' changes value from 2147483647 to 2147483648 [-Wimplicit-const-int-float-conversion]
     w[i][j] = (float) rand()/RAND_MAX;
                             ~^~~~~~~~
/usr/include/stdlib.h:86:18: note: expanded from macro 'RAND_MAX'
#define RAND_MAX        2147483647
                        ^~~~~~~~~~
1 warning generated when compiling for host.
hipcc --rocm-path=/opt/rocm -I/home/ga27mex2/rocm/hipCUB/build/_CPack_Packages/Linux/RPM/hipcub-3.3.0-Linux/devel/opt/rocm/include -std=c++14 -I../backprop-cuda -O3 -c facetrain.cu -o facetrain.o
/opt/rocm/bin/rocm_agent_enumerator:95: SyntaxWarning: invalid escape sequence '\w'
  @staticVars(search_name=re.compile("gfx[0-9a-fA-F]+:[-+:\w]+"))
/opt/rocm/bin/rocm_agent_enumerator:152: SyntaxWarning: invalid escape sequence '\A'
  line_search_term = re.compile("\A\s+Name:\s+(amdgcn-amd-amdhsa--gfx\d+)")
/opt/rocm/bin/rocm_agent_enumerator:154: SyntaxWarning: invalid escape sequence '\A'
  line_search_term = re.compile("\A\s+Name:\s+(gfx\d+)")
/opt/rocm/bin/rocm_agent_enumerator:175: SyntaxWarning: invalid escape sequence '\w'
  target_search_term = re.compile("1002:\w+")
hipcc --rocm-path=/opt/rocm -I/home/ga27mex2/rocm/hipCUB/build/_CPack_Packages/Linux/RPM/hipcub-3.3.0-Linux/devel/opt/rocm/include -std=c++14 -I../backprop-cuda -O3 -c imagenet.cu -o imagenet.o
/opt/rocm/bin/rocm_agent_enumerator:95: SyntaxWarning: invalid escape sequence '\w'
  @staticVars(search_name=re.compile("gfx[0-9a-fA-F]+:[-+:\w]+"))
/opt/rocm/bin/rocm_agent_enumerator:152: SyntaxWarning: invalid escape sequence '\A'
  line_search_term = re.compile("\A\s+Name:\s+(amdgcn-amd-amdhsa--gfx\d+)")
/opt/rocm/bin/rocm_agent_enumerator:154: SyntaxWarning: invalid escape sequence '\A'
  line_search_term = re.compile("\A\s+Name:\s+(gfx\d+)")
/opt/rocm/bin/rocm_agent_enumerator:175: SyntaxWarning: invalid escape sequence '\w'
  target_search_term = re.compile("1002:\w+")
imagenet.cu:20:31: warning: implicit conversion from 'int' to 'float' changes value from 2147483647 to 2147483648 [-Wimplicit-const-int-float-conversion]
    units[k] = (float) rand()/RAND_MAX ;
                             ~^~~~~~~~
/usr/include/stdlib.h:86:18: note: expanded from macro 'RAND_MAX'
#define RAND_MAX        2147483647
                        ^~~~~~~~~~
1 warning generated when compiling for gfx908.
imagenet.cu:20:31: warning: implicit conversion from 'int' to 'float' changes value from 2147483647 to 2147483648 [-Wimplicit-const-int-float-conversion]
    units[k] = (float) rand()/RAND_MAX ;
                             ~^~~~~~~~
/usr/include/stdlib.h:86:18: note: expanded from macro 'RAND_MAX'
#define RAND_MAX        2147483647
                        ^~~~~~~~~~
1 warning generated when compiling for host.
hipcc --rocm-path=/opt/rocm -I/home/ga27mex2/rocm/hipCUB/build/_CPack_Packages/Linux/RPM/hipcub-3.3.0-Linux/devel/opt/rocm/include -std=c++14 -I../backprop-cuda -O3 -c main.cu -o main.o
/opt/rocm/bin/rocm_agent_enumerator:95: SyntaxWarning: invalid escape sequence '\w'
  @staticVars(search_name=re.compile("gfx[0-9a-fA-F]+:[-+:\w]+"))
/opt/rocm/bin/rocm_agent_enumerator:152: SyntaxWarning: invalid escape sequence '\A'
  line_search_term = re.compile("\A\s+Name:\s+(amdgcn-amd-amdhsa--gfx\d+)")
/opt/rocm/bin/rocm_agent_enumerator:154: SyntaxWarning: invalid escape sequence '\A'
  line_search_term = re.compile("\A\s+Name:\s+(gfx\d+)")
/opt/rocm/bin/rocm_agent_enumerator:175: SyntaxWarning: invalid escape sequence '\w'
  target_search_term = re.compile("1002:\w+")
hipcc --rocm-path=/opt/rocm -I/home/ga27mex2/rocm/hipCUB/build/_CPack_Packages/Linux/RPM/hipcub-3.3.0-Linux/devel/opt/rocm/include -std=c++14 -I../backprop-cuda -O3 backprop.o facetrain.o imagenet.o main.o -o hip 
/opt/rocm/bin/rocm_agent_enumerator:95: SyntaxWarning: invalid escape sequence '\w'
  @staticVars(search_name=re.compile("gfx[0-9a-fA-F]+:[-+:\w]+"))
/opt/rocm/bin/rocm_agent_enumerator:152: SyntaxWarning: invalid escape sequence '\A'
  line_search_term = re.compile("\A\s+Name:\s+(amdgcn-amd-amdhsa--gfx\d+)")
/opt/rocm/bin/rocm_agent_enumerator:154: SyntaxWarning: invalid escape sequence '\A'
  line_search_term = re.compile("\A\s+Name:\s+(gfx\d+)")
/opt/rocm/bin/rocm_agent_enumerator:175: SyntaxWarning: invalid escape sequence '\w'
  target_search_term = re.compile("1002:\w+")
