~/repos/llvm/build/bin/clang++ -std=c++17 -Wall -fsycl --gcc-toolchain=/home/ga27mex2/spack_thx2/spack/opt/spack/linux-centos8-thunderx2/gcc-14.1.0/gcc-14.1.0-kl6fnbyj4mhv4v5emwvqi6nmxb4kvjae -fsycl-targets=nvptx64-nvidia-cuda -Xsycl-target-backend --cuda-gpu-arch=sm_70 -DUSE_GPU -DUSE_GPU -DUSE_GPU -DUSE_GPU -DVERIFY -DOUTPUT -DTIMER -O3 -O3 -O3 -O3 -o hybridsort.o -c hybridsort.c
clang++: warning: treating 'c' input as 'c++' when -fsycl is used [-Wexpected-file-type]
hybridsort.c:19:9: warning: 'TIMER' macro redefined [-Wmacro-redefined]
   19 | #define TIMER 
      |         ^
<command line>:48:9: note: previous definition is here
   48 | #define TIMER 1
      |         ^
1 warning generated.
hybridsort.c:19:9: warning: 'TIMER' macro redefined [-Wmacro-redefined]
   19 | #define TIMER 
      |         ^
<command line>:48:9: note: previous definition is here
   48 | #define TIMER 1
      |         ^
1 warning generated.
~/repos/llvm/build/bin/clang++ -std=c++17 -Wall -fsycl --gcc-toolchain=/home/ga27mex2/spack_thx2/spack/opt/spack/linux-centos8-thunderx2/gcc-14.1.0/gcc-14.1.0-kl6fnbyj4mhv4v5emwvqi6nmxb4kvjae -fsycl-targets=nvptx64-nvidia-cuda -Xsycl-target-backend --cuda-gpu-arch=sm_70 -DUSE_GPU -DUSE_GPU -DUSE_GPU -DUSE_GPU -DVERIFY -DOUTPUT -DTIMER -O3 -O3 -O3 -O3 -o bucketsort.o -c bucketsort.c 
clang++: warning: treating 'c' input as 'c++' when -fsycl is used [-Wexpected-file-type]
~/repos/llvm/build/bin/clang++ -std=c++17 -Wall -fsycl --gcc-toolchain=/home/ga27mex2/spack_thx2/spack/opt/spack/linux-centos8-thunderx2/gcc-14.1.0/gcc-14.1.0-kl6fnbyj4mhv4v5emwvqi6nmxb4kvjae -fsycl-targets=nvptx64-nvidia-cuda -Xsycl-target-backend --cuda-gpu-arch=sm_70 -DUSE_GPU -DUSE_GPU -DUSE_GPU -DUSE_GPU -DVERIFY -DOUTPUT -DTIMER -O3 -O3 -O3 -O3 -o mergesort.o -c mergesort.c 
clang++: warning: treating 'c' input as 'c++' when -fsycl is used [-Wexpected-file-type]
In file included from mergesort.c:177:
./kernel_mergeSortPass.sycl:16:3: warning: misleading indentation; statement is not part of the previous 'if' [-Wmisleading-indentation]
   16 |   if(Bstart >= constStartAddr_acc[division + 1]){
      |   ^
./kernel_mergeSortPass.sycl:14:1: note: previous statement is here
   14 | if(Astart >= constStartAddr_acc[division + 1])
      | ^
mergesort.c:23:30: warning: unused variable 'sycl_read_write' [-Wunused-const-variable]
   23 | constexpr sycl::access::mode sycl_read_write = sycl::access::mode::read_write;
      |                              ^~~~~~~~~~~~~~~
mergesort.c:24:30: warning: unused variable 'sycl_discard_read_write' [-Wunused-const-variable]
   24 | constexpr sycl::access::mode sycl_discard_read_write = sycl::access::mode::discard_read_write;
      |                              ^~~~~~~~~~~~~~~~~~~~~~~
mergesort.c:25:30: warning: unused variable 'sycl_discard_write' [-Wunused-const-variable]
   25 | constexpr sycl::access::mode sycl_discard_write = sycl::access::mode::discard_write;
      |                              ^~~~~~~~~~~~~~~~~~
4 warnings generated.
In file included from mergesort.c:177:
./kernel_mergeSortPass.sycl:16:3: warning: misleading indentation; statement is not part of the previous 'if' [-Wmisleading-indentation]
   16 |   if(Bstart >= constStartAddr_acc[division + 1]){
      |   ^
./kernel_mergeSortPass.sycl:14:1: note: previous statement is here
   14 | if(Astart >= constStartAddr_acc[division + 1])
      | ^
mergesort.c:23:30: warning: unused variable 'sycl_read_write' [-Wunused-const-variable]
   23 | constexpr sycl::access::mode sycl_read_write = sycl::access::mode::read_write;
      |                              ^~~~~~~~~~~~~~~
mergesort.c:24:30: warning: unused variable 'sycl_discard_read_write' [-Wunused-const-variable]
   24 | constexpr sycl::access::mode sycl_discard_read_write = sycl::access::mode::discard_read_write;
      |                              ^~~~~~~~~~~~~~~~~~~~~~~
mergesort.c:25:30: warning: unused variable 'sycl_discard_write' [-Wunused-const-variable]
   25 | constexpr sycl::access::mode sycl_discard_write = sycl::access::mode::discard_write;
      |                              ^~~~~~~~~~~~~~~~~~
4 warnings generated.
~/repos/llvm/build/bin/clang++ -std=c++17 -Wall -fsycl --gcc-toolchain=/home/ga27mex2/spack_thx2/spack/opt/spack/linux-centos8-thunderx2/gcc-14.1.0/gcc-14.1.0-kl6fnbyj4mhv4v5emwvqi6nmxb4kvjae -fsycl-targets=nvptx64-nvidia-cuda -Xsycl-target-backend --cuda-gpu-arch=sm_70 -DUSE_GPU -DUSE_GPU -DUSE_GPU -DUSE_GPU -DVERIFY -DOUTPUT -DTIMER -O3 -O3 -O3 -O3 -o hybridsort -DVERIFY -DOUTPUT -DTIMER \
	hybridsort.o bucketsort.o mergesort.o 
