~/repos/llvm/build/bin/clang++ -std=c++17 -Wall -fsycl --gcc-toolchain=/home/ga27mex2/spack_thx2/spack/opt/spack/linux-centos8-thunderx2/gcc-14.1.0/gcc-14.1.0-kl6fnbyj4mhv4v5emwvqi6nmxb4kvjae -fsycl-targets=nvptx64-nvidia-cuda -Xsycl-target-backend --cuda-gpu-arch=sm_70 -I../include -DUSE_GPU -O3 -c main.cpp -o main.o
main.cpp:8:21: warning: 'uchar' is deprecated [-Wdeprecated-declarations]
    8 | using uchar = sycl::uchar;
      |                     ^
/home/ga27mex2/repos/llvm/build/bin/../include/sycl/aliases.hpp:95:13: note: 'uchar' has been explicitly marked deprecated here
   95 | using uchar __SYCL2020_DEPRECATED("") = unsigned char;
      |             ^
/home/ga27mex2/repos/llvm/build/bin/../include/sycl/detail/defines_elementary.hpp:62:40: note: expanded from macro '__SYCL2020_DEPRECATED'
   62 | #define __SYCL2020_DEPRECATED(message) __SYCL_DEPRECATED(message)
      |                                        ^
/home/ga27mex2/repos/llvm/build/bin/../include/sycl/detail/defines_elementary.hpp:53:38: note: expanded from macro '__SYCL_DEPRECATED'
   53 | #define __SYCL_DEPRECATED(message) [[deprecated(message)]]
      |                                      ^
main.cpp:118:29: warning: 'get_pointer' is deprecated: local_accessor::get_pointer() is deprecated, please use get_multi_ptr() [-Wdeprecated-declarations]
  118 |                      block0.get_pointer(),
      |                             ^
/home/ga27mex2/repos/llvm/build/bin/../include/sycl/accessor.hpp:2565:3: note: 'get_pointer' has been explicitly marked deprecated here
 2565 |   __SYCL2020_DEPRECATED(
      |   ^
/home/ga27mex2/repos/llvm/build/bin/../include/sycl/detail/defines_elementary.hpp:62:40: note: expanded from macro '__SYCL2020_DEPRECATED'
   62 | #define __SYCL2020_DEPRECATED(message) __SYCL_DEPRECATED(message)
      |                                        ^
/home/ga27mex2/repos/llvm/build/bin/../include/sycl/detail/defines_elementary.hpp:53:38: note: expanded from macro '__SYCL_DEPRECATED'
   53 | #define __SYCL_DEPRECATED(message) [[deprecated(message)]]
      |                                      ^
main.cpp:119:29: warning: 'get_pointer' is deprecated: local_accessor::get_pointer() is deprecated, please use get_multi_ptr() [-Wdeprecated-declarations]
  119 |                      block1.get_pointer(),
      |                             ^
/home/ga27mex2/repos/llvm/build/bin/../include/sycl/accessor.hpp:2565:3: note: 'get_pointer' has been explicitly marked deprecated here
 2565 |   __SYCL2020_DEPRECATED(
      |   ^
/home/ga27mex2/repos/llvm/build/bin/../include/sycl/detail/defines_elementary.hpp:62:40: note: expanded from macro '__SYCL2020_DEPRECATED'
   62 | #define __SYCL2020_DEPRECATED(message) __SYCL_DEPRECATED(message)
      |                                        ^
/home/ga27mex2/repos/llvm/build/bin/../include/sycl/detail/defines_elementary.hpp:53:38: note: expanded from macro '__SYCL_DEPRECATED'
   53 | #define __SYCL_DEPRECATED(message) [[deprecated(message)]]
      |                                      ^
main.cpp:134:29: warning: 'get_pointer' is deprecated: local_accessor::get_pointer() is deprecated, please use get_multi_ptr() [-Wdeprecated-declarations]
  134 |                      block0.get_pointer(),
      |                             ^
/home/ga27mex2/repos/llvm/build/bin/../include/sycl/accessor.hpp:2565:3: note: 'get_pointer' has been explicitly marked deprecated here
 2565 |   __SYCL2020_DEPRECATED(
      |   ^
/home/ga27mex2/repos/llvm/build/bin/../include/sycl/detail/defines_elementary.hpp:62:40: note: expanded from macro '__SYCL2020_DEPRECATED'
   62 | #define __SYCL2020_DEPRECATED(message) __SYCL_DEPRECATED(message)
      |                                        ^
/home/ga27mex2/repos/llvm/build/bin/../include/sycl/detail/defines_elementary.hpp:53:38: note: expanded from macro '__SYCL_DEPRECATED'
   53 | #define __SYCL_DEPRECATED(message) [[deprecated(message)]]
      |                                      ^
main.cpp:135:29: warning: 'get_pointer' is deprecated: local_accessor::get_pointer() is deprecated, please use get_multi_ptr() [-Wdeprecated-declarations]
  135 |                      block1.get_pointer(),
      |                             ^
/home/ga27mex2/repos/llvm/build/bin/../include/sycl/accessor.hpp:2565:3: note: 'get_pointer' has been explicitly marked deprecated here
 2565 |   __SYCL2020_DEPRECATED(
      |   ^
/home/ga27mex2/repos/llvm/build/bin/../include/sycl/detail/defines_elementary.hpp:62:40: note: expanded from macro '__SYCL2020_DEPRECATED'
   62 | #define __SYCL2020_DEPRECATED(message) __SYCL_DEPRECATED(message)
      |                                        ^
/home/ga27mex2/repos/llvm/build/bin/../include/sycl/detail/defines_elementary.hpp:53:38: note: expanded from macro '__SYCL_DEPRECATED'
   53 | #define __SYCL_DEPRECATED(message) [[deprecated(message)]]
      |                                      ^
5 warnings generated.
main.cpp:8:21: warning: 'uchar' is deprecated [-Wdeprecated-declarations]
    8 | using uchar = sycl::uchar;
      |                     ^
/home/ga27mex2/repos/llvm/build/bin/../include/sycl/aliases.hpp:95:13: note: 'uchar' has been explicitly marked deprecated here
   95 | using uchar __SYCL2020_DEPRECATED("") = unsigned char;
      |             ^
/home/ga27mex2/repos/llvm/build/bin/../include/sycl/detail/defines_elementary.hpp:62:40: note: expanded from macro '__SYCL2020_DEPRECATED'
   62 | #define __SYCL2020_DEPRECATED(message) __SYCL_DEPRECATED(message)
      |                                        ^
/home/ga27mex2/repos/llvm/build/bin/../include/sycl/detail/defines_elementary.hpp:53:38: note: expanded from macro '__SYCL_DEPRECATED'
   53 | #define __SYCL_DEPRECATED(message) [[deprecated(message)]]
      |                                      ^
main.cpp:118:29: warning: 'get_pointer' is deprecated: local_accessor::get_pointer() is deprecated, please use get_multi_ptr() [-Wdeprecated-declarations]
  118 |                      block0.get_pointer(),
      |                             ^
/home/ga27mex2/repos/llvm/build/bin/../include/sycl/accessor.hpp:2565:3: note: 'get_pointer' has been explicitly marked deprecated here
 2565 |   __SYCL2020_DEPRECATED(
      |   ^
/home/ga27mex2/repos/llvm/build/bin/../include/sycl/detail/defines_elementary.hpp:62:40: note: expanded from macro '__SYCL2020_DEPRECATED'
   62 | #define __SYCL2020_DEPRECATED(message) __SYCL_DEPRECATED(message)
      |                                        ^
/home/ga27mex2/repos/llvm/build/bin/../include/sycl/detail/defines_elementary.hpp:53:38: note: expanded from macro '__SYCL_DEPRECATED'
   53 | #define __SYCL_DEPRECATED(message) [[deprecated(message)]]
      |                                      ^
main.cpp:119:29: warning: 'get_pointer' is deprecated: local_accessor::get_pointer() is deprecated, please use get_multi_ptr() [-Wdeprecated-declarations]
  119 |                      block1.get_pointer(),
      |                             ^
/home/ga27mex2/repos/llvm/build/bin/../include/sycl/accessor.hpp:2565:3: note: 'get_pointer' has been explicitly marked deprecated here
 2565 |   __SYCL2020_DEPRECATED(
      |   ^
/home/ga27mex2/repos/llvm/build/bin/../include/sycl/detail/defines_elementary.hpp:62:40: note: expanded from macro '__SYCL2020_DEPRECATED'
   62 | #define __SYCL2020_DEPRECATED(message) __SYCL_DEPRECATED(message)
      |                                        ^
/home/ga27mex2/repos/llvm/build/bin/../include/sycl/detail/defines_elementary.hpp:53:38: note: expanded from macro '__SYCL_DEPRECATED'
   53 | #define __SYCL_DEPRECATED(message) [[deprecated(message)]]
      |                                      ^
main.cpp:134:29: warning: 'get_pointer' is deprecated: local_accessor::get_pointer() is deprecated, please use get_multi_ptr() [-Wdeprecated-declarations]
  134 |                      block0.get_pointer(),
      |                             ^
/home/ga27mex2/repos/llvm/build/bin/../include/sycl/accessor.hpp:2565:3: note: 'get_pointer' has been explicitly marked deprecated here
 2565 |   __SYCL2020_DEPRECATED(
      |   ^
/home/ga27mex2/repos/llvm/build/bin/../include/sycl/detail/defines_elementary.hpp:62:40: note: expanded from macro '__SYCL2020_DEPRECATED'
   62 | #define __SYCL2020_DEPRECATED(message) __SYCL_DEPRECATED(message)
      |                                        ^
/home/ga27mex2/repos/llvm/build/bin/../include/sycl/detail/defines_elementary.hpp:53:38: note: expanded from macro '__SYCL_DEPRECATED'
   53 | #define __SYCL_DEPRECATED(message) [[deprecated(message)]]
      |                                      ^
main.cpp:135:29: warning: 'get_pointer' is deprecated: local_accessor::get_pointer() is deprecated, please use get_multi_ptr() [-Wdeprecated-declarations]
  135 |                      block1.get_pointer(),
      |                             ^
/home/ga27mex2/repos/llvm/build/bin/../include/sycl/accessor.hpp:2565:3: note: 'get_pointer' has been explicitly marked deprecated here
 2565 |   __SYCL2020_DEPRECATED(
      |   ^
/home/ga27mex2/repos/llvm/build/bin/../include/sycl/detail/defines_elementary.hpp:62:40: note: expanded from macro '__SYCL2020_DEPRECATED'
   62 | #define __SYCL2020_DEPRECATED(message) __SYCL_DEPRECATED(message)
      |                                        ^
/home/ga27mex2/repos/llvm/build/bin/../include/sycl/detail/defines_elementary.hpp:53:38: note: expanded from macro '__SYCL_DEPRECATED'
   53 | #define __SYCL_DEPRECATED(message) [[deprecated(message)]]
      |                                      ^
5 warnings generated.
~/repos/llvm/build/bin/clang++ -std=c++17 -Wall -fsycl --gcc-toolchain=/home/ga27mex2/spack_thx2/spack/opt/spack/linux-centos8-thunderx2/gcc-14.1.0/gcc-14.1.0-kl6fnbyj4mhv4v5emwvqi6nmxb4kvjae -fsycl-targets=nvptx64-nvidia-cuda -Xsycl-target-backend --cuda-gpu-arch=sm_70 -I../include -DUSE_GPU -O3 main.o -o sycl 
