nvcc  -std=c++14 -Xcompiler -Wall -arch=sm_70 -O3 -c main.cu -o main.o
nvcc  -std=c++14 -Xcompiler -Wall -arch=sm_70 -O3 -c reference.cpp -o reference.o
nvcc  -std=c++14 -Xcompiler -Wall -arch=sm_70 -O3 -c su_cdp.cpp -o su_cdp.o
In file included from su_cdp.cpp:23:
su_cdp.hpp: In constructor ‘su_cdp::su_cdp()’:
su_cdp.hpp:37:9: warning: ‘su_cdp::_cdp’ will be initialized after [-Wreorder]
     int _cdp;
         ^~~~
su_cdp.hpp:36:27: warning:   ‘std::vector<su_trace> su_cdp::_traces’ [-Wreorder]
     std::vector<su_trace> _traces;
                           ^~~~~~~
su_cdp.cpp:31:1: warning:   when initialized here [-Wreorder]
 su_cdp::su_cdp() : _cdp(INT_MIN), _traces(0) {
 ^~~~~~
nvcc  -std=c++14 -Xcompiler -Wall -arch=sm_70 -O3 -c su_gather.cpp -o su_gather.o
In file included from su_gather.cpp:23:
su_gather.hpp: In constructor ‘su_gather::su_gather(std::__cxx11::string&, int, int)’:
su_gather.hpp:42:9: warning: ‘su_gather::_ttraces’ will be initialized after [-Wreorder]
     int _ttraces;              // total number of traces
         ^~~~~~~~
su_gather.hpp:41:9: warning:   ‘int su_gather::_nos’ [-Wreorder]
     int _nos;                  // total number of semblances
         ^~~~
su_gather.cpp:33:1: warning:   when initialized here [-Wreorder]
 su_gather::su_gather(std::string& file_path, int aph, int nc) :
 ^~~~~~~~~
In file included from su_gather.cpp:23:
su_gather.hpp:41:9: warning: ‘su_gather::_nos’ will be initialized after [-Wreorder]
     int _nos;                  // total number of semblances
         ^~~~
su_gather.hpp:39:9: warning:   ‘int su_gather::_ns’ [-Wreorder]
     int _ns;                   // total number of samples
         ^~~
su_gather.cpp:33:1: warning:   when initialized here [-Wreorder]
 su_gather::su_gather(std::string& file_path, int aph, int nc) :
 ^~~~~~~~~
su_gather.cpp:54:25: warning: comparison of integer expressions of different signedness: ‘int’ and ‘size_t’ {aka ‘long unsigned int’} [-Wsign-compare]
     max_ntrs = max_ntrs < traces_by_cdp[tr.cdp()].size() ? traces_by_cdp[tr.cdp()].size() : max_ntrs;
                ~~~~~~~~~^~~~~~~~~~~~~~~~~~~~~~~~~~~~~~~~
su_gather.cpp: In member function ‘void su_gather::linearize(int*&, float*&, float&, float*&, float*&, float*&, float*&, float*&, int)’:
su_gather.cpp:85:18: warning: comparison of integer expressions of different signedness: ‘int’ and ‘std::vector<su_cdp>::size_type’ {aka ‘long unsigned int’} [-Wsign-compare]
   for(int i=0; i < _cdps.size(); i++) {
                ~~^~~~~~~~~~~~~~
su_gather.cpp:89:20: warning: comparison of integer expressions of different signedness: ‘int’ and ‘std::vector<su_trace>::size_type’ {aka ‘long unsigned int’} [-Wsign-compare]
     for(int j=0; j < _cdps[i].traces().size(); j++, n_traces++) {
                  ~~^~~~~~~~~~~~~~~~~~~~~~~~~~
In file included from /usr/include/c++/8/cassert:44,
                 from su_gather.cpp:29:
su_gather.cpp:101:33: warning: comparison of integer expressions of different signedness: ‘std::vector<float>::size_type’ {aka ‘long unsigned int’} and ‘int’ [-Wsign-compare]
         assert(tr.data().size() == _ns);
                ~~~~~~~~~~~~~~~~~^~~~~~
nvcc  -std=c++14 -Xcompiler -Wall -arch=sm_70 -O3 -c su_trace.cpp -o su_trace.o
nvcc  -std=c++14 -Xcompiler -Wall -arch=sm_70 -O3 -c log.cpp -o log.o
nvcc  -std=c++14 -Xcompiler -Wall -arch=sm_70 -O3 -c parser.cpp -o parser.o
nvcc  -std=c++14 -Xcompiler -Wall -arch=sm_70 -O3 main.o reference.o su_cdp.o su_gather.o su_trace.o log.o parser.o -o cuda 
