~/repos/llvm/build/bin/clang++ -std=c++17 -Wall -fsycl --gcc-toolchain=/home/ga27mex2/spack_thx2/spack/opt/spack/linux-centos8-thunderx2/gcc-14.1.0/gcc-14.1.0-kl6fnbyj4mhv4v5emwvqi6nmxb4kvjae -fsycl-targets=nvptx64-nvidia-cuda -Xsycl-target-backend --cuda-gpu-arch=sm_70 -I../include -I../include -I../include -DWARP_PER_BLOCK=8 -DVALUE_TYPE=double -DBENCH_REPEAT=100 -DUSE_GPU -DWARP_PER_BLOCK=8 -DVALUE_TYPE=double -DBENCH_REPEAT=100 -DUSE_GPU -DWARP_PER_BLOCK=8 -DVALUE_TYPE=double -DBENCH_REPEAT=100 -DUSE_GPU -O3 -O3 -O3 -c main.cpp -o main.o
In file included from main.cpp:2:
./mmio.h:607:13: warning: unused variable 'rt' [-Wunused-variable]
  607 |         int rt = fscanf(f, "%d %d %lg\n", &I[i], &J[i], &val[i]);
      |             ^~
In file included from main.cpp:3:
./tranpose.h:146:9: warning: variable 'warp_greater' set but not used [-Wunused-but-set-variable]
  146 |     int warp_greater=0,warp_lower=0;
      |         ^
./tranpose.h:146:24: warning: variable 'warp_lower' set but not used [-Wunused-but-set-variable]
  146 |     int warp_greater=0,warp_lower=0;
      |                        ^
In file included from main.cpp:4:
./read_mtx.h:76:13: warning: variable 'returnvalue' set but not used [-Wunused-but-set-variable]
   76 |         int returnvalue;
      |             ^
4 warnings generated.
In file included from main.cpp:2:
./mmio.h:607:13: warning: unused variable 'rt' [-Wunused-variable]
  607 |         int rt = fscanf(f, "%d %d %lg\n", &I[i], &J[i], &val[i]);
      |             ^~
In file included from main.cpp:3:
./tranpose.h:146:9: warning: variable 'warp_greater' set but not used [-Wunused-but-set-variable]
  146 |     int warp_greater=0,warp_lower=0;
      |         ^
./tranpose.h:146:24: warning: variable 'warp_lower' set but not used [-Wunused-but-set-variable]
  146 |     int warp_greater=0,warp_lower=0;
      |                        ^
In file included from main.cpp:4:
./read_mtx.h:76:13: warning: variable 'returnvalue' set but not used [-Wunused-but-set-variable]
   76 |         int returnvalue;
      |             ^
4 warnings generated.
~/repos/llvm/build/bin/clang++ -std=c++17 -Wall -fsycl --gcc-toolchain=/home/ga27mex2/spack_thx2/spack/opt/spack/linux-centos8-thunderx2/gcc-14.1.0/gcc-14.1.0-kl6fnbyj4mhv4v5emwvqi6nmxb4kvjae -fsycl-targets=nvptx64-nvidia-cuda -Xsycl-target-backend --cuda-gpu-arch=sm_70 -I../include -I../include -I../include -DWARP_PER_BLOCK=8 -DVALUE_TYPE=double -DBENCH_REPEAT=100 -DUSE_GPU -DWARP_PER_BLOCK=8 -DVALUE_TYPE=double -DBENCH_REPEAT=100 -DUSE_GPU -DWARP_PER_BLOCK=8 -DVALUE_TYPE=double -DBENCH_REPEAT=100 -DUSE_GPU -O3 -O3 -O3 -c sptrsv_syncfree.cpp -o sptrsv_syncfree.o
~/repos/llvm/build/bin/clang++ -std=c++17 -Wall -fsycl --gcc-toolchain=/home/ga27mex2/spack_thx2/spack/opt/spack/linux-centos8-thunderx2/gcc-14.1.0/gcc-14.1.0-kl6fnbyj4mhv4v5emwvqi6nmxb4kvjae -fsycl-targets=nvptx64-nvidia-cuda -Xsycl-target-backend --cuda-gpu-arch=sm_70 -I../include -I../include -I../include -DWARP_PER_BLOCK=8 -DVALUE_TYPE=double -DBENCH_REPEAT=100 -DUSE_GPU -DWARP_PER_BLOCK=8 -DVALUE_TYPE=double -DBENCH_REPEAT=100 -DUSE_GPU -DWARP_PER_BLOCK=8 -DVALUE_TYPE=double -DBENCH_REPEAT=100 -DUSE_GPU -O3 -O3 -O3 main.o sptrsv_syncfree.o -o sycl 
