clang++ -fopenmp -fopenmp-targets=nvptx64 -I../include -I../include -I../include -I../include -D__STRICT_ANSI__ -D__STRICT_ANSI__ -D__STRICT_ANSI__ -D__STRICT_ANSI__ -O3 -O3 -O3 -O3 -c fileio.cpp -o fileio.o
clang++ -fopenmp -fopenmp-targets=nvptx64 -I../include -I../include -I../include -I../include -D__STRICT_ANSI__ -D__STRICT_ANSI__ -D__STRICT_ANSI__ -D__STRICT_ANSI__ -O3 -O3 -O3 -O3 -c fluid.cpp -o fluid.o
warning: loop not vectorized: the optimizer was unable to perform the requested transformation; the transformation might be disabled or specified as part of an unsupported transformation ordering [-Wpass-failed=transform-warning]
warning: loop not vectorized: the optimizer was unable to perform the requested transformation; the transformation might be disabled or specified as part of an unsupported transformation ordering [-Wpass-failed=transform-warning]
warning: loop not vectorized: the optimizer was unable to perform the requested transformation; the transformation might be disabled or specified as part of an unsupported transformation ordering [-Wpass-failed=transform-warning]
warning: loop not vectorized: the optimizer was unable to perform the requested transformation; the transformation might be disabled or specified as part of an unsupported transformation ordering [-Wpass-failed=transform-warning]
warning: loop not vectorized: the optimizer was unable to perform the requested transformation; the transformation might be disabled or specified as part of an unsupported transformation ordering [-Wpass-failed=transform-warning]
warning: loop not vectorized: the optimizer was unable to perform the requested transformation; the transformation might be disabled or specified as part of an unsupported transformation ordering [-Wpass-failed=transform-warning]
warning: loop not vectorized: the optimizer was unable to perform the requested transformation; the transformation might be disabled or specified as part of an unsupported transformation ordering [-Wpass-failed=transform-warning]
warning: loop not vectorized: the optimizer was unable to perform the requested transformation; the transformation might be disabled or specified as part of an unsupported transformation ordering [-Wpass-failed=transform-warning]
8 warnings generated.
warning: <unknown>:0:0: loop not vectorized: the optimizer was unable to perform the requested transformation; the transformation might be disabled or specified as part of an unsupported transformation ordering [-Wpass-failed=transform-warning]
warning: <unknown>:0:0: loop not vectorized: the optimizer was unable to perform the requested transformation; the transformation might be disabled or specified as part of an unsupported transformation ordering [-Wpass-failed=transform-warning]
warning: <unknown>:0:0: loop not vectorized: the optimizer was unable to perform the requested transformation; the transformation might be disabled or specified as part of an unsupported transformation ordering [-Wpass-failed=transform-warning]
warning: <unknown>:0:0: loop not vectorized: the optimizer was unable to perform the requested transformation; the transformation might be disabled or specified as part of an unsupported transformation ordering [-Wpass-failed=transform-warning]
warning: <unknown>:0:0: loop not vectorized: the optimizer was unable to perform the requested transformation; the transformation might be disabled or specified as part of an unsupported transformation ordering [-Wpass-failed=transform-warning]
warning: <unknown>:0:0: loop not vectorized: the optimizer was unable to perform the requested transformation; the transformation might be disabled or specified as part of an unsupported transformation ordering [-Wpass-failed=transform-warning]
warning: <unknown>:0:0: loop not vectorized: the optimizer was unable to perform the requested transformation; the transformation might be disabled or specified as part of an unsupported transformation ordering [-Wpass-failed=transform-warning]
7 warnings generated.
clang++ -fopenmp -fopenmp-targets=nvptx64 -I../include -I../include -I../include -I../include -D__STRICT_ANSI__ -D__STRICT_ANSI__ -D__STRICT_ANSI__ -D__STRICT_ANSI__ -O3 -O3 -O3 -O3 -c geometry.cpp -o geometry.o
clang++ -fopenmp -fopenmp-targets=nvptx64 -I../include -I../include -I../include -I../include -D__STRICT_ANSI__ -D__STRICT_ANSI__ -D__STRICT_ANSI__ -D__STRICT_ANSI__ -O3 -O3 -O3 -O3 fileio.o fluid.o geometry.o -o omp 
clang++ -fopenmp -fopenmp-targets=nvptx64 -I../include -I../include -I../include -I../include -D__STRICT_ANSI__ -D__STRICT_ANSI__ -D__STRICT_ANSI__ -D__STRICT_ANSI__ -O3 -O3 -O3 -O3 fileio.o fluid.o geometry.o -o OPTIMIZE=yes 
