nvcc  -std=c++14 -Xcompiler -Wall -arch=sm_70 -O3 -c main.cpp -o main.o
nvcc  -std=c++14 -Xcompiler -Wall -arch=sm_70 -O3 -c Option.cpp -o Option.o
nvcc  -std=c++14 -Xcompiler -Wall -arch=sm_70 -O3 -c OptionParser.cpp -o OptionParser.o
OptionParser.cpp: In member function ‘bool OptionParser::parse(const std::vector<std::__cxx11::basic_string<char> >&)’:
OptionParser.cpp:65:19: warning: comparison of integer expressions of different signedness: ‘int’ and ‘std::vector<std::__cxx11::basic_string<char> >::size_type’ {aka ‘long unsigned int’} [-Wsign-compare]
    for (int i=0; i<args.size(); i++) {
                  ~^~~~~~~~~~~~
OptionParser.cpp:78:46: warning: comparison of integer expressions of different signedness: ‘int’ and ‘std::vector<std::__cxx11::basic_string<char> >::size_type’ {aka ‘long unsigned int’} [-Wsign-compare]
          if (longName=="configFile" && ! (i+1>=args.size())) {
                                           ~~~^~~~~~~~~~~~~
OptionParser.cpp:95:21: warning: comparison of integer expressions of different signedness: ‘int’ and ‘std::vector<std::__cxx11::basic_string<char> >::size_type’ {aka ‘long unsigned int’} [-Wsign-compare]
             if (i+1 >= args.size()) {
                 ~~~~^~~~~~~~~~~~~~
OptionParser.cpp:117:51: warning: comparison of integer expressions of different signedness: ‘int’ and ‘std::vector<std::__cxx11::basic_string<char> >::size_type’ {aka ‘long unsigned int’} [-Wsign-compare]
               if (longName=="configFile" && ! (i+1>=args.size())) {
                                                ~~~^~~~~~~~~~~~~
OptionParser.cpp:130:27: warning: comparison of integer expressions of different signedness: ‘int’ and ‘std::vector<std::__cxx11::basic_string<char> >::size_type’ {aka ‘long unsigned int’} [-Wsign-compare]
                   if (i+1 >= args.size() || p < nopts-1)
                       ~~~~^~~~~~~~~~~~~~
OptionParser.cpp: In member function ‘void OptionParser::print() const’:
OptionParser.cpp:165:22: warning: comparison of integer expressions of different signedness: ‘int’ and ‘std::vector<std::__cxx11::basic_string<char> >::size_type’ {aka ‘long unsigned int’} [-Wsign-compare]
       for (int j=0; j<printed.size(); j++) {
                     ~^~~~~~~~~~~~~~~
OptionParser.cpp: In member function ‘bool OptionParser::getOptionBool(const string&) const’:
OptionParser.cpp:213:8: warning: unused variable ‘retVal’ [-Wunused-variable]
    int retVal;
        ^~~~~~
OptionParser.cpp: In member function ‘std::vector<long long int> OptionParser::getOptionVecInt(const string&) const’:
OptionParser.cpp:243:19: warning: comparison of integer expressions of different signedness: ‘int’ and ‘std::vector<std::__cxx11::basic_string<char> >::size_type’ {aka ‘long unsigned int’} [-Wsign-compare]
    for (int i=0; i<tokens.size(); i++) {
                  ~^~~~~~~~~~~~~~
OptionParser.cpp: In member function ‘std::vector<float> OptionParser::getOptionVecFloat(const string&) const’:
OptionParser.cpp:260:19: warning: comparison of integer expressions of different signedness: ‘int’ and ‘std::vector<std::__cxx11::basic_string<char> >::size_type’ {aka ‘long unsigned int’} [-Wsign-compare]
    for (int i=0; i<tokens.size(); i++) {
                  ~^~~~~~~~~~~~~~
OptionParser.cpp: In member function ‘std::vector<std::__cxx11::basic_string<char> > OptionParser::getOptionVecString(const string&) const’:
OptionParser.cpp:279:19: warning: comparison of integer expressions of different signedness: ‘int’ and ‘std::vector<std::__cxx11::basic_string<char> >::size_type’ {aka ‘long unsigned int’} [-Wsign-compare]
    for (int i=0; i<tokens.size(); i++) {
                  ~^~~~~~~~~~~~~~
OptionParser.cpp: In member function ‘bool OptionParser::parseFile(const string&)’:
OptionParser.cpp:316:25: warning: comparison of integer expressions of different signedness: ‘int’ and ‘std::vector<std::__cxx11::basic_string<char> >::size_type’ {aka ‘long unsigned int’} [-Wsign-compare]
          for (int i=0; i<tokens.size(); i++) {
                        ~^~~~~~~~~~~~~~
nvcc  -std=c++14 -Xcompiler -Wall -arch=sm_70 -O3 -c comm.cpp -o comm.o
nvcc  -std=c++14 -Xcompiler -Wall -arch=sm_70 -O3 -c libdata.cpp -o libdata.o
nvcc  -std=c++14 -Xcompiler -Wall -arch=sm_70 -O3 -c QTC.cu -o QTC.o
kernels_common.h:5: warning: ignoring #pragma warning  [-Wunknown-pragmas]
 #pragma warning(disable:4996)
 
nvcc  -std=c++14 -Xcompiler -Wall -arch=sm_70 -O3 main.o Option.o OptionParser.o comm.o libdata.o QTC.o -o cuda 
