~/repos/llvm/build/bin/clang++ -std=c++17 -Wall -fsycl --gcc-toolchain=/home/ga27mex2/spack_thx2/spack/opt/spack/linux-centos8-thunderx2/gcc-14.1.0/gcc-14.1.0-kl6fnbyj4mhv4v5emwvqi6nmxb4kvjae -fsycl-targets=nvptx64-nvidia-cuda -Xsycl-target-backend --cuda-gpu-arch=sm_70 -I../include -I../include -I../include -I../include -I../include -DUSE_GPU -DUSE_GPU -DUSE_GPU -DUSE_GPU -DUSE_GPU -O3 -O3 -O3 -O3 -O3 -c lulesh.cc -o lulesh.o
In file included from lulesh.cc:163:
In file included from ./lulesh.h:16:
In file included from ../include/common.h:4:
/home/ga27mex2/repos/llvm/build/bin/../include/CL/sycl.hpp:14:2: warning: "CL/sycl.hpp is deprecated, use sycl/sycl.hpp" [-W#warnings]
   14 | #warning "CL/sycl.hpp is deprecated, use sycl/sycl.hpp"
      |  ^
In file included from lulesh.cc:163:
In file included from ./lulesh.h:16:
../include/common.h:14:58: warning: 'constant_buffer' is deprecated: use 'target::device' instead [-Wdeprecated-declarations]
   14 | constexpr access::target sycl_cmem     = access::target::constant_buffer;
      |                                                          ^
/home/ga27mex2/repos/llvm/build/bin/../include/sycl/access/access.hpp:24:19: note: 'constant_buffer' has been explicitly marked deprecated here
   24 |   constant_buffer __SYCL2020_DEPRECATED("use 'target::device' instead") = 2015,
      |                   ^
/home/ga27mex2/repos/llvm/build/bin/../include/sycl/detail/defines_elementary.hpp:62:40: note: expanded from macro '__SYCL2020_DEPRECATED'
   62 | #define __SYCL2020_DEPRECATED(message) __SYCL_DEPRECATED(message)
      |                                        ^
/home/ga27mex2/repos/llvm/build/bin/../include/sycl/detail/defines_elementary.hpp:53:38: note: expanded from macro '__SYCL_DEPRECATED'
   53 | #define __SYCL_DEPRECATED(message) [[deprecated(message)]]
      |                                      ^
In file included from lulesh.cc:163:
In file included from ./lulesh.h:16:
../include/common.h:15:58: warning: 'global_buffer' is deprecated: use 'target::device' instead [-Wdeprecated-declarations]
   15 | constexpr access::target sycl_gmem     = access::target::global_buffer;
      |                                                          ^
/home/ga27mex2/repos/llvm/build/bin/../include/sycl/access/access.hpp:23:17: note: 'global_buffer' has been explicitly marked deprecated here
   23 |   global_buffer __SYCL2020_DEPRECATED("use 'target::device' instead") = 2014,
      |                 ^
/home/ga27mex2/repos/llvm/build/bin/../include/sycl/detail/defines_elementary.hpp:62:40: note: expanded from macro '__SYCL2020_DEPRECATED'
   62 | #define __SYCL2020_DEPRECATED(message) __SYCL_DEPRECATED(message)
      |                                        ^
/home/ga27mex2/repos/llvm/build/bin/../include/sycl/detail/defines_elementary.hpp:53:38: note: expanded from macro '__SYCL_DEPRECATED'
   53 | #define __SYCL_DEPRECATED(message) [[deprecated(message)]]
      |                                      ^
In file included from lulesh.cc:163:
In file included from ./lulesh.h:16:
../include/common.h:16:58: warning: 'local' is deprecated: use `local_accessor` instead [-Wdeprecated-declarations]
   16 | constexpr access::target sycl_lmem     = access::target::local;
      |                                                          ^
/home/ga27mex2/repos/llvm/build/bin/../include/sycl/access/access.hpp:25:9: note: 'local' has been explicitly marked deprecated here
   25 |   local __SYCL2020_DEPRECATED("use `local_accessor` instead") = 2016,
      |         ^
/home/ga27mex2/repos/llvm/build/bin/../include/sycl/detail/defines_elementary.hpp:62:40: note: expanded from macro '__SYCL2020_DEPRECATED'
   62 | #define __SYCL2020_DEPRECATED(message) __SYCL_DEPRECATED(message)
      |                                        ^
/home/ga27mex2/repos/llvm/build/bin/../include/sycl/detail/defines_elementary.hpp:53:38: note: expanded from macro '__SYCL_DEPRECATED'
   53 | #define __SYCL_DEPRECATED(message) [[deprecated(message)]]
      |                                      ^
In file included from lulesh.cc:163:
./lulesh.h:30:41: error: call to 'sqrt' is ambiguous
   30 | inline real8  SQRT(real8  arg) { return sqrt(arg) ; }
      |                                         ^~~~
/home/ga27mex2/repos/llvm/build/bin/../include/sycl/stl_wrappers/cmath:53:37: note: candidate function
   53 | extern __DPCPP_SYCL_EXTERNAL double sqrt(double x);
      |                                     ^
/home/ga27mex2/repos/llvm/build/bin/../include/sycl/detail/builtins/math_functions.inc:188:34: note: candidate function
  188 | BUILTIN_GENF_NATIVE_OPT(ONE_ARG, sqrt)
      |                                  ^
In file included from lulesh.cc:163:
./lulesh.h:34:41: error: call to 'cbrt' is ambiguous
   34 | inline real8  CBRT(real8  arg) { return cbrt(arg) ; }
      |                                         ^~~~
/home/ga27mex2/repos/llvm/build/bin/../include/sycl/stl_wrappers/cmath:55:37: note: candidate function
   55 | extern __DPCPP_SYCL_EXTERNAL double cbrt(double x);
      |                                     ^
/home/ga27mex2/repos/llvm/build/bin/../include/sycl/detail/builtins/math_functions.inc:132:23: note: candidate function
  132 | BUILTIN_GENF(ONE_ARG, cbrt)
      |                       ^
In file included from lulesh.cc:163:
./lulesh.h:38:41: error: call to 'fabs' is ambiguous
   38 | inline real8  FABS(real8  arg) { return fabs(arg) ; }
      |                                         ^~~~
/usr/include/bits/mathcalls.h:162:14: note: candidate function
  162 | __MATHCALLX (fabs,, (_Mdouble_ __x), (__const__));
      |              ^
/home/ga27mex2/repos/llvm/build/bin/../include/sycl/detail/builtins/math_functions.inc:139:23: note: candidate function
  139 | BUILTIN_GENF(ONE_ARG, fabs)
      |                       ^
lulesh.cc:1300:52: warning: 'get_pointer' is deprecated: accessor::get_pointer() is deprecated, please use get_multi_ptr() [-Wdeprecated-declarations]
 1300 |         const Index_t* const elemToNode = nodelist.get_pointer() + Index_t(8)*k;
      |                                                    ^
/home/ga27mex2/repos/llvm/build/bin/../include/sycl/accessor.hpp:1779:26: note: 'get_pointer' has been explicitly marked deprecated here
 1779 |   global_ptr<value_type> get_pointer() const noexcept {
      |                          ^
lulesh.cc:1300:52: warning: 'get_pointer<sycl::access::target::global_buffer, void>' is deprecated: accessor::get_pointer() is deprecated, please use get_multi_ptr() [-Wdeprecated-declarations]
 1300 |         const Index_t* const elemToNode = nodelist.get_pointer() + Index_t(8)*k;
      |                                                    ^
/home/ga27mex2/repos/llvm/build/bin/../include/sycl/accessor.hpp:1777:3: note: 'get_pointer<sycl::access::target::global_buffer, void>' has been explicitly marked deprecated here
 1777 |   __SYCL2020_DEPRECATED(
      |   ^
/home/ga27mex2/repos/llvm/build/bin/../include/sycl/detail/defines_elementary.hpp:62:40: note: expanded from macro '__SYCL2020_DEPRECATED'
   62 | #define __SYCL2020_DEPRECATED(message) __SYCL_DEPRECATED(message)
      |                                        ^
/home/ga27mex2/repos/llvm/build/bin/../include/sycl/detail/defines_elementary.hpp:53:38: note: expanded from macro '__SYCL_DEPRECATED'
   53 | #define __SYCL_DEPRECATED(message) [[deprecated(message)]]
      |                                      ^
lulesh.cc:1374:56: warning: 'get_pointer' is deprecated: accessor::get_pointer() is deprecated, please use get_multi_ptr() [-Wdeprecated-declarations]
 1374 |         const Index_t *cornerList = nodeElemCornerList.get_pointer() + nodeElemStart[gnode];//domain.nodeElemCornerList(gnode) ;
      |                                                        ^
/home/ga27mex2/repos/llvm/build/bin/../include/sycl/accessor.hpp:1779:26: note: 'get_pointer' has been explicitly marked deprecated here
 1779 |   global_ptr<value_type> get_pointer() const noexcept {
      |                          ^
lulesh.cc:1374:56: warning: 'get_pointer<sycl::access::target::global_buffer, void>' is deprecated: accessor::get_pointer() is deprecated, please use get_multi_ptr() [-Wdeprecated-declarations]
 1374 |         const Index_t *cornerList = nodeElemCornerList.get_pointer() + nodeElemStart[gnode];//domain.nodeElemCornerList(gnode) ;
      |                                                        ^
/home/ga27mex2/repos/llvm/build/bin/../include/sycl/accessor.hpp:1777:3: note: 'get_pointer<sycl::access::target::global_buffer, void>' has been explicitly marked deprecated here
 1777 |   __SYCL2020_DEPRECATED(
      |   ^
/home/ga27mex2/repos/llvm/build/bin/../include/sycl/detail/defines_elementary.hpp:62:40: note: expanded from macro '__SYCL2020_DEPRECATED'
   62 | #define __SYCL2020_DEPRECATED(message) __SYCL_DEPRECATED(message)
      |                                        ^
/home/ga27mex2/repos/llvm/build/bin/../include/sycl/detail/defines_elementary.hpp:53:38: note: expanded from macro '__SYCL_DEPRECATED'
   53 | #define __SYCL_DEPRECATED(message) [[deprecated(message)]]
      |                                      ^
lulesh.cc:1440:46: warning: 'get_pointer' is deprecated: accessor::get_pointer() is deprecated, please use get_multi_ptr() [-Wdeprecated-declarations]
 1440 |         const Index_t* elemToNode = nodelist.get_pointer() + Index_t(8)*i;
      |                                              ^
/home/ga27mex2/repos/llvm/build/bin/../include/sycl/accessor.hpp:1779:26: note: 'get_pointer' has been explicitly marked deprecated here
 1779 |   global_ptr<value_type> get_pointer() const noexcept {
      |                          ^
lulesh.cc:1440:46: warning: 'get_pointer<sycl::access::target::global_buffer, void>' is deprecated: accessor::get_pointer() is deprecated, please use get_multi_ptr() [-Wdeprecated-declarations]
 1440 |         const Index_t* elemToNode = nodelist.get_pointer() + Index_t(8)*i;
      |                                              ^
/home/ga27mex2/repos/llvm/build/bin/../include/sycl/accessor.hpp:1777:3: note: 'get_pointer<sycl::access::target::global_buffer, void>' has been explicitly marked deprecated here
 1777 |   __SYCL2020_DEPRECATED(
      |   ^
/home/ga27mex2/repos/llvm/build/bin/../include/sycl/detail/defines_elementary.hpp:62:40: note: expanded from macro '__SYCL2020_DEPRECATED'
   62 | #define __SYCL2020_DEPRECATED(message) __SYCL_DEPRECATED(message)
      |                                        ^
/home/ga27mex2/repos/llvm/build/bin/../include/sycl/detail/defines_elementary.hpp:53:38: note: expanded from macro '__SYCL_DEPRECATED'
   53 | #define __SYCL_DEPRECATED(message) [[deprecated(message)]]
      |                                      ^
lulesh.cc:1564:48: warning: 'get_pointer' is deprecated: accessor::get_pointer() is deprecated, please use get_multi_ptr() [-Wdeprecated-declarations]
 1564 |           const Index_t* elemToNode = nodelist.get_pointer() + i3;
      |                                                ^
/home/ga27mex2/repos/llvm/build/bin/../include/sycl/accessor.hpp:1779:26: note: 'get_pointer' has been explicitly marked deprecated here
 1779 |   global_ptr<value_type> get_pointer() const noexcept {
      |                          ^
lulesh.cc:1564:48: warning: 'get_pointer<sycl::access::target::global_buffer, void>' is deprecated: accessor::get_pointer() is deprecated, please use get_multi_ptr() [-Wdeprecated-declarations]
 1564 |           const Index_t* elemToNode = nodelist.get_pointer() + i3;
      |                                                ^
/home/ga27mex2/repos/llvm/build/bin/../include/sycl/accessor.hpp:1777:3: note: 'get_pointer<sycl::access::target::global_buffer, void>' has been explicitly marked deprecated here
 1777 |   __SYCL2020_DEPRECATED(
      |   ^
/home/ga27mex2/repos/llvm/build/bin/../include/sycl/detail/defines_elementary.hpp:62:40: note: expanded from macro '__SYCL2020_DEPRECATED'
   62 | #define __SYCL2020_DEPRECATED(message) __SYCL_DEPRECATED(message)
      |                                        ^
/home/ga27mex2/repos/llvm/build/bin/../include/sycl/detail/defines_elementary.hpp:53:38: note: expanded from macro '__SYCL_DEPRECATED'
   53 | #define __SYCL_DEPRECATED(message) [[deprecated(message)]]
      |                                      ^
lulesh.cc:1715:38: warning: 'get_pointer' is deprecated: accessor::get_pointer() is deprecated, please use get_multi_ptr() [-Wdeprecated-declarations]
 1715 |           Real_t *fx_local = fx_elem.get_pointer() + i3 ;
      |                                      ^
/home/ga27mex2/repos/llvm/build/bin/../include/sycl/accessor.hpp:1779:26: note: 'get_pointer' has been explicitly marked deprecated here
 1779 |   global_ptr<value_type> get_pointer() const noexcept {
      |                          ^
lulesh.cc:1715:38: warning: 'get_pointer<sycl::access::target::global_buffer, void>' is deprecated: accessor::get_pointer() is deprecated, please use get_multi_ptr() [-Wdeprecated-declarations]
 1715 |           Real_t *fx_local = fx_elem.get_pointer() + i3 ;
      |                                      ^
/home/ga27mex2/repos/llvm/build/bin/../include/sycl/accessor.hpp:1777:3: note: 'get_pointer<sycl::access::target::global_buffer, void>' has been explicitly marked deprecated here
 1777 |   __SYCL2020_DEPRECATED(
      |   ^
/home/ga27mex2/repos/llvm/build/bin/../include/sycl/detail/defines_elementary.hpp:62:40: note: expanded from macro '__SYCL2020_DEPRECATED'
   62 | #define __SYCL2020_DEPRECATED(message) __SYCL_DEPRECATED(message)
      |                                        ^
/home/ga27mex2/repos/llvm/build/bin/../include/sycl/detail/defines_elementary.hpp:53:38: note: expanded from macro '__SYCL_DEPRECATED'
   53 | #define __SYCL_DEPRECATED(message) [[deprecated(message)]]
      |                                      ^
lulesh.cc:1725:38: warning: 'get_pointer' is deprecated: accessor::get_pointer() is deprecated, please use get_multi_ptr() [-Wdeprecated-declarations]
 1725 |           Real_t *fy_local = fy_elem.get_pointer() + i3 ;
      |                                      ^
/home/ga27mex2/repos/llvm/build/bin/../include/sycl/accessor.hpp:1779:26: note: 'get_pointer' has been explicitly marked deprecated here
 1779 |   global_ptr<value_type> get_pointer() const noexcept {
      |                          ^
lulesh.cc:1725:38: warning: 'get_pointer<sycl::access::target::global_buffer, void>' is deprecated: accessor::get_pointer() is deprecated, please use get_multi_ptr() [-Wdeprecated-declarations]
 1725 |           Real_t *fy_local = fy_elem.get_pointer() + i3 ;
      |                                      ^
/home/ga27mex2/repos/llvm/build/bin/../include/sycl/accessor.hpp:1777:3: note: 'get_pointer<sycl::access::target::global_buffer, void>' has been explicitly marked deprecated here
 1777 |   __SYCL2020_DEPRECATED(
      |   ^
/home/ga27mex2/repos/llvm/build/bin/../include/sycl/detail/defines_elementary.hpp:62:40: note: expanded from macro '__SYCL2020_DEPRECATED'
   62 | #define __SYCL2020_DEPRECATED(message) __SYCL_DEPRECATED(message)
      |                                        ^
/home/ga27mex2/repos/llvm/build/bin/../include/sycl/detail/defines_elementary.hpp:53:38: note: expanded from macro '__SYCL_DEPRECATED'
   53 | #define __SYCL_DEPRECATED(message) [[deprecated(message)]]
      |                                      ^
lulesh.cc:1735:38: warning: 'get_pointer' is deprecated: accessor::get_pointer() is deprecated, please use get_multi_ptr() [-Wdeprecated-declarations]
 1735 |           Real_t *fz_local = fz_elem.get_pointer() + i3 ;
      |                                      ^
/home/ga27mex2/repos/llvm/build/bin/../include/sycl/accessor.hpp:1779:26: note: 'get_pointer' has been explicitly marked deprecated here
 1779 |   global_ptr<value_type> get_pointer() const noexcept {
      |                          ^
lulesh.cc:1735:38: warning: 'get_pointer<sycl::access::target::global_buffer, void>' is deprecated: accessor::get_pointer() is deprecated, please use get_multi_ptr() [-Wdeprecated-declarations]
 1735 |           Real_t *fz_local = fz_elem.get_pointer() + i3 ;
      |                                      ^
/home/ga27mex2/repos/llvm/build/bin/../include/sycl/accessor.hpp:1777:3: note: 'get_pointer<sycl::access::target::global_buffer, void>' has been explicitly marked deprecated here
 1777 |   __SYCL2020_DEPRECATED(
      |   ^
/home/ga27mex2/repos/llvm/build/bin/../include/sycl/detail/defines_elementary.hpp:62:40: note: expanded from macro '__SYCL2020_DEPRECATED'
   62 | #define __SYCL2020_DEPRECATED(message) __SYCL_DEPRECATED(message)
      |                                        ^
/home/ga27mex2/repos/llvm/build/bin/../include/sycl/detail/defines_elementary.hpp:53:38: note: expanded from macro '__SYCL_DEPRECATED'
   53 | #define __SYCL_DEPRECATED(message) [[deprecated(message)]]
      |                                      ^
lulesh.cc:1763:58: warning: 'get_pointer' is deprecated: accessor::get_pointer() is deprecated, please use get_multi_ptr() [-Wdeprecated-declarations]
 1763 |           const Index_t *cornerList = nodeElemCornerList.get_pointer() + nodeElemStart[gnode];//domain.nodeElemCornerList(gnode) ;
      |                                                          ^
/home/ga27mex2/repos/llvm/build/bin/../include/sycl/accessor.hpp:1779:26: note: 'get_pointer' has been explicitly marked deprecated here
 1779 |   global_ptr<value_type> get_pointer() const noexcept {
      |                          ^
lulesh.cc:1763:58: warning: 'get_pointer<sycl::access::target::global_buffer, void>' is deprecated: accessor::get_pointer() is deprecated, please use get_multi_ptr() [-Wdeprecated-declarations]
 1763 |           const Index_t *cornerList = nodeElemCornerList.get_pointer() + nodeElemStart[gnode];//domain.nodeElemCornerList(gnode) ;
      |                                                          ^
/home/ga27mex2/repos/llvm/build/bin/../include/sycl/accessor.hpp:1777:3: note: 'get_pointer<sycl::access::target::global_buffer, void>' has been explicitly marked deprecated here
 1777 |   __SYCL2020_DEPRECATED(
      |   ^
/home/ga27mex2/repos/llvm/build/bin/../include/sycl/detail/defines_elementary.hpp:62:40: note: expanded from macro '__SYCL2020_DEPRECATED'
   62 | #define __SYCL2020_DEPRECATED(message) __SYCL_DEPRECATED(message)
      |                                        ^
/home/ga27mex2/repos/llvm/build/bin/../include/sycl/detail/defines_elementary.hpp:53:38: note: expanded from macro '__SYCL_DEPRECATED'
   53 | #define __SYCL_DEPRECATED(message) [[deprecated(message)]]
      |                                      ^
lulesh.cc:1980:46: warning: 'get_pointer' is deprecated: accessor::get_pointer() is deprecated, please use get_multi_ptr() [-Wdeprecated-declarations]
 1980 |         const Index_t* elemToNode = nodeList.get_pointer() + Index_t(8)*k;
      |                                              ^
/home/ga27mex2/repos/llvm/build/bin/../include/sycl/accessor.hpp:1779:26: note: 'get_pointer' has been explicitly marked deprecated here
 1779 |   global_ptr<value_type> get_pointer() const noexcept {
      |                          ^
lulesh.cc:1980:46: warning: 'get_pointer<sycl::access::target::global_buffer, void>' is deprecated: accessor::get_pointer() is deprecated, please use get_multi_ptr() [-Wdeprecated-declarations]
 1980 |         const Index_t* elemToNode = nodeList.get_pointer() + Index_t(8)*k;
      |                                              ^
/home/ga27mex2/repos/llvm/build/bin/../include/sycl/accessor.hpp:1777:3: note: 'get_pointer<sycl::access::target::global_buffer, void>' has been explicitly marked deprecated here
 1777 |   __SYCL2020_DEPRECATED(
      |   ^
/home/ga27mex2/repos/llvm/build/bin/../include/sycl/detail/defines_elementary.hpp:62:40: note: expanded from macro '__SYCL2020_DEPRECATED'
   62 | #define __SYCL2020_DEPRECATED(message) __SYCL_DEPRECATED(message)
      |                                        ^
/home/ga27mex2/repos/llvm/build/bin/../include/sycl/detail/defines_elementary.hpp:53:38: note: expanded from macro '__SYCL_DEPRECATED'
   53 | #define __SYCL_DEPRECATED(message) [[deprecated(message)]]
      |                                      ^
lulesh.cc:2152:46: warning: 'get_pointer' is deprecated: accessor::get_pointer() is deprecated, please use get_multi_ptr() [-Wdeprecated-declarations]
 2152 |         const Index_t *elemToNode = nodelist.get_pointer() + Index_t(8) * i;
      |                                              ^
/home/ga27mex2/repos/llvm/build/bin/../include/sycl/accessor.hpp:1779:26: note: 'get_pointer' has been explicitly marked deprecated here
 1779 |   global_ptr<value_type> get_pointer() const noexcept {
      |                          ^
lulesh.cc:2152:46: warning: 'get_pointer<sycl::access::target::global_buffer, void>' is deprecated: accessor::get_pointer() is deprecated, please use get_multi_ptr() [-Wdeprecated-declarations]
 2152 |         const Index_t *elemToNode = nodelist.get_pointer() + Index_t(8) * i;
      |                                              ^
/home/ga27mex2/repos/llvm/build/bin/../include/sycl/accessor.hpp:1777:3: note: 'get_pointer<sycl::access::target::global_buffer, void>' has been explicitly marked deprecated here
 1777 |   __SYCL2020_DEPRECATED(
      |   ^
/home/ga27mex2/repos/llvm/build/bin/../include/sycl/detail/defines_elementary.hpp:62:40: note: expanded from macro '__SYCL2020_DEPRECATED'
   62 | #define __SYCL2020_DEPRECATED(message) __SYCL_DEPRECATED(message)
      |                                        ^
/home/ga27mex2/repos/llvm/build/bin/../include/sycl/detail/defines_elementary.hpp:53:38: note: expanded from macro '__SYCL_DEPRECATED'
   53 | #define __SYCL_DEPRECATED(message) [[deprecated(message)]]
      |                                      ^
lulesh.cc:2505:12: warning: unused variable 'elemElem' [-Wunused-variable]
 2505 |       auto elemElem = d_elemElem.get_access<sycl_read>(cgh);
      |            ^~~~~~~~
25 warnings and 3 errors generated.
make: *** [Makefile:79: lulesh.o] Error 1
