hipcc --rocm-path=/opt/rocm -I/home/ga27mex2/rocm/hipCUB/build/_CPack_Packages/Linux/RPM/hipcub-3.3.0-Linux/devel/opt/rocm/include -std=c++14 -I../permutate-cuda -I../permutate-cuda -I../permutate-cuda -I../permutate-cuda -I../permutate-cuda -I../permutate-cuda -I../permutate-cuda -I../permutate-cuda -I../permutate-cuda -I../permutate-cuda -I../permutate-cuda -I../permutate-cuda -I../permutate-cuda -O3 -O3 -O3 -O3 -O3 -O3 -O3 -O3 -O3 -O3 -O3 -O3 -O3 -c ../permutate-cuda/main.cpp -o main.o
/opt/rocm/bin/rocm_agent_enumerator:95: SyntaxWarning: invalid escape sequence '\w'
  @staticVars(search_name=re.compile("gfx[0-9a-fA-F]+:[-+:\w]+"))
/opt/rocm/bin/rocm_agent_enumerator:152: SyntaxWarning: invalid escape sequence '\A'
  line_search_term = re.compile("\A\s+Name:\s+(amdgcn-amd-amdhsa--gfx\d+)")
/opt/rocm/bin/rocm_agent_enumerator:154: SyntaxWarning: invalid escape sequence '\A'
  line_search_term = re.compile("\A\s+Name:\s+(gfx\d+)")
/opt/rocm/bin/rocm_agent_enumerator:175: SyntaxWarning: invalid escape sequence '\w'
  target_search_term = re.compile("1002:\w+")
hipcc --rocm-path=/opt/rocm -I/home/ga27mex2/rocm/hipCUB/build/_CPack_Packages/Linux/RPM/hipcub-3.3.0-Linux/devel/opt/rocm/include -std=c++14 -I../permutate-cuda -I../permutate-cuda -I../permutate-cuda -I../permutate-cuda -I../permutate-cuda -I../permutate-cuda -I../permutate-cuda -I../permutate-cuda -I../permutate-cuda -I../permutate-cuda -I../permutate-cuda -I../permutate-cuda -I../permutate-cuda -O3 -O3 -O3 -O3 -O3 -O3 -O3 -O3 -O3 -O3 -O3 -O3 -O3 -c ../permutate-cuda/permutation_testing.cpp -o permutation_testing.o
/opt/rocm/bin/rocm_agent_enumerator:95: SyntaxWarning: invalid escape sequence '\w'
  @staticVars(search_name=re.compile("gfx[0-9a-fA-F]+:[-+:\w]+"))
/opt/rocm/bin/rocm_agent_enumerator:152: SyntaxWarning: invalid escape sequence '\A'
  line_search_term = re.compile("\A\s+Name:\s+(amdgcn-amd-amdhsa--gfx\d+)")
/opt/rocm/bin/rocm_agent_enumerator:154: SyntaxWarning: invalid escape sequence '\A'
  line_search_term = re.compile("\A\s+Name:\s+(gfx\d+)")
/opt/rocm/bin/rocm_agent_enumerator:175: SyntaxWarning: invalid escape sequence '\w'
  target_search_term = re.compile("1002:\w+")
hipcc --rocm-path=/opt/rocm -I/home/ga27mex2/rocm/hipCUB/build/_CPack_Packages/Linux/RPM/hipcub-3.3.0-Linux/devel/opt/rocm/include -std=c++14 -I../permutate-cuda -I../permutate-cuda -I../permutate-cuda -I../permutate-cuda -I../permutate-cuda -I../permutate-cuda -I../permutate-cuda -I../permutate-cuda -I../permutate-cuda -I../permutate-cuda -I../permutate-cuda -I../permutate-cuda -I../permutate-cuda -O3 -O3 -O3 -O3 -O3 -O3 -O3 -O3 -O3 -O3 -O3 -O3 -O3 -c ../permutate-cuda/utils.cpp -o utils.o
/opt/rocm/bin/rocm_agent_enumerator:95: SyntaxWarning: invalid escape sequence '\w'
  @staticVars(search_name=re.compile("gfx[0-9a-fA-F]+:[-+:\w]+"))
/opt/rocm/bin/rocm_agent_enumerator:152: SyntaxWarning: invalid escape sequence '\A'
  line_search_term = re.compile("\A\s+Name:\s+(amdgcn-amd-amdhsa--gfx\d+)")
/opt/rocm/bin/rocm_agent_enumerator:154: SyntaxWarning: invalid escape sequence '\A'
  line_search_term = re.compile("\A\s+Name:\s+(gfx\d+)")
/opt/rocm/bin/rocm_agent_enumerator:175: SyntaxWarning: invalid escape sequence '\w'
  target_search_term = re.compile("1002:\w+")
hipcc --rocm-path=/opt/rocm -I/home/ga27mex2/rocm/hipCUB/build/_CPack_Packages/Linux/RPM/hipcub-3.3.0-Linux/devel/opt/rocm/include -std=c++14 -I../permutate-cuda -I../permutate-cuda -I../permutate-cuda -I../permutate-cuda -I../permutate-cuda -I../permutate-cuda -I../permutate-cuda -I../permutate-cuda -I../permutate-cuda -I../permutate-cuda -I../permutate-cuda -I../permutate-cuda -I../permutate-cuda -O3 -O3 -O3 -O3 -O3 -O3 -O3 -O3 -O3 -O3 -O3 -O3 -O3 -c ../permutate-cuda/statistical_test.cpp -o statistical_test.o
/opt/rocm/bin/rocm_agent_enumerator:95: SyntaxWarning: invalid escape sequence '\w'
  @staticVars(search_name=re.compile("gfx[0-9a-fA-F]+:[-+:\w]+"))
/opt/rocm/bin/rocm_agent_enumerator:152: SyntaxWarning: invalid escape sequence '\A'
  line_search_term = re.compile("\A\s+Name:\s+(amdgcn-amd-amdhsa--gfx\d+)")
/opt/rocm/bin/rocm_agent_enumerator:154: SyntaxWarning: invalid escape sequence '\A'
  line_search_term = re.compile("\A\s+Name:\s+(gfx\d+)")
/opt/rocm/bin/rocm_agent_enumerator:175: SyntaxWarning: invalid escape sequence '\w'
  target_search_term = re.compile("1002:\w+")
hipcc --rocm-path=/opt/rocm -I/home/ga27mex2/rocm/hipCUB/build/_CPack_Packages/Linux/RPM/hipcub-3.3.0-Linux/devel/opt/rocm/include -std=c++14 -I../permutate-cuda -I../permutate-cuda -I../permutate-cuda -I../permutate-cuda -I../permutate-cuda -I../permutate-cuda -I../permutate-cuda -I../permutate-cuda -I../permutate-cuda -I../permutate-cuda -I../permutate-cuda -I../permutate-cuda -I../permutate-cuda -O3 -O3 -O3 -O3 -O3 -O3 -O3 -O3 -O3 -O3 -O3 -O3 -O3 -c ../permutate-cuda/bzip/blocksort.cpp -o blocksort.o
/opt/rocm/bin/rocm_agent_enumerator:95: SyntaxWarning: invalid escape sequence '\w'
  @staticVars(search_name=re.compile("gfx[0-9a-fA-F]+:[-+:\w]+"))
/opt/rocm/bin/rocm_agent_enumerator:152: SyntaxWarning: invalid escape sequence '\A'
  line_search_term = re.compile("\A\s+Name:\s+(amdgcn-amd-amdhsa--gfx\d+)")
/opt/rocm/bin/rocm_agent_enumerator:154: SyntaxWarning: invalid escape sequence '\A'
  line_search_term = re.compile("\A\s+Name:\s+(gfx\d+)")
/opt/rocm/bin/rocm_agent_enumerator:175: SyntaxWarning: invalid escape sequence '\w'
  target_search_term = re.compile("1002:\w+")
hipcc --rocm-path=/opt/rocm -I/home/ga27mex2/rocm/hipCUB/build/_CPack_Packages/Linux/RPM/hipcub-3.3.0-Linux/devel/opt/rocm/include -std=c++14 -I../permutate-cuda -I../permutate-cuda -I../permutate-cuda -I../permutate-cuda -I../permutate-cuda -I../permutate-cuda -I../permutate-cuda -I../permutate-cuda -I../permutate-cuda -I../permutate-cuda -I../permutate-cuda -I../permutate-cuda -I../permutate-cuda -O3 -O3 -O3 -O3 -O3 -O3 -O3 -O3 -O3 -O3 -O3 -O3 -O3 -c ../permutate-cuda/bzip/bzlib.cpp -o bzlib.o
/opt/rocm/bin/rocm_agent_enumerator:95: SyntaxWarning: invalid escape sequence '\w'
  @staticVars(search_name=re.compile("gfx[0-9a-fA-F]+:[-+:\w]+"))
/opt/rocm/bin/rocm_agent_enumerator:152: SyntaxWarning: invalid escape sequence '\A'
  line_search_term = re.compile("\A\s+Name:\s+(amdgcn-amd-amdhsa--gfx\d+)")
/opt/rocm/bin/rocm_agent_enumerator:154: SyntaxWarning: invalid escape sequence '\A'
  line_search_term = re.compile("\A\s+Name:\s+(gfx\d+)")
/opt/rocm/bin/rocm_agent_enumerator:175: SyntaxWarning: invalid escape sequence '\w'
  target_search_term = re.compile("1002:\w+")
hipcc --rocm-path=/opt/rocm -I/home/ga27mex2/rocm/hipCUB/build/_CPack_Packages/Linux/RPM/hipcub-3.3.0-Linux/devel/opt/rocm/include -std=c++14 -I../permutate-cuda -I../permutate-cuda -I../permutate-cuda -I../permutate-cuda -I../permutate-cuda -I../permutate-cuda -I../permutate-cuda -I../permutate-cuda -I../permutate-cuda -I../permutate-cuda -I../permutate-cuda -I../permutate-cuda -I../permutate-cuda -O3 -O3 -O3 -O3 -O3 -O3 -O3 -O3 -O3 -O3 -O3 -O3 -O3 -c ../permutate-cuda/bzip/compress.cpp -o compress.o
/opt/rocm/bin/rocm_agent_enumerator:95: SyntaxWarning: invalid escape sequence '\w'
  @staticVars(search_name=re.compile("gfx[0-9a-fA-F]+:[-+:\w]+"))
/opt/rocm/bin/rocm_agent_enumerator:152: SyntaxWarning: invalid escape sequence '\A'
  line_search_term = re.compile("\A\s+Name:\s+(amdgcn-amd-amdhsa--gfx\d+)")
/opt/rocm/bin/rocm_agent_enumerator:154: SyntaxWarning: invalid escape sequence '\A'
  line_search_term = re.compile("\A\s+Name:\s+(gfx\d+)")
/opt/rocm/bin/rocm_agent_enumerator:175: SyntaxWarning: invalid escape sequence '\w'
  target_search_term = re.compile("1002:\w+")
hipcc --rocm-path=/opt/rocm -I/home/ga27mex2/rocm/hipCUB/build/_CPack_Packages/Linux/RPM/hipcub-3.3.0-Linux/devel/opt/rocm/include -std=c++14 -I../permutate-cuda -I../permutate-cuda -I../permutate-cuda -I../permutate-cuda -I../permutate-cuda -I../permutate-cuda -I../permutate-cuda -I../permutate-cuda -I../permutate-cuda -I../permutate-cuda -I../permutate-cuda -I../permutate-cuda -I../permutate-cuda -O3 -O3 -O3 -O3 -O3 -O3 -O3 -O3 -O3 -O3 -O3 -O3 -O3 -c ../permutate-cuda/bzip/crctable.cpp -o crctable.o
/opt/rocm/bin/rocm_agent_enumerator:95: SyntaxWarning: invalid escape sequence '\w'
  @staticVars(search_name=re.compile("gfx[0-9a-fA-F]+:[-+:\w]+"))
/opt/rocm/bin/rocm_agent_enumerator:152: SyntaxWarning: invalid escape sequence '\A'
  line_search_term = re.compile("\A\s+Name:\s+(amdgcn-amd-amdhsa--gfx\d+)")
/opt/rocm/bin/rocm_agent_enumerator:154: SyntaxWarning: invalid escape sequence '\A'
  line_search_term = re.compile("\A\s+Name:\s+(gfx\d+)")
/opt/rocm/bin/rocm_agent_enumerator:175: SyntaxWarning: invalid escape sequence '\w'
  target_search_term = re.compile("1002:\w+")
hipcc --rocm-path=/opt/rocm -I/home/ga27mex2/rocm/hipCUB/build/_CPack_Packages/Linux/RPM/hipcub-3.3.0-Linux/devel/opt/rocm/include -std=c++14 -I../permutate-cuda -I../permutate-cuda -I../permutate-cuda -I../permutate-cuda -I../permutate-cuda -I../permutate-cuda -I../permutate-cuda -I../permutate-cuda -I../permutate-cuda -I../permutate-cuda -I../permutate-cuda -I../permutate-cuda -I../permutate-cuda -O3 -O3 -O3 -O3 -O3 -O3 -O3 -O3 -O3 -O3 -O3 -O3 -O3 -c ../permutate-cuda/bzip/decompress.cpp -o decompress.o
/opt/rocm/bin/rocm_agent_enumerator:95: SyntaxWarning: invalid escape sequence '\w'
  @staticVars(search_name=re.compile("gfx[0-9a-fA-F]+:[-+:\w]+"))
/opt/rocm/bin/rocm_agent_enumerator:152: SyntaxWarning: invalid escape sequence '\A'
  line_search_term = re.compile("\A\s+Name:\s+(amdgcn-amd-amdhsa--gfx\d+)")
/opt/rocm/bin/rocm_agent_enumerator:154: SyntaxWarning: invalid escape sequence '\A'
  line_search_term = re.compile("\A\s+Name:\s+(gfx\d+)")
/opt/rocm/bin/rocm_agent_enumerator:175: SyntaxWarning: invalid escape sequence '\w'
  target_search_term = re.compile("1002:\w+")
hipcc --rocm-path=/opt/rocm -I/home/ga27mex2/rocm/hipCUB/build/_CPack_Packages/Linux/RPM/hipcub-3.3.0-Linux/devel/opt/rocm/include -std=c++14 -I../permutate-cuda -I../permutate-cuda -I../permutate-cuda -I../permutate-cuda -I../permutate-cuda -I../permutate-cuda -I../permutate-cuda -I../permutate-cuda -I../permutate-cuda -I../permutate-cuda -I../permutate-cuda -I../permutate-cuda -I../permutate-cuda -O3 -O3 -O3 -O3 -O3 -O3 -O3 -O3 -O3 -O3 -O3 -O3 -O3 -c ../permutate-cuda/bzip/huffman.cpp -o huffman.o
/opt/rocm/bin/rocm_agent_enumerator:95: SyntaxWarning: invalid escape sequence '\w'
  @staticVars(search_name=re.compile("gfx[0-9a-fA-F]+:[-+:\w]+"))
/opt/rocm/bin/rocm_agent_enumerator:152: SyntaxWarning: invalid escape sequence '\A'
  line_search_term = re.compile("\A\s+Name:\s+(amdgcn-amd-amdhsa--gfx\d+)")
/opt/rocm/bin/rocm_agent_enumerator:154: SyntaxWarning: invalid escape sequence '\A'
  line_search_term = re.compile("\A\s+Name:\s+(gfx\d+)")
/opt/rocm/bin/rocm_agent_enumerator:175: SyntaxWarning: invalid escape sequence '\w'
  target_search_term = re.compile("1002:\w+")
hipcc --rocm-path=/opt/rocm -I/home/ga27mex2/rocm/hipCUB/build/_CPack_Packages/Linux/RPM/hipcub-3.3.0-Linux/devel/opt/rocm/include -std=c++14 -I../permutate-cuda -I../permutate-cuda -I../permutate-cuda -I../permutate-cuda -I../permutate-cuda -I../permutate-cuda -I../permutate-cuda -I../permutate-cuda -I../permutate-cuda -I../permutate-cuda -I../permutate-cuda -I../permutate-cuda -I../permutate-cuda -O3 -O3 -O3 -O3 -O3 -O3 -O3 -O3 -O3 -O3 -O3 -O3 -O3 -c ../permutate-cuda/bzip/randtable.cpp -o randtable.o
/opt/rocm/bin/rocm_agent_enumerator:95: SyntaxWarning: invalid escape sequence '\w'
  @staticVars(search_name=re.compile("gfx[0-9a-fA-F]+:[-+:\w]+"))
/opt/rocm/bin/rocm_agent_enumerator:152: SyntaxWarning: invalid escape sequence '\A'
  line_search_term = re.compile("\A\s+Name:\s+(amdgcn-amd-amdhsa--gfx\d+)")
/opt/rocm/bin/rocm_agent_enumerator:154: SyntaxWarning: invalid escape sequence '\A'
  line_search_term = re.compile("\A\s+Name:\s+(gfx\d+)")
/opt/rocm/bin/rocm_agent_enumerator:175: SyntaxWarning: invalid escape sequence '\w'
  target_search_term = re.compile("1002:\w+")
hipcc --rocm-path=/opt/rocm -I/home/ga27mex2/rocm/hipCUB/build/_CPack_Packages/Linux/RPM/hipcub-3.3.0-Linux/devel/opt/rocm/include -std=c++14 -I../permutate-cuda -I../permutate-cuda -I../permutate-cuda -I../permutate-cuda -I../permutate-cuda -I../permutate-cuda -I../permutate-cuda -I../permutate-cuda -I../permutate-cuda -I../permutate-cuda -I../permutate-cuda -I../permutate-cuda -I../permutate-cuda -O3 -O3 -O3 -O3 -O3 -O3 -O3 -O3 -O3 -O3 -O3 -O3 -O3 -c gpu_permutation_testing.cu -o gpu_permutation_testing.o
/opt/rocm/bin/rocm_agent_enumerator:95: SyntaxWarning: invalid escape sequence '\w'
  @staticVars(search_name=re.compile("gfx[0-9a-fA-F]+:[-+:\w]+"))
/opt/rocm/bin/rocm_agent_enumerator:152: SyntaxWarning: invalid escape sequence '\A'
  line_search_term = re.compile("\A\s+Name:\s+(amdgcn-amd-amdhsa--gfx\d+)")
/opt/rocm/bin/rocm_agent_enumerator:154: SyntaxWarning: invalid escape sequence '\A'
  line_search_term = re.compile("\A\s+Name:\s+(gfx\d+)")
/opt/rocm/bin/rocm_agent_enumerator:175: SyntaxWarning: invalid escape sequence '\w'
  target_search_term = re.compile("1002:\w+")
hipcc --rocm-path=/opt/rocm -I/home/ga27mex2/rocm/hipCUB/build/_CPack_Packages/Linux/RPM/hipcub-3.3.0-Linux/devel/opt/rocm/include -std=c++14 -I../permutate-cuda -I../permutate-cuda -I../permutate-cuda -I../permutate-cuda -I../permutate-cuda -I../permutate-cuda -I../permutate-cuda -I../permutate-cuda -I../permutate-cuda -I../permutate-cuda -I../permutate-cuda -I../permutate-cuda -I../permutate-cuda -O3 -O3 -O3 -O3 -O3 -O3 -O3 -O3 -O3 -O3 -O3 -O3 -O3 main.o permutation_testing.o utils.o statistical_test.o blocksort.o bzlib.o compress.o crctable.o decompress.o huffman.o randtable.o gpu_permutation_testing.o -o hip 
/opt/rocm/bin/rocm_agent_enumerator:95: SyntaxWarning: invalid escape sequence '\w'
  @staticVars(search_name=re.compile("gfx[0-9a-fA-F]+:[-+:\w]+"))
/opt/rocm/bin/rocm_agent_enumerator:152: SyntaxWarning: invalid escape sequence '\A'
  line_search_term = re.compile("\A\s+Name:\s+(amdgcn-amd-amdhsa--gfx\d+)")
/opt/rocm/bin/rocm_agent_enumerator:154: SyntaxWarning: invalid escape sequence '\A'
  line_search_term = re.compile("\A\s+Name:\s+(gfx\d+)")
/opt/rocm/bin/rocm_agent_enumerator:175: SyntaxWarning: invalid escape sequence '\w'
  target_search_term = re.compile("1002:\w+")
