~/repos/llvm/build/bin/clang++ -std=c++17 -Wall -fsycl --gcc-toolchain=/home/ga27mex2/spack_thx2/spack/opt/spack/linux-centos8-thunderx2/gcc-14.1.0/gcc-14.1.0-kl6fnbyj4mhv4v5emwvqi6nmxb4kvjae -fsycl-targets=nvptx64-nvidia-cuda -Xsycl-target-backend --cuda-gpu-arch=sm_70 -I../permutate-cuda -I../permutate-cuda -I../permutate-cuda -I../permutate-cuda -I../permutate-cuda -I../permutate-cuda -I../permutate-cuda -I../permutate-cuda -I../permutate-cuda -I../permutate-cuda -I../permutate-cuda -I../permutate-cuda -I../permutate-cuda -DUSE_GPU -DUSE_GPU -DUSE_GPU -DUSE_GPU -DUSE_GPU -DUSE_GPU -DUSE_GPU -DUSE_GPU -DUSE_GPU -DUSE_GPU -DUSE_GPU -DUSE_GPU -DUSE_GPU -O3 -O3 -O3 -O3 -O3 -O3 -O3 -O3 -O3 -O3 -O3 -O3 -O3 -c ../permutate-cuda/main.cpp -o main.o
~/repos/llvm/build/bin/clang++ -std=c++17 -Wall -fsycl --gcc-toolchain=/home/ga27mex2/spack_thx2/spack/opt/spack/linux-centos8-thunderx2/gcc-14.1.0/gcc-14.1.0-kl6fnbyj4mhv4v5emwvqi6nmxb4kvjae -fsycl-targets=nvptx64-nvidia-cuda -Xsycl-target-backend --cuda-gpu-arch=sm_70 -I../permutate-cuda -I../permutate-cuda -I../permutate-cuda -I../permutate-cuda -I../permutate-cuda -I../permutate-cuda -I../permutate-cuda -I../permutate-cuda -I../permutate-cuda -I../permutate-cuda -I../permutate-cuda -I../permutate-cuda -I../permutate-cuda -DUSE_GPU -DUSE_GPU -DUSE_GPU -DUSE_GPU -DUSE_GPU -DUSE_GPU -DUSE_GPU -DUSE_GPU -DUSE_GPU -DUSE_GPU -DUSE_GPU -DUSE_GPU -DUSE_GPU -O3 -O3 -O3 -O3 -O3 -O3 -O3 -O3 -O3 -O3 -O3 -O3 -O3 -c ../permutate-cuda/permutation_testing.cpp -o permutation_testing.o
../permutate-cuda/permutation_testing.cpp:63:12: warning: variable 'completed' set but not used [-Wunused-but-set-variable]
   63 |     size_t completed = 0;
      |            ^
1 warning generated.
../permutate-cuda/permutation_testing.cpp:63:12: warning: variable 'completed' set but not used [-Wunused-but-set-variable]
   63 |     size_t completed = 0;
      |            ^
1 warning generated.
~/repos/llvm/build/bin/clang++ -std=c++17 -Wall -fsycl --gcc-toolchain=/home/ga27mex2/spack_thx2/spack/opt/spack/linux-centos8-thunderx2/gcc-14.1.0/gcc-14.1.0-kl6fnbyj4mhv4v5emwvqi6nmxb4kvjae -fsycl-targets=nvptx64-nvidia-cuda -Xsycl-target-backend --cuda-gpu-arch=sm_70 -I../permutate-cuda -I../permutate-cuda -I../permutate-cuda -I../permutate-cuda -I../permutate-cuda -I../permutate-cuda -I../permutate-cuda -I../permutate-cuda -I../permutate-cuda -I../permutate-cuda -I../permutate-cuda -I../permutate-cuda -I../permutate-cuda -DUSE_GPU -DUSE_GPU -DUSE_GPU -DUSE_GPU -DUSE_GPU -DUSE_GPU -DUSE_GPU -DUSE_GPU -DUSE_GPU -DUSE_GPU -DUSE_GPU -DUSE_GPU -DUSE_GPU -O3 -O3 -O3 -O3 -O3 -O3 -O3 -O3 -O3 -O3 -O3 -O3 -O3 -c ../permutate-cuda/utils.cpp -o utils.o
~/repos/llvm/build/bin/clang++ -std=c++17 -Wall -fsycl --gcc-toolchain=/home/ga27mex2/spack_thx2/spack/opt/spack/linux-centos8-thunderx2/gcc-14.1.0/gcc-14.1.0-kl6fnbyj4mhv4v5emwvqi6nmxb4kvjae -fsycl-targets=nvptx64-nvidia-cuda -Xsycl-target-backend --cuda-gpu-arch=sm_70 -I../permutate-cuda -I../permutate-cuda -I../permutate-cuda -I../permutate-cuda -I../permutate-cuda -I../permutate-cuda -I../permutate-cuda -I../permutate-cuda -I../permutate-cuda -I../permutate-cuda -I../permutate-cuda -I../permutate-cuda -I../permutate-cuda -DUSE_GPU -DUSE_GPU -DUSE_GPU -DUSE_GPU -DUSE_GPU -DUSE_GPU -DUSE_GPU -DUSE_GPU -DUSE_GPU -DUSE_GPU -DUSE_GPU -DUSE_GPU -DUSE_GPU -O3 -O3 -O3 -O3 -O3 -O3 -O3 -O3 -O3 -O3 -O3 -O3 -O3 -c ../permutate-cuda/statistical_test.cpp -o statistical_test.o
~/repos/llvm/build/bin/clang++ -std=c++17 -Wall -fsycl --gcc-toolchain=/home/ga27mex2/spack_thx2/spack/opt/spack/linux-centos8-thunderx2/gcc-14.1.0/gcc-14.1.0-kl6fnbyj4mhv4v5emwvqi6nmxb4kvjae -fsycl-targets=nvptx64-nvidia-cuda -Xsycl-target-backend --cuda-gpu-arch=sm_70 -I../permutate-cuda -I../permutate-cuda -I../permutate-cuda -I../permutate-cuda -I../permutate-cuda -I../permutate-cuda -I../permutate-cuda -I../permutate-cuda -I../permutate-cuda -I../permutate-cuda -I../permutate-cuda -I../permutate-cuda -I../permutate-cuda -DUSE_GPU -DUSE_GPU -DUSE_GPU -DUSE_GPU -DUSE_GPU -DUSE_GPU -DUSE_GPU -DUSE_GPU -DUSE_GPU -DUSE_GPU -DUSE_GPU -DUSE_GPU -DUSE_GPU -O3 -O3 -O3 -O3 -O3 -O3 -O3 -O3 -O3 -O3 -O3 -O3 -O3 -c ../permutate-cuda/bzip/blocksort.cpp -o blocksort.o
~/repos/llvm/build/bin/clang++ -std=c++17 -Wall -fsycl --gcc-toolchain=/home/ga27mex2/spack_thx2/spack/opt/spack/linux-centos8-thunderx2/gcc-14.1.0/gcc-14.1.0-kl6fnbyj4mhv4v5emwvqi6nmxb4kvjae -fsycl-targets=nvptx64-nvidia-cuda -Xsycl-target-backend --cuda-gpu-arch=sm_70 -I../permutate-cuda -I../permutate-cuda -I../permutate-cuda -I../permutate-cuda -I../permutate-cuda -I../permutate-cuda -I../permutate-cuda -I../permutate-cuda -I../permutate-cuda -I../permutate-cuda -I../permutate-cuda -I../permutate-cuda -I../permutate-cuda -DUSE_GPU -DUSE_GPU -DUSE_GPU -DUSE_GPU -DUSE_GPU -DUSE_GPU -DUSE_GPU -DUSE_GPU -DUSE_GPU -DUSE_GPU -DUSE_GPU -DUSE_GPU -DUSE_GPU -O3 -O3 -O3 -O3 -O3 -O3 -O3 -O3 -O3 -O3 -O3 -O3 -O3 -c ../permutate-cuda/bzip/bzlib.cpp -o bzlib.o
~/repos/llvm/build/bin/clang++ -std=c++17 -Wall -fsycl --gcc-toolchain=/home/ga27mex2/spack_thx2/spack/opt/spack/linux-centos8-thunderx2/gcc-14.1.0/gcc-14.1.0-kl6fnbyj4mhv4v5emwvqi6nmxb4kvjae -fsycl-targets=nvptx64-nvidia-cuda -Xsycl-target-backend --cuda-gpu-arch=sm_70 -I../permutate-cuda -I../permutate-cuda -I../permutate-cuda -I../permutate-cuda -I../permutate-cuda -I../permutate-cuda -I../permutate-cuda -I../permutate-cuda -I../permutate-cuda -I../permutate-cuda -I../permutate-cuda -I../permutate-cuda -I../permutate-cuda -DUSE_GPU -DUSE_GPU -DUSE_GPU -DUSE_GPU -DUSE_GPU -DUSE_GPU -DUSE_GPU -DUSE_GPU -DUSE_GPU -DUSE_GPU -DUSE_GPU -DUSE_GPU -DUSE_GPU -O3 -O3 -O3 -O3 -O3 -O3 -O3 -O3 -O3 -O3 -O3 -O3 -O3 -c ../permutate-cuda/bzip/compress.cpp -o compress.o
~/repos/llvm/build/bin/clang++ -std=c++17 -Wall -fsycl --gcc-toolchain=/home/ga27mex2/spack_thx2/spack/opt/spack/linux-centos8-thunderx2/gcc-14.1.0/gcc-14.1.0-kl6fnbyj4mhv4v5emwvqi6nmxb4kvjae -fsycl-targets=nvptx64-nvidia-cuda -Xsycl-target-backend --cuda-gpu-arch=sm_70 -I../permutate-cuda -I../permutate-cuda -I../permutate-cuda -I../permutate-cuda -I../permutate-cuda -I../permutate-cuda -I../permutate-cuda -I../permutate-cuda -I../permutate-cuda -I../permutate-cuda -I../permutate-cuda -I../permutate-cuda -I../permutate-cuda -DUSE_GPU -DUSE_GPU -DUSE_GPU -DUSE_GPU -DUSE_GPU -DUSE_GPU -DUSE_GPU -DUSE_GPU -DUSE_GPU -DUSE_GPU -DUSE_GPU -DUSE_GPU -DUSE_GPU -O3 -O3 -O3 -O3 -O3 -O3 -O3 -O3 -O3 -O3 -O3 -O3 -O3 -c ../permutate-cuda/bzip/crctable.cpp -o crctable.o
~/repos/llvm/build/bin/clang++ -std=c++17 -Wall -fsycl --gcc-toolchain=/home/ga27mex2/spack_thx2/spack/opt/spack/linux-centos8-thunderx2/gcc-14.1.0/gcc-14.1.0-kl6fnbyj4mhv4v5emwvqi6nmxb4kvjae -fsycl-targets=nvptx64-nvidia-cuda -Xsycl-target-backend --cuda-gpu-arch=sm_70 -I../permutate-cuda -I../permutate-cuda -I../permutate-cuda -I../permutate-cuda -I../permutate-cuda -I../permutate-cuda -I../permutate-cuda -I../permutate-cuda -I../permutate-cuda -I../permutate-cuda -I../permutate-cuda -I../permutate-cuda -I../permutate-cuda -DUSE_GPU -DUSE_GPU -DUSE_GPU -DUSE_GPU -DUSE_GPU -DUSE_GPU -DUSE_GPU -DUSE_GPU -DUSE_GPU -DUSE_GPU -DUSE_GPU -DUSE_GPU -DUSE_GPU -O3 -O3 -O3 -O3 -O3 -O3 -O3 -O3 -O3 -O3 -O3 -O3 -O3 -c ../permutate-cuda/bzip/decompress.cpp -o decompress.o
~/repos/llvm/build/bin/clang++ -std=c++17 -Wall -fsycl --gcc-toolchain=/home/ga27mex2/spack_thx2/spack/opt/spack/linux-centos8-thunderx2/gcc-14.1.0/gcc-14.1.0-kl6fnbyj4mhv4v5emwvqi6nmxb4kvjae -fsycl-targets=nvptx64-nvidia-cuda -Xsycl-target-backend --cuda-gpu-arch=sm_70 -I../permutate-cuda -I../permutate-cuda -I../permutate-cuda -I../permutate-cuda -I../permutate-cuda -I../permutate-cuda -I../permutate-cuda -I../permutate-cuda -I../permutate-cuda -I../permutate-cuda -I../permutate-cuda -I../permutate-cuda -I../permutate-cuda -DUSE_GPU -DUSE_GPU -DUSE_GPU -DUSE_GPU -DUSE_GPU -DUSE_GPU -DUSE_GPU -DUSE_GPU -DUSE_GPU -DUSE_GPU -DUSE_GPU -DUSE_GPU -DUSE_GPU -O3 -O3 -O3 -O3 -O3 -O3 -O3 -O3 -O3 -O3 -O3 -O3 -O3 -c ../permutate-cuda/bzip/huffman.cpp -o huffman.o
~/repos/llvm/build/bin/clang++ -std=c++17 -Wall -fsycl --gcc-toolchain=/home/ga27mex2/spack_thx2/spack/opt/spack/linux-centos8-thunderx2/gcc-14.1.0/gcc-14.1.0-kl6fnbyj4mhv4v5emwvqi6nmxb4kvjae -fsycl-targets=nvptx64-nvidia-cuda -Xsycl-target-backend --cuda-gpu-arch=sm_70 -I../permutate-cuda -I../permutate-cuda -I../permutate-cuda -I../permutate-cuda -I../permutate-cuda -I../permutate-cuda -I../permutate-cuda -I../permutate-cuda -I../permutate-cuda -I../permutate-cuda -I../permutate-cuda -I../permutate-cuda -I../permutate-cuda -DUSE_GPU -DUSE_GPU -DUSE_GPU -DUSE_GPU -DUSE_GPU -DUSE_GPU -DUSE_GPU -DUSE_GPU -DUSE_GPU -DUSE_GPU -DUSE_GPU -DUSE_GPU -DUSE_GPU -O3 -O3 -O3 -O3 -O3 -O3 -O3 -O3 -O3 -O3 -O3 -O3 -O3 -c ../permutate-cuda/bzip/randtable.cpp -o randtable.o
~/repos/llvm/build/bin/clang++ -std=c++17 -Wall -fsycl --gcc-toolchain=/home/ga27mex2/spack_thx2/spack/opt/spack/linux-centos8-thunderx2/gcc-14.1.0/gcc-14.1.0-kl6fnbyj4mhv4v5emwvqi6nmxb4kvjae -fsycl-targets=nvptx64-nvidia-cuda -Xsycl-target-backend --cuda-gpu-arch=sm_70 -I../permutate-cuda -I../permutate-cuda -I../permutate-cuda -I../permutate-cuda -I../permutate-cuda -I../permutate-cuda -I../permutate-cuda -I../permutate-cuda -I../permutate-cuda -I../permutate-cuda -I../permutate-cuda -I../permutate-cuda -I../permutate-cuda -DUSE_GPU -DUSE_GPU -DUSE_GPU -DUSE_GPU -DUSE_GPU -DUSE_GPU -DUSE_GPU -DUSE_GPU -DUSE_GPU -DUSE_GPU -DUSE_GPU -DUSE_GPU -DUSE_GPU -O3 -O3 -O3 -O3 -O3 -O3 -O3 -O3 -O3 -O3 -O3 -O3 -O3 -c gpu_permutation_testing.cpp -o gpu_permutation_testing.o
In file included from gpu_permutation_testing.cpp:22:
./kernel_functions.hpp:39:3: error: no template named 'atomic_ref' in namespace 'sycl::ext::oneapi'; did you mean 'sycl::atomic_ref'?
   39 |   sycl::ext::oneapi::atomic_ref<T, sycl::memory_order::relaxed, 
      |   ^~~~~~~~~~~~~~~~~~~~~~~~~~~~~
      |   sycl::atomic_ref
/home/ga27mex2/repos/llvm/build/bin/../include/sycl/atomic_ref.hpp:759:7: note: 'sycl::atomic_ref' declared here
  759 | class atomic_ref : public detail::atomic_ref_impl<T, sizeof(T), DefaultOrder,
      |       ^
gpu_permutation_testing.cpp:59:9: warning: 'gpu_selector' is deprecated: Use the callable sycl::gpu_selector_v instead. [-Wdeprecated-declarations]
   59 |   sycl::gpu_selector dev_sel;
      |         ^
/home/ga27mex2/repos/llvm/build/bin/../include/sycl/device_selector.hpp:66:21: note: 'gpu_selector' has been explicitly marked deprecated here
   66 | class __SYCL_EXPORT __SYCL2020_DEPRECATED(
      |                     ^
/home/ga27mex2/repos/llvm/build/bin/../include/sycl/detail/defines_elementary.hpp:62:40: note: expanded from macro '__SYCL2020_DEPRECATED'
   62 | #define __SYCL2020_DEPRECATED(message) __SYCL_DEPRECATED(message)
      |                                        ^
/home/ga27mex2/repos/llvm/build/bin/../include/sycl/detail/defines_elementary.hpp:53:38: note: expanded from macro '__SYCL_DEPRECATED'
   53 | #define __SYCL_DEPRECATED(message) [[deprecated(message)]]
      |                                      ^
gpu_permutation_testing.cpp:63:15: warning: 'queue' is deprecated: SYCL 1.2.1 device selectors are deprecated. Please use SYCL 2020 device selectors instead. [-Wdeprecated-declarations]
   63 |   sycl::queue q(dev_sel, sycl::property::queue::in_order());
      |               ^
/home/ga27mex2/repos/llvm/build/bin/../include/sycl/queue.hpp:191:3: note: 'queue' has been explicitly marked deprecated here
  191 |   __SYCL2020_DEPRECATED("SYCL 1.2.1 device selectors are deprecated. Please "
      |   ^
/home/ga27mex2/repos/llvm/build/bin/../include/sycl/detail/defines_elementary.hpp:62:40: note: expanded from macro '__SYCL2020_DEPRECATED'
   62 | #define __SYCL2020_DEPRECATED(message) __SYCL_DEPRECATED(message)
      |                                        ^
/home/ga27mex2/repos/llvm/build/bin/../include/sycl/detail/defines_elementary.hpp:53:38: note: expanded from macro '__SYCL_DEPRECATED'
   53 | #define __SYCL_DEPRECATED(message) [[deprecated(message)]]
      |                                      ^
2 warnings and 1 error generated.
make: *** [Makefile:86: gpu_permutation_testing.o] Error 1
