~/sycl_workspace/llvm/build/bin/clang++ -fsycl --gcc-toolchain=/home/ga27mex2/spack_rome2/spack/opt/spack/linux-sle_hpc15-zen2/gcc-14.2.0/gcc-14.2.0-5o6uafvyeefoza5cmnze5vcuwbdhzj6o/ -fsycl-targets=amdgcn-amd-amdhsa -Xsycl-target-backend --offload-arch=gfx908 -I/home/ga27mex2/sycl_workspace/llvm/build/lib/libsycl.so.8 -DUSE_GPU -DUSE_GPU -O3 -O3 -c main.cpp -o main.o
main.cpp:185:32: warning: 'get_pointer' is deprecated: local_accessor::get_pointer() is deprecated, please use get_multi_ptr() [-Wdeprecated-declarations]
  185 |                         lt_acc.get_pointer(), gt_acc.get_pointer(),
      |                                ^
/home/ga27mex2/sycl_workspace/llvm/build/bin/../include/sycl/accessor.hpp:2565:3: note: 'get_pointer' has been explicitly marked deprecated here
 2565 |   __SYCL2020_DEPRECATED(
      |   ^
/home/ga27mex2/sycl_workspace/llvm/build/bin/../include/sycl/detail/defines_elementary.hpp:62:40: note: expanded from macro '__SYCL2020_DEPRECATED'
   62 | #define __SYCL2020_DEPRECATED(message) __SYCL_DEPRECATED(message)
      |                                        ^
/home/ga27mex2/sycl_workspace/llvm/build/bin/../include/sycl/detail/defines_elementary.hpp:53:38: note: expanded from macro '__SYCL_DEPRECATED'
   53 | #define __SYCL_DEPRECATED(message) [[deprecated(message)]]
      |                                      ^
main.cpp:185:54: warning: 'get_pointer' is deprecated: local_accessor::get_pointer() is deprecated, please use get_multi_ptr() [-Wdeprecated-declarations]
  185 |                         lt_acc.get_pointer(), gt_acc.get_pointer(),
      |                                                      ^
/home/ga27mex2/sycl_workspace/llvm/build/bin/../include/sycl/accessor.hpp:2565:3: note: 'get_pointer' has been explicitly marked deprecated here
 2565 |   __SYCL2020_DEPRECATED(
      |   ^
/home/ga27mex2/sycl_workspace/llvm/build/bin/../include/sycl/detail/defines_elementary.hpp:62:40: note: expanded from macro '__SYCL2020_DEPRECATED'
   62 | #define __SYCL2020_DEPRECATED(message) __SYCL_DEPRECATED(message)
      |                                        ^
/home/ga27mex2/sycl_workspace/llvm/build/bin/../include/sycl/detail/defines_elementary.hpp:53:38: note: expanded from macro '__SYCL_DEPRECATED'
   53 | #define __SYCL_DEPRECATED(message) [[deprecated(message)]]
      |                                      ^
main.cpp:247:51: warning: 'get_pointer' is deprecated: local_accessor::get_pointer() is deprecated, please use get_multi_ptr() [-Wdeprecated-declarations]
  247 |               db, dnb, doneb, item, workstack_acc.get_pointer(),
      |                                                   ^
/home/ga27mex2/sycl_workspace/llvm/build/bin/../include/sycl/accessor.hpp:2565:3: note: 'get_pointer' has been explicitly marked deprecated here
 2565 |   __SYCL2020_DEPRECATED(
      |   ^
/home/ga27mex2/sycl_workspace/llvm/build/bin/../include/sycl/detail/defines_elementary.hpp:62:40: note: expanded from macro '__SYCL2020_DEPRECATED'
   62 | #define __SYCL2020_DEPRECATED(message) __SYCL_DEPRECATED(message)
      |                                        ^
/home/ga27mex2/sycl_workspace/llvm/build/bin/../include/sycl/detail/defines_elementary.hpp:53:38: note: expanded from macro '__SYCL_DEPRECATED'
   53 | #define __SYCL_DEPRECATED(message) [[deprecated(message)]]
      |                                      ^
main.cpp:251:22: warning: 'get_pointer' is deprecated: local_accessor::get_pointer() is deprecated, please use get_multi_ptr() [-Wdeprecated-declarations]
  251 |               lt_acc.get_pointer(), gt_acc.get_pointer());
      |                      ^
/home/ga27mex2/sycl_workspace/llvm/build/bin/../include/sycl/accessor.hpp:2565:3: note: 'get_pointer' has been explicitly marked deprecated here
 2565 |   __SYCL2020_DEPRECATED(
      |   ^
/home/ga27mex2/sycl_workspace/llvm/build/bin/../include/sycl/detail/defines_elementary.hpp:62:40: note: expanded from macro '__SYCL2020_DEPRECATED'
   62 | #define __SYCL2020_DEPRECATED(message) __SYCL_DEPRECATED(message)
      |                                        ^
/home/ga27mex2/sycl_workspace/llvm/build/bin/../include/sycl/detail/defines_elementary.hpp:53:38: note: expanded from macro '__SYCL_DEPRECATED'
   53 | #define __SYCL_DEPRECATED(message) [[deprecated(message)]]
      |                                      ^
main.cpp:251:44: warning: 'get_pointer' is deprecated: local_accessor::get_pointer() is deprecated, please use get_multi_ptr() [-Wdeprecated-declarations]
  251 |               lt_acc.get_pointer(), gt_acc.get_pointer());
      |                                            ^
/home/ga27mex2/sycl_workspace/llvm/build/bin/../include/sycl/accessor.hpp:2565:3: note: 'get_pointer' has been explicitly marked deprecated here
 2565 |   __SYCL2020_DEPRECATED(
      |   ^
/home/ga27mex2/sycl_workspace/llvm/build/bin/../include/sycl/detail/defines_elementary.hpp:62:40: note: expanded from macro '__SYCL2020_DEPRECATED'
   62 | #define __SYCL2020_DEPRECATED(message) __SYCL_DEPRECATED(message)
      |                                        ^
/home/ga27mex2/sycl_workspace/llvm/build/bin/../include/sycl/detail/defines_elementary.hpp:53:38: note: expanded from macro '__SYCL_DEPRECATED'
   53 | #define __SYCL_DEPRECATED(message) [[deprecated(message)]]
      |                                      ^
main.cpp:185:32: warning: 'get_pointer' is deprecated: local_accessor::get_pointer() is deprecated, please use get_multi_ptr() [-Wdeprecated-declarations]
  185 |                         lt_acc.get_pointer(), gt_acc.get_pointer(),
      |                                ^
main.cpp:183:67: note: while substituting into a lambda expression here
  183 |         GQSORT_LOCAL_WORKGROUP_SIZE), [=] (sycl::nd_item<1> item) {
      |                                                                   ^
main.cpp:171:36: note: while substituting into a lambda expression here
  171 |   q.submit([&](sycl::handler &cgh) {
      |                                    ^
main.cpp:323:5: note: in instantiation of function template specialization 'gqsort<unsigned int>' requested here
  323 |     gqsort<T>(q, db, dnb, blocks, parent_records, news, reset);
      |     ^
main.cpp:436:5: note: in instantiation of function template specialization 'GPUQSort<unsigned int>' requested here
  436 |     GPUQSort(q, arraySize, pArray, pArrayCopy);
      |     ^
main.cpp:502:3: note: in instantiation of function template specialization 'test<unsigned int>' requested here
  502 |   test<uint>(arraySize, NUM_ITERATIONS, "uint");
      |   ^
/home/ga27mex2/sycl_workspace/llvm/build/bin/../include/sycl/accessor.hpp:2565:3: note: 'get_pointer' has been explicitly marked deprecated here
 2565 |   __SYCL2020_DEPRECATED(
      |   ^
/home/ga27mex2/sycl_workspace/llvm/build/bin/../include/sycl/detail/defines_elementary.hpp:62:40: note: expanded from macro '__SYCL2020_DEPRECATED'
   62 | #define __SYCL2020_DEPRECATED(message) __SYCL_DEPRECATED(message)
      |                                        ^
/home/ga27mex2/sycl_workspace/llvm/build/bin/../include/sycl/detail/defines_elementary.hpp:53:38: note: expanded from macro '__SYCL_DEPRECATED'
   53 | #define __SYCL_DEPRECATED(message) [[deprecated(message)]]
      |                                      ^
main.cpp:185:54: warning: 'get_pointer' is deprecated: local_accessor::get_pointer() is deprecated, please use get_multi_ptr() [-Wdeprecated-declarations]
  185 |                         lt_acc.get_pointer(), gt_acc.get_pointer(),
      |                                                      ^
/home/ga27mex2/sycl_workspace/llvm/build/bin/../include/sycl/accessor.hpp:2565:3: note: 'get_pointer' has been explicitly marked deprecated here
 2565 |   __SYCL2020_DEPRECATED(
      |   ^
/home/ga27mex2/sycl_workspace/llvm/build/bin/../include/sycl/detail/defines_elementary.hpp:62:40: note: expanded from macro '__SYCL2020_DEPRECATED'
   62 | #define __SYCL2020_DEPRECATED(message) __SYCL_DEPRECATED(message)
      |                                        ^
/home/ga27mex2/sycl_workspace/llvm/build/bin/../include/sycl/detail/defines_elementary.hpp:53:38: note: expanded from macro '__SYCL_DEPRECATED'
   53 | #define __SYCL_DEPRECATED(message) [[deprecated(message)]]
      |                                      ^
main.cpp:247:51: warning: 'get_pointer' is deprecated: local_accessor::get_pointer() is deprecated, please use get_multi_ptr() [-Wdeprecated-declarations]
  247 |               db, dnb, doneb, item, workstack_acc.get_pointer(),
      |                                                   ^
main.cpp:245:67: note: while substituting into a lambda expression here
  245 |         LQSORT_LOCAL_WORKGROUP_SIZE), [=] (sycl::nd_item<1> item) {
      |                                                                   ^
main.cpp:226:36: note: while substituting into a lambda expression here
  226 |   q.submit([&](sycl::handler &cgh) {
      |                                    ^
main.cpp:347:5: note: in instantiation of function template specialization 'lqsort<unsigned int>' requested here
  347 |     lqsort<T>(q, db, dnb, done);
      |     ^
main.cpp:436:5: note: in instantiation of function template specialization 'GPUQSort<unsigned int>' requested here
  436 |     GPUQSort(q, arraySize, pArray, pArrayCopy);
      |     ^
main.cpp:502:3: note: in instantiation of function template specialization 'test<unsigned int>' requested here
  502 |   test<uint>(arraySize, NUM_ITERATIONS, "uint");
      |   ^
/home/ga27mex2/sycl_workspace/llvm/build/bin/../include/sycl/accessor.hpp:2565:3: note: 'get_pointer' has been explicitly marked deprecated here
 2565 |   __SYCL2020_DEPRECATED(
      |   ^
/home/ga27mex2/sycl_workspace/llvm/build/bin/../include/sycl/detail/defines_elementary.hpp:62:40: note: expanded from macro '__SYCL2020_DEPRECATED'
   62 | #define __SYCL2020_DEPRECATED(message) __SYCL_DEPRECATED(message)
      |                                        ^
/home/ga27mex2/sycl_workspace/llvm/build/bin/../include/sycl/detail/defines_elementary.hpp:53:38: note: expanded from macro '__SYCL_DEPRECATED'
   53 | #define __SYCL_DEPRECATED(message) [[deprecated(message)]]
      |                                      ^
main.cpp:248:46: warning: 'get_pointer' is deprecated: local_accessor::get_pointer() is deprecated, please use get_multi_ptr() [-Wdeprecated-declarations]
  248 |               workstack_pointer_acc, mys_acc.get_pointer(),
      |                                              ^
/home/ga27mex2/sycl_workspace/llvm/build/bin/../include/sycl/accessor.hpp:2565:3: note: 'get_pointer' has been explicitly marked deprecated here
 2565 |   __SYCL2020_DEPRECATED(
      |   ^
/home/ga27mex2/sycl_workspace/llvm/build/bin/../include/sycl/detail/defines_elementary.hpp:62:40: note: expanded from macro '__SYCL2020_DEPRECATED'
   62 | #define __SYCL2020_DEPRECATED(message) __SYCL_DEPRECATED(message)
      |                                        ^
/home/ga27mex2/sycl_workspace/llvm/build/bin/../include/sycl/detail/defines_elementary.hpp:53:38: note: expanded from macro '__SYCL_DEPRECATED'
   53 | #define __SYCL_DEPRECATED(message) [[deprecated(message)]]
      |                                      ^
main.cpp:249:24: warning: 'get_pointer' is deprecated: local_accessor::get_pointer() is deprecated, please use get_multi_ptr() [-Wdeprecated-declarations]
  249 |               mysn_acc.get_pointer(), temp_acc.get_pointer(),
      |                        ^
/home/ga27mex2/sycl_workspace/llvm/build/bin/../include/sycl/accessor.hpp:2565:3: note: 'get_pointer' has been explicitly marked deprecated here
 2565 |   __SYCL2020_DEPRECATED(
      |   ^
/home/ga27mex2/sycl_workspace/llvm/build/bin/../include/sycl/detail/defines_elementary.hpp:62:40: note: expanded from macro '__SYCL2020_DEPRECATED'
   62 | #define __SYCL2020_DEPRECATED(message) __SYCL_DEPRECATED(message)
      |                                        ^
/home/ga27mex2/sycl_workspace/llvm/build/bin/../include/sycl/detail/defines_elementary.hpp:53:38: note: expanded from macro '__SYCL_DEPRECATED'
   53 | #define __SYCL_DEPRECATED(message) [[deprecated(message)]]
      |                                      ^
main.cpp:249:48: warning: 'get_pointer' is deprecated: local_accessor::get_pointer() is deprecated, please use get_multi_ptr() [-Wdeprecated-declarations]
  249 |               mysn_acc.get_pointer(), temp_acc.get_pointer(),
      |                                                ^
/home/ga27mex2/sycl_workspace/llvm/build/bin/../include/sycl/accessor.hpp:2565:3: note: 'get_pointer' has been explicitly marked deprecated here
 2565 |   __SYCL2020_DEPRECATED(
      |   ^
/home/ga27mex2/sycl_workspace/llvm/build/bin/../include/sycl/detail/defines_elementary.hpp:62:40: note: expanded from macro '__SYCL2020_DEPRECATED'
   62 | #define __SYCL2020_DEPRECATED(message) __SYCL_DEPRECATED(message)
      |                                        ^
/home/ga27mex2/sycl_workspace/llvm/build/bin/../include/sycl/detail/defines_elementary.hpp:53:38: note: expanded from macro '__SYCL_DEPRECATED'
   53 | #define __SYCL_DEPRECATED(message) [[deprecated(message)]]
      |                                      ^
main.cpp:251:22: warning: 'get_pointer' is deprecated: local_accessor::get_pointer() is deprecated, please use get_multi_ptr() [-Wdeprecated-declarations]
  251 |               lt_acc.get_pointer(), gt_acc.get_pointer());
      |                      ^
/home/ga27mex2/sycl_workspace/llvm/build/bin/../include/sycl/accessor.hpp:2565:3: note: 'get_pointer' has been explicitly marked deprecated here
 2565 |   __SYCL2020_DEPRECATED(
      |   ^
/home/ga27mex2/sycl_workspace/llvm/build/bin/../include/sycl/detail/defines_elementary.hpp:62:40: note: expanded from macro '__SYCL2020_DEPRECATED'
   62 | #define __SYCL2020_DEPRECATED(message) __SYCL_DEPRECATED(message)
      |                                        ^
/home/ga27mex2/sycl_workspace/llvm/build/bin/../include/sycl/detail/defines_elementary.hpp:53:38: note: expanded from macro '__SYCL_DEPRECATED'
   53 | #define __SYCL_DEPRECATED(message) [[deprecated(message)]]
      |                                      ^
main.cpp:251:44: warning: 'get_pointer' is deprecated: local_accessor::get_pointer() is deprecated, please use get_multi_ptr() [-Wdeprecated-declarations]
  251 |               lt_acc.get_pointer(), gt_acc.get_pointer());
      |                                            ^
/home/ga27mex2/sycl_workspace/llvm/build/bin/../include/sycl/accessor.hpp:2565:3: note: 'get_pointer' has been explicitly marked deprecated here
 2565 |   __SYCL2020_DEPRECATED(
      |   ^
/home/ga27mex2/sycl_workspace/llvm/build/bin/../include/sycl/detail/defines_elementary.hpp:62:40: note: expanded from macro '__SYCL2020_DEPRECATED'
   62 | #define __SYCL2020_DEPRECATED(message) __SYCL_DEPRECATED(message)
      |                                        ^
/home/ga27mex2/sycl_workspace/llvm/build/bin/../include/sycl/detail/defines_elementary.hpp:53:38: note: expanded from macro '__SYCL_DEPRECATED'
   53 | #define __SYCL_DEPRECATED(message) [[deprecated(message)]]
      |                                      ^
main.cpp:246:11: error: no matching function for call to 'lqsort_kernel'
  246 |           lqsort_kernel(
      |           ^~~~~~~~~~~~~
./QuicksortKernels.h:308:1: note: candidate template ignored: could not match 'T *' against 'local_ptr<unsigned int>' (aka 'multi_ptr<unsigned int, access::address_space::local_space, (access::decorated)2>')
  308 | lqsort_kernel(T* d, T* dn, work_record<T>* seqs,
      | ^
main.cpp:185:32: warning: 'get_pointer' is deprecated: local_accessor::get_pointer() is deprecated, please use get_multi_ptr() [-Wdeprecated-declarations]
  185 |                         lt_acc.get_pointer(), gt_acc.get_pointer(),
      |                                ^
main.cpp:183:67: note: while substituting into a lambda expression here
  183 |         GQSORT_LOCAL_WORKGROUP_SIZE), [=] (sycl::nd_item<1> item) {
      |                                                                   ^
main.cpp:171:36: note: while substituting into a lambda expression here
  171 |   q.submit([&](sycl::handler &cgh) {
      |                                    ^
main.cpp:323:5: note: in instantiation of function template specialization 'gqsort<float>' requested here
  323 |     gqsort<T>(q, db, dnb, blocks, parent_records, news, reset);
      |     ^
main.cpp:436:5: note: in instantiation of function template specialization 'GPUQSort<float>' requested here
  436 |     GPUQSort(q, arraySize, pArray, pArrayCopy);
      |     ^
main.cpp:503:3: note: in instantiation of function template specialization 'test<float>' requested here
  503 |   test<float>(arraySize, NUM_ITERATIONS, "float");
      |   ^
/home/ga27mex2/sycl_workspace/llvm/build/bin/../include/sycl/accessor.hpp:2565:3: note: 'get_pointer' has been explicitly marked deprecated here
 2565 |   __SYCL2020_DEPRECATED(
      |   ^
/home/ga27mex2/sycl_workspace/llvm/build/bin/../include/sycl/detail/defines_elementary.hpp:62:40: note: expanded from macro '__SYCL2020_DEPRECATED'
   62 | #define __SYCL2020_DEPRECATED(message) __SYCL_DEPRECATED(message)
      |                                        ^
/home/ga27mex2/sycl_workspace/llvm/build/bin/../include/sycl/detail/defines_elementary.hpp:53:38: note: expanded from macro '__SYCL_DEPRECATED'
   53 | #define __SYCL_DEPRECATED(message) [[deprecated(message)]]
      |                                      ^
main.cpp:185:54: warning: 'get_pointer' is deprecated: local_accessor::get_pointer() is deprecated, please use get_multi_ptr() [-Wdeprecated-declarations]
  185 |                         lt_acc.get_pointer(), gt_acc.get_pointer(),
      |                                                      ^
/home/ga27mex2/sycl_workspace/llvm/build/bin/../include/sycl/accessor.hpp:2565:3: note: 'get_pointer' has been explicitly marked deprecated here
 2565 |   __SYCL2020_DEPRECATED(
      |   ^
/home/ga27mex2/sycl_workspace/llvm/build/bin/../include/sycl/detail/defines_elementary.hpp:62:40: note: expanded from macro '__SYCL2020_DEPRECATED'
   62 | #define __SYCL2020_DEPRECATED(message) __SYCL_DEPRECATED(message)
      |                                        ^
/home/ga27mex2/sycl_workspace/llvm/build/bin/../include/sycl/detail/defines_elementary.hpp:53:38: note: expanded from macro '__SYCL_DEPRECATED'
   53 | #define __SYCL_DEPRECATED(message) [[deprecated(message)]]
      |                                      ^
main.cpp:247:51: warning: 'get_pointer' is deprecated: local_accessor::get_pointer() is deprecated, please use get_multi_ptr() [-Wdeprecated-declarations]
  247 |               db, dnb, doneb, item, workstack_acc.get_pointer(),
      |                                                   ^
main.cpp:245:67: note: while substituting into a lambda expression here
  245 |         LQSORT_LOCAL_WORKGROUP_SIZE), [=] (sycl::nd_item<1> item) {
      |                                                                   ^
main.cpp:226:36: note: while substituting into a lambda expression here
  226 |   q.submit([&](sycl::handler &cgh) {
      |                                    ^
main.cpp:347:5: note: in instantiation of function template specialization 'lqsort<float>' requested here
  347 |     lqsort<T>(q, db, dnb, done);
      |     ^
main.cpp:436:5: note: in instantiation of function template specialization 'GPUQSort<float>' requested here
  436 |     GPUQSort(q, arraySize, pArray, pArrayCopy);
      |     ^
main.cpp:503:3: note: in instantiation of function template specialization 'test<float>' requested here
  503 |   test<float>(arraySize, NUM_ITERATIONS, "float");
      |   ^
/home/ga27mex2/sycl_workspace/llvm/build/bin/../include/sycl/accessor.hpp:2565:3: note: 'get_pointer' has been explicitly marked deprecated here
 2565 |   __SYCL2020_DEPRECATED(
      |   ^
/home/ga27mex2/sycl_workspace/llvm/build/bin/../include/sycl/detail/defines_elementary.hpp:62:40: note: expanded from macro '__SYCL2020_DEPRECATED'
   62 | #define __SYCL2020_DEPRECATED(message) __SYCL_DEPRECATED(message)
      |                                        ^
/home/ga27mex2/sycl_workspace/llvm/build/bin/../include/sycl/detail/defines_elementary.hpp:53:38: note: expanded from macro '__SYCL_DEPRECATED'
   53 | #define __SYCL_DEPRECATED(message) [[deprecated(message)]]
      |                                      ^
main.cpp:248:46: warning: 'get_pointer' is deprecated: local_accessor::get_pointer() is deprecated, please use get_multi_ptr() [-Wdeprecated-declarations]
  248 |               workstack_pointer_acc, mys_acc.get_pointer(),
      |                                              ^
/home/ga27mex2/sycl_workspace/llvm/build/bin/../include/sycl/accessor.hpp:2565:3: note: 'get_pointer' has been explicitly marked deprecated here
 2565 |   __SYCL2020_DEPRECATED(
      |   ^
/home/ga27mex2/sycl_workspace/llvm/build/bin/../include/sycl/detail/defines_elementary.hpp:62:40: note: expanded from macro '__SYCL2020_DEPRECATED'
   62 | #define __SYCL2020_DEPRECATED(message) __SYCL_DEPRECATED(message)
      |                                        ^
/home/ga27mex2/sycl_workspace/llvm/build/bin/../include/sycl/detail/defines_elementary.hpp:53:38: note: expanded from macro '__SYCL_DEPRECATED'
   53 | #define __SYCL_DEPRECATED(message) [[deprecated(message)]]
      |                                      ^
main.cpp:249:24: warning: 'get_pointer' is deprecated: local_accessor::get_pointer() is deprecated, please use get_multi_ptr() [-Wdeprecated-declarations]
  249 |               mysn_acc.get_pointer(), temp_acc.get_pointer(),
      |                        ^
/home/ga27mex2/sycl_workspace/llvm/build/bin/../include/sycl/accessor.hpp:2565:3: note: 'get_pointer' has been explicitly marked deprecated here
 2565 |   __SYCL2020_DEPRECATED(
      |   ^
/home/ga27mex2/sycl_workspace/llvm/build/bin/../include/sycl/detail/defines_elementary.hpp:62:40: note: expanded from macro '__SYCL2020_DEPRECATED'
   62 | #define __SYCL2020_DEPRECATED(message) __SYCL_DEPRECATED(message)
      |                                        ^
/home/ga27mex2/sycl_workspace/llvm/build/bin/../include/sycl/detail/defines_elementary.hpp:53:38: note: expanded from macro '__SYCL_DEPRECATED'
   53 | #define __SYCL_DEPRECATED(message) [[deprecated(message)]]
      |                                      ^
main.cpp:249:48: warning: 'get_pointer' is deprecated: local_accessor::get_pointer() is deprecated, please use get_multi_ptr() [-Wdeprecated-declarations]
  249 |               mysn_acc.get_pointer(), temp_acc.get_pointer(),
      |                                                ^
/home/ga27mex2/sycl_workspace/llvm/build/bin/../include/sycl/accessor.hpp:2565:3: note: 'get_pointer' has been explicitly marked deprecated here
 2565 |   __SYCL2020_DEPRECATED(
      |   ^
/home/ga27mex2/sycl_workspace/llvm/build/bin/../include/sycl/detail/defines_elementary.hpp:62:40: note: expanded from macro '__SYCL2020_DEPRECATED'
   62 | #define __SYCL2020_DEPRECATED(message) __SYCL_DEPRECATED(message)
      |                                        ^
/home/ga27mex2/sycl_workspace/llvm/build/bin/../include/sycl/detail/defines_elementary.hpp:53:38: note: expanded from macro '__SYCL_DEPRECATED'
   53 | #define __SYCL_DEPRECATED(message) [[deprecated(message)]]
      |                                      ^
main.cpp:251:22: warning: 'get_pointer' is deprecated: local_accessor::get_pointer() is deprecated, please use get_multi_ptr() [-Wdeprecated-declarations]
  251 |               lt_acc.get_pointer(), gt_acc.get_pointer());
      |                      ^
/home/ga27mex2/sycl_workspace/llvm/build/bin/../include/sycl/accessor.hpp:2565:3: note: 'get_pointer' has been explicitly marked deprecated here
 2565 |   __SYCL2020_DEPRECATED(
      |   ^
/home/ga27mex2/sycl_workspace/llvm/build/bin/../include/sycl/detail/defines_elementary.hpp:62:40: note: expanded from macro '__SYCL2020_DEPRECATED'
   62 | #define __SYCL2020_DEPRECATED(message) __SYCL_DEPRECATED(message)
      |                                        ^
/home/ga27mex2/sycl_workspace/llvm/build/bin/../include/sycl/detail/defines_elementary.hpp:53:38: note: expanded from macro '__SYCL_DEPRECATED'
   53 | #define __SYCL_DEPRECATED(message) [[deprecated(message)]]
      |                                      ^
main.cpp:251:44: warning: 'get_pointer' is deprecated: local_accessor::get_pointer() is deprecated, please use get_multi_ptr() [-Wdeprecated-declarations]
  251 |               lt_acc.get_pointer(), gt_acc.get_pointer());
      |                                            ^
/home/ga27mex2/sycl_workspace/llvm/build/bin/../include/sycl/accessor.hpp:2565:3: note: 'get_pointer' has been explicitly marked deprecated here
 2565 |   __SYCL2020_DEPRECATED(
      |   ^
/home/ga27mex2/sycl_workspace/llvm/build/bin/../include/sycl/detail/defines_elementary.hpp:62:40: note: expanded from macro '__SYCL2020_DEPRECATED'
   62 | #define __SYCL2020_DEPRECATED(message) __SYCL_DEPRECATED(message)
      |                                        ^
/home/ga27mex2/sycl_workspace/llvm/build/bin/../include/sycl/detail/defines_elementary.hpp:53:38: note: expanded from macro '__SYCL_DEPRECATED'
   53 | #define __SYCL_DEPRECATED(message) [[deprecated(message)]]
      |                                      ^
main.cpp:246:11: error: no matching function for call to 'lqsort_kernel'
  246 |           lqsort_kernel(
      |           ^~~~~~~~~~~~~
./QuicksortKernels.h:308:1: note: candidate template ignored: could not match 'T *' against 'local_ptr<float>' (aka 'multi_ptr<float, access::address_space::local_space, (access::decorated)2>')
  308 | lqsort_kernel(T* d, T* dn, work_record<T>* seqs,
      | ^
main.cpp:185:32: warning: 'get_pointer' is deprecated: local_accessor::get_pointer() is deprecated, please use get_multi_ptr() [-Wdeprecated-declarations]
  185 |                         lt_acc.get_pointer(), gt_acc.get_pointer(),
      |                                ^
main.cpp:183:67: note: while substituting into a lambda expression here
  183 |         GQSORT_LOCAL_WORKGROUP_SIZE), [=] (sycl::nd_item<1> item) {
      |                                                                   ^
main.cpp:171:36: note: while substituting into a lambda expression here
  171 |   q.submit([&](sycl::handler &cgh) {
      |                                    ^
main.cpp:323:5: note: in instantiation of function template specialization 'gqsort<double>' requested here
  323 |     gqsort<T>(q, db, dnb, blocks, parent_records, news, reset);
      |     ^
main.cpp:436:5: note: in instantiation of function template specialization 'GPUQSort<double>' requested here
  436 |     GPUQSort(q, arraySize, pArray, pArrayCopy);
      |     ^
main.cpp:504:3: note: in instantiation of function template specialization 'test<double>' requested here
  504 |   test<double>(arraySize, NUM_ITERATIONS, "double");
      |   ^
/home/ga27mex2/sycl_workspace/llvm/build/bin/../include/sycl/accessor.hpp:2565:3: note: 'get_pointer' has been explicitly marked deprecated here
 2565 |   __SYCL2020_DEPRECATED(
      |   ^
/home/ga27mex2/sycl_workspace/llvm/build/bin/../include/sycl/detail/defines_elementary.hpp:62:40: note: expanded from macro '__SYCL2020_DEPRECATED'
   62 | #define __SYCL2020_DEPRECATED(message) __SYCL_DEPRECATED(message)
      |                                        ^
/home/ga27mex2/sycl_workspace/llvm/build/bin/../include/sycl/detail/defines_elementary.hpp:53:38: note: expanded from macro '__SYCL_DEPRECATED'
   53 | #define __SYCL_DEPRECATED(message) [[deprecated(message)]]
      |                                      ^
main.cpp:185:54: warning: 'get_pointer' is deprecated: local_accessor::get_pointer() is deprecated, please use get_multi_ptr() [-Wdeprecated-declarations]
  185 |                         lt_acc.get_pointer(), gt_acc.get_pointer(),
      |                                                      ^
/home/ga27mex2/sycl_workspace/llvm/build/bin/../include/sycl/accessor.hpp:2565:3: note: 'get_pointer' has been explicitly marked deprecated here
 2565 |   __SYCL2020_DEPRECATED(
      |   ^
/home/ga27mex2/sycl_workspace/llvm/build/bin/../include/sycl/detail/defines_elementary.hpp:62:40: note: expanded from macro '__SYCL2020_DEPRECATED'
   62 | #define __SYCL2020_DEPRECATED(message) __SYCL_DEPRECATED(message)
      |                                        ^
/home/ga27mex2/sycl_workspace/llvm/build/bin/../include/sycl/detail/defines_elementary.hpp:53:38: note: expanded from macro '__SYCL_DEPRECATED'
   53 | #define __SYCL_DEPRECATED(message) [[deprecated(message)]]
      |                                      ^
main.cpp:247:51: warning: 'get_pointer' is deprecated: local_accessor::get_pointer() is deprecated, please use get_multi_ptr() [-Wdeprecated-declarations]
  247 |               db, dnb, doneb, item, workstack_acc.get_pointer(),
      |                                                   ^
main.cpp:245:67: note: while substituting into a lambda expression here
  245 |         LQSORT_LOCAL_WORKGROUP_SIZE), [=] (sycl::nd_item<1> item) {
      |                                                                   ^
main.cpp:226:36: note: while substituting into a lambda expression here
  226 |   q.submit([&](sycl::handler &cgh) {
      |                                    ^
main.cpp:347:5: note: in instantiation of function template specialization 'lqsort<double>' requested here
  347 |     lqsort<T>(q, db, dnb, done);
      |     ^
main.cpp:436:5: note: in instantiation of function template specialization 'GPUQSort<double>' requested here
  436 |     GPUQSort(q, arraySize, pArray, pArrayCopy);
      |     ^
main.cpp:504:3: note: in instantiation of function template specialization 'test<double>' requested here
  504 |   test<double>(arraySize, NUM_ITERATIONS, "double");
      |   ^
/home/ga27mex2/sycl_workspace/llvm/build/bin/../include/sycl/accessor.hpp:2565:3: note: 'get_pointer' has been explicitly marked deprecated here
 2565 |   __SYCL2020_DEPRECATED(
      |   ^
/home/ga27mex2/sycl_workspace/llvm/build/bin/../include/sycl/detail/defines_elementary.hpp:62:40: note: expanded from macro '__SYCL2020_DEPRECATED'
   62 | #define __SYCL2020_DEPRECATED(message) __SYCL_DEPRECATED(message)
      |                                        ^
/home/ga27mex2/sycl_workspace/llvm/build/bin/../include/sycl/detail/defines_elementary.hpp:53:38: note: expanded from macro '__SYCL_DEPRECATED'
   53 | #define __SYCL_DEPRECATED(message) [[deprecated(message)]]
      |                                      ^
main.cpp:248:46: warning: 'get_pointer' is deprecated: local_accessor::get_pointer() is deprecated, please use get_multi_ptr() [-Wdeprecated-declarations]
  248 |               workstack_pointer_acc, mys_acc.get_pointer(),
      |                                              ^
/home/ga27mex2/sycl_workspace/llvm/build/bin/../include/sycl/accessor.hpp:2565:3: note: 'get_pointer' has been explicitly marked deprecated here
 2565 |   __SYCL2020_DEPRECATED(
      |   ^
/home/ga27mex2/sycl_workspace/llvm/build/bin/../include/sycl/detail/defines_elementary.hpp:62:40: note: expanded from macro '__SYCL2020_DEPRECATED'
   62 | #define __SYCL2020_DEPRECATED(message) __SYCL_DEPRECATED(message)
      |                                        ^
/home/ga27mex2/sycl_workspace/llvm/build/bin/../include/sycl/detail/defines_elementary.hpp:53:38: note: expanded from macro '__SYCL_DEPRECATED'
   53 | #define __SYCL_DEPRECATED(message) [[deprecated(message)]]
      |                                      ^
main.cpp:249:24: warning: 'get_pointer' is deprecated: local_accessor::get_pointer() is deprecated, please use get_multi_ptr() [-Wdeprecated-declarations]
  249 |               mysn_acc.get_pointer(), temp_acc.get_pointer(),
      |                        ^
/home/ga27mex2/sycl_workspace/llvm/build/bin/../include/sycl/accessor.hpp:2565:3: note: 'get_pointer' has been explicitly marked deprecated here
 2565 |   __SYCL2020_DEPRECATED(
      |   ^
/home/ga27mex2/sycl_workspace/llvm/build/bin/../include/sycl/detail/defines_elementary.hpp:62:40: note: expanded from macro '__SYCL2020_DEPRECATED'
   62 | #define __SYCL2020_DEPRECATED(message) __SYCL_DEPRECATED(message)
      |                                        ^
/home/ga27mex2/sycl_workspace/llvm/build/bin/../include/sycl/detail/defines_elementary.hpp:53:38: note: expanded from macro '__SYCL_DEPRECATED'
   53 | #define __SYCL_DEPRECATED(message) [[deprecated(message)]]
      |                                      ^
main.cpp:249:48: warning: 'get_pointer' is deprecated: local_accessor::get_pointer() is deprecated, please use get_multi_ptr() [-Wdeprecated-declarations]
  249 |               mysn_acc.get_pointer(), temp_acc.get_pointer(),
      |                                                ^
/home/ga27mex2/sycl_workspace/llvm/build/bin/../include/sycl/accessor.hpp:2565:3: note: 'get_pointer' has been explicitly marked deprecated here
 2565 |   __SYCL2020_DEPRECATED(
      |   ^
/home/ga27mex2/sycl_workspace/llvm/build/bin/../include/sycl/detail/defines_elementary.hpp:62:40: note: expanded from macro '__SYCL2020_DEPRECATED'
   62 | #define __SYCL2020_DEPRECATED(message) __SYCL_DEPRECATED(message)
      |                                        ^
/home/ga27mex2/sycl_workspace/llvm/build/bin/../include/sycl/detail/defines_elementary.hpp:53:38: note: expanded from macro '__SYCL_DEPRECATED'
   53 | #define __SYCL_DEPRECATED(message) [[deprecated(message)]]
      |                                      ^
main.cpp:251:22: warning: 'get_pointer' is deprecated: local_accessor::get_pointer() is deprecated, please use get_multi_ptr() [-Wdeprecated-declarations]
  251 |               lt_acc.get_pointer(), gt_acc.get_pointer());
      |                      ^
/home/ga27mex2/sycl_workspace/llvm/build/bin/../include/sycl/accessor.hpp:2565:3: note: 'get_pointer' has been explicitly marked deprecated here
 2565 |   __SYCL2020_DEPRECATED(
      |   ^
/home/ga27mex2/sycl_workspace/llvm/build/bin/../include/sycl/detail/defines_elementary.hpp:62:40: note: expanded from macro '__SYCL2020_DEPRECATED'
   62 | #define __SYCL2020_DEPRECATED(message) __SYCL_DEPRECATED(message)
      |                                        ^
/home/ga27mex2/sycl_workspace/llvm/build/bin/../include/sycl/detail/defines_elementary.hpp:53:38: note: expanded from macro '__SYCL_DEPRECATED'
   53 | #define __SYCL_DEPRECATED(message) [[deprecated(message)]]
      |                                      ^
main.cpp:251:44: warning: 'get_pointer' is deprecated: local_accessor::get_pointer() is deprecated, please use get_multi_ptr() [-Wdeprecated-declarations]
  251 |               lt_acc.get_pointer(), gt_acc.get_pointer());
      |                                            ^
/home/ga27mex2/sycl_workspace/llvm/build/bin/../include/sycl/accessor.hpp:2565:3: note: 'get_pointer' has been explicitly marked deprecated here
 2565 |   __SYCL2020_DEPRECATED(
      |   ^
/home/ga27mex2/sycl_workspace/llvm/build/bin/../include/sycl/detail/defines_elementary.hpp:62:40: note: expanded from macro '__SYCL2020_DEPRECATED'
   62 | #define __SYCL2020_DEPRECATED(message) __SYCL_DEPRECATED(message)
      |                                        ^
/home/ga27mex2/sycl_workspace/llvm/build/bin/../include/sycl/detail/defines_elementary.hpp:53:38: note: expanded from macro '__SYCL_DEPRECATED'
   53 | #define __SYCL_DEPRECATED(message) [[deprecated(message)]]
      |                                      ^
main.cpp:246:11: error: no matching function for call to 'lqsort_kernel'
  246 |           lqsort_kernel(
      |           ^~~~~~~~~~~~~
./QuicksortKernels.h:308:1: note: candidate template ignored: could not match 'T *' against 'local_ptr<double>' (aka 'multi_ptr<double, access::address_space::local_space, (access::decorated)2>')
  308 | lqsort_kernel(T* d, T* dn, work_record<T>* seqs,
      | ^
29 warnings and 3 errors generated.
make: *** [Makefile:71: main.o] Error 1
