nvcc  -std=c++14 -Xcompiler -Wall -arch=sm_70 -O3 -c csr_matrix.cu -o csr_matrix.o
csr_matrix.cu(423): warning #2464-D: conversion from a string literal to "char *" is deprecated

csr_matrix.cu(424): warning #2464-D: conversion from a string literal to "char *" is deprecated

csr_matrix.cu(425): warning #2464-D: conversion from a string literal to "char *" is deprecated

csr_matrix.cu(547): warning #2464-D: conversion from a string literal to "char *" is deprecated

csr_matrix.cu(423): warning #2464-D: conversion from a string literal to "char *" is deprecated

csr_matrix.cu(424): warning #2464-D: conversion from a string literal to "char *" is deprecated

csr_matrix.cu(425): warning #2464-D: conversion from a string literal to "char *" is deprecated

csr_matrix.cu(547): warning #2464-D: conversion from a string literal to "char *" is deprecated

nvcc  -std=c++14 -Xcompiler -Wall -arch=sm_70 -O3 -c csr_matvec.cu -o csr_matvec.o
csr_matvec.cu(94): warning #2464-D: conversion from a string literal to "char *" is deprecated

csr_matvec.cu(263): warning #2464-D: conversion from a string literal to "char *" is deprecated

csr_matvec.cu(94): warning #2464-D: conversion from a string literal to "char *" is deprecated

csr_matvec.cu(263): warning #2464-D: conversion from a string literal to "char *" is deprecated

nvcc  -std=c++14 -Xcompiler -Wall -arch=sm_70 -O3 -c hypre_error.cu -o hypre_error.o
nvcc  -std=c++14 -Xcompiler -Wall -arch=sm_70 -O3 -c hypre_memory.cu -o hypre_memory.o
hypre_memory.cu(78): warning #2464-D: conversion from a string literal to "char *" is deprecated

hypre_memory.cu(78): warning #2464-D: conversion from a string literal to "char *" is deprecated

nvcc  -std=c++14 -Xcompiler -Wall -arch=sm_70 -O3 -c laplace.cu -o laplace.o
nvcc  -std=c++14 -Xcompiler -Wall -arch=sm_70 -O3 -c main.cu -o main.o
nvcc  -std=c++14 -Xcompiler -Wall -arch=sm_70 -O3 -c vector.cu -o vector.o
vector.cu(177): warning #2464-D: conversion from a string literal to "char *" is deprecated

vector.cu(177): warning #2464-D: conversion from a string literal to "char *" is deprecated

nvcc  -std=c++14 -Xcompiler -Wall -arch=sm_70 -O3 csr_matrix.o csr_matvec.o hypre_error.o hypre_memory.o laplace.o main.o vector.o -o cuda 
