~/repos/llvm/build/bin/clang++ -std=c++17 -Wall -fsycl --gcc-toolchain=/home/ga27mex2/spack_thx2/spack/opt/spack/linux-centos8-thunderx2/gcc-14.1.0/gcc-14.1.0-kl6fnbyj4mhv4v5emwvqi6nmxb4kvjae -fsycl-targets=nvptx64-nvidia-cuda -Xsycl-target-backend --cuda-gpu-arch=sm_70 -DUSE_GPU -DUSE_GPU -O3 -O3 -c main.cpp -o main.o
main.cpp:206:33: warning: 'get_pointer' is deprecated: local_accessor::get_pointer() is deprecated, please use get_multi_ptr() [-Wdeprecated-declarations]
  206 |         conv1d_tiled(item, tile.get_pointer(), mask, d_a, d_b, input_width, mask_width);
      |                                 ^
main.cpp:205:94: note: while substituting into a lambda expression here
  205 |       cgh.parallel_for<class k2<T>>(sycl::nd_range<1>(gws, lws), [=] (sycl::nd_item<1> item) {
      |                                                                                              ^
main.cpp:203:39: note: while substituting into a lambda expression here
  203 |     q.submit([&] (sycl::handler &cgh) {
      |                                       ^
main.cpp:266:5: note: in instantiation of function template specialization 'conv1D<double>' requested here
  266 |     conv1D<double>(q, input_width, mask_width, repeat);
      |     ^
/home/ga27mex2/repos/llvm/build/bin/../include/sycl/accessor.hpp:2565:3: note: 'get_pointer' has been explicitly marked deprecated here
 2565 |   __SYCL2020_DEPRECATED(
      |   ^
/home/ga27mex2/repos/llvm/build/bin/../include/sycl/detail/defines_elementary.hpp:62:40: note: expanded from macro '__SYCL2020_DEPRECATED'
   62 | #define __SYCL2020_DEPRECATED(message) __SYCL_DEPRECATED(message)
      |                                        ^
/home/ga27mex2/repos/llvm/build/bin/../include/sycl/detail/defines_elementary.hpp:53:38: note: expanded from macro '__SYCL_DEPRECATED'
   53 | #define __SYCL_DEPRECATED(message) [[deprecated(message)]]
      |                                      ^
main.cpp:224:41: warning: 'get_pointer' is deprecated: local_accessor::get_pointer() is deprecated, please use get_multi_ptr() [-Wdeprecated-declarations]
  224 |         conv1d_tiled_caching(item, tile.get_pointer(), mask, d_a, d_b, input_width, mask_width);
      |                                         ^
main.cpp:223:94: note: while substituting into a lambda expression here
  223 |       cgh.parallel_for<class k3<T>>(sycl::nd_range<1>(gws, lws), [=] (sycl::nd_item<1> item) {
      |                                                                                              ^
main.cpp:221:39: note: while substituting into a lambda expression here
  221 |     q.submit([&] (sycl::handler &cgh) {
      |                                       ^
main.cpp:266:5: note: in instantiation of function template specialization 'conv1D<double>' requested here
  266 |     conv1D<double>(q, input_width, mask_width, repeat);
      |     ^
/home/ga27mex2/repos/llvm/build/bin/../include/sycl/accessor.hpp:2565:3: note: 'get_pointer' has been explicitly marked deprecated here
 2565 |   __SYCL2020_DEPRECATED(
      |   ^
/home/ga27mex2/repos/llvm/build/bin/../include/sycl/detail/defines_elementary.hpp:62:40: note: expanded from macro '__SYCL2020_DEPRECATED'
   62 | #define __SYCL2020_DEPRECATED(message) __SYCL_DEPRECATED(message)
      |                                        ^
/home/ga27mex2/repos/llvm/build/bin/../include/sycl/detail/defines_elementary.hpp:53:38: note: expanded from macro '__SYCL_DEPRECATED'
   53 | #define __SYCL_DEPRECATED(message) [[deprecated(message)]]
      |                                      ^
main.cpp:206:33: warning: 'get_pointer' is deprecated: local_accessor::get_pointer() is deprecated, please use get_multi_ptr() [-Wdeprecated-declarations]
  206 |         conv1d_tiled(item, tile.get_pointer(), mask, d_a, d_b, input_width, mask_width);
      |                                 ^
main.cpp:205:94: note: while substituting into a lambda expression here
  205 |       cgh.parallel_for<class k2<T>>(sycl::nd_range<1>(gws, lws), [=] (sycl::nd_item<1> item) {
      |                                                                                              ^
main.cpp:203:39: note: while substituting into a lambda expression here
  203 |     q.submit([&] (sycl::handler &cgh) {
      |                                       ^
main.cpp:269:5: note: in instantiation of function template specialization 'conv1D<float>' requested here
  269 |     conv1D<float>(q, input_width, mask_width, repeat);
      |     ^
/home/ga27mex2/repos/llvm/build/bin/../include/sycl/accessor.hpp:2565:3: note: 'get_pointer' has been explicitly marked deprecated here
 2565 |   __SYCL2020_DEPRECATED(
      |   ^
/home/ga27mex2/repos/llvm/build/bin/../include/sycl/detail/defines_elementary.hpp:62:40: note: expanded from macro '__SYCL2020_DEPRECATED'
   62 | #define __SYCL2020_DEPRECATED(message) __SYCL_DEPRECATED(message)
      |                                        ^
/home/ga27mex2/repos/llvm/build/bin/../include/sycl/detail/defines_elementary.hpp:53:38: note: expanded from macro '__SYCL_DEPRECATED'
   53 | #define __SYCL_DEPRECATED(message) [[deprecated(message)]]
      |                                      ^
main.cpp:224:41: warning: 'get_pointer' is deprecated: local_accessor::get_pointer() is deprecated, please use get_multi_ptr() [-Wdeprecated-declarations]
  224 |         conv1d_tiled_caching(item, tile.get_pointer(), mask, d_a, d_b, input_width, mask_width);
      |                                         ^
main.cpp:223:94: note: while substituting into a lambda expression here
  223 |       cgh.parallel_for<class k3<T>>(sycl::nd_range<1>(gws, lws), [=] (sycl::nd_item<1> item) {
      |                                                                                              ^
main.cpp:221:39: note: while substituting into a lambda expression here
  221 |     q.submit([&] (sycl::handler &cgh) {
      |                                       ^
main.cpp:269:5: note: in instantiation of function template specialization 'conv1D<float>' requested here
  269 |     conv1D<float>(q, input_width, mask_width, repeat);
      |     ^
/home/ga27mex2/repos/llvm/build/bin/../include/sycl/accessor.hpp:2565:3: note: 'get_pointer' has been explicitly marked deprecated here
 2565 |   __SYCL2020_DEPRECATED(
      |   ^
/home/ga27mex2/repos/llvm/build/bin/../include/sycl/detail/defines_elementary.hpp:62:40: note: expanded from macro '__SYCL2020_DEPRECATED'
   62 | #define __SYCL2020_DEPRECATED(message) __SYCL_DEPRECATED(message)
      |                                        ^
/home/ga27mex2/repos/llvm/build/bin/../include/sycl/detail/defines_elementary.hpp:53:38: note: expanded from macro '__SYCL_DEPRECATED'
   53 | #define __SYCL_DEPRECATED(message) [[deprecated(message)]]
      |                                      ^
main.cpp:206:33: warning: 'get_pointer' is deprecated: local_accessor::get_pointer() is deprecated, please use get_multi_ptr() [-Wdeprecated-declarations]
  206 |         conv1d_tiled(item, tile.get_pointer(), mask, d_a, d_b, input_width, mask_width);
      |                                 ^
main.cpp:205:94: note: while substituting into a lambda expression here
  205 |       cgh.parallel_for<class k2<T>>(sycl::nd_range<1>(gws, lws), [=] (sycl::nd_item<1> item) {
      |                                                                                              ^
main.cpp:203:39: note: while substituting into a lambda expression here
  203 |     q.submit([&] (sycl::handler &cgh) {
      |                                       ^
main.cpp:272:5: note: in instantiation of function template specialization 'conv1D<short>' requested here
  272 |     conv1D<int16_t>(q, input_width, mask_width, repeat);
      |     ^
/home/ga27mex2/repos/llvm/build/bin/../include/sycl/accessor.hpp:2565:3: note: 'get_pointer' has been explicitly marked deprecated here
 2565 |   __SYCL2020_DEPRECATED(
      |   ^
/home/ga27mex2/repos/llvm/build/bin/../include/sycl/detail/defines_elementary.hpp:62:40: note: expanded from macro '__SYCL2020_DEPRECATED'
   62 | #define __SYCL2020_DEPRECATED(message) __SYCL_DEPRECATED(message)
      |                                        ^
/home/ga27mex2/repos/llvm/build/bin/../include/sycl/detail/defines_elementary.hpp:53:38: note: expanded from macro '__SYCL_DEPRECATED'
   53 | #define __SYCL_DEPRECATED(message) [[deprecated(message)]]
      |                                      ^
main.cpp:224:41: warning: 'get_pointer' is deprecated: local_accessor::get_pointer() is deprecated, please use get_multi_ptr() [-Wdeprecated-declarations]
  224 |         conv1d_tiled_caching(item, tile.get_pointer(), mask, d_a, d_b, input_width, mask_width);
      |                                         ^
main.cpp:223:94: note: while substituting into a lambda expression here
  223 |       cgh.parallel_for<class k3<T>>(sycl::nd_range<1>(gws, lws), [=] (sycl::nd_item<1> item) {
      |                                                                                              ^
main.cpp:221:39: note: while substituting into a lambda expression here
  221 |     q.submit([&] (sycl::handler &cgh) {
      |                                       ^
main.cpp:272:5: note: in instantiation of function template specialization 'conv1D<short>' requested here
  272 |     conv1D<int16_t>(q, input_width, mask_width, repeat);
      |     ^
/home/ga27mex2/repos/llvm/build/bin/../include/sycl/accessor.hpp:2565:3: note: 'get_pointer' has been explicitly marked deprecated here
 2565 |   __SYCL2020_DEPRECATED(
      |   ^
/home/ga27mex2/repos/llvm/build/bin/../include/sycl/detail/defines_elementary.hpp:62:40: note: expanded from macro '__SYCL2020_DEPRECATED'
   62 | #define __SYCL2020_DEPRECATED(message) __SYCL_DEPRECATED(message)
      |                                        ^
/home/ga27mex2/repos/llvm/build/bin/../include/sycl/detail/defines_elementary.hpp:53:38: note: expanded from macro '__SYCL_DEPRECATED'
   53 | #define __SYCL_DEPRECATED(message) [[deprecated(message)]]
      |                                      ^
6 warnings generated.
main.cpp:206:33: warning: 'get_pointer' is deprecated: local_accessor::get_pointer() is deprecated, please use get_multi_ptr() [-Wdeprecated-declarations]
  206 |         conv1d_tiled(item, tile.get_pointer(), mask, d_a, d_b, input_width, mask_width);
      |                                 ^
main.cpp:205:94: note: while substituting into a lambda expression here
  205 |       cgh.parallel_for<class k2<T>>(sycl::nd_range<1>(gws, lws), [=] (sycl::nd_item<1> item) {
      |                                                                                              ^
main.cpp:203:39: note: while substituting into a lambda expression here
  203 |     q.submit([&] (sycl::handler &cgh) {
      |                                       ^
main.cpp:266:5: note: in instantiation of function template specialization 'conv1D<double>' requested here
  266 |     conv1D<double>(q, input_width, mask_width, repeat);
      |     ^
/home/ga27mex2/repos/llvm/build/bin/../include/sycl/accessor.hpp:2565:3: note: 'get_pointer' has been explicitly marked deprecated here
 2565 |   __SYCL2020_DEPRECATED(
      |   ^
/home/ga27mex2/repos/llvm/build/bin/../include/sycl/detail/defines_elementary.hpp:62:40: note: expanded from macro '__SYCL2020_DEPRECATED'
   62 | #define __SYCL2020_DEPRECATED(message) __SYCL_DEPRECATED(message)
      |                                        ^
/home/ga27mex2/repos/llvm/build/bin/../include/sycl/detail/defines_elementary.hpp:53:38: note: expanded from macro '__SYCL_DEPRECATED'
   53 | #define __SYCL_DEPRECATED(message) [[deprecated(message)]]
      |                                      ^
main.cpp:224:41: warning: 'get_pointer' is deprecated: local_accessor::get_pointer() is deprecated, please use get_multi_ptr() [-Wdeprecated-declarations]
  224 |         conv1d_tiled_caching(item, tile.get_pointer(), mask, d_a, d_b, input_width, mask_width);
      |                                         ^
main.cpp:223:94: note: while substituting into a lambda expression here
  223 |       cgh.parallel_for<class k3<T>>(sycl::nd_range<1>(gws, lws), [=] (sycl::nd_item<1> item) {
      |                                                                                              ^
main.cpp:221:39: note: while substituting into a lambda expression here
  221 |     q.submit([&] (sycl::handler &cgh) {
      |                                       ^
main.cpp:266:5: note: in instantiation of function template specialization 'conv1D<double>' requested here
  266 |     conv1D<double>(q, input_width, mask_width, repeat);
      |     ^
/home/ga27mex2/repos/llvm/build/bin/../include/sycl/accessor.hpp:2565:3: note: 'get_pointer' has been explicitly marked deprecated here
 2565 |   __SYCL2020_DEPRECATED(
      |   ^
/home/ga27mex2/repos/llvm/build/bin/../include/sycl/detail/defines_elementary.hpp:62:40: note: expanded from macro '__SYCL2020_DEPRECATED'
   62 | #define __SYCL2020_DEPRECATED(message) __SYCL_DEPRECATED(message)
      |                                        ^
/home/ga27mex2/repos/llvm/build/bin/../include/sycl/detail/defines_elementary.hpp:53:38: note: expanded from macro '__SYCL_DEPRECATED'
   53 | #define __SYCL_DEPRECATED(message) [[deprecated(message)]]
      |                                      ^
main.cpp:206:33: warning: 'get_pointer' is deprecated: local_accessor::get_pointer() is deprecated, please use get_multi_ptr() [-Wdeprecated-declarations]
  206 |         conv1d_tiled(item, tile.get_pointer(), mask, d_a, d_b, input_width, mask_width);
      |                                 ^
main.cpp:205:94: note: while substituting into a lambda expression here
  205 |       cgh.parallel_for<class k2<T>>(sycl::nd_range<1>(gws, lws), [=] (sycl::nd_item<1> item) {
      |                                                                                              ^
main.cpp:203:39: note: while substituting into a lambda expression here
  203 |     q.submit([&] (sycl::handler &cgh) {
      |                                       ^
main.cpp:269:5: note: in instantiation of function template specialization 'conv1D<float>' requested here
  269 |     conv1D<float>(q, input_width, mask_width, repeat);
      |     ^
/home/ga27mex2/repos/llvm/build/bin/../include/sycl/accessor.hpp:2565:3: note: 'get_pointer' has been explicitly marked deprecated here
 2565 |   __SYCL2020_DEPRECATED(
      |   ^
/home/ga27mex2/repos/llvm/build/bin/../include/sycl/detail/defines_elementary.hpp:62:40: note: expanded from macro '__SYCL2020_DEPRECATED'
   62 | #define __SYCL2020_DEPRECATED(message) __SYCL_DEPRECATED(message)
      |                                        ^
/home/ga27mex2/repos/llvm/build/bin/../include/sycl/detail/defines_elementary.hpp:53:38: note: expanded from macro '__SYCL_DEPRECATED'
   53 | #define __SYCL_DEPRECATED(message) [[deprecated(message)]]
      |                                      ^
main.cpp:224:41: warning: 'get_pointer' is deprecated: local_accessor::get_pointer() is deprecated, please use get_multi_ptr() [-Wdeprecated-declarations]
  224 |         conv1d_tiled_caching(item, tile.get_pointer(), mask, d_a, d_b, input_width, mask_width);
      |                                         ^
main.cpp:223:94: note: while substituting into a lambda expression here
  223 |       cgh.parallel_for<class k3<T>>(sycl::nd_range<1>(gws, lws), [=] (sycl::nd_item<1> item) {
      |                                                                                              ^
main.cpp:221:39: note: while substituting into a lambda expression here
  221 |     q.submit([&] (sycl::handler &cgh) {
      |                                       ^
main.cpp:269:5: note: in instantiation of function template specialization 'conv1D<float>' requested here
  269 |     conv1D<float>(q, input_width, mask_width, repeat);
      |     ^
/home/ga27mex2/repos/llvm/build/bin/../include/sycl/accessor.hpp:2565:3: note: 'get_pointer' has been explicitly marked deprecated here
 2565 |   __SYCL2020_DEPRECATED(
      |   ^
/home/ga27mex2/repos/llvm/build/bin/../include/sycl/detail/defines_elementary.hpp:62:40: note: expanded from macro '__SYCL2020_DEPRECATED'
   62 | #define __SYCL2020_DEPRECATED(message) __SYCL_DEPRECATED(message)
      |                                        ^
/home/ga27mex2/repos/llvm/build/bin/../include/sycl/detail/defines_elementary.hpp:53:38: note: expanded from macro '__SYCL_DEPRECATED'
   53 | #define __SYCL_DEPRECATED(message) [[deprecated(message)]]
      |                                      ^
main.cpp:206:33: warning: 'get_pointer' is deprecated: local_accessor::get_pointer() is deprecated, please use get_multi_ptr() [-Wdeprecated-declarations]
  206 |         conv1d_tiled(item, tile.get_pointer(), mask, d_a, d_b, input_width, mask_width);
      |                                 ^
main.cpp:205:94: note: while substituting into a lambda expression here
  205 |       cgh.parallel_for<class k2<T>>(sycl::nd_range<1>(gws, lws), [=] (sycl::nd_item<1> item) {
      |                                                                                              ^
main.cpp:203:39: note: while substituting into a lambda expression here
  203 |     q.submit([&] (sycl::handler &cgh) {
      |                                       ^
main.cpp:272:5: note: in instantiation of function template specialization 'conv1D<short>' requested here
  272 |     conv1D<int16_t>(q, input_width, mask_width, repeat);
      |     ^
/home/ga27mex2/repos/llvm/build/bin/../include/sycl/accessor.hpp:2565:3: note: 'get_pointer' has been explicitly marked deprecated here
 2565 |   __SYCL2020_DEPRECATED(
      |   ^
/home/ga27mex2/repos/llvm/build/bin/../include/sycl/detail/defines_elementary.hpp:62:40: note: expanded from macro '__SYCL2020_DEPRECATED'
   62 | #define __SYCL2020_DEPRECATED(message) __SYCL_DEPRECATED(message)
      |                                        ^
/home/ga27mex2/repos/llvm/build/bin/../include/sycl/detail/defines_elementary.hpp:53:38: note: expanded from macro '__SYCL_DEPRECATED'
   53 | #define __SYCL_DEPRECATED(message) [[deprecated(message)]]
      |                                      ^
main.cpp:224:41: warning: 'get_pointer' is deprecated: local_accessor::get_pointer() is deprecated, please use get_multi_ptr() [-Wdeprecated-declarations]
  224 |         conv1d_tiled_caching(item, tile.get_pointer(), mask, d_a, d_b, input_width, mask_width);
      |                                         ^
main.cpp:223:94: note: while substituting into a lambda expression here
  223 |       cgh.parallel_for<class k3<T>>(sycl::nd_range<1>(gws, lws), [=] (sycl::nd_item<1> item) {
      |                                                                                              ^
main.cpp:221:39: note: while substituting into a lambda expression here
  221 |     q.submit([&] (sycl::handler &cgh) {
      |                                       ^
main.cpp:272:5: note: in instantiation of function template specialization 'conv1D<short>' requested here
  272 |     conv1D<int16_t>(q, input_width, mask_width, repeat);
      |     ^
/home/ga27mex2/repos/llvm/build/bin/../include/sycl/accessor.hpp:2565:3: note: 'get_pointer' has been explicitly marked deprecated here
 2565 |   __SYCL2020_DEPRECATED(
      |   ^
/home/ga27mex2/repos/llvm/build/bin/../include/sycl/detail/defines_elementary.hpp:62:40: note: expanded from macro '__SYCL2020_DEPRECATED'
   62 | #define __SYCL2020_DEPRECATED(message) __SYCL_DEPRECATED(message)
      |                                        ^
/home/ga27mex2/repos/llvm/build/bin/../include/sycl/detail/defines_elementary.hpp:53:38: note: expanded from macro '__SYCL_DEPRECATED'
   53 | #define __SYCL_DEPRECATED(message) [[deprecated(message)]]
      |                                      ^
6 warnings generated.
~/repos/llvm/build/bin/clang++ -std=c++17 -Wall -fsycl --gcc-toolchain=/home/ga27mex2/spack_thx2/spack/opt/spack/linux-centos8-thunderx2/gcc-14.1.0/gcc-14.1.0-kl6fnbyj4mhv4v5emwvqi6nmxb4kvjae -fsycl-targets=nvptx64-nvidia-cuda -Xsycl-target-backend --cuda-gpu-arch=sm_70 -DUSE_GPU -DUSE_GPU -O3 -O3 main.o -o sycl 
