~/sycl_workspace/llvm/build/bin/clang++ -fsycl --gcc-toolchain=/home/ga27mex2/spack_rome2/spack/opt/spack/linux-sle_hpc15-zen2/gcc-14.2.0/gcc-14.2.0-5o6uafvyeefoza5cmnze5vcuwbdhzj6o/ -fsycl-targets=amdgcn-amd-amdhsa -Xsycl-target-backend --offload-arch=gfx908 -I/home/ga27mex2/sycl_workspace/llvm/build/lib/libsycl.so.8 -DUSE_GPU -DUSE_GPU -DUSE_GPU -DUSE_GPU -DVERIFY -DOUTPUT -DTIMER -O3 -O3 -O3 -O3 -o hybridsort.o -c hybridsort.c
clang++: warning: treating 'c' input as 'c++' when -fsycl is used [-Wexpected-file-type]
hybridsort.c:19:9: warning: 'TIMER' macro redefined [-Wmacro-redefined]
   19 | #define TIMER 
      |         ^
<command line>:48:9: note: previous definition is here
   48 | #define TIMER 1
      |         ^
1 warning generated.
hybridsort.c:19:9: warning: 'TIMER' macro redefined [-Wmacro-redefined]
   19 | #define TIMER 
      |         ^
<command line>:48:9: note: previous definition is here
   48 | #define TIMER 1
      |         ^
1 warning generated.
~/sycl_workspace/llvm/build/bin/clang++ -fsycl --gcc-toolchain=/home/ga27mex2/spack_rome2/spack/opt/spack/linux-sle_hpc15-zen2/gcc-14.2.0/gcc-14.2.0-5o6uafvyeefoza5cmnze5vcuwbdhzj6o/ -fsycl-targets=amdgcn-amd-amdhsa -Xsycl-target-backend --offload-arch=gfx908 -I/home/ga27mex2/sycl_workspace/llvm/build/lib/libsycl.so.8 -DUSE_GPU -DUSE_GPU -DUSE_GPU -DUSE_GPU -DVERIFY -DOUTPUT -DTIMER -O3 -O3 -O3 -O3 -o bucketsort.o -c bucketsort.c 
clang++: warning: treating 'c' input as 'c++' when -fsycl is used [-Wexpected-file-type]
~/sycl_workspace/llvm/build/bin/clang++ -fsycl --gcc-toolchain=/home/ga27mex2/spack_rome2/spack/opt/spack/linux-sle_hpc15-zen2/gcc-14.2.0/gcc-14.2.0-5o6uafvyeefoza5cmnze5vcuwbdhzj6o/ -fsycl-targets=amdgcn-amd-amdhsa -Xsycl-target-backend --offload-arch=gfx908 -I/home/ga27mex2/sycl_workspace/llvm/build/lib/libsycl.so.8 -DUSE_GPU -DUSE_GPU -DUSE_GPU -DUSE_GPU -DVERIFY -DOUTPUT -DTIMER -O3 -O3 -O3 -O3 -o mergesort.o -c mergesort.c 
clang++: warning: treating 'c' input as 'c++' when -fsycl is used [-Wexpected-file-type]
~/sycl_workspace/llvm/build/bin/clang++ -fsycl --gcc-toolchain=/home/ga27mex2/spack_rome2/spack/opt/spack/linux-sle_hpc15-zen2/gcc-14.2.0/gcc-14.2.0-5o6uafvyeefoza5cmnze5vcuwbdhzj6o/ -fsycl-targets=amdgcn-amd-amdhsa -Xsycl-target-backend --offload-arch=gfx908 -I/home/ga27mex2/sycl_workspace/llvm/build/lib/libsycl.so.8 -DUSE_GPU -DUSE_GPU -DUSE_GPU -DUSE_GPU -DVERIFY -DOUTPUT -DTIMER -O3 -O3 -O3 -O3 -o hybridsort -DVERIFY -DOUTPUT -DTIMER \
	hybridsort.o bucketsort.o mergesort.o 
