~/repos/llvm/build/bin/clang++ -std=c++17 -Wall -fsycl --gcc-toolchain=/home/ga27mex2/spack_thx2/spack/opt/spack/linux-centos8-thunderx2/gcc-14.1.0/gcc-14.1.0-kl6fnbyj4mhv4v5emwvqi6nmxb4kvjae -fsycl-targets=nvptx64-nvidia-cuda -Xsycl-target-backend --cuda-gpu-arch=sm_70 -DUSE_GPU -DUSE_GPU -O3 -O3 -c main.cpp -o main.o
main.cpp:158:7: error: no matching function for call to 'abs'
  158 |   if( sycl::abs(sigma) < 1.0e-16 )
      |       ^~~~~~~~~
/home/ga27mex2/repos/llvm/build/bin/../include/sycl/detail/builtins/integer_functions.inc:68:31: note: candidate template ignored: substitution failure [with T0 = double]: no type named 'type' in 'sycl::detail::builtin_enable<sycl::detail::default_ret_type, sycl::detail::integer_elem_type, sycl::detail::any_shape, sycl::detail::same_elem_type, double>'
   28 | DEVICE_IMPL_TEMPLATE(ONE_ARG, abs, builtin_enable_integer_t, [](auto x) {
      |                               ^
/home/ga27mex2/repos/llvm/build/bin/../include/sycl/detail/builtins/helper_macros.hpp:205:50: note: expanded from macro 'DEVICE_IMPL_TEMPLATE'
  205 |   DEVICE_IMPL_TEMPLATE_CUSTOM_DELEGATE(NUM_ARGS, NAME, ENABLER,                \
      |                                                  ^
/home/ga27mex2/repos/llvm/build/bin/../include/sycl/detail/builtins/helper_macros.hpp:193:45: note: expanded from macro 'DEVICE_IMPL_TEMPLATE_CUSTOM_DELEGATE'
  193 |   detail::ENABLER<NUM_ARGS##_TEMPLATE_TYPE>(NAME)(                             \
      |                                             ^
main.cpp:196:7: error: no matching function for call to 'abs'
  196 |   if( sycl::abs(sigma) < 1.0e-12 )
      |       ^~~~~~~~~
/home/ga27mex2/repos/llvm/build/bin/../include/sycl/detail/builtins/integer_functions.inc:68:31: note: candidate template ignored: substitution failure [with T0 = double]: no type named 'type' in 'sycl::detail::builtin_enable<sycl::detail::default_ret_type, sycl::detail::integer_elem_type, sycl::detail::any_shape, sycl::detail::same_elem_type, double>'
   28 | DEVICE_IMPL_TEMPLATE(ONE_ARG, abs, builtin_enable_integer_t, [](auto x) {
      |                               ^
/home/ga27mex2/repos/llvm/build/bin/../include/sycl/detail/builtins/helper_macros.hpp:205:50: note: expanded from macro 'DEVICE_IMPL_TEMPLATE'
  205 |   DEVICE_IMPL_TEMPLATE_CUSTOM_DELEGATE(NUM_ARGS, NAME, ENABLER,                \
      |                                                  ^
/home/ga27mex2/repos/llvm/build/bin/../include/sycl/detail/builtins/helper_macros.hpp:193:45: note: expanded from macro 'DEVICE_IMPL_TEMPLATE_CUSTOM_DELEGATE'
  193 |   detail::ENABLER<NUM_ARGS##_TEMPLATE_TYPE>(NAME)(                             \
      |                                             ^
main.cpp:407:19: error: no matching function for call to 'abs'
  407 |   double inv_S0 = sycl::abs(A00) < 1.0e-12 ? 0.0 : 1.0 / A00;
      |                   ^~~~~~~~~
/home/ga27mex2/repos/llvm/build/bin/../include/sycl/detail/builtins/integer_functions.inc:68:31: note: candidate template ignored: substitution failure [with T0 = double]: no type named 'type' in 'sycl::detail::builtin_enable<sycl::detail::default_ret_type, sycl::detail::integer_elem_type, sycl::detail::any_shape, sycl::detail::same_elem_type, double>'
   28 | DEVICE_IMPL_TEMPLATE(ONE_ARG, abs, builtin_enable_integer_t, [](auto x) {
      |                               ^
/home/ga27mex2/repos/llvm/build/bin/../include/sycl/detail/builtins/helper_macros.hpp:205:50: note: expanded from macro 'DEVICE_IMPL_TEMPLATE'
  205 |   DEVICE_IMPL_TEMPLATE_CUSTOM_DELEGATE(NUM_ARGS, NAME, ENABLER,                \
      |                                                  ^
/home/ga27mex2/repos/llvm/build/bin/../include/sycl/detail/builtins/helper_macros.hpp:193:45: note: expanded from macro 'DEVICE_IMPL_TEMPLATE_CUSTOM_DELEGATE'
  193 |   detail::ENABLER<NUM_ARGS##_TEMPLATE_TYPE>(NAME)(                             \
      |                                             ^
main.cpp:408:19: error: no matching function for call to 'abs'
  408 |   double inv_S1 = sycl::abs(A11) < 1.0e-12 ? 0.0 : 1.0 / A11;
      |                   ^~~~~~~~~
/home/ga27mex2/repos/llvm/build/bin/../include/sycl/detail/builtins/integer_functions.inc:68:31: note: candidate template ignored: substitution failure [with T0 = double]: no type named 'type' in 'sycl::detail::builtin_enable<sycl::detail::default_ret_type, sycl::detail::integer_elem_type, sycl::detail::any_shape, sycl::detail::same_elem_type, double>'
   28 | DEVICE_IMPL_TEMPLATE(ONE_ARG, abs, builtin_enable_integer_t, [](auto x) {
      |                               ^
/home/ga27mex2/repos/llvm/build/bin/../include/sycl/detail/builtins/helper_macros.hpp:205:50: note: expanded from macro 'DEVICE_IMPL_TEMPLATE'
  205 |   DEVICE_IMPL_TEMPLATE_CUSTOM_DELEGATE(NUM_ARGS, NAME, ENABLER,                \
      |                                                  ^
/home/ga27mex2/repos/llvm/build/bin/../include/sycl/detail/builtins/helper_macros.hpp:193:45: note: expanded from macro 'DEVICE_IMPL_TEMPLATE_CUSTOM_DELEGATE'
  193 |   detail::ENABLER<NUM_ARGS##_TEMPLATE_TYPE>(NAME)(                             \
      |                                             ^
main.cpp:409:19: error: no matching function for call to 'abs'
  409 |   double inv_S2 = sycl::abs(A22) < 1.0e-12 ? 0.0 : 1.0 / A22;
      |                   ^~~~~~~~~
/home/ga27mex2/repos/llvm/build/bin/../include/sycl/detail/builtins/integer_functions.inc:68:31: note: candidate template ignored: substitution failure [with T0 = double]: no type named 'type' in 'sycl::detail::builtin_enable<sycl::detail::default_ret_type, sycl::detail::integer_elem_type, sycl::detail::any_shape, sycl::detail::same_elem_type, double>'
   28 | DEVICE_IMPL_TEMPLATE(ONE_ARG, abs, builtin_enable_integer_t, [](auto x) {
      |                               ^
/home/ga27mex2/repos/llvm/build/bin/../include/sycl/detail/builtins/helper_macros.hpp:205:50: note: expanded from macro 'DEVICE_IMPL_TEMPLATE'
  205 |   DEVICE_IMPL_TEMPLATE_CUSTOM_DELEGATE(NUM_ARGS, NAME, ENABLER,                \
      |                                                  ^
/home/ga27mex2/repos/llvm/build/bin/../include/sycl/detail/builtins/helper_macros.hpp:193:45: note: expanded from macro 'DEVICE_IMPL_TEMPLATE_CUSTOM_DELEGATE'
  193 |   detail::ENABLER<NUM_ARGS##_TEMPLATE_TYPE>(NAME)(                             \
      |                                             ^
main.cpp:1042:22: warning: 'get_pointer' is deprecated: local_accessor::get_pointer() is deprecated, please use get_multi_ptr() [-Wdeprecated-declarations]
 1042 |           scan_input.get_pointer(),
      |                      ^
/home/ga27mex2/repos/llvm/build/bin/../include/sycl/accessor.hpp:2565:3: note: 'get_pointer' has been explicitly marked deprecated here
 2565 |   __SYCL2020_DEPRECATED(
      |   ^
/home/ga27mex2/repos/llvm/build/bin/../include/sycl/detail/defines_elementary.hpp:62:40: note: expanded from macro '__SYCL2020_DEPRECATED'
   62 | #define __SYCL2020_DEPRECATED(message) __SYCL_DEPRECATED(message)
      |                                        ^
/home/ga27mex2/repos/llvm/build/bin/../include/sycl/detail/defines_elementary.hpp:53:38: note: expanded from macro '__SYCL_DEPRECATED'
   53 | #define __SYCL_DEPRECATED(message) [[deprecated(message)]]
      |                                      ^
main.cpp:1043:23: warning: 'get_pointer' is deprecated: local_accessor::get_pointer() is deprecated, please use get_multi_ptr() [-Wdeprecated-declarations]
 1043 |           scan_output.get_pointer(),
      |                       ^
/home/ga27mex2/repos/llvm/build/bin/../include/sycl/accessor.hpp:2565:3: note: 'get_pointer' has been explicitly marked deprecated here
 2565 |   __SYCL2020_DEPRECATED(
      |   ^
/home/ga27mex2/repos/llvm/build/bin/../include/sycl/detail/defines_elementary.hpp:62:40: note: expanded from macro '__SYCL2020_DEPRECATED'
   62 | #define __SYCL2020_DEPRECATED(message) __SYCL_DEPRECATED(message)
      |                                        ^
/home/ga27mex2/repos/llvm/build/bin/../include/sycl/detail/defines_elementary.hpp:53:38: note: expanded from macro '__SYCL_DEPRECATED'
   53 | #define __SYCL_DEPRECATED(message) [[deprecated(message)]]
      |                                      ^
main.cpp:1046:21: warning: 'get_pointer' is deprecated: local_accessor::get_pointer() is deprecated, please use get_multi_ptr() [-Wdeprecated-declarations]
 1046 |           smem_svds.get_pointer(),
      |                     ^
/home/ga27mex2/repos/llvm/build/bin/../include/sycl/accessor.hpp:2565:3: note: 'get_pointer' has been explicitly marked deprecated here
 2565 |   __SYCL2020_DEPRECATED(
      |   ^
/home/ga27mex2/repos/llvm/build/bin/../include/sycl/detail/defines_elementary.hpp:62:40: note: expanded from macro '__SYCL2020_DEPRECATED'
   62 | #define __SYCL2020_DEPRECATED(message) __SYCL_DEPRECATED(message)
      |                                        ^
/home/ga27mex2/repos/llvm/build/bin/../include/sycl/detail/defines_elementary.hpp:53:38: note: expanded from macro '__SYCL_DEPRECATED'
   53 | #define __SYCL_DEPRECATED(message) [[deprecated(message)]]
      |                                      ^
main.cpp:1086:23: warning: 'get_pointer' is deprecated: local_accessor::get_pointer() is deprecated, please use get_multi_ptr() [-Wdeprecated-declarations]
 1086 |           shared_svds.get_pointer(),
      |                       ^
/home/ga27mex2/repos/llvm/build/bin/../include/sycl/accessor.hpp:2565:3: note: 'get_pointer' has been explicitly marked deprecated here
 2565 |   __SYCL2020_DEPRECATED(
      |   ^
/home/ga27mex2/repos/llvm/build/bin/../include/sycl/detail/defines_elementary.hpp:62:40: note: expanded from macro '__SYCL2020_DEPRECATED'
   62 | #define __SYCL2020_DEPRECATED(message) __SYCL_DEPRECATED(message)
      |                                        ^
/home/ga27mex2/repos/llvm/build/bin/../include/sycl/detail/defines_elementary.hpp:53:38: note: expanded from macro '__SYCL_DEPRECATED'
   53 | #define __SYCL_DEPRECATED(message) [[deprecated(message)]]
      |                                      ^
main.cpp:1042:22: warning: 'get_pointer' is deprecated: local_accessor::get_pointer() is deprecated, please use get_multi_ptr() [-Wdeprecated-declarations]
 1042 |           scan_input.get_pointer(),
      |                      ^
main.cpp:1036:130: note: while substituting into a lambda expression here
 1036 |     cgh.parallel_for<class prepare_svd<Payoff>>(sycl::nd_range<1>(gws_prepare_svd, lws_prepare_svd), [=] (sycl::nd_item<1> item) {
      |                                                                                                                                  ^
main.cpp:1030:37: note: while substituting into a lambda expression here
 1030 |   q.submit([&] (sycl::handler &cgh) {
      |                                     ^
main.cpp:1332:7: note: in instantiation of function template specialization 'do_run<PayoffPut>' requested here
 1332 |       do_run(q,
      |       ^
/home/ga27mex2/repos/llvm/build/bin/../include/sycl/accessor.hpp:2565:3: note: 'get_pointer' has been explicitly marked deprecated here
 2565 |   __SYCL2020_DEPRECATED(
      |   ^
/home/ga27mex2/repos/llvm/build/bin/../include/sycl/detail/defines_elementary.hpp:62:40: note: expanded from macro '__SYCL2020_DEPRECATED'
   62 | #define __SYCL2020_DEPRECATED(message) __SYCL_DEPRECATED(message)
      |                                        ^
/home/ga27mex2/repos/llvm/build/bin/../include/sycl/detail/defines_elementary.hpp:53:38: note: expanded from macro '__SYCL_DEPRECATED'
   53 | #define __SYCL_DEPRECATED(message) [[deprecated(message)]]
      |                                      ^
main.cpp:1043:23: warning: 'get_pointer' is deprecated: local_accessor::get_pointer() is deprecated, please use get_multi_ptr() [-Wdeprecated-declarations]
 1043 |           scan_output.get_pointer(),
      |                       ^
/home/ga27mex2/repos/llvm/build/bin/../include/sycl/accessor.hpp:2565:3: note: 'get_pointer' has been explicitly marked deprecated here
 2565 |   __SYCL2020_DEPRECATED(
      |   ^
/home/ga27mex2/repos/llvm/build/bin/../include/sycl/detail/defines_elementary.hpp:62:40: note: expanded from macro '__SYCL2020_DEPRECATED'
   62 | #define __SYCL2020_DEPRECATED(message) __SYCL_DEPRECATED(message)
      |                                        ^
/home/ga27mex2/repos/llvm/build/bin/../include/sycl/detail/defines_elementary.hpp:53:38: note: expanded from macro '__SYCL_DEPRECATED'
   53 | #define __SYCL_DEPRECATED(message) [[deprecated(message)]]
      |                                      ^
main.cpp:1046:21: warning: 'get_pointer' is deprecated: local_accessor::get_pointer() is deprecated, please use get_multi_ptr() [-Wdeprecated-declarations]
 1046 |           smem_svds.get_pointer(),
      |                     ^
/home/ga27mex2/repos/llvm/build/bin/../include/sycl/accessor.hpp:2565:3: note: 'get_pointer' has been explicitly marked deprecated here
 2565 |   __SYCL2020_DEPRECATED(
      |   ^
/home/ga27mex2/repos/llvm/build/bin/../include/sycl/detail/defines_elementary.hpp:62:40: note: expanded from macro '__SYCL2020_DEPRECATED'
   62 | #define __SYCL2020_DEPRECATED(message) __SYCL_DEPRECATED(message)
      |                                        ^
/home/ga27mex2/repos/llvm/build/bin/../include/sycl/detail/defines_elementary.hpp:53:38: note: expanded from macro '__SYCL_DEPRECATED'
   53 | #define __SYCL_DEPRECATED(message) [[deprecated(message)]]
      |                                      ^
main.cpp:1086:23: warning: 'get_pointer' is deprecated: local_accessor::get_pointer() is deprecated, please use get_multi_ptr() [-Wdeprecated-declarations]
 1086 |           shared_svds.get_pointer(),
      |                       ^
main.cpp:1080:92: note: while substituting into a lambda expression here
 1080 |         sycl::nd_range<1>(gws_partial_beta, lws_partial_beta), [=] (sycl::nd_item<1> item) {
      |                                                                                            ^
main.cpp:1076:39: note: while substituting into a lambda expression here
 1076 |     q.submit([&] (sycl::handler &cgh) {
      |                                       ^
main.cpp:1332:7: note: in instantiation of function template specialization 'do_run<PayoffPut>' requested here
 1332 |       do_run(q,
      |       ^
/home/ga27mex2/repos/llvm/build/bin/../include/sycl/accessor.hpp:2565:3: note: 'get_pointer' has been explicitly marked deprecated here
 2565 |   __SYCL2020_DEPRECATED(
      |   ^
/home/ga27mex2/repos/llvm/build/bin/../include/sycl/detail/defines_elementary.hpp:62:40: note: expanded from macro '__SYCL2020_DEPRECATED'
   62 | #define __SYCL2020_DEPRECATED(message) __SYCL_DEPRECATED(message)
      |                                        ^
/home/ga27mex2/repos/llvm/build/bin/../include/sycl/detail/defines_elementary.hpp:53:38: note: expanded from macro '__SYCL_DEPRECATED'
   53 | #define __SYCL_DEPRECATED(message) [[deprecated(message)]]
      |                                      ^
main.cpp:1042:22: warning: 'get_pointer' is deprecated: local_accessor::get_pointer() is deprecated, please use get_multi_ptr() [-Wdeprecated-declarations]
 1042 |           scan_input.get_pointer(),
      |                      ^
main.cpp:1036:130: note: while substituting into a lambda expression here
 1036 |     cgh.parallel_for<class prepare_svd<Payoff>>(sycl::nd_range<1>(gws_prepare_svd, lws_prepare_svd), [=] (sycl::nd_item<1> item) {
      |                                                                                                                                  ^
main.cpp:1030:37: note: while substituting into a lambda expression here
 1030 |   q.submit([&] (sycl::handler &cgh) {
      |                                     ^
main.cpp:1349:7: note: in instantiation of function template specialization 'do_run<PayoffCall>' requested here
 1349 |       do_run(q,
      |       ^
/home/ga27mex2/repos/llvm/build/bin/../include/sycl/accessor.hpp:2565:3: note: 'get_pointer' has been explicitly marked deprecated here
 2565 |   __SYCL2020_DEPRECATED(
      |   ^
/home/ga27mex2/repos/llvm/build/bin/../include/sycl/detail/defines_elementary.hpp:62:40: note: expanded from macro '__SYCL2020_DEPRECATED'
   62 | #define __SYCL2020_DEPRECATED(message) __SYCL_DEPRECATED(message)
      |                                        ^
/home/ga27mex2/repos/llvm/build/bin/../include/sycl/detail/defines_elementary.hpp:53:38: note: expanded from macro '__SYCL_DEPRECATED'
   53 | #define __SYCL_DEPRECATED(message) [[deprecated(message)]]
      |                                      ^
main.cpp:1043:23: warning: 'get_pointer' is deprecated: local_accessor::get_pointer() is deprecated, please use get_multi_ptr() [-Wdeprecated-declarations]
 1043 |           scan_output.get_pointer(),
      |                       ^
/home/ga27mex2/repos/llvm/build/bin/../include/sycl/accessor.hpp:2565:3: note: 'get_pointer' has been explicitly marked deprecated here
 2565 |   __SYCL2020_DEPRECATED(
      |   ^
/home/ga27mex2/repos/llvm/build/bin/../include/sycl/detail/defines_elementary.hpp:62:40: note: expanded from macro '__SYCL2020_DEPRECATED'
   62 | #define __SYCL2020_DEPRECATED(message) __SYCL_DEPRECATED(message)
      |                                        ^
/home/ga27mex2/repos/llvm/build/bin/../include/sycl/detail/defines_elementary.hpp:53:38: note: expanded from macro '__SYCL_DEPRECATED'
   53 | #define __SYCL_DEPRECATED(message) [[deprecated(message)]]
      |                                      ^
main.cpp:1046:21: warning: 'get_pointer' is deprecated: local_accessor::get_pointer() is deprecated, please use get_multi_ptr() [-Wdeprecated-declarations]
 1046 |           smem_svds.get_pointer(),
      |                     ^
/home/ga27mex2/repos/llvm/build/bin/../include/sycl/accessor.hpp:2565:3: note: 'get_pointer' has been explicitly marked deprecated here
 2565 |   __SYCL2020_DEPRECATED(
      |   ^
/home/ga27mex2/repos/llvm/build/bin/../include/sycl/detail/defines_elementary.hpp:62:40: note: expanded from macro '__SYCL2020_DEPRECATED'
   62 | #define __SYCL2020_DEPRECATED(message) __SYCL_DEPRECATED(message)
      |                                        ^
/home/ga27mex2/repos/llvm/build/bin/../include/sycl/detail/defines_elementary.hpp:53:38: note: expanded from macro '__SYCL_DEPRECATED'
   53 | #define __SYCL_DEPRECATED(message) [[deprecated(message)]]
      |                                      ^
main.cpp:1086:23: warning: 'get_pointer' is deprecated: local_accessor::get_pointer() is deprecated, please use get_multi_ptr() [-Wdeprecated-declarations]
 1086 |           shared_svds.get_pointer(),
      |                       ^
main.cpp:1080:92: note: while substituting into a lambda expression here
 1080 |         sycl::nd_range<1>(gws_partial_beta, lws_partial_beta), [=] (sycl::nd_item<1> item) {
      |                                                                                            ^
main.cpp:1076:39: note: while substituting into a lambda expression here
 1076 |     q.submit([&] (sycl::handler &cgh) {
      |                                       ^
main.cpp:1349:7: note: in instantiation of function template specialization 'do_run<PayoffCall>' requested here
 1349 |       do_run(q,
      |       ^
/home/ga27mex2/repos/llvm/build/bin/../include/sycl/accessor.hpp:2565:3: note: 'get_pointer' has been explicitly marked deprecated here
 2565 |   __SYCL2020_DEPRECATED(
      |   ^
/home/ga27mex2/repos/llvm/build/bin/../include/sycl/detail/defines_elementary.hpp:62:40: note: expanded from macro '__SYCL2020_DEPRECATED'
   62 | #define __SYCL2020_DEPRECATED(message) __SYCL_DEPRECATED(message)
      |                                        ^
/home/ga27mex2/repos/llvm/build/bin/../include/sycl/detail/defines_elementary.hpp:53:38: note: expanded from macro '__SYCL_DEPRECATED'
   53 | #define __SYCL_DEPRECATED(message) [[deprecated(message)]]
      |                                      ^
12 warnings and 5 errors generated.
make: *** [Makefile:71: main.o] Error 1
