clang++	-DOUTPUT  ./main.cpp \
	  -I./util/timer/ \
	  -I./util/file/ \
		-c \
		-o ./main.o 
clang++ -fopenmp -fopenmp-targets=amdgcn-amd-amdhsa -Xopenmp-target=amdgcn-amd-amdhsa -march=gfx908   	./kernel/kernel.cpp \
		-c \
		-o ./kernel/kernel.o 
clang++	-fopenmp -fopenmp-targets=amdgcn-amd-amdhsa -Xopenmp-target=amdgcn-amd-amdhsa -march=gfx908  ./util/avi/avilib.c \
	  -I./util/avi \
		-c \
		-o ./util/avi/avilib.o 
clang++: warning: treating 'c' input as 'c++' when in C++ mode, this behavior is deprecated [-Wdeprecated]
clang++	-fopenmp -fopenmp-targets=amdgcn-amd-amdhsa -Xopenmp-target=amdgcn-amd-amdhsa -march=gfx908  ./util/avi/avimod.c \
	  -I./util/avi \
		-c \
		-o ./util/avi/avimod.o 
clang++: warning: treating 'c' input as 'c++' when in C++ mode, this behavior is deprecated [-Wdeprecated]
clang++	-fopenmp -fopenmp-targets=amdgcn-amd-amdhsa -Xopenmp-target=amdgcn-amd-amdhsa -march=gfx908  ./util/file/file.c \
	  -I./util/file \
	  -I./util/timer \
		-c \
		-o ./util/file/file.o 
clang++: warning: treating 'c' input as 'c++' when in C++ mode, this behavior is deprecated [-Wdeprecated]
clang++	-fopenmp -fopenmp-targets=amdgcn-amd-amdhsa -Xopenmp-target=amdgcn-amd-amdhsa -march=gfx908  ./util/timer/timer.c \
	  -I./util/timer \
		-c \
		-o ./util/timer/timer.o 
clang++: warning: treating 'c' input as 'c++' when in C++ mode, this behavior is deprecated [-Wdeprecated]
clang++	-fopenmp -fopenmp-targets=amdgcn-amd-amdhsa -Xopenmp-target=amdgcn-amd-amdhsa -march=gfx908  ./main.o \
	  ./kernel/kernel.o \
		./util/avi/avilib.o \
		./util/avi/avimod.o \
		./util/file/file.o \
		./util/timer/timer.o \
		-lm -o heartwall
