~/repos/llvm/build/bin/clang++ -std=c++17 -Wall -fsycl --gcc-toolchain=/home/ga27mex2/spack_thx2/spack/opt/spack/linux-centos8-thunderx2/gcc-14.1.0/gcc-14.1.0-kl6fnbyj4mhv4v5emwvqi6nmxb4kvjae -fsycl-targets=nvptx64-nvidia-cuda -Xsycl-target-backend --cuda-gpu-arch=sm_70 -DUSE_GPU -DUSE_GPU -O3 -O3 -c main.cpp -o main.o
main.cpp:71:17: error: no matching function for call to 'pow'
   71 |       r32 kph = sycl::pow<float>(l0, qp[type]) * temp[type] *
      |                 ^~~~~~~~~~~~~~~~
/home/ga27mex2/repos/llvm/build/bin/../include/sycl/detail/builtins/math_functions.inc:161:24: note: candidate template ignored: substitution failure [with T0 = float, T1 = r32]: no type named 'type' in 'sycl::detail::builtin_enable<sycl::detail::default_ret_type, sycl::detail::fp_elem_type, sycl::detail::non_scalar_only, sycl::detail::same_elem_type, float, float>'
   57 | BUILTIN_GENF(TWO_ARGS, pow)
      |                        ^
/home/ga27mex2/repos/llvm/build/bin/../include/sycl/detail/builtins/math_functions.inc:95:40: note: expanded from macro 'BUILTIN_GENF'
   95 |   BUILTIN_GENF_DEVICE_COMMON(NUM_ARGS, NAME, __spirv_ocl_##NAME)
      |                                        ^
/home/ga27mex2/repos/llvm/build/bin/../include/sycl/detail/builtins/math_functions.inc:89:34: note: expanded from macro 'BUILTIN_GENF_DEVICE_COMMON'
   89 |   DEVICE_IMPL_TEMPLATE(NUM_ARGS, NAME, builtin_enable_math_t, VEC_IMPL)
      |                                  ^
/home/ga27mex2/repos/llvm/build/bin/../include/sycl/detail/builtins/helper_macros.hpp:205:50: note: expanded from macro 'DEVICE_IMPL_TEMPLATE'
  205 |   DEVICE_IMPL_TEMPLATE_CUSTOM_DELEGATE(NUM_ARGS, NAME, ENABLER,                \
      |                                                  ^
/home/ga27mex2/repos/llvm/build/bin/../include/sycl/detail/builtins/helper_macros.hpp:193:45: note: expanded from macro 'DEVICE_IMPL_TEMPLATE_CUSTOM_DELEGATE'
  193 |   detail::ENABLER<NUM_ARGS##_TEMPLATE_TYPE>(NAME)(                             \
      |                                             ^
main.cpp:78:10: error: no matching function for call to 'pow'
   78 |          sycl::pow<float>(l0, qp[type] + 1.0f));
      |          ^~~~~~~~~~~~~~~~
/home/ga27mex2/repos/llvm/build/bin/../include/sycl/detail/builtins/math_functions.inc:161:24: note: candidate template ignored: substitution failure [with T0 = float, T1 = float]: no type named 'type' in 'sycl::detail::builtin_enable<sycl::detail::default_ret_type, sycl::detail::fp_elem_type, sycl::detail::non_scalar_only, sycl::detail::same_elem_type, float, float>'
   57 | BUILTIN_GENF(TWO_ARGS, pow)
      |                        ^
/home/ga27mex2/repos/llvm/build/bin/../include/sycl/detail/builtins/math_functions.inc:95:40: note: expanded from macro 'BUILTIN_GENF'
   95 |   BUILTIN_GENF_DEVICE_COMMON(NUM_ARGS, NAME, __spirv_ocl_##NAME)
      |                                        ^
/home/ga27mex2/repos/llvm/build/bin/../include/sycl/detail/builtins/math_functions.inc:89:34: note: expanded from macro 'BUILTIN_GENF_DEVICE_COMMON'
   89 |   DEVICE_IMPL_TEMPLATE(NUM_ARGS, NAME, builtin_enable_math_t, VEC_IMPL)
      |                                  ^
/home/ga27mex2/repos/llvm/build/bin/../include/sycl/detail/builtins/helper_macros.hpp:205:50: note: expanded from macro 'DEVICE_IMPL_TEMPLATE'
  205 |   DEVICE_IMPL_TEMPLATE_CUSTOM_DELEGATE(NUM_ARGS, NAME, ENABLER,                \
      |                                                  ^
/home/ga27mex2/repos/llvm/build/bin/../include/sycl/detail/builtins/helper_macros.hpp:193:45: note: expanded from macro 'DEVICE_IMPL_TEMPLATE_CUSTOM_DELEGATE'
  193 |   detail::ENABLER<NUM_ARGS##_TEMPLATE_TYPE>(NAME)(                             \
      |                                             ^
main.cpp:82:21: error: no matching function for call to 'pow'
   82 |       r32 rlogarg = sycl::pow<float>(ra, qp[type] + 1.0f);
      |                     ^~~~~~~~~~~~~~~~
/home/ga27mex2/repos/llvm/build/bin/../include/sycl/detail/builtins/math_functions.inc:161:24: note: candidate template ignored: substitution failure [with T0 = float, T1 = float]: no type named 'type' in 'sycl::detail::builtin_enable<sycl::detail::default_ret_type, sycl::detail::fp_elem_type, sycl::detail::non_scalar_only, sycl::detail::same_elem_type, float, float>'
   57 | BUILTIN_GENF(TWO_ARGS, pow)
      |                        ^
/home/ga27mex2/repos/llvm/build/bin/../include/sycl/detail/builtins/math_functions.inc:95:40: note: expanded from macro 'BUILTIN_GENF'
   95 |   BUILTIN_GENF_DEVICE_COMMON(NUM_ARGS, NAME, __spirv_ocl_##NAME)
      |                                        ^
/home/ga27mex2/repos/llvm/build/bin/../include/sycl/detail/builtins/math_functions.inc:89:34: note: expanded from macro 'BUILTIN_GENF_DEVICE_COMMON'
   89 |   DEVICE_IMPL_TEMPLATE(NUM_ARGS, NAME, builtin_enable_math_t, VEC_IMPL)
      |                                  ^
/home/ga27mex2/repos/llvm/build/bin/../include/sycl/detail/builtins/helper_macros.hpp:205:50: note: expanded from macro 'DEVICE_IMPL_TEMPLATE'
  205 |   DEVICE_IMPL_TEMPLATE_CUSTOM_DELEGATE(NUM_ARGS, NAME, ENABLER,                \
      |                                                  ^
/home/ga27mex2/repos/llvm/build/bin/../include/sycl/detail/builtins/helper_macros.hpp:193:45: note: expanded from macro 'DEVICE_IMPL_TEMPLATE_CUSTOM_DELEGATE'
  193 |   detail::ENABLER<NUM_ARGS##_TEMPLATE_TYPE>(NAME)(                             \
      |                                             ^
main.cpp:276:31: warning: 'get_pointer' is deprecated: local_accessor::get_pointer() is deprecated, please use get_multi_ptr() [-Wdeprecated-declarations]
  276 |                            sm.get_pointer());
      |                               ^
/home/ga27mex2/repos/llvm/build/bin/../include/sycl/accessor.hpp:2565:3: note: 'get_pointer' has been explicitly marked deprecated here
 2565 |   __SYCL2020_DEPRECATED(
      |   ^
/home/ga27mex2/repos/llvm/build/bin/../include/sycl/detail/defines_elementary.hpp:62:40: note: expanded from macro '__SYCL2020_DEPRECATED'
   62 | #define __SYCL2020_DEPRECATED(message) __SYCL_DEPRECATED(message)
      |                                        ^
/home/ga27mex2/repos/llvm/build/bin/../include/sycl/detail/defines_elementary.hpp:53:38: note: expanded from macro '__SYCL_DEPRECATED'
   53 | #define __SYCL_DEPRECATED(message) [[deprecated(message)]]
      |                                      ^
1 warning and 3 errors generated.
make: *** [Makefile:71: main.o] Error 1
