~/repos/llvm/build/bin/clang++ -std=c++17 -Wall -fsycl --gcc-toolchain=/home/ga27mex2/spack_thx2/spack/opt/spack/linux-centos8-thunderx2/gcc-14.1.0/gcc-14.1.0-kl6fnbyj4mhv4v5emwvqi6nmxb4kvjae -fsycl-targets=nvptx64-nvidia-cuda -Xsycl-target-backend --cuda-gpu-arch=sm_70 -DUNIX -DBENCH_ITERATIONS=100 -DUSE_GPU -DUNIX -DBENCH_ITERATIONS=100 -DUSE_GPU -DUNIX -DBENCH_ITERATIONS=100 -DUSE_GPU -DUNIX -DBENCH_ITERATIONS=100 -DUSE_GPU -O3 -O3 -O3 -O3 -c main.cpp -o main.o
In file included from main.cpp:36:
./test_gen_result_check.h:216:9: warning: variable 'mean' set but not used [-Wunused-but-set-variable]
  216 |   float mean = 0.0f; //mean error
      |         ^
In file included from main.cpp:44:
./pcr_small_systems.h:78:41: warning: 'get_pointer' is deprecated: local_accessor::get_pointer() is deprecated, please use get_multi_ptr() [-Wdeprecated-declarations]
   78 |                                    lmem.get_pointer(),
      |                                         ^
/home/ga27mex2/repos/llvm/build/bin/../include/sycl/accessor.hpp:2565:3: note: 'get_pointer' has been explicitly marked deprecated here
 2565 |   __SYCL2020_DEPRECATED(
      |   ^
/home/ga27mex2/repos/llvm/build/bin/../include/sycl/detail/defines_elementary.hpp:62:40: note: expanded from macro '__SYCL2020_DEPRECATED'
   62 | #define __SYCL2020_DEPRECATED(message) __SYCL_DEPRECATED(message)
      |                                        ^
/home/ga27mex2/repos/llvm/build/bin/../include/sycl/detail/defines_elementary.hpp:53:38: note: expanded from macro '__SYCL_DEPRECATED'
   53 | #define __SYCL_DEPRECATED(message) [[deprecated(message)]]
      |                                      ^
In file included from main.cpp:44:
./pcr_small_systems.h:94:39: warning: 'get_pointer' is deprecated: local_accessor::get_pointer() is deprecated, please use get_multi_ptr() [-Wdeprecated-declarations]
   94 |                                  lmem.get_pointer(),
      |                                       ^
/home/ga27mex2/repos/llvm/build/bin/../include/sycl/accessor.hpp:2565:3: note: 'get_pointer' has been explicitly marked deprecated here
 2565 |   __SYCL2020_DEPRECATED(
      |   ^
/home/ga27mex2/repos/llvm/build/bin/../include/sycl/detail/defines_elementary.hpp:62:40: note: expanded from macro '__SYCL2020_DEPRECATED'
   62 | #define __SYCL2020_DEPRECATED(message) __SYCL_DEPRECATED(message)
      |                                        ^
/home/ga27mex2/repos/llvm/build/bin/../include/sycl/detail/defines_elementary.hpp:53:38: note: expanded from macro '__SYCL_DEPRECATED'
   53 | #define __SYCL_DEPRECATED(message) [[deprecated(message)]]
      |                                      ^
In file included from main.cpp:45:
./cyclic_small_systems.h:80:44: warning: 'get_pointer' is deprecated: local_accessor::get_pointer() is deprecated, please use get_multi_ptr() [-Wdeprecated-declarations]
   80 |                                       lmem.get_pointer(),
      |                                            ^
/home/ga27mex2/repos/llvm/build/bin/../include/sycl/accessor.hpp:2565:3: note: 'get_pointer' has been explicitly marked deprecated here
 2565 |   __SYCL2020_DEPRECATED(
      |   ^
/home/ga27mex2/repos/llvm/build/bin/../include/sycl/detail/defines_elementary.hpp:62:40: note: expanded from macro '__SYCL2020_DEPRECATED'
   62 | #define __SYCL2020_DEPRECATED(message) __SYCL_DEPRECATED(message)
      |                                        ^
/home/ga27mex2/repos/llvm/build/bin/../include/sycl/detail/defines_elementary.hpp:53:38: note: expanded from macro '__SYCL_DEPRECATED'
   53 | #define __SYCL_DEPRECATED(message) [[deprecated(message)]]
      |                                      ^
In file included from main.cpp:45:
./cyclic_small_systems.h:96:42: warning: 'get_pointer' is deprecated: local_accessor::get_pointer() is deprecated, please use get_multi_ptr() [-Wdeprecated-declarations]
   96 |                                     lmem.get_pointer(),
      |                                          ^
/home/ga27mex2/repos/llvm/build/bin/../include/sycl/accessor.hpp:2565:3: note: 'get_pointer' has been explicitly marked deprecated here
 2565 |   __SYCL2020_DEPRECATED(
      |   ^
/home/ga27mex2/repos/llvm/build/bin/../include/sycl/detail/defines_elementary.hpp:62:40: note: expanded from macro '__SYCL2020_DEPRECATED'
   62 | #define __SYCL2020_DEPRECATED(message) __SYCL_DEPRECATED(message)
      |                                        ^
/home/ga27mex2/repos/llvm/build/bin/../include/sycl/detail/defines_elementary.hpp:53:38: note: expanded from macro '__SYCL_DEPRECATED'
   53 | #define __SYCL_DEPRECATED(message) [[deprecated(message)]]
      |                                      ^
In file included from main.cpp:46:
./sweep_small_systems.h:63:42: warning: 'get_pointer' is deprecated: local_accessor::get_pointer() is deprecated, please use get_multi_ptr() [-Wdeprecated-declarations]
   63 |           transpose(item, d_t, d_a, lmem.get_pointer(), width, height);
      |                                          ^
/home/ga27mex2/repos/llvm/build/bin/../include/sycl/accessor.hpp:2565:3: note: 'get_pointer' has been explicitly marked deprecated here
 2565 |   __SYCL2020_DEPRECATED(
      |   ^
/home/ga27mex2/repos/llvm/build/bin/../include/sycl/detail/defines_elementary.hpp:62:40: note: expanded from macro '__SYCL2020_DEPRECATED'
   62 | #define __SYCL2020_DEPRECATED(message) __SYCL_DEPRECATED(message)
      |                                        ^
/home/ga27mex2/repos/llvm/build/bin/../include/sycl/detail/defines_elementary.hpp:53:38: note: expanded from macro '__SYCL_DEPRECATED'
   53 | #define __SYCL_DEPRECATED(message) [[deprecated(message)]]
      |                                      ^
6 warnings generated.
In file included from main.cpp:36:
./test_gen_result_check.h:216:9: warning: variable 'mean' set but not used [-Wunused-but-set-variable]
  216 |   float mean = 0.0f; //mean error
      |         ^
In file included from main.cpp:44:
./pcr_small_systems.h:78:41: warning: 'get_pointer' is deprecated: local_accessor::get_pointer() is deprecated, please use get_multi_ptr() [-Wdeprecated-declarations]
   78 |                                    lmem.get_pointer(),
      |                                         ^
/home/ga27mex2/repos/llvm/build/bin/../include/sycl/accessor.hpp:2565:3: note: 'get_pointer' has been explicitly marked deprecated here
 2565 |   __SYCL2020_DEPRECATED(
      |   ^
/home/ga27mex2/repos/llvm/build/bin/../include/sycl/detail/defines_elementary.hpp:62:40: note: expanded from macro '__SYCL2020_DEPRECATED'
   62 | #define __SYCL2020_DEPRECATED(message) __SYCL_DEPRECATED(message)
      |                                        ^
/home/ga27mex2/repos/llvm/build/bin/../include/sycl/detail/defines_elementary.hpp:53:38: note: expanded from macro '__SYCL_DEPRECATED'
   53 | #define __SYCL_DEPRECATED(message) [[deprecated(message)]]
      |                                      ^
In file included from main.cpp:44:
./pcr_small_systems.h:94:39: warning: 'get_pointer' is deprecated: local_accessor::get_pointer() is deprecated, please use get_multi_ptr() [-Wdeprecated-declarations]
   94 |                                  lmem.get_pointer(),
      |                                       ^
/home/ga27mex2/repos/llvm/build/bin/../include/sycl/accessor.hpp:2565:3: note: 'get_pointer' has been explicitly marked deprecated here
 2565 |   __SYCL2020_DEPRECATED(
      |   ^
/home/ga27mex2/repos/llvm/build/bin/../include/sycl/detail/defines_elementary.hpp:62:40: note: expanded from macro '__SYCL2020_DEPRECATED'
   62 | #define __SYCL2020_DEPRECATED(message) __SYCL_DEPRECATED(message)
      |                                        ^
/home/ga27mex2/repos/llvm/build/bin/../include/sycl/detail/defines_elementary.hpp:53:38: note: expanded from macro '__SYCL_DEPRECATED'
   53 | #define __SYCL_DEPRECATED(message) [[deprecated(message)]]
      |                                      ^
In file included from main.cpp:45:
./cyclic_small_systems.h:80:44: warning: 'get_pointer' is deprecated: local_accessor::get_pointer() is deprecated, please use get_multi_ptr() [-Wdeprecated-declarations]
   80 |                                       lmem.get_pointer(),
      |                                            ^
/home/ga27mex2/repos/llvm/build/bin/../include/sycl/accessor.hpp:2565:3: note: 'get_pointer' has been explicitly marked deprecated here
 2565 |   __SYCL2020_DEPRECATED(
      |   ^
/home/ga27mex2/repos/llvm/build/bin/../include/sycl/detail/defines_elementary.hpp:62:40: note: expanded from macro '__SYCL2020_DEPRECATED'
   62 | #define __SYCL2020_DEPRECATED(message) __SYCL_DEPRECATED(message)
      |                                        ^
/home/ga27mex2/repos/llvm/build/bin/../include/sycl/detail/defines_elementary.hpp:53:38: note: expanded from macro '__SYCL_DEPRECATED'
   53 | #define __SYCL_DEPRECATED(message) [[deprecated(message)]]
      |                                      ^
In file included from main.cpp:45:
./cyclic_small_systems.h:96:42: warning: 'get_pointer' is deprecated: local_accessor::get_pointer() is deprecated, please use get_multi_ptr() [-Wdeprecated-declarations]
   96 |                                     lmem.get_pointer(),
      |                                          ^
/home/ga27mex2/repos/llvm/build/bin/../include/sycl/accessor.hpp:2565:3: note: 'get_pointer' has been explicitly marked deprecated here
 2565 |   __SYCL2020_DEPRECATED(
      |   ^
/home/ga27mex2/repos/llvm/build/bin/../include/sycl/detail/defines_elementary.hpp:62:40: note: expanded from macro '__SYCL2020_DEPRECATED'
   62 | #define __SYCL2020_DEPRECATED(message) __SYCL_DEPRECATED(message)
      |                                        ^
/home/ga27mex2/repos/llvm/build/bin/../include/sycl/detail/defines_elementary.hpp:53:38: note: expanded from macro '__SYCL_DEPRECATED'
   53 | #define __SYCL_DEPRECATED(message) [[deprecated(message)]]
      |                                      ^
In file included from main.cpp:46:
./sweep_small_systems.h:63:42: warning: 'get_pointer' is deprecated: local_accessor::get_pointer() is deprecated, please use get_multi_ptr() [-Wdeprecated-declarations]
   63 |           transpose(item, d_t, d_a, lmem.get_pointer(), width, height);
      |                                          ^
/home/ga27mex2/repos/llvm/build/bin/../include/sycl/accessor.hpp:2565:3: note: 'get_pointer' has been explicitly marked deprecated here
 2565 |   __SYCL2020_DEPRECATED(
      |   ^
/home/ga27mex2/repos/llvm/build/bin/../include/sycl/detail/defines_elementary.hpp:62:40: note: expanded from macro '__SYCL2020_DEPRECATED'
   62 | #define __SYCL2020_DEPRECATED(message) __SYCL_DEPRECATED(message)
      |                                        ^
/home/ga27mex2/repos/llvm/build/bin/../include/sycl/detail/defines_elementary.hpp:53:38: note: expanded from macro '__SYCL_DEPRECATED'
   53 | #define __SYCL_DEPRECATED(message) [[deprecated(message)]]
      |                                      ^
6 warnings generated.
~/repos/llvm/build/bin/clang++ -std=c++17 -Wall -fsycl --gcc-toolchain=/home/ga27mex2/spack_thx2/spack/opt/spack/linux-centos8-thunderx2/gcc-14.1.0/gcc-14.1.0-kl6fnbyj4mhv4v5emwvqi6nmxb4kvjae -fsycl-targets=nvptx64-nvidia-cuda -Xsycl-target-backend --cuda-gpu-arch=sm_70 -DUNIX -DBENCH_ITERATIONS=100 -DUSE_GPU -DUNIX -DBENCH_ITERATIONS=100 -DUSE_GPU -DUNIX -DBENCH_ITERATIONS=100 -DUSE_GPU -DUNIX -DBENCH_ITERATIONS=100 -DUSE_GPU -O3 -O3 -O3 -O3 -c shrUtils.cpp -o shrUtils.o
shrUtils.cpp:375:37: warning: format string is not a string literal (potentially insecure) [-Wformat-security]
  375 |               szNumWritten = printf(sFormatSpec.c_str());                             // console 
      |                                     ^~~~~~~~~~~~~~~~~~~
shrUtils.cpp:375:37: note: treat the string as an argument to avoid this
  375 |               szNumWritten = printf(sFormatSpec.c_str());                             // console 
      |                                     ^
      |                                     "%s", 
shrUtils.cpp:379:53: warning: format string is not a string literal (potentially insecure) [-Wformat-security]
  379 |               szNumWritten = fprintf (pFileStream0, sFormatSpec.c_str());             // sample log file
      |                                                     ^~~~~~~~~~~~~~~~~~~
shrUtils.cpp:379:53: note: treat the string as an argument to avoid this
  379 |               szNumWritten = fprintf (pFileStream0, sFormatSpec.c_str());             // sample log file
      |                                                     ^
      |                                                     "%s", 
shrUtils.cpp:382:55: warning: format string is not a string literal (potentially insecure) [-Wformat-security]
  382 |                 szNumWritten  = fprintf(pFileStream1, sFormatSpec.c_str());         // master log file
      |                                                       ^~~~~~~~~~~~~~~~~~~
shrUtils.cpp:382:55: note: treat the string as an argument to avoid this
  382 |                 szNumWritten  = fprintf(pFileStream1, sFormatSpec.c_str());         // master log file
      |                                                       ^
      |                                                       "%s", 
shrUtils.cpp:177:10: warning: variable 'szNumWritten' set but not used [-Wunused-but-set-variable]
  177 |   size_t szNumWritten = 0;
      |          ^
shrUtils.cpp:1548:8: warning: variable 'result' set but not used [-Wunused-but-set-variable]
 1548 |   bool result = true;
      |        ^
shrUtils.cpp:1590:8: warning: variable 'result' set but not used [-Wunused-but-set-variable]
 1590 |   bool result = true;
      |        ^
6 warnings generated.
shrUtils.cpp:375:37: warning: format string is not a string literal (potentially insecure) [-Wformat-security]
  375 |               szNumWritten = printf(sFormatSpec.c_str());                             // console 
      |                                     ^~~~~~~~~~~~~~~~~~~
shrUtils.cpp:375:37: note: treat the string as an argument to avoid this
  375 |               szNumWritten = printf(sFormatSpec.c_str());                             // console 
      |                                     ^
      |                                     "%s", 
shrUtils.cpp:379:53: warning: format string is not a string literal (potentially insecure) [-Wformat-security]
  379 |               szNumWritten = fprintf (pFileStream0, sFormatSpec.c_str());             // sample log file
      |                                                     ^~~~~~~~~~~~~~~~~~~
shrUtils.cpp:379:53: note: treat the string as an argument to avoid this
  379 |               szNumWritten = fprintf (pFileStream0, sFormatSpec.c_str());             // sample log file
      |                                                     ^
      |                                                     "%s", 
shrUtils.cpp:382:55: warning: format string is not a string literal (potentially insecure) [-Wformat-security]
  382 |                 szNumWritten  = fprintf(pFileStream1, sFormatSpec.c_str());         // master log file
      |                                                       ^~~~~~~~~~~~~~~~~~~
shrUtils.cpp:382:55: note: treat the string as an argument to avoid this
  382 |                 szNumWritten  = fprintf(pFileStream1, sFormatSpec.c_str());         // master log file
      |                                                       ^
      |                                                       "%s", 
shrUtils.cpp:177:10: warning: variable 'szNumWritten' set but not used [-Wunused-but-set-variable]
  177 |   size_t szNumWritten = 0;
      |          ^
shrUtils.cpp:1548:8: warning: variable 'result' set but not used [-Wunused-but-set-variable]
 1548 |   bool result = true;
      |        ^
shrUtils.cpp:1590:8: warning: variable 'result' set but not used [-Wunused-but-set-variable]
 1590 |   bool result = true;
      |        ^
6 warnings generated.
~/repos/llvm/build/bin/clang++ -std=c++17 -Wall -fsycl --gcc-toolchain=/home/ga27mex2/spack_thx2/spack/opt/spack/linux-centos8-thunderx2/gcc-14.1.0/gcc-14.1.0-kl6fnbyj4mhv4v5emwvqi6nmxb4kvjae -fsycl-targets=nvptx64-nvidia-cuda -Xsycl-target-backend --cuda-gpu-arch=sm_70 -DUNIX -DBENCH_ITERATIONS=100 -DUSE_GPU -DUNIX -DBENCH_ITERATIONS=100 -DUSE_GPU -DUNIX -DBENCH_ITERATIONS=100 -DUSE_GPU -DUNIX -DBENCH_ITERATIONS=100 -DUSE_GPU -O3 -O3 -O3 -O3 -c cmd_arg_reader.cpp -o cmd_arg_reader.o
~/repos/llvm/build/bin/clang++ -std=c++17 -Wall -fsycl --gcc-toolchain=/home/ga27mex2/spack_thx2/spack/opt/spack/linux-centos8-thunderx2/gcc-14.1.0/gcc-14.1.0-kl6fnbyj4mhv4v5emwvqi6nmxb4kvjae -fsycl-targets=nvptx64-nvidia-cuda -Xsycl-target-backend --cuda-gpu-arch=sm_70 -DUNIX -DBENCH_ITERATIONS=100 -DUSE_GPU -DUNIX -DBENCH_ITERATIONS=100 -DUSE_GPU -DUNIX -DBENCH_ITERATIONS=100 -DUSE_GPU -DUNIX -DBENCH_ITERATIONS=100 -DUSE_GPU -O3 -O3 -O3 -O3 main.o shrUtils.o cmd_arg_reader.o -o sycl 
