~/sycl_workspace/llvm/build/bin/clang++ -fsycl --gcc-toolchain=/home/ga27mex2/spack_rome2/spack/opt/spack/linux-sle_hpc15-zen2/gcc-14.2.0/gcc-14.2.0-5o6uafvyeefoza5cmnze5vcuwbdhzj6o/ -fsycl-targets=amdgcn-amd-amdhsa -Xsycl-target-backend --offload-arch=gfx908 -I/home/ga27mex2/sycl_workspace/llvm/build/lib/libsycl.so.8 -DUSE_GPU -DUSE_GPU -DUSE_GPU -DUSE_GPU -DUSE_GPU -DUSE_GPU -DUSE_GPU -DUSE_GPU -O3 -O3 -O3 -O3 -O3 -O3 -O3 -O3 -c csr_matrix.cpp -o csr_matrix.o
csr_matrix.cpp:423:4: warning: ISO C++11 does not allow conversion from string literal to 'char *' [-Wwritable-strings]
  423 |    hypre_assert( num_rows == hypre_CSRMatrixNumRows(B) );
      |    ^
./utilities.h:353:88: note: expanded from macro 'hypre_assert'
  353 | #define hypre_assert(EX) if (!(EX)) {fprintf(stderr,"hypre_assert failed: %s\n", #EX); hypre_error(1);}
      |                                                                                        ^
./utilities.h:348:48: note: expanded from macro 'hypre_error'
  348 | #define hypre_error(IERR)  hypre_error_handler(__FILE__, __LINE__, IERR)
      |                                                ^
<scratch space>:368:1: note: expanded from here
  368 | "csr_matrix.cpp"
      | ^
csr_matrix.cpp:424:26: warning: ISO C++11 does not allow conversion from string literal to 'char *' [-Wwritable-strings]
  424 |    if ( col_map_offd_B ) hypre_assert( col_map_offd_A );
      |                          ^
./utilities.h:353:88: note: expanded from macro 'hypre_assert'
  353 | #define hypre_assert(EX) if (!(EX)) {fprintf(stderr,"hypre_assert failed: %s\n", #EX); hypre_error(1);}
      |                                                                                        ^
./utilities.h:348:48: note: expanded from macro 'hypre_error'
  348 | #define hypre_error(IERR)  hypre_error_handler(__FILE__, __LINE__, IERR)
      |                                                ^
<scratch space>:371:1: note: expanded from here
  371 | "csr_matrix.cpp"
      | ^
csr_matrix.cpp:425:26: warning: ISO C++11 does not allow conversion from string literal to 'char *' [-Wwritable-strings]
  425 |    if ( col_map_offd_A ) hypre_assert( col_map_offd_B );
      |                          ^
./utilities.h:353:88: note: expanded from macro 'hypre_assert'
  353 | #define hypre_assert(EX) if (!(EX)) {fprintf(stderr,"hypre_assert failed: %s\n", #EX); hypre_error(1);}
      |                                                                                        ^
./utilities.h:348:48: note: expanded from macro 'hypre_error'
  348 | #define hypre_error(IERR)  hypre_error_handler(__FILE__, __LINE__, IERR)
      |                                                ^
<scratch space>:374:1: note: expanded from here
  374 | "csr_matrix.cpp"
      | ^
csr_matrix.cpp:547:4: warning: ISO C++11 does not allow conversion from string literal to 'char *' [-Wwritable-strings]
  547 |    hypre_assert( mc == num_nonzeros );
      |    ^
./utilities.h:353:88: note: expanded from macro 'hypre_assert'
  353 | #define hypre_assert(EX) if (!(EX)) {fprintf(stderr,"hypre_assert failed: %s\n", #EX); hypre_error(1);}
      |                                                                                        ^
./utilities.h:348:48: note: expanded from macro 'hypre_error'
  348 | #define hypre_error(IERR)  hypre_error_handler(__FILE__, __LINE__, IERR)
      |                                                ^
<scratch space>:377:1: note: expanded from here
  377 | "csr_matrix.cpp"
      | ^
4 warnings generated.
csr_matrix.cpp:423:4: warning: ISO C++11 does not allow conversion from string literal to 'char *' [-Wwritable-strings]
  423 |    hypre_assert( num_rows == hypre_CSRMatrixNumRows(B) );
      |    ^
./utilities.h:353:88: note: expanded from macro 'hypre_assert'
  353 | #define hypre_assert(EX) if (!(EX)) {fprintf(stderr,"hypre_assert failed: %s\n", #EX); hypre_error(1);}
      |                                                                                        ^
./utilities.h:348:48: note: expanded from macro 'hypre_error'
  348 | #define hypre_error(IERR)  hypre_error_handler(__FILE__, __LINE__, IERR)
      |                                                ^
<scratch space>:363:1: note: expanded from here
  363 | "csr_matrix.cpp"
      | ^
csr_matrix.cpp:424:26: warning: ISO C++11 does not allow conversion from string literal to 'char *' [-Wwritable-strings]
  424 |    if ( col_map_offd_B ) hypre_assert( col_map_offd_A );
      |                          ^
./utilities.h:353:88: note: expanded from macro 'hypre_assert'
  353 | #define hypre_assert(EX) if (!(EX)) {fprintf(stderr,"hypre_assert failed: %s\n", #EX); hypre_error(1);}
      |                                                                                        ^
./utilities.h:348:48: note: expanded from macro 'hypre_error'
  348 | #define hypre_error(IERR)  hypre_error_handler(__FILE__, __LINE__, IERR)
      |                                                ^
<scratch space>:366:1: note: expanded from here
  366 | "csr_matrix.cpp"
      | ^
csr_matrix.cpp:425:26: warning: ISO C++11 does not allow conversion from string literal to 'char *' [-Wwritable-strings]
  425 |    if ( col_map_offd_A ) hypre_assert( col_map_offd_B );
      |                          ^
./utilities.h:353:88: note: expanded from macro 'hypre_assert'
  353 | #define hypre_assert(EX) if (!(EX)) {fprintf(stderr,"hypre_assert failed: %s\n", #EX); hypre_error(1);}
      |                                                                                        ^
./utilities.h:348:48: note: expanded from macro 'hypre_error'
  348 | #define hypre_error(IERR)  hypre_error_handler(__FILE__, __LINE__, IERR)
      |                                                ^
<scratch space>:369:1: note: expanded from here
  369 | "csr_matrix.cpp"
      | ^
csr_matrix.cpp:547:4: warning: ISO C++11 does not allow conversion from string literal to 'char *' [-Wwritable-strings]
  547 |    hypre_assert( mc == num_nonzeros );
      |    ^
./utilities.h:353:88: note: expanded from macro 'hypre_assert'
  353 | #define hypre_assert(EX) if (!(EX)) {fprintf(stderr,"hypre_assert failed: %s\n", #EX); hypre_error(1);}
      |                                                                                        ^
./utilities.h:348:48: note: expanded from macro 'hypre_error'
  348 | #define hypre_error(IERR)  hypre_error_handler(__FILE__, __LINE__, IERR)
      |                                                ^
<scratch space>:372:1: note: expanded from here
  372 | "csr_matrix.cpp"
      | ^
4 warnings generated.
~/sycl_workspace/llvm/build/bin/clang++ -fsycl --gcc-toolchain=/home/ga27mex2/spack_rome2/spack/opt/spack/linux-sle_hpc15-zen2/gcc-14.2.0/gcc-14.2.0-5o6uafvyeefoza5cmnze5vcuwbdhzj6o/ -fsycl-targets=amdgcn-amd-amdhsa -Xsycl-target-backend --offload-arch=gfx908 -I/home/ga27mex2/sycl_workspace/llvm/build/lib/libsycl.so.8 -DUSE_GPU -DUSE_GPU -DUSE_GPU -DUSE_GPU -DUSE_GPU -DUSE_GPU -DUSE_GPU -DUSE_GPU -O3 -O3 -O3 -O3 -O3 -O3 -O3 -O3 -c csr_matvec.cpp -o csr_matvec.o
csr_matvec.cpp:94:5: warning: ISO C++11 does not allow conversion from string literal to 'char *' [-Wwritable-strings]
   94 |     hypre_assert( num_vectors == hypre_VectorNumVectors(y) );
      |     ^
./utilities.h:353:88: note: expanded from macro 'hypre_assert'
  353 | #define hypre_assert(EX) if (!(EX)) {fprintf(stderr,"hypre_assert failed: %s\n", #EX); hypre_error(1);}
      |                                                                                        ^
./utilities.h:348:48: note: expanded from macro 'hypre_error'
  348 | #define hypre_error(IERR)  hypre_error_handler(__FILE__, __LINE__, IERR)
      |                                                ^
<scratch space>:107:1: note: expanded from here
  107 | "csr_matvec.cpp"
      | ^
csr_matvec.cpp:263:5: warning: ISO C++11 does not allow conversion from string literal to 'char *' [-Wwritable-strings]
  263 |     hypre_assert( num_vectors == hypre_VectorNumVectors(y) );
      |     ^
./utilities.h:353:88: note: expanded from macro 'hypre_assert'
  353 | #define hypre_assert(EX) if (!(EX)) {fprintf(stderr,"hypre_assert failed: %s\n", #EX); hypre_error(1);}
      |                                                                                        ^
./utilities.h:348:48: note: expanded from macro 'hypre_error'
  348 | #define hypre_error(IERR)  hypre_error_handler(__FILE__, __LINE__, IERR)
      |                                                ^
<scratch space>:110:1: note: expanded from here
  110 | "csr_matvec.cpp"
      | ^
2 warnings generated.
csr_matvec.cpp:94:5: warning: ISO C++11 does not allow conversion from string literal to 'char *' [-Wwritable-strings]
   94 |     hypre_assert( num_vectors == hypre_VectorNumVectors(y) );
      |     ^
./utilities.h:353:88: note: expanded from macro 'hypre_assert'
  353 | #define hypre_assert(EX) if (!(EX)) {fprintf(stderr,"hypre_assert failed: %s\n", #EX); hypre_error(1);}
      |                                                                                        ^
./utilities.h:348:48: note: expanded from macro 'hypre_error'
  348 | #define hypre_error(IERR)  hypre_error_handler(__FILE__, __LINE__, IERR)
      |                                                ^
<scratch space>:363:1: note: expanded from here
  363 | "csr_matvec.cpp"
      | ^
csr_matvec.cpp:263:5: warning: ISO C++11 does not allow conversion from string literal to 'char *' [-Wwritable-strings]
  263 |     hypre_assert( num_vectors == hypre_VectorNumVectors(y) );
      |     ^
./utilities.h:353:88: note: expanded from macro 'hypre_assert'
  353 | #define hypre_assert(EX) if (!(EX)) {fprintf(stderr,"hypre_assert failed: %s\n", #EX); hypre_error(1);}
      |                                                                                        ^
./utilities.h:348:48: note: expanded from macro 'hypre_error'
  348 | #define hypre_error(IERR)  hypre_error_handler(__FILE__, __LINE__, IERR)
      |                                                ^
<scratch space>:366:1: note: expanded from here
  366 | "csr_matvec.cpp"
      | ^
2 warnings generated.
~/sycl_workspace/llvm/build/bin/clang++ -fsycl --gcc-toolchain=/home/ga27mex2/spack_rome2/spack/opt/spack/linux-sle_hpc15-zen2/gcc-14.2.0/gcc-14.2.0-5o6uafvyeefoza5cmnze5vcuwbdhzj6o/ -fsycl-targets=amdgcn-amd-amdhsa -Xsycl-target-backend --offload-arch=gfx908 -I/home/ga27mex2/sycl_workspace/llvm/build/lib/libsycl.so.8 -DUSE_GPU -DUSE_GPU -DUSE_GPU -DUSE_GPU -DUSE_GPU -DUSE_GPU -DUSE_GPU -DUSE_GPU -O3 -O3 -O3 -O3 -O3 -O3 -O3 -O3 -c hypre_error.cpp -o hypre_error.o
~/sycl_workspace/llvm/build/bin/clang++ -fsycl --gcc-toolchain=/home/ga27mex2/spack_rome2/spack/opt/spack/linux-sle_hpc15-zen2/gcc-14.2.0/gcc-14.2.0-5o6uafvyeefoza5cmnze5vcuwbdhzj6o/ -fsycl-targets=amdgcn-amd-amdhsa -Xsycl-target-backend --offload-arch=gfx908 -I/home/ga27mex2/sycl_workspace/llvm/build/lib/libsycl.so.8 -DUSE_GPU -DUSE_GPU -DUSE_GPU -DUSE_GPU -DUSE_GPU -DUSE_GPU -DUSE_GPU -DUSE_GPU -O3 -O3 -O3 -O3 -O3 -O3 -O3 -O3 -c hypre_memory.cpp -o hypre_memory.o
hypre_memory.cpp:78:4: warning: ISO C++11 does not allow conversion from string literal to 'char *' [-Wwritable-strings]
   78 |    hypre_error(HYPRE_ERROR_MEMORY);
      |    ^
./utilities.h:348:48: note: expanded from macro 'hypre_error'
  348 | #define hypre_error(IERR)  hypre_error_handler(__FILE__, __LINE__, IERR)
      |                                                ^
<scratch space>:78:1: note: expanded from here
   78 | "hypre_memory.cpp"
      | ^
1 warning generated.
hypre_memory.cpp:78:4: warning: ISO C++11 does not allow conversion from string literal to 'char *' [-Wwritable-strings]
   78 |    hypre_error(HYPRE_ERROR_MEMORY);
      |    ^
./utilities.h:348:48: note: expanded from macro 'hypre_error'
  348 | #define hypre_error(IERR)  hypre_error_handler(__FILE__, __LINE__, IERR)
      |                                                ^
<scratch space>:76:1: note: expanded from here
   76 | "hypre_memory.cpp"
      | ^
1 warning generated.
~/sycl_workspace/llvm/build/bin/clang++ -fsycl --gcc-toolchain=/home/ga27mex2/spack_rome2/spack/opt/spack/linux-sle_hpc15-zen2/gcc-14.2.0/gcc-14.2.0-5o6uafvyeefoza5cmnze5vcuwbdhzj6o/ -fsycl-targets=amdgcn-amd-amdhsa -Xsycl-target-backend --offload-arch=gfx908 -I/home/ga27mex2/sycl_workspace/llvm/build/lib/libsycl.so.8 -DUSE_GPU -DUSE_GPU -DUSE_GPU -DUSE_GPU -DUSE_GPU -DUSE_GPU -DUSE_GPU -DUSE_GPU -O3 -O3 -O3 -O3 -O3 -O3 -O3 -O3 -c laplace.cpp -o laplace.o
~/sycl_workspace/llvm/build/bin/clang++ -fsycl --gcc-toolchain=/home/ga27mex2/spack_rome2/spack/opt/spack/linux-sle_hpc15-zen2/gcc-14.2.0/gcc-14.2.0-5o6uafvyeefoza5cmnze5vcuwbdhzj6o/ -fsycl-targets=amdgcn-amd-amdhsa -Xsycl-target-backend --offload-arch=gfx908 -I/home/ga27mex2/sycl_workspace/llvm/build/lib/libsycl.so.8 -DUSE_GPU -DUSE_GPU -DUSE_GPU -DUSE_GPU -DUSE_GPU -DUSE_GPU -DUSE_GPU -DUSE_GPU -O3 -O3 -O3 -O3 -O3 -O3 -O3 -O3 -c main.cpp -o main.o
~/sycl_workspace/llvm/build/bin/clang++ -fsycl --gcc-toolchain=/home/ga27mex2/spack_rome2/spack/opt/spack/linux-sle_hpc15-zen2/gcc-14.2.0/gcc-14.2.0-5o6uafvyeefoza5cmnze5vcuwbdhzj6o/ -fsycl-targets=amdgcn-amd-amdhsa -Xsycl-target-backend --offload-arch=gfx908 -I/home/ga27mex2/sycl_workspace/llvm/build/lib/libsycl.so.8 -DUSE_GPU -DUSE_GPU -DUSE_GPU -DUSE_GPU -DUSE_GPU -DUSE_GPU -DUSE_GPU -DUSE_GPU -O3 -O3 -O3 -O3 -O3 -O3 -O3 -O3 -c vector.cpp -o vector.o
vector.cpp:177:4: warning: ISO C++11 does not allow conversion from string literal to 'char *' [-Wwritable-strings]
  177 |    hypre_assert( hypre_VectorNumVectors(vector) == 1 );
      |    ^
./utilities.h:353:88: note: expanded from macro 'hypre_assert'
  353 | #define hypre_assert(EX) if (!(EX)) {fprintf(stderr,"hypre_assert failed: %s\n", #EX); hypre_error(1);}
      |                                                                                        ^
./utilities.h:348:48: note: expanded from macro 'hypre_error'
  348 | #define hypre_error(IERR)  hypre_error_handler(__FILE__, __LINE__, IERR)
      |                                                ^
<scratch space>:107:1: note: expanded from here
  107 | "vector.cpp"
      | ^
1 warning generated.
vector.cpp:177:4: warning: ISO C++11 does not allow conversion from string literal to 'char *' [-Wwritable-strings]
  177 |    hypre_assert( hypre_VectorNumVectors(vector) == 1 );
      |    ^
./utilities.h:353:88: note: expanded from macro 'hypre_assert'
  353 | #define hypre_assert(EX) if (!(EX)) {fprintf(stderr,"hypre_assert failed: %s\n", #EX); hypre_error(1);}
      |                                                                                        ^
./utilities.h:348:48: note: expanded from macro 'hypre_error'
  348 | #define hypre_error(IERR)  hypre_error_handler(__FILE__, __LINE__, IERR)
      |                                                ^
<scratch space>:363:1: note: expanded from here
  363 | "vector.cpp"
      | ^
1 warning generated.
~/sycl_workspace/llvm/build/bin/clang++ -fsycl --gcc-toolchain=/home/ga27mex2/spack_rome2/spack/opt/spack/linux-sle_hpc15-zen2/gcc-14.2.0/gcc-14.2.0-5o6uafvyeefoza5cmnze5vcuwbdhzj6o/ -fsycl-targets=amdgcn-amd-amdhsa -Xsycl-target-backend --offload-arch=gfx908 -I/home/ga27mex2/sycl_workspace/llvm/build/lib/libsycl.so.8 -DUSE_GPU -DUSE_GPU -DUSE_GPU -DUSE_GPU -DUSE_GPU -DUSE_GPU -DUSE_GPU -DUSE_GPU -O3 -O3 -O3 -O3 -O3 -O3 -O3 -O3 csr_matrix.o csr_matvec.o hypre_error.o hypre_memory.o laplace.o main.o vector.o -o sycl 
